Expression	Value	Location	Type	
sinus	Error (col 1): Unknown or ambiguous symbol. sinus			
GPIOB_DATA	Error (col 1): Unknown or ambiguous symbol. GPIOB_DATA			
DATA	Error (col 1): Unknown or ambiguous symbol. DATA			
tempc	Error (col 1): Unknown or ambiguous symbol. tempc			
adc_buffer	<array>	0x20001000	uint16_t[1024]	
adc_res	Error (col 1): Unknown or ambiguous symbol. adc_res			
NewSample	Error (col 1): Unknown or ambiguous symbol. NewSample			
OUT	<array>	0x20000000	float[1024]	
[0]	2.09954076E+36	0x20000000	float	
[1]	2.0655328644E+36	0x20000004	float	
[2]	2.16576663E+36	0x20000008	float	
[3]	2.32685681E+36	0x2000000C	float	
[4]	2.44856933E+36	0x20000010	float	
[5]	2.45214902E+36	0x20000014	float	
[6]	2.36981416E+36	0x20000018	float	
[7]	2.1908252311E+36	0x2000001C	float	
[8]	2.0888013833E+36	0x20000020	float	
[9]	2.11028013E+36	0x20000024	float	
[10]	2.20693421E+36	0x20000028	float	
[11]	2.3375961944E+36	0x2000002C	float	
[12]	2.4217209744E+36	0x20000030	float	
[13]	2.4091916744E+36	0x20000034	float	
[14]	2.3053780622E+36	0x20000038	float	
[15]	2.1854554633E+36	0x2000003C	float	
[16]	2.12101951E+36	0x20000040	float	
[17]	2.12996897E+36	0x20000044	float	
[18]	2.23557234E+36	0x20000048	float	
[19]	2.3662343222E+36	0x2000004C	float	
[20]	2.4217209744E+36	0x20000050	float	
[21]	2.3483354133E+36	0x20000054	float	
[22]	2.26779047E+36	0x20000058	float	
[23]	2.18187577E+36	0x2000005C	float	
[24]	2.11207006E+36	0x20000060	float	
[25]	2.15323749E+36	0x20000064	float	
[26]	2.26779047E+36	0x20000068	float	
[27]	2.35728486E+36	0x2000006C	float	
[28]	2.39487261E+36	0x20000070	float	
[29]	2.35907479E+36	0x20000074	float	
[30]	2.2463117233E+36	0x20000078	float	
[31]	2.16397686E+36	0x2000007C	float	
[32]	2.1138598244E+36	0x20000080	float	
[33]	2.1800858533E+36	0x20000084	float	
[34]	2.25526117E+36	0x20000088	float	
[35]	2.3662343222E+36	0x2000008C	float	
[36]	2.36981416E+36	0x20000090	float	
[37]	2.32685681E+36	0x20000094	float	
[38]	2.23199266E+36	0x20000098	float	
[39]	2.1621869444E+36	0x2000009C	float	
[40]	2.14070819E+36	0x200000A0	float	
[41]	2.1979847633E+36	0x200000A4	float	
[42]	2.2964286E+36	0x200000A8	float	
[43]	2.37518377E+36	0x200000AC	float	
[44]	2.389503E+36	0x200000B0	float	
[45]	2.3125377522E+36	0x200000B4	float	
[46]	2.2105139044E+36	0x200000B8	float	
[47]	2.15144756E+36	0x200000BC	float	
[48]	2.14070819E+36	0x200000C0	float	
[49]	2.2284128144E+36	0x200000C4	float	
[50]	2.3089579E+36	0x200000C8	float	
[51]	2.40024222E+36	0x200000CC	float	
[52]	2.38055354E+36	0x200000D0	float	
[53]	2.29284892E+36	0x200000D4	float	
[54]	2.19977468E+36	0x200000D8	float	
[55]	2.15144756E+36	0x200000DC	float	
[56]	2.1621869444E+36	0x200000E0	float	
[57]	2.20693421E+36	0x200000E4	float	
[58]	2.3375961944E+36	0x200000E8	float	
[59]	2.38234331E+36	0x200000EC	float	
[60]	2.33938595E+36	0x200000F0	float	
[61]	2.2463117233E+36	0x200000F4	float	
[62]	2.16576663E+36	0x200000F8	float	
[63]	2.15323749E+36	0x200000FC	float	
[64]	2.1854554633E+36	0x20000100	float	
[65]	2.2821095433E+36	0x20000104	float	
[66]	2.3411758811E+36	0x20000108	float	
[67]	2.3787636233E+36	0x2000010C	float	
[68]	2.29821853E+36	0x20000110	float	
[69]	2.19619484E+36	0x20000114	float	
[70]	2.1317587344E+36	0x20000118	float	
[71]	2.15860709E+36	0x2000011C	float	
[72]	2.2284128144E+36	0x20000120	float	
[73]	2.3071679844E+36	0x20000124	float	
[74]	2.35728486E+36	0x20000128	float	
[75]	2.3304365033E+36	0x2000012C	float	
[76]	2.27316008E+36	0x20000130	float	
[77]	2.21230382E+36	0x20000134	float	
[78]	2.16934647E+36	0x20000138	float	
[79]	2.1908252311E+36	0x2000013C	float	
[80]	2.25526117E+36	0x20000140	float	
[81]	2.3196972844E+36	0x20000144	float	
[82]	2.3554951044E+36	0x20000148	float	
[83]	2.3375961944E+36	0x2000014C	float	
[84]	2.25526117E+36	0x20000150	float	
[85]	2.18366554E+36	0x20000154	float	
[86]	2.15860709E+36	0x20000158	float	
[87]	2.19977468E+36	0x2000015C	float	
[88]	2.26600055E+36	0x20000160	float	
[89]	2.32148705E+36	0x20000164	float	
[90]	2.3608647133E+36	0x20000168	float	
[91]	2.3053780622E+36	0x2000016C	float	
[92]	2.2230432044E+36	0x20000170	float	
[93]	2.1890353E+36	0x20000174	float	
[94]	2.20693421E+36	0x20000178	float	
[95]	2.24989157E+36	0x2000017C	float	
[96]	2.3053780622E+36	0x20000180	float	
[97]	2.27495001E+36	0x20000184	float	
[98]	2.23557234E+36	0x20000188	float	
[99]	2.2588410244E+36	0x2000018C	float	
[100]	2.33401635E+36	0x20000190	float	
[101]	2.3787636233E+36	0x20000194	float	
[102]	2.3358062711E+36	0x20000198	float	
[103]	2.24273203E+36	0x2000019C	float	
[104]	2.0655328644E+36	0x200001A0	float	
[105]	2.0100463711E+36	0x200001A4	float	
[106]	2.12280928E+36	0x200001A8	float	
[107]	2.38055354E+36	0x200001AC	float	
[108]	2.70631328E+36	0x200001B0	float	
[109]	2.5953403022E+36	0x200001B4	float	
[110]	2.32148705E+36	0x200001B8	float	
[111]	1.97603831E+36	0x200001BC	float	
[112]	1.80241914E+36	0x200001C0	float	
[113]	1.8829640811E+36	0x200001C4	float	
[114]	2.2337825822E+36	0x200001C8	float	
[115]	2.8298157322E+36	0x200001CC	float	
[116]	2.8119168222E+36	0x200001D0	float	
[117]	2.63650773E+36	0x200001D4	float	
[118]	2.0655328644E+36	0x200001D8	float	
[119]	1.72903358E+36	0x200001DC	float	
[120]	1.6180604422E+36	0x200001E0	float	
[121]	1.9635091744E+36	0x200001E4	float	
[122]	2.54522341E+36	0x200001E8	float	
[123]	2.90499121E+36	0x200001EC	float	
[124]	2.85845417E+36	0x200001F0	float	
[125]	2.3125377522E+36	0x200001F4	float	
[126]	1.89191353E+36	0x200001F8	float	
[127]	1.4265422044E+36	0x200001FC	float	
[128]	1.6538582611E+36	0x20000200	float	
[129]	2.2284128144E+36	0x20000204	float	
[130]	3.07682062E+36	0x20000208	float	
[131]	2.96226779E+36	0x2000020C	float	
[132]	2.77969884E+36	0x20000210	float	
[133]	1.9080225233E+36	0x20000214	float	
[134]	1.65027841E+36	0x20000218	float	
[135]	1.49992776E+36	0x2000021C	float	
[136]	1.8292673533E+36	0x20000220	float	
[137]	2.49152669E+36	0x20000224	float	
[138]	2.94794872E+36	0x20000228	float	
[139]	2.9461588022E+36	0x2000022C	float	
[140]	2.6024998344E+36	0x20000230	float	
[141]	1.94561026E+36	0x20000234	float	
[142]	1.56794355E+36	0x20000238	float	
[143]	1.62164012E+36	0x2000023C	float	
[144]	2.0762722411E+36	0x20000240	float	
[145]	2.78506861E+36	0x20000244	float	
[146]	2.90857106E+36	0x20000248	float	
[147]	2.79580783E+36	0x2000024C	float	
[148]	1.97782824E+36	0x20000250	float	
[149]	1.8650651722E+36	0x20000254	float	
[150]	1.6198503644E+36	0x20000258	float	
[151]	1.87580455E+36	0x2000025C	float	
[152]	2.36265463E+36	0x20000260	float	
[153]	2.97121708E+36	0x20000264	float	
[154]	2.7653797844E+36	0x20000268	float	
[155]	2.39308268E+36	0x2000026C	float	
[156]	2.15323749E+36	0x20000270	float	
[157]	1.88117416E+36	0x20000274	float	
[158]	1.9187619E+36	0x20000278	float	
[159]	2.1603970211E+36	0x2000027C	float	
[160]	2.38234331E+36	0x20000280	float	
[161]	2.47183785E+36	0x20000284	float	
[162]	2.41814113E+36	0x20000288	float	
[163]	2.30358829E+36	0x2000028C	float	
[164]	2.24810164E+36	0x20000290	float	
[165]	2.2409421144E+36	0x20000294	float	
[166]	2.23199266E+36	0x20000298	float	
[167]	2.16934647E+36	0x2000029C	float	
[168]	2.1138598244E+36	0x200002A0	float	
[169]	2.0941711511E+36	0x200002A4	float	
[170]	2.2212532822E+36	0x200002A8	float	
[171]	2.45393894E+36	0x200002AC	float	
[172]	2.84234519E+36	0x200002B0	float	
[173]	2.5219547411E+36	0x200002B4	float	
[174]	2.31432751E+36	0x200002B8	float	
[175]	1.90981244E+36	0x200002BC	float	
[176]	1.7075548311E+36	0x200002C0	float	
[177]	1.86148548E+36	0x200002C4	float	
[178]	2.37339385E+36	0x200002C8	float	
[179]	2.9801667E+36	0x200002CC	float	
[180]	2.93541926E+36	0x200002D0	float	
[181]	2.65798648E+36	0x200002D4	float	
[182]	1.8847540044E+36	0x200002D8	float	
[183]	1.50171753E+36	0x200002DC	float	
[184]	1.45876017E+36	0x200002E0	float	
[185]	1.9867776933E+36	0x200002E4	float	
[186]	3.0249138144E+36	0x200002E8	float	
[187]	3.11261844E+36	0x200002EC	float	
[188]	3.0249138144E+36	0x200002F0	float	
[189]	2.34654565E+36	0x200002F4	float	
[190]	1.6538582611E+36	0x200002F8	float	
[191]	1.28514093E+36	0x200002FC	float	
[192]	1.5088770622E+36	0x20000300	float	
[193]	2.3304365033E+36	0x20000304	float	
[194]	3.07682062E+36	0x20000308	float	
[195]	3.24328025E+36	0x2000030C	float	
[196]	2.92468004E+36	0x20000310	float	
[197]	1.8042089111E+36	0x20000314	float	
[198]	1.42296236E+36	0x20000318	float	
[199]	1.2386037333E+36	0x2000031C	float	
[200]	1.7523021E+36	0x20000320	float	
[201]	2.7098931333E+36	0x20000324	float	
[202]	3.1681050911E+36	0x20000328	float	
[203]	3.186004E+36	0x2000032C	float	
[204]	2.70273376E+36	0x20000330	float	
[205]	1.71650428E+36	0x20000334	float	
[206]	1.2797712411E+36	0x20000338	float	
[207]	1.3406275022E+36	0x2000033C	float	
[208]	2.03152496E+36	0x20000340	float	
[209]	3.16452524E+36	0x20000344	float	
[210]	3.2056928322E+36	0x20000348	float	
[211]	3.0607116333E+36	0x2000034C	float	
[212]	2.33401635E+36	0x20000350	float	
[213]	1.62879982E+36	0x20000354	float	
[214]	1.26724202E+36	0x20000358	float	
[215]	1.5160367522E+36	0x2000035C	float	
[216]	2.30358829E+36	0x20000360	float	
[217]	3.06250155E+36	0x20000364	float	
[218]	3.1931633744E+36	0x20000368	float	
[219]	2.92468004E+36	0x2000036C	float	
[220]	1.90623276E+36	0x20000370	float	
[221]	1.5410951944E+36	0x20000374	float	
[222]	1.33346797E+36	0x20000378	float	
[223]	1.7021852211E+36	0x2000037C	float	
[224]	2.50763567E+36	0x20000380	float	
[225]	3.04460264E+36	0x20000384	float	
[226]	3.0929296E+36	0x20000388	float	
[227]	2.7421111E+36	0x2000038C	float	
[228]	1.8113684433E+36	0x20000390	float	
[229]	1.4730794011E+36	0x20000394	float	
[230]	1.4265422044E+36	0x20000398	float	
[231]	1.91160236E+36	0x2000039C	float	
[232]	2.69557406E+36	0x200003A0	float	
[233]	3.0249138144E+36	0x200003A4	float	
[234]	2.9819566211E+36	0x200003A8	float	
[235]	2.56849193E+36	0x200003AC	float	
[236]	1.8650651722E+36	0x200003B0	float	
[237]	1.4856085422E+36	0x200003B4	float	
[238]	1.55541425E+36	0x200003B8	float	
[239]	2.12101951E+36	0x200003BC	float	
[240]	3.01059475E+36	0x200003C0	float	
[241]	2.9873260722E+36	0x200003C4	float	
[242]	2.8656135511E+36	0x200003C8	float	
[243]	2.0386845E+36	0x200003CC	float	
[244]	1.77736054E+36	0x200003D0	float	
[245]	1.50171753E+36	0x200003D4	float	
[246]	1.7326134311E+36	0x200003D8	float	
[247]	2.3125377522E+36	0x200003DC	float	
[248]	3.00164513E+36	0x200003E0	float	
[249]	2.9515282533E+36	0x200003E4	float	
[250]	2.7277920422E+36	0x200003E8	float	
[251]	1.94561026E+36	0x200003EC	float	
[252]	1.65743794E+36	0x200003F0	float	
[253]	1.53751534E+36	0x200003F4	float	
[254]	1.88833385E+36	0x200003F8	float	
[255]	2.49152669E+36	0x200003FC	float	
[256]	2.9157304344E+36	0x20000400	float	
[257]	2.88172253E+36	0x20000404	float	
[258]	2.6007099111E+36	0x20000408	float	
[259]	1.98856761E+36	0x2000040C	float	
[260]	1.60374122E+36	0x20000410	float	
[261]	1.61448059E+36	0x20000414	float	
[262]	2.03689457E+36	0x20000418	float	
[263]	2.64008757E+36	0x2000041C	float	
[264]	2.90499121E+36	0x20000420	float	
[265]	2.8369754222E+36	0x20000424	float	
[266]	2.2516814911E+36	0x20000428	float	
[267]	1.94203042E+36	0x2000042C	float	
[268]	1.60374122E+36	0x20000430	float	
[269]	1.7218740544E+36	0x20000434	float	
[270]	2.18366554E+36	0x20000438	float	
[271]	2.8745631644E+36	0x2000043C	float	
[272]	2.8656135511E+36	0x20000440	float	
[273]	2.7224225911E+36	0x20000444	float	
[274]	2.01541598E+36	0x20000448	float	
[275]	1.84895618E+36	0x2000044C	float	
[276]	1.6663874022E+36	0x20000450	float	
[277]	1.8650651722E+36	0x20000454	float	
[278]	2.36444455E+36	0x20000458	float	
[279]	2.98911599E+36	0x2000045C	float	
[280]	2.82265635E+36	0x20000460	float	
[281]	2.56312232E+36	0x20000464	float	
[282]	2.0941711511E+36	0x20000468	float	
[283]	1.73440319E+36	0x2000046C	float	
[284]	1.7075548311E+36	0x20000470	float	
[285]	2.0386845E+36	0x20000474	float	
[286]	2.53269411E+36	0x20000478	float	
[287]	2.8369754222E+36	0x2000047C	float	
[288]	2.76179994E+36	0x20000480	float	
[289]	2.12996897E+36	0x20000484	float	
[290]	2.01183613E+36	0x20000488	float	
[291]	1.7093447544E+36	0x2000048C	float	
[292]	1.7880999244E+36	0x20000490	float	
[293]	2.176506E+36	0x20000494	float	
[294]	2.6740953133E+36	0x20000498	float	
[295]	2.78685854E+36	0x2000049C	float	
[296]	2.65261671E+36	0x200004A0	float	
[297]	2.14607795E+36	0x200004A4	float	
[298]	1.88654392E+36	0x200004A8	float	
[299]	1.73619311E+36	0x200004AC	float	
[300]	1.92413151E+36	0x200004B0	float	
[301]	2.33222642E+36	0x200004B4	float	
[302]	2.96584731E+36	0x200004B8	float	
[303]	2.73853157E+36	0x200004BC	float	
[304]	2.4503592611E+36	0x200004C0	float	
[305]	2.2105139044E+36	0x200004C4	float	
[306]	1.85253603E+36	0x200004C8	float	
[307]	1.8006292244E+36	0x200004CC	float	
[308]	2.03689457E+36	0x200004D0	float	
[309]	2.4163513644E+36	0x200004D4	float	
[310]	2.96584731E+36	0x200004D8	float	
[311]	2.6740953133E+36	0x200004DC	float	
[312]	2.21230382E+36	0x200004E0	float	
[313]	2.11028013E+36	0x200004E4	float	
[314]	1.85611571E+36	0x200004E8	float	
[315]	1.8668550944E+36	0x200004EC	float	
[316]	2.12280928E+36	0x200004F0	float	
[317]	2.48973676E+36	0x200004F4	float	
[318]	2.85308441E+36	0x200004F8	float	
[319]	2.6150291344E+36	0x200004FC	float	
[320]	2.3053780622E+36	0x20000500	float	
[321]	2.02078559E+36	0x20000504	float	
[322]	1.8417966533E+36	0x20000508	float	
[323]	1.88654392E+36	0x2000050C	float	
[324]	2.19977468E+36	0x20000510	float	
[325]	2.58639084E+36	0x20000514	float	
[326]	2.7528506422E+36	0x20000518	float	
[327]	2.5416435733E+36	0x2000051C	float	
[328]	2.29284892E+36	0x20000520	float	
[329]	1.94561026E+36	0x20000524	float	
[330]	1.8238977433E+36	0x20000528	float	
[331]	1.95992933E+36	0x2000052C	float	
[332]	2.30179837E+36	0x20000530	float	
[333]	2.7098931333E+36	0x20000534	float	
[334]	2.7224225911E+36	0x20000538	float	
[335]	2.3125377522E+36	0x2000053C	float	
[336]	2.2230432044E+36	0x20000540	float	
[337]	1.8722247044E+36	0x20000544	float	
[338]	1.7934696922E+36	0x20000548	float	
[339]	2.00288668E+36	0x2000054C	float	
[340]	2.389503E+36	0x20000550	float	
[341]	2.95331817E+36	0x20000554	float	
[342]	2.6919942233E+36	0x20000558	float	
[343]	2.1192295922E+36	0x2000055C	float	
[344]	2.1013306833E+36	0x20000560	float	
[345]	1.80241914E+36	0x20000564	float	
[346]	1.81315836E+36	0x20000568	float	
[347]	2.12280928E+36	0x2000056C	float	
[348]	2.5291142733E+36	0x20000570	float	
[349]	2.79759775E+36	0x20000574	float	
[350]	2.6615661722E+36	0x20000578	float	
[351]	2.1675565533E+36	0x2000057C	float	
[352]	1.9796181611E+36	0x20000580	float	
[353]	1.76662132E+36	0x20000584	float	
[354]	1.8847540044E+36	0x20000588	float	
[355]	2.2158836722E+36	0x2000058C	float	
[356]	2.66514601E+36	0x20000590	float	
[357]	2.76179994E+36	0x20000594	float	
[358]	2.6382976533E+36	0x20000598	float	
[359]	2.1908252311E+36	0x2000059C	float	
[360]	1.86327525E+36	0x200005A0	float	
[361]	1.74872241E+36	0x200005A4	float	
[362]	1.9706687E+36	0x200005A8	float	
[363]	2.3662343222E+36	0x200005AC	float	
[364]	2.96763724E+36	0x200005B0	float	
[365]	2.73853157E+36	0x200005B4	float	
[366]	2.2463117233E+36	0x200005B8	float	
[367]	2.13533858E+36	0x200005BC	float	
[368]	1.81315836E+36	0x200005C0	float	
[369]	1.8042089111E+36	0x200005C4	float	
[370]	2.0959610733E+36	0x200005C8	float	
[371]	2.5147952E+36	0x200005CC	float	
[372]	2.81370674E+36	0x200005D0	float	
[373]	2.6794650811E+36	0x200005D4	float	
[374]	2.1603970211E+36	0x200005D8	float	
[375]	1.97603831E+36	0x200005DC	float	
[376]	1.7827303144E+36	0x200005E0	float	
[377]	1.8775944722E+36	0x200005E4	float	
[378]	2.22483312E+36	0x200005E8	float	
[379]	2.6347178E+36	0x200005EC	float	
[380]	2.7421111E+36	0x200005F0	float	
[381]	2.53269411E+36	0x200005F4	float	
[382]	2.25526117E+36	0x200005F8	float	
[383]	1.89370346E+36	0x200005FC	float	
[384]	1.8059988333E+36	0x20000600	float	
[385]	1.9796181611E+36	0x20000604	float	
[386]	2.33222642E+36	0x20000608	float	
[387]	2.69378414E+36	0x2000060C	float	
[388]	2.68483485E+36	0x20000610	float	
[389]	2.15860709E+36	0x20000614	float	
[390]	2.1675565533E+36	0x20000618	float	
[391]	1.91518205E+36	0x2000061C	float	
[392]	1.8847540044E+36	0x20000620	float	
[393]	2.0816418511E+36	0x20000624	float	
[394]	2.40740191E+36	0x20000628	float	
[395]	2.7761190033E+36	0x2000062C	float	
[396]	2.60607968E+36	0x20000630	float	
[397]	2.36981416E+36	0x20000634	float	
[398]	2.0655328644E+36	0x20000638	float	
[399]	1.8847540044E+36	0x2000063C	float	
[400]	1.91518205E+36	0x20000640	float	
[401]	2.15144756E+36	0x20000644	float	
[402]	2.4933166122E+36	0x20000648	float	
[403]	2.8477146411E+36	0x2000064C	float	
[404]	2.39487261E+36	0x20000650	float	
[405]	2.3537051811E+36	0x20000654	float	
[406]	2.0225755122E+36	0x20000658	float	
[407]	1.9008629911E+36	0x2000065C	float	
[408]	1.9921474611E+36	0x20000660	float	
[409]	2.2570511011E+36	0x20000664	float	
[410]	2.5058457544E+36	0x20000668	float	
[411]	2.83876534E+36	0x2000066C	float	
[412]	2.12638912E+36	0x20000670	float	
[413]	2.26063094E+36	0x20000674	float	
[414]	1.9921474611E+36	0x20000678	float	
[415]	1.93487088E+36	0x2000067C	float	
[416]	2.0762722411E+36	0x20000680	float	
[417]	2.32148705E+36	0x20000684	float	
[418]	2.52732451E+36	0x20000688	float	
[419]	2.58102108E+36	0x2000068C	float	
[420]	2.40561198E+36	0x20000690	float	
[421]	2.1782959311E+36	0x20000694	float	
[422]	1.9993069933E+36	0x20000698	float	
[423]	1.9849877711E+36	0x2000069C	float	
[424]	2.1031206E+36	0x200006A0	float	
[425]	2.3483354133E+36	0x200006A4	float	
[426]	2.5291142733E+36	0x200006A8	float	
[427]	2.5183750544E+36	0x200006AC	float	
[428]	2.35907479E+36	0x200006B0	float	
[429]	2.16397686E+36	0x200006B4	float	
[430]	1.99393722E+36	0x200006B8	float	
[431]	1.9921474611E+36	0x200006BC	float	
[432]	2.14070819E+36	0x200006C0	float	
[433]	2.37160409E+36	0x200006C4	float	
[434]	2.52553458E+36	0x200006C8	float	
[435]	2.4986862222E+36	0x200006CC	float	
[436]	2.33401635E+36	0x200006D0	float	
[437]	2.12638912E+36	0x200006D4	float	
[438]	1.99572714E+36	0x200006D8	float	
[439]	2.0225755122E+36	0x200006DC	float	
[440]	2.19619484E+36	0x200006E0	float	
[441]	2.4288805E+36	0x200006E4	float	
[442]	2.53806372E+36	0x200006E8	float	
[443]	2.5147952E+36	0x200006EC	float	
[444]	2.28568938E+36	0x200006F0	float	
[445]	2.0655328644E+36	0x200006F4	float	
[446]	1.9867776933E+36	0x200006F8	float	
[447]	2.04405426E+36	0x200006FC	float	
[448]	2.24989157E+36	0x20000700	float	
[449]	2.4628884022E+36	0x20000704	float	
[450]	2.5541728733E+36	0x20000708	float	
[451]	2.43604003E+36	0x2000070C	float	
[452]	2.2158836722E+36	0x20000710	float	
[453]	2.01541598E+36	0x20000714	float	
[454]	1.99572714E+36	0x20000718	float	
[455]	2.0762722411E+36	0x2000071C	float	
[456]	2.3125377522E+36	0x20000720	float	
[457]	2.5416435733E+36	0x20000724	float	
[458]	2.56312232E+36	0x20000728	float	
[459]	2.38592315E+36	0x2000072C	float	
[460]	2.1675565533E+36	0x20000730	float	
[461]	1.97603831E+36	0x20000734	float	
[462]	1.99035754E+36	0x20000738	float	
[463]	2.15860709E+36	0x2000073C	float	
[464]	2.38234331E+36	0x20000740	float	
[465]	2.57923131E+36	0x20000744	float	
[466]	2.5058457544E+36	0x20000748	float	
[467]	2.32864674E+36	0x2000074C	float	
[468]	2.08522169E+36	0x20000750	float	
[469]	1.95992933E+36	0x20000754	float	
[470]	2.00109691E+36	0x20000758	float	
[471]	2.19440491E+36	0x2000075C	float	
[472]	2.44856933E+36	0x20000760	float	
[473]	2.56670201E+36	0x20000764	float	
[474]	2.41814113E+36	0x20000768	float	
[475]	2.2230432044E+36	0x2000076C	float	
[476]	2.0386845E+36	0x20000770	float	
[477]	1.97782824E+36	0x20000774	float	
[478]	2.1013306833E+36	0x20000778	float	
[479]	2.33222642E+36	0x2000077C	float	
[480]	2.53090419E+36	0x20000780	float	
[481]	2.5219547411E+36	0x20000784	float	
[482]	2.38055354E+36	0x20000788	float	
[483]	2.16576663E+36	0x2000078C	float	
[484]	2.03689457E+36	0x20000790	float	
[485]	2.00288668E+36	0x20000794	float	
[486]	2.1621869444E+36	0x20000798	float	
[487]	2.37160409E+36	0x2000079C	float	
[488]	2.5165851311E+36	0x200007A0	float	
[489]	2.4628884022E+36	0x200007A4	float	
[490]	2.3053780622E+36	0x200007A8	float	
[491]	2.11028013E+36	0x200007AC	float	
[492]	2.02078559E+36	0x200007B0	float	
[493]	2.07985192E+36	0x200007B4	float	
[494]	2.23020273E+36	0x200007B8	float	
[495]	2.41277152E+36	0x200007BC	float	
[496]	2.47362778E+36	0x200007C0	float	
[497]	2.42351089E+36	0x200007C4	float	
[498]	2.2695802433E+36	0x200007C8	float	
[499]	2.12996897E+36	0x200007CC	float	
[500]	2.0476339544E+36	0x200007D0	float	
[501]	2.1245992022E+36	0x200007D4	float	
[502]	2.26779047E+36	0x200007D8	float	
[503]	2.3966625322E+36	0x200007DC	float	
[504]	2.4378299611E+36	0x200007E0	float	
[505]	2.37339385E+36	0x200007E4	float	
[506]	2.20693421E+36	0x200007E8	float	
[507]	2.0834317733E+36	0x200007EC	float	
[508]	2.0834317733E+36	0x200007F0	float	
[509]	2.176506E+36	0x200007F4	float	
[510]	2.31074783E+36	0x200007F8	float	
[511]	2.4163513644E+36	0x200007FC	float	
[512]	2.4253006611E+36	0x20000800	float	
[513]	2.33401635E+36	0x20000804	float	
[514]	2.2105139044E+36	0x20000808	float	
[515]	2.11207006E+36	0x2000080C	float	
[516]	2.09775083E+36	0x20000810	float	
[517]	2.19440491E+36	0x20000814	float	
[518]	2.3179073622E+36	0x20000818	float	
[519]	2.4288805E+36	0x2000081C	float	
[520]	2.39487261E+36	0x20000820	float	
[521]	2.2964286E+36	0x20000824	float	
[522]	2.176506E+36	0x20000828	float	
[523]	2.09954076E+36	0x2000082C	float	
[524]	2.12280928E+36	0x20000830	float	
[525]	2.21409375E+36	0x20000834	float	
[526]	2.34475572E+36	0x20000838	float	
[527]	2.4145614422E+36	0x2000083C	float	
[528]	2.3787636233E+36	0x20000840	float	
[529]	2.28031962E+36	0x20000844	float	
[530]	2.176506E+36	0x20000848	float	
[531]	2.12817904E+36	0x2000084C	float	
[532]	2.14786788E+36	0x20000850	float	
[533]	2.23557234E+36	0x20000854	float	
[534]	2.3483354133E+36	0x20000858	float	
[535]	2.39845245E+36	0x2000085C	float	
[536]	2.36981416E+36	0x20000860	float	
[537]	2.26063094E+36	0x20000864	float	
[538]	2.16576663E+36	0x20000868	float	
[539]	2.1317587344E+36	0x2000086C	float	
[540]	2.17113639E+36	0x20000870	float	
[541]	2.2767399333E+36	0x20000874	float	
[542]	2.3662343222E+36	0x20000878	float	
[543]	2.41277152E+36	0x2000087C	float	
[544]	2.3554951044E+36	0x20000880	float	
[545]	2.2409421144E+36	0x20000884	float	
[546]	2.1424981111E+36	0x20000888	float	
[547]	2.1067002922E+36	0x2000088C	float	
[548]	2.1675565533E+36	0x20000890	float	
[549]	2.29105899E+36	0x20000894	float	
[550]	2.389503E+36	0x20000898	float	
[551]	2.40024222E+36	0x2000089C	float	
[552]	2.3358062711E+36	0x200008A0	float	
[553]	2.20693421E+36	0x200008A4	float	
[554]	2.1067002922E+36	0x200008A8	float	
[555]	2.1067002922E+36	0x200008AC	float	
[556]	2.20156445E+36	0x200008B0	float	
[557]	2.32864674E+36	0x200008B4	float	
[558]	2.4396198833E+36	0x200008B8	float	
[559]	2.4020321422E+36	0x200008BC	float	
[560]	2.2964286E+36	0x200008C0	float	
[561]	2.1568173344E+36	0x200008C4	float	
[562]	2.09775083E+36	0x200008C8	float	
[563]	2.11028013E+36	0x200008CC	float	
[564]	2.23736227E+36	0x200008D0	float	
[565]	2.36802424E+36	0x200008D4	float	
[566]	2.4288805E+36	0x200008D8	float	
[567]	2.36981416E+36	0x200008DC	float	
[568]	2.2230432044E+36	0x200008E0	float	
[569]	2.09238122E+36	0x200008E4	float	
[570]	2.06195317E+36	0x200008E8	float	
[571]	2.13891842E+36	0x200008EC	float	
[572]	2.30179837E+36	0x200008F0	float	
[573]	2.4270905833E+36	0x200008F4	float	
[574]	2.44319957E+36	0x200008F8	float	
[575]	2.3358062711E+36	0x200008FC	float	
[576]	2.19619484E+36	0x20000900	float	
[577]	2.0959610733E+36	0x20000904	float	
[578]	2.1067002922E+36	0x20000908	float	
[579]	2.19977468E+36	0x2000090C	float	
[580]	2.3375961944E+36	0x20000910	float	
[581]	2.4217209744E+36	0x20000914	float	
[582]	2.39308268E+36	0x20000918	float	
[583]	2.30179837E+36	0x2000091C	float	
[584]	2.1675565533E+36	0x20000920	float	
[585]	2.11028013E+36	0x20000924	float	
[586]	2.13891842E+36	0x20000928	float	
[587]	2.24273203E+36	0x2000092C	float	
[588]	2.35191525E+36	0x20000930	float	
[589]	2.38592315E+36	0x20000934	float	
[590]	2.34475572E+36	0x20000938	float	
[591]	2.27137016E+36	0x2000093C	float	
[592]	2.16397686E+36	0x20000940	float	
[593]	2.12996897E+36	0x20000944	float	
[594]	2.176506E+36	0x20000948	float	
[595]	2.27316008E+36	0x2000094C	float	
[596]	2.3483354133E+36	0x20000950	float	
[597]	2.37518377E+36	0x20000954	float	
[598]	2.3554951044E+36	0x20000958	float	
[599]	2.2588410244E+36	0x2000095C	float	
[600]	2.16576663E+36	0x20000960	float	
[601]	2.14607795E+36	0x20000964	float	
[602]	2.2033543722E+36	0x20000968	float	
[603]	2.2821095433E+36	0x2000096C	float	
[604]	2.3608647133E+36	0x20000970	float	
[605]	2.35012533E+36	0x20000974	float	
[606]	2.3071679844E+36	0x20000978	float	
[607]	2.2212532822E+36	0x2000097C	float	
[608]	2.15144756E+36	0x20000980	float	
[609]	2.13533858E+36	0x20000984	float	
[610]	2.20693421E+36	0x20000988	float	
[611]	2.2946388433E+36	0x2000098C	float	
[612]	2.37339385E+36	0x20000990	float	
[613]	2.36265463E+36	0x20000994	float	
[614]	2.30179837E+36	0x20000998	float	
[615]	2.21767343E+36	0x2000099C	float	
[616]	2.1675565533E+36	0x200009A0	float	
[617]	2.16397686E+36	0x200009A4	float	
[618]	2.2212532822E+36	0x200009A8	float	
[619]	2.31074783E+36	0x200009AC	float	
[620]	2.389503E+36	0x200009B0	float	
[621]	2.3608647133E+36	0x200009B4	float	
[622]	2.27495001E+36	0x200009B8	float	
[623]	2.20156445E+36	0x200009BC	float	
[624]	2.15323749E+36	0x200009C0	float	
[625]	2.18187577E+36	0x200009C4	float	
[626]	2.2463117233E+36	0x200009C8	float	
[627]	2.3125377522E+36	0x200009CC	float	
[628]	2.35728486E+36	0x200009D0	float	
[629]	2.3089579E+36	0x200009D4	float	
[630]	2.2695802433E+36	0x200009D8	float	
[631]	2.20156445E+36	0x200009DC	float	
[632]	2.176506E+36	0x200009E0	float	
[633]	2.20514429E+36	0x200009E4	float	
[634]	2.28031962E+36	0x200009E8	float	
[635]	2.31432751E+36	0x200009EC	float	
[636]	2.33401635E+36	0x200009F0	float	
[637]	2.29284892E+36	0x200009F4	float	
[638]	2.2445218011E+36	0x200009F8	float	
[639]	2.2105139044E+36	0x200009FC	float	
[640]	2.1908252311E+36	0x20000A00	float	
[641]	2.23736227E+36	0x20000A04	float	
[642]	2.2642106333E+36	0x20000A08	float	
[643]	2.3053780622E+36	0x20000A0C	float	
[644]	2.31611744E+36	0x20000A10	float	
[645]	2.27495001E+36	0x20000A14	float	
[646]	2.23199266E+36	0x20000A18	float	
[647]	2.21230382E+36	0x20000A1C	float	
[648]	2.20156445E+36	0x20000A20	float	
[649]	2.21946336E+36	0x20000A24	float	
[650]	2.2642106333E+36	0x20000A28	float	
[651]	2.31432751E+36	0x20000A2C	float	
[652]	2.3125377522E+36	0x20000A30	float	
[653]	2.28568938E+36	0x20000A34	float	
[654]	2.2409421144E+36	0x20000A38	float	
[655]	2.2284128144E+36	0x20000A3C	float	
[656]	2.21409375E+36	0x20000A40	float	
[657]	2.2391521911E+36	0x20000A44	float	
[658]	2.2570511011E+36	0x20000A48	float	
[659]	2.28568938E+36	0x20000A4C	float	
[660]	2.29821853E+36	0x20000A50	float	
[661]	2.27495001E+36	0x20000A54	float	
[662]	2.2695802433E+36	0x20000A58	float	
[663]	2.2284128144E+36	0x20000A5C	float	
[664]	2.2391521911E+36	0x20000A60	float	
[665]	2.25347125E+36	0x20000A64	float	
[666]	2.2463117233E+36	0x20000A68	float	
[667]	2.2642106333E+36	0x20000A6C	float	
[668]	2.26063094E+36	0x20000A70	float	
[669]	2.27852969E+36	0x20000A74	float	
[670]	2.28389946E+36	0x20000A78	float	
[671]	2.2570511011E+36	0x20000A7C	float	
[672]	2.2337825822E+36	0x20000A80	float	
[673]	2.2391521911E+36	0x20000A84	float	
[674]	2.24989157E+36	0x20000A88	float	
[675]	2.2409421144E+36	0x20000A8C	float	
[676]	2.2642106333E+36	0x20000A90	float	
[677]	2.29284892E+36	0x20000A94	float	
[678]	2.29105899E+36	0x20000A98	float	
[679]	2.26242071E+36	0x20000A9C	float	
[680]	2.2391521911E+36	0x20000AA0	float	
[681]	2.21946336E+36	0x20000AA4	float	
[682]	2.2158836722E+36	0x20000AA8	float	
[683]	2.26242071E+36	0x20000AAC	float	
[684]	2.3000084522E+36	0x20000AB0	float	
[685]	2.3071679844E+36	0x20000AB4	float	
[686]	2.2964286E+36	0x20000AB8	float	
[687]	2.2445218011E+36	0x20000ABC	float	
[688]	2.21409375E+36	0x20000AC0	float	
[689]	2.2158836722E+36	0x20000AC4	float	
[690]	2.2266228911E+36	0x20000AC8	float	
[691]	2.28568938E+36	0x20000ACC	float	
[692]	2.30179837E+36	0x20000AD0	float	
[693]	2.3071679844E+36	0x20000AD4	float	
[694]	2.28926907E+36	0x20000AD8	float	
[695]	2.2391521911E+36	0x20000ADC	float	
[696]	2.1979847633E+36	0x20000AE0	float	
[697]	2.16576663E+36	0x20000AE4	float	
[698]	2.2158836722E+36	0x20000AE8	float	
[699]	2.27316008E+36	0x20000AEC	float	
[700]	2.32148705E+36	0x20000AF0	float	
[701]	2.32685681E+36	0x20000AF4	float	
[702]	2.2767399333E+36	0x20000AF8	float	
[703]	2.21946336E+36	0x20000AFC	float	
[704]	2.1908252311E+36	0x20000B00	float	
[705]	2.19261499E+36	0x20000B04	float	
[706]	2.24989157E+36	0x20000B08	float	
[707]	2.30358829E+36	0x20000B0C	float	
[708]	2.33938595E+36	0x20000B10	float	
[709]	2.31432751E+36	0x20000B14	float	
[710]	2.25526117E+36	0x20000B18	float	
[711]	2.20693421E+36	0x20000B1C	float	
[712]	2.19619484E+36	0x20000B20	float	
[713]	2.21409375E+36	0x20000B24	float	
[714]	2.26779047E+36	0x20000B28	float	
[715]	2.3179073622E+36	0x20000B2C	float	
[716]	2.3125377522E+36	0x20000B30	float	
[717]	2.27495001E+36	0x20000B34	float	
[718]	2.2158836722E+36	0x20000B38	float	
[719]	2.18187577E+36	0x20000B3C	float	
[720]	2.20693421E+36	0x20000B40	float	
[721]	2.24989157E+36	0x20000B44	float	
[722]	2.29284892E+36	0x20000B48	float	
[723]	2.32685681E+36	0x20000B4C	float	
[724]	2.3071679844E+36	0x20000B50	float	
[725]	2.26779047E+36	0x20000B54	float	
[726]	2.21409375E+36	0x20000B58	float	
[727]	2.2033543722E+36	0x20000B5C	float	
[728]	2.23020273E+36	0x20000B60	float	
[729]	2.26779047E+36	0x20000B64	float	
[730]	2.30179837E+36	0x20000B68	float	
[731]	2.2964286E+36	0x20000B6C	float	
[732]	2.2570511011E+36	0x20000B70	float	
[733]	2.24273203E+36	0x20000B74	float	
[734]	2.23736227E+36	0x20000B78	float	
[735]	2.22483312E+36	0x20000B7C	float	
[736]	2.24273203E+36	0x20000B80	float	
[737]	2.27137016E+36	0x20000B84	float	
[738]	2.2964286E+36	0x20000B88	float	
[739]	2.29105899E+36	0x20000B8C	float	
[740]	2.2695802433E+36	0x20000B90	float	
[741]	2.2570511011E+36	0x20000B94	float	
[742]	2.23020273E+36	0x20000B98	float	
[743]	2.22483312E+36	0x20000B9C	float	
[744]	2.2588410244E+36	0x20000BA0	float	
[745]	2.28926907E+36	0x20000BA4	float	
[746]	2.25526117E+36	0x20000BA8	float	
[747]	2.26063094E+36	0x20000BAC	float	
[748]	2.25526117E+36	0x20000BB0	float	
[749]	2.23736227E+36	0x20000BB4	float	
[750]	2.2391521911E+36	0x20000BB8	float	
[751]	2.2588410244E+36	0x20000BBC	float	
[752]	2.25526117E+36	0x20000BC0	float	
[753]	2.26779047E+36	0x20000BC4	float	
[754]	2.29284892E+36	0x20000BC8	float	
[755]	2.2821095433E+36	0x20000BCC	float	
[756]	2.25347125E+36	0x20000BD0	float	
[757]	2.23557234E+36	0x20000BD4	float	
[758]	2.25526117E+36	0x20000BD8	float	
[759]	2.28389946E+36	0x20000BDC	float	
[760]	2.2463117233E+36	0x20000BE0	float	
[761]	2.24989157E+36	0x20000BE4	float	
[762]	2.2767399333E+36	0x20000BE8	float	
[763]	2.28031962E+36	0x20000BEC	float	
[764]	2.26063094E+36	0x20000BF0	float	
[765]	2.2516814911E+36	0x20000BF4	float	
[766]	2.23199266E+36	0x20000BF8	float	
[767]	2.24989157E+36	0x20000BFC	float	
[768]	2.23736227E+36	0x20000C00	float	
[769]	2.2767399333E+36	0x20000C04	float	
[770]	2.2767399333E+36	0x20000C08	float	
[771]	2.2874791522E+36	0x20000C0C	float	
[772]	2.2767399333E+36	0x20000C10	float	
[773]	2.26063094E+36	0x20000C14	float	
[774]	2.2212532822E+36	0x20000C18	float	
[775]	2.21946336E+36	0x20000C1C	float	
[776]	2.24273203E+36	0x20000C20	float	
[777]	2.2874791522E+36	0x20000C24	float	
[778]	2.29105899E+36	0x20000C28	float	
[779]	2.28926907E+36	0x20000C2C	float	
[780]	2.27495001E+36	0x20000C30	float	
[781]	2.21767343E+36	0x20000C34	float	
[782]	2.20872414E+36	0x20000C38	float	
[783]	2.23199266E+36	0x20000C3C	float	
[784]	2.28031962E+36	0x20000C40	float	
[785]	2.28568938E+36	0x20000C44	float	
[786]	2.2874791522E+36	0x20000C48	float	
[787]	2.27316008E+36	0x20000C4C	float	
[788]	2.23199266E+36	0x20000C50	float	
[789]	2.20156445E+36	0x20000C54	float	
[790]	2.20872414E+36	0x20000C58	float	
[791]	2.24273203E+36	0x20000C5C	float	
[792]	2.3053780622E+36	0x20000C60	float	
[793]	2.33222642E+36	0x20000C64	float	
[794]	2.3053780622E+36	0x20000C68	float	
[795]	2.2445218011E+36	0x20000C6C	float	
[796]	2.2105139044E+36	0x20000C70	float	
[797]	2.20514429E+36	0x20000C74	float	
[798]	2.23020273E+36	0x20000C78	float	
[799]	2.28389946E+36	0x20000C7C	float	
[800]	2.3125377522E+36	0x20000C80	float	
[801]	2.31611744E+36	0x20000C84	float	
[802]	2.2821095433E+36	0x20000C88	float	
[803]	2.2284128144E+36	0x20000C8C	float	
[804]	2.1782959311E+36	0x20000C90	float	
[805]	2.21767343E+36	0x20000C94	float	
[806]	2.24989157E+36	0x20000C98	float	
[807]	2.3089579E+36	0x20000C9C	float	
[808]	2.3250668944E+36	0x20000CA0	float	
[809]	2.3000084522E+36	0x20000CA4	float	
[810]	2.23736227E+36	0x20000CA8	float	
[811]	2.1890353E+36	0x20000CAC	float	
[812]	2.19440491E+36	0x20000CB0	float	
[813]	2.23736227E+36	0x20000CB4	float	
[814]	2.2946388433E+36	0x20000CB8	float	
[815]	2.32685681E+36	0x20000CBC	float	
[816]	2.28926907E+36	0x20000CC0	float	
[817]	2.24273203E+36	0x20000CC4	float	
[818]	2.21230382E+36	0x20000CC8	float	
[819]	2.21409375E+36	0x20000CCC	float	
[820]	2.25347125E+36	0x20000CD0	float	
[821]	2.28389946E+36	0x20000CD4	float	
[822]	2.3000084522E+36	0x20000CD8	float	
[823]	2.31432751E+36	0x20000CDC	float	
[824]	2.2642106333E+36	0x20000CE0	float	
[825]	2.23736227E+36	0x20000CE4	float	
[826]	2.21230382E+36	0x20000CE8	float	
[827]	2.23199266E+36	0x20000CEC	float	
[828]	2.26779047E+36	0x20000CF0	float	
[829]	2.27852969E+36	0x20000CF4	float	
[830]	2.29105899E+36	0x20000CF8	float	
[831]	2.27137016E+36	0x20000CFC	float	
[832]	2.25347125E+36	0x20000D00	float	
[833]	2.2284128144E+36	0x20000D04	float	
[834]	2.23199266E+36	0x20000D08	float	
[835]	2.2391521911E+36	0x20000D0C	float	
[836]	2.2588410244E+36	0x20000D10	float	
[837]	2.2767399333E+36	0x20000D14	float	
[838]	2.27137016E+36	0x20000D18	float	
[839]	2.26779047E+36	0x20000D1C	float	
[840]	2.25526117E+36	0x20000D20	float	
[841]	2.2695802433E+36	0x20000D24	float	
[842]	2.26600055E+36	0x20000D28	float	
[843]	2.26600055E+36	0x20000D2C	float	
[844]	2.2516814911E+36	0x20000D30	float	
[845]	2.2642106333E+36	0x20000D34	float	
[846]	2.26600055E+36	0x20000D38	float	
[847]	2.27137016E+36	0x20000D3C	float	
[848]	2.2642106333E+36	0x20000D40	float	
[849]	2.27495001E+36	0x20000D44	float	
[850]	2.2409421144E+36	0x20000D48	float	
[851]	2.2033543722E+36	0x20000D4C	float	
[852]	2.21946336E+36	0x20000D50	float	
[853]	2.2337825822E+36	0x20000D54	float	
[854]	2.27852969E+36	0x20000D58	float	
[855]	2.30358829E+36	0x20000D5C	float	
[856]	2.2946388433E+36	0x20000D60	float	
[857]	2.28568938E+36	0x20000D64	float	
[858]	2.24810164E+36	0x20000D68	float	
[859]	2.22483312E+36	0x20000D6C	float	
[860]	2.2158836722E+36	0x20000D70	float	
[861]	2.2463117233E+36	0x20000D74	float	
[862]	2.3071679844E+36	0x20000D78	float	
[863]	2.3250668944E+36	0x20000D7C	float	
[864]	2.3089579E+36	0x20000D80	float	
[865]	2.26779047E+36	0x20000D84	float	
[866]	2.21767343E+36	0x20000D88	float	
[867]	2.19261499E+36	0x20000D8C	float	
[868]	2.21230382E+36	0x20000D90	float	
[869]	2.27137016E+36	0x20000D94	float	
[870]	2.32685681E+36	0x20000D98	float	
[871]	2.3537051811E+36	0x20000D9C	float	
[872]	2.3071679844E+36	0x20000DA0	float	
[873]	2.2391521911E+36	0x20000DA4	float	
[874]	2.1890353E+36	0x20000DA8	float	
[875]	2.176506E+36	0x20000DAC	float	
[876]	2.2284128144E+36	0x20000DB0	float	
[877]	2.28568938E+36	0x20000DB4	float	
[878]	2.3537051811E+36	0x20000DB8	float	
[879]	2.32864674E+36	0x20000DBC	float	
[880]	2.28031962E+36	0x20000DC0	float	
[881]	2.2158836722E+36	0x20000DC4	float	
[882]	2.17113639E+36	0x20000DC8	float	
[883]	2.19261499E+36	0x20000DCC	float	
[884]	2.2516814911E+36	0x20000DD0	float	
[885]	2.3089579E+36	0x20000DD4	float	
[886]	2.3411758811E+36	0x20000DD8	float	
[887]	2.30358829E+36	0x20000DDC	float	
[888]	2.24273203E+36	0x20000DE0	float	
[889]	2.19977468E+36	0x20000DE4	float	
[890]	2.17113639E+36	0x20000DE8	float	
[891]	2.21409375E+36	0x20000DEC	float	
[892]	2.2874791522E+36	0x20000DF0	float	
[893]	2.33938595E+36	0x20000DF4	float	
[894]	2.3375961944E+36	0x20000DF8	float	
[895]	2.2874791522E+36	0x20000DFC	float	
[896]	2.2230432044E+36	0x20000E00	float	
[897]	2.1854554633E+36	0x20000E04	float	
[898]	2.20514429E+36	0x20000E08	float	
[899]	2.2463117233E+36	0x20000E0C	float	
[900]	2.2946388433E+36	0x20000E10	float	
[901]	2.3179073622E+36	0x20000E14	float	
[902]	2.2964286E+36	0x20000E18	float	
[903]	2.23020273E+36	0x20000E1C	float	
[904]	2.2230432044E+36	0x20000E20	float	
[905]	2.2266228911E+36	0x20000E24	float	
[906]	2.2409421144E+36	0x20000E28	float	
[907]	2.27495001E+36	0x20000E2C	float	
[908]	2.29821853E+36	0x20000E30	float	
[909]	2.29284892E+36	0x20000E34	float	
[910]	2.2874791522E+36	0x20000E38	float	
[911]	2.23557234E+36	0x20000E3C	float	
[912]	2.21767343E+36	0x20000E40	float	
[913]	2.2212532822E+36	0x20000E44	float	
[914]	2.21946336E+36	0x20000E48	float	
[915]	2.26600055E+36	0x20000E4C	float	
[916]	2.28031962E+36	0x20000E50	float	
[917]	2.29284892E+36	0x20000E54	float	
[918]	2.2821095433E+36	0x20000E58	float	
[919]	2.24810164E+36	0x20000E5C	float	
[920]	2.2266228911E+36	0x20000E60	float	
[921]	2.21230382E+36	0x20000E64	float	
[922]	2.23020273E+36	0x20000E68	float	
[923]	2.26063094E+36	0x20000E6C	float	
[924]	2.27852969E+36	0x20000E70	float	
[925]	2.29284892E+36	0x20000E74	float	
[926]	2.26600055E+36	0x20000E78	float	
[927]	2.25526117E+36	0x20000E7C	float	
[928]	2.2230432044E+36	0x20000E80	float	
[929]	2.2158836722E+36	0x20000E84	float	
[930]	2.24810164E+36	0x20000E88	float	
[931]	2.2821095433E+36	0x20000E8C	float	
[932]	2.29105899E+36	0x20000E90	float	
[933]	2.2946388433E+36	0x20000E94	float	
[934]	2.28926907E+36	0x20000E98	float	
[935]	2.24810164E+36	0x20000E9C	float	
[936]	2.2158836722E+36	0x20000EA0	float	
[937]	2.21767343E+36	0x20000EA4	float	
[938]	2.22483312E+36	0x20000EA8	float	
[939]	2.26242071E+36	0x20000EAC	float	
[940]	2.2821095433E+36	0x20000EB0	float	
[941]	2.2964286E+36	0x20000EB4	float	
[942]	2.28389946E+36	0x20000EB8	float	
[943]	2.24810164E+36	0x20000EBC	float	
[944]	2.2284128144E+36	0x20000EC0	float	
[945]	2.2230432044E+36	0x20000EC4	float	
[946]	2.25526117E+36	0x20000EC8	float	
[947]	2.2874791522E+36	0x20000ECC	float	
[948]	2.3053780622E+36	0x20000ED0	float	
[949]	2.29105899E+36	0x20000ED4	float	
[950]	2.26242071E+36	0x20000ED8	float	
[951]	2.22483312E+36	0x20000EDC	float	
[952]	2.20514429E+36	0x20000EE0	float	
[953]	2.2105139044E+36	0x20000EE4	float	
[954]	2.23557234E+36	0x20000EE8	float	
[955]	2.28568938E+36	0x20000EEC	float	
[956]	2.27495001E+36	0x20000EF0	float	
[957]	2.26779047E+36	0x20000EF4	float	
[958]	2.2695802433E+36	0x20000EF8	float	
[959]	2.23557234E+36	0x20000EFC	float	
[960]	0.0	0x20000F00	float	
[961]	0.0	0x20000F04	float	
[962]	0.0	0x20000F08	float	
[963]	0.0	0x20000F0C	float	
[964]	0.0	0x20000F10	float	
[965]	0.0	0x20000F14	float	
[966]	0.0	0x20000F18	float	
[967]	0.0	0x20000F1C	float	
[968]	0.0	0x20000F20	float	
[969]	0.0	0x20000F24	float	
[970]	0.0	0x20000F28	float	
[971]	0.0	0x20000F2C	float	
[972]	0.0	0x20000F30	float	
[973]	0.0	0x20000F34	float	
[974]	0.0	0x20000F38	float	
[975]	0.0	0x20000F3C	float	
[976]	0.0	0x20000F40	float	
[977]	0.0	0x20000F44	float	
[978]	0.0	0x20000F48	float	
[979]	0.0	0x20000F4C	float	
[980]	0.0	0x20000F50	float	
[981]	0.0	0x20000F54	float	
[982]	0.0	0x20000F58	float	
[983]	0.0	0x20000F5C	float	
[984]	0.0	0x20000F60	float	
[985]	0.0	0x20000F64	float	
[986]	0.0	0x20000F68	float	
[987]	0.0	0x20000F6C	float	
[988]	0.0	0x20000F70	float	
[989]	0.0	0x20000F74	float	
[990]	0.0	0x20000F78	float	
[991]	0.0	0x20000F7C	float	
[992]	0.0	0x20000F80	float	
[993]	0.0	0x20000F84	float	
[994]	0.0	0x20000F88	float	
[995]	0.0	0x20000F8C	float	
[996]	0.0	0x20000F90	float	
[997]	0.0	0x20000F94	float	
[998]	0.0	0x20000F98	float	
[999]	0.0	0x20000F9C	float	
[1000]	0.0	0x20000FA0	float	
[1001]	0.0	0x20000FA4	float	
[1002]	0.0	0x20000FA8	float	
[1003]	0.0	0x20000FAC	float	
[1004]	0.0	0x20000FB0	float	
[1005]	0.0	0x20000FB4	float	
[1006]	0.0	0x20000FB8	float	
[1007]	0.0	0x20000FBC	float	
[1008]	0.0	0x20000FC0	float	
[1009]	0.0	0x20000FC4	float	
[1010]	0.0	0x20000FC8	float	
[1011]	0.0	0x20000FCC	float	
[1012]	0.0	0x20000FD0	float	
[1013]	0.0	0x20000FD4	float	
[1014]	0.0	0x20000FD8	float	
[1015]	0.0	0x20000FDC	float	
[1016]	0.0	0x20000FE0	float	
[1017]	0.0	0x20000FE4	float	
[1018]	0.0	0x20000FE8	float	
[1019]	0.0	0x20000FEC	float	
[1020]	0.0	0x20000FF0	float	
[1021]	0.0	0x20000FF4	float	
[1022]	0.0	0x20000FF8	float	
[1023]	0.0	0x20000FFC	float	
