Expression	Value	Location	Type	
sinus	Error (col 1): Unknown or ambiguous symbol. sinus			
GPIOB_DATA	Error (col 1): Unknown or ambiguous symbol. GPIOB_DATA			
DATA	Error (col 1): Unknown or ambiguous symbol. DATA			
tempc	Error (col 1): Unknown or ambiguous symbol. tempc			
adc_buffer	<array>	0x20001000	uint16_t[1024]	
[0]	1221	0x20001000	uint16_t	
[1]	1128	0x20001002	uint16_t	
[2]	952	0x20001004	uint16_t	
[3]	1024	0x20001006	uint16_t	
[4]	1155	0x20001008	uint16_t	
[5]	1282	0x2000100A	uint16_t	
[6]	1300	0x2000100C	uint16_t	
[7]	1242	0x2000100E	uint16_t	
[8]	1140	0x20001010	uint16_t	
[9]	1067	0x20001012	uint16_t	
[10]	1074	0x20001014	uint16_t	
[11]	1162	0x20001016	uint16_t	
[12]	1265	0x20001018	uint16_t	
[13]	1343	0x2000101A	uint16_t	
[14]	1348	0x2000101C	uint16_t	
[15]	1291	0x2000101E	uint16_t	
[16]	1168	0x20001020	uint16_t	
[17]	1102	0x20001022	uint16_t	
[18]	1114	0x20001024	uint16_t	
[19]	1196	0x20001026	uint16_t	
[20]	1305	0x20001028	uint16_t	
[21]	1385	0x2000102A	uint16_t	
[22]	1358	0x2000102C	uint16_t	
[23]	1264	0x2000102E	uint16_t	
[24]	1166	0x20001030	uint16_t	
[25]	1110	0x20001032	uint16_t	
[26]	1138	0x20001034	uint16_t	
[27]	1244	0x20001036	uint16_t	
[28]	1335	0x20001038	uint16_t	
[29]	1418	0x2000103A	uint16_t	
[30]	1351	0x2000103C	uint16_t	
[31]	1260	0x2000103E	uint16_t	
[32]	1149	0x20001040	uint16_t	
[33]	1134	0x20001042	uint16_t	
[34]	1165	0x20001044	uint16_t	
[35]	1281	0x20001046	uint16_t	
[36]	1396	0x20001048	uint16_t	
[37]	1426	0x2000104A	uint16_t	
[38]	1346	0x2000104C	uint16_t	
[39]	1225	0x2000104E	uint16_t	
[40]	1145	0x20001050	uint16_t	
[41]	1120	0x20001052	uint16_t	
[42]	1199	0x20001054	uint16_t	
[43]	1317	0x20001056	uint16_t	
[44]	1399	0x20001058	uint16_t	
[45]	1394	0x2000105A	uint16_t	
[46]	1309	0x2000105C	uint16_t	
[47]	1207	0x2000105E	uint16_t	
[48]	1121	0x20001060	uint16_t	
[49]	1141	0x20001062	uint16_t	
[50]	1234	0x20001064	uint16_t	
[51]	1364	0x20001066	uint16_t	
[52]	1410	0x20001068	uint16_t	
[53]	1372	0x2000106A	uint16_t	
[54]	1288	0x2000106C	uint16_t	
[55]	1187	0x2000106E	uint16_t	
[56]	1144	0x20001070	uint16_t	
[57]	1159	0x20001072	uint16_t	
[58]	1277	0x20001074	uint16_t	
[59]	1366	0x20001076	uint16_t	
[60]	1405	0x20001078	uint16_t	
[61]	1334	0x2000107A	uint16_t	
[62]	1245	0x2000107C	uint16_t	
[63]	1173	0x2000107E	uint16_t	
[64]	1154	0x20001080	uint16_t	
[65]	1210	0x20001082	uint16_t	
[66]	1300	0x20001084	uint16_t	
[67]	1368	0x20001086	uint16_t	
[68]	1370	0x20001088	uint16_t	
[69]	1324	0x2000108A	uint16_t	
[70]	1224	0x2000108C	uint16_t	
[71]	1167	0x2000108E	uint16_t	
[72]	1179	0x20001090	uint16_t	
[73]	1233	0x20001092	uint16_t	
[74]	1306	0x20001094	uint16_t	
[75]	1353	0x20001096	uint16_t	
[76]	1346	0x20001098	uint16_t	
[77]	1288	0x2000109A	uint16_t	
[78]	1221	0x2000109C	uint16_t	
[79]	1185	0x2000109E	uint16_t	
[80]	1190	0x200010A0	uint16_t	
[81]	1249	0x200010A2	uint16_t	
[82]	1322	0x200010A4	uint16_t	
[83]	1353	0x200010A6	uint16_t	
[84]	1312	0x200010A8	uint16_t	
[85]	1267	0x200010AA	uint16_t	
[86]	1219	0x200010AC	uint16_t	
[87]	1180	0x200010AE	uint16_t	
[88]	1203	0x200010B0	uint16_t	
[89]	1267	0x200010B2	uint16_t	
[90]	1317	0x200010B4	uint16_t	
[91]	1338	0x200010B6	uint16_t	
[92]	1318	0x200010B8	uint16_t	
[93]	1255	0x200010BA	uint16_t	
[94]	1209	0x200010BC	uint16_t	
[95]	1181	0x200010BE	uint16_t	
[96]	1218	0x200010C0	uint16_t	
[97]	1260	0x200010C2	uint16_t	
[98]	1322	0x200010C4	uint16_t	
[99]	1324	0x200010C6	uint16_t	
[100]	1300	0x200010C8	uint16_t	
[101]	1247	0x200010CA	uint16_t	
[102]	1208	0x200010CC	uint16_t	
[103]	1196	0x200010CE	uint16_t	
[104]	1228	0x200010D0	uint16_t	
[105]	1283	0x200010D2	uint16_t	
[106]	1327	0x200010D4	uint16_t	
[107]	1335	0x200010D6	uint16_t	
[108]	1292	0x200010D8	uint16_t	
[109]	1235	0x200010DA	uint16_t	
[110]	1202	0x200010DC	uint16_t	
[111]	1196	0x200010DE	uint16_t	
[112]	1245	0x200010E0	uint16_t	
[113]	1290	0x200010E2	uint16_t	
[114]	1341	0x200010E4	uint16_t	
[115]	1330	0x200010E6	uint16_t	
[116]	1281	0x200010E8	uint16_t	
[117]	1229	0x200010EA	uint16_t	
[118]	1202	0x200010EC	uint16_t	
[119]	1208	0x200010EE	uint16_t	
[120]	1233	0x200010F0	uint16_t	
[121]	1306	0x200010F2	uint16_t	
[122]	1331	0x200010F4	uint16_t	
[123]	1307	0x200010F6	uint16_t	
[124]	1255	0x200010F8	uint16_t	
[125]	1210	0x200010FA	uint16_t	
[126]	1203	0x200010FC	uint16_t	
[127]	1221	0x200010FE	uint16_t	
[128]	1275	0x20001100	uint16_t	
[129]	1308	0x20001102	uint16_t	
[130]	1329	0x20001104	uint16_t	
[131]	1284	0x20001106	uint16_t	
[132]	1227	0x20001108	uint16_t	
[133]	1191	0x2000110A	uint16_t	
[134]	1206	0x2000110C	uint16_t	
[135]	1245	0x2000110E	uint16_t	
[136]	1289	0x20001110	uint16_t	
[137]	1317	0x20001112	uint16_t	
[138]	1302	0x20001114	uint16_t	
[139]	1270	0x20001116	uint16_t	
[140]	1236	0x20001118	uint16_t	
[141]	1212	0x2000111A	uint16_t	
[142]	1224	0x2000111C	uint16_t	
[143]	1260	0x2000111E	uint16_t	
[144]	1296	0x20001120	uint16_t	
[145]	1316	0x20001122	uint16_t	
[146]	1306	0x20001124	uint16_t	
[147]	1260	0x20001126	uint16_t	
[148]	1220	0x20001128	uint16_t	
[149]	1206	0x2000112A	uint16_t	
[150]	1229	0x2000112C	uint16_t	
[151]	1266	0x2000112E	uint16_t	
[152]	1297	0x20001130	uint16_t	
[153]	1319	0x20001132	uint16_t	
[154]	1288	0x20001134	uint16_t	
[155]	1242	0x20001136	uint16_t	
[156]	1223	0x20001138	uint16_t	
[157]	1233	0x2000113A	uint16_t	
[158]	1257	0x2000113C	uint16_t	
[159]	1288	0x2000113E	uint16_t	
[160]	1271	0x20001140	uint16_t	
[161]	1249	0x20001142	uint16_t	
[162]	1262	0x20001144	uint16_t	
[163]	1304	0x20001146	uint16_t	
[164]	1329	0x20001148	uint16_t	
[165]	1305	0x2000114A	uint16_t	
[166]	1253	0x2000114C	uint16_t	
[167]	1154	0x2000114E	uint16_t	
[168]	1123	0x20001150	uint16_t	
[169]	1186	0x20001152	uint16_t	
[170]	1330	0x20001154	uint16_t	
[171]	1512	0x20001156	uint16_t	
[172]	1450	0x20001158	uint16_t	
[173]	1297	0x2000115A	uint16_t	
[174]	1104	0x2000115C	uint16_t	
[175]	1007	0x2000115E	uint16_t	
[176]	1052	0x20001160	uint16_t	
[177]	1248	0x20001162	uint16_t	
[178]	1581	0x20001164	uint16_t	
[179]	1571	0x20001166	uint16_t	
[180]	1473	0x20001168	uint16_t	
[181]	1154	0x2000116A	uint16_t	
[182]	966	0x2000116C	uint16_t	
[183]	904	0x2000116E	uint16_t	
[184]	1097	0x20001170	uint16_t	
[185]	1422	0x20001172	uint16_t	
[186]	1623	0x20001174	uint16_t	
[187]	1597	0x20001176	uint16_t	
[188]	1292	0x20001178	uint16_t	
[189]	1057	0x2000117A	uint16_t	
[190]	797	0x2000117C	uint16_t	
[191]	924	0x2000117E	uint16_t	
[192]	1245	0x20001180	uint16_t	
[193]	1719	0x20001182	uint16_t	
[194]	1655	0x20001184	uint16_t	
[195]	1553	0x20001186	uint16_t	
[196]	1066	0x20001188	uint16_t	
[197]	922	0x2000118A	uint16_t	
[198]	838	0x2000118C	uint16_t	
[199]	1022	0x2000118E	uint16_t	
[200]	1392	0x20001190	uint16_t	
[201]	1647	0x20001192	uint16_t	
[202]	1646	0x20001194	uint16_t	
[203]	1454	0x20001196	uint16_t	
[204]	1087	0x20001198	uint16_t	
[205]	876	0x2000119A	uint16_t	
[206]	906	0x2000119C	uint16_t	
[207]	1160	0x2000119E	uint16_t	
[208]	1556	0x200011A0	uint16_t	
[209]	1625	0x200011A2	uint16_t	
[210]	1562	0x200011A4	uint16_t	
[211]	1105	0x200011A6	uint16_t	
[212]	1042	0x200011A8	uint16_t	
[213]	905	0x200011AA	uint16_t	
[214]	1048	0x200011AC	uint16_t	
[215]	1320	0x200011AE	uint16_t	
[216]	1660	0x200011B0	uint16_t	
[217]	1545	0x200011B2	uint16_t	
[218]	1337	0x200011B4	uint16_t	
[219]	1203	0x200011B6	uint16_t	
[220]	1051	0x200011B8	uint16_t	
[221]	1072	0x200011BA	uint16_t	
[222]	1207	0x200011BC	uint16_t	
[223]	1331	0x200011BE	uint16_t	
[224]	1381	0x200011C0	uint16_t	
[225]	1351	0x200011C2	uint16_t	
[226]	1287	0x200011C4	uint16_t	
[227]	1256	0x200011C6	uint16_t	
[228]	1252	0x200011C8	uint16_t	
[229]	1247	0x200011CA	uint16_t	
[230]	1212	0x200011CC	uint16_t	
[231]	1181	0x200011CE	uint16_t	
[232]	1170	0x200011D0	uint16_t	
[233]	1241	0x200011D2	uint16_t	
[234]	1371	0x200011D4	uint16_t	
[235]	1588	0x200011D6	uint16_t	
[236]	1409	0x200011D8	uint16_t	
[237]	1293	0x200011DA	uint16_t	
[238]	1067	0x200011DC	uint16_t	
[239]	954	0x200011DE	uint16_t	
[240]	1040	0x200011E0	uint16_t	
[241]	1326	0x200011E2	uint16_t	
[242]	1665	0x200011E4	uint16_t	
[243]	1640	0x200011E6	uint16_t	
[244]	1485	0x200011E8	uint16_t	
[245]	1053	0x200011EA	uint16_t	
[246]	839	0x200011EC	uint16_t	
[247]	815	0x200011EE	uint16_t	
[248]	1110	0x200011F0	uint16_t	
[249]	1690	0x200011F2	uint16_t	
[250]	1739	0x200011F4	uint16_t	
[251]	1690	0x200011F6	uint16_t	
[252]	1311	0x200011F8	uint16_t	
[253]	924	0x200011FA	uint16_t	
[254]	718	0x200011FC	uint16_t	
[255]	843	0x200011FE	uint16_t	
[256]	1302	0x20001200	uint16_t	
[257]	1719	0x20001202	uint16_t	
[258]	1812	0x20001204	uint16_t	
[259]	1634	0x20001206	uint16_t	
[260]	1008	0x20001208	uint16_t	
[261]	795	0x2000120A	uint16_t	
[262]	692	0x2000120C	uint16_t	
[263]	979	0x2000120E	uint16_t	
[264]	1514	0x20001210	uint16_t	
[265]	1770	0x20001212	uint16_t	
[266]	1780	0x20001214	uint16_t	
[267]	1510	0x20001216	uint16_t	
[268]	959	0x20001218	uint16_t	
[269]	715	0x2000121A	uint16_t	
[270]	749	0x2000121C	uint16_t	
[271]	1135	0x2000121E	uint16_t	
[272]	1768	0x20001220	uint16_t	
[273]	1791	0x20001222	uint16_t	
[274]	1710	0x20001224	uint16_t	
[275]	1304	0x20001226	uint16_t	
[276]	910	0x20001228	uint16_t	
[277]	708	0x2000122A	uint16_t	
[278]	847	0x2000122C	uint16_t	
[279]	1287	0x2000122E	uint16_t	
[280]	1711	0x20001230	uint16_t	
[281]	1784	0x20001232	uint16_t	
[282]	1634	0x20001234	uint16_t	
[283]	1065	0x20001236	uint16_t	
[284]	861	0x20001238	uint16_t	
[285]	745	0x2000123A	uint16_t	
[286]	951	0x2000123C	uint16_t	
[287]	1401	0x2000123E	uint16_t	
[288]	1701	0x20001240	uint16_t	
[289]	1728	0x20001242	uint16_t	
[290]	1532	0x20001244	uint16_t	
[291]	1012	0x20001246	uint16_t	
[292]	823	0x20001248	uint16_t	
[293]	797	0x2000124A	uint16_t	
[294]	1068	0x2000124C	uint16_t	
[295]	1506	0x2000124E	uint16_t	
[296]	1690	0x20001250	uint16_t	
[297]	1666	0x20001252	uint16_t	
[298]	1435	0x20001254	uint16_t	
[299]	1042	0x20001256	uint16_t	
[300]	830	0x20001258	uint16_t	
[301]	869	0x2000125A	uint16_t	
[302]	1185	0x2000125C	uint16_t	
[303]	1682	0x2000125E	uint16_t	
[304]	1669	0x20001260	uint16_t	
[305]	1601	0x20001262	uint16_t	
[306]	1139	0x20001264	uint16_t	
[307]	993	0x20001266	uint16_t	
[308]	839	0x20001268	uint16_t	
[309]	968	0x2000126A	uint16_t	
[310]	1292	0x2000126C	uint16_t	
[311]	1677	0x2000126E	uint16_t	
[312]	1649	0x20001270	uint16_t	
[313]	1524	0x20001272	uint16_t	
[314]	1087	0x20001274	uint16_t	
[315]	926	0x20001276	uint16_t	
[316]	859	0x20001278	uint16_t	
[317]	1055	0x2000127A	uint16_t	
[318]	1392	0x2000127C	uint16_t	
[319]	1629	0x2000127E	uint16_t	
[320]	1610	0x20001280	uint16_t	
[321]	1453	0x20001282	uint16_t	
[322]	1111	0x20001284	uint16_t	
[323]	896	0x20001286	uint16_t	
[324]	902	0x20001288	uint16_t	
[325]	1138	0x2000128A	uint16_t	
[326]	1475	0x2000128C	uint16_t	
[327]	1623	0x2000128E	uint16_t	
[328]	1585	0x20001290	uint16_t	
[329]	1258	0x20001292	uint16_t	
[330]	1085	0x20001294	uint16_t	
[331]	896	0x20001296	uint16_t	
[332]	962	0x20001298	uint16_t	
[333]	1220	0x2000129A	uint16_t	
[334]	1606	0x2000129C	uint16_t	
[335]	1601	0x2000129E	uint16_t	
[336]	1521	0x200012A0	uint16_t	
[337]	1126	0x200012A2	uint16_t	
[338]	1033	0x200012A4	uint16_t	
[339]	931	0x200012A6	uint16_t	
[340]	1042	0x200012A8	uint16_t	
[341]	1321	0x200012AA	uint16_t	
[342]	1670	0x200012AC	uint16_t	
[343]	1577	0x200012AE	uint16_t	
[344]	1432	0x200012B0	uint16_t	
[345]	1170	0x200012B2	uint16_t	
[346]	969	0x200012B4	uint16_t	
[347]	954	0x200012B6	uint16_t	
[348]	1139	0x200012B8	uint16_t	
[349]	1415	0x200012BA	uint16_t	
[350]	1585	0x200012BC	uint16_t	
[351]	1543	0x200012BE	uint16_t	
[352]	1190	0x200012C0	uint16_t	
[353]	1124	0x200012C2	uint16_t	
[354]	955	0x200012C4	uint16_t	
[355]	999	0x200012C6	uint16_t	
[356]	1216	0x200012C8	uint16_t	
[357]	1494	0x200012CA	uint16_t	
[358]	1557	0x200012CC	uint16_t	
[359]	1482	0x200012CE	uint16_t	
[360]	1199	0x200012D0	uint16_t	
[361]	1054	0x200012D2	uint16_t	
[362]	970	0x200012D4	uint16_t	
[363]	1075	0x200012D6	uint16_t	
[364]	1303	0x200012D8	uint16_t	
[365]	1657	0x200012DA	uint16_t	
[366]	1530	0x200012DC	uint16_t	
[367]	1369	0x200012DE	uint16_t	
[368]	1235	0x200012E0	uint16_t	
[369]	1035	0x200012E2	uint16_t	
[370]	1006	0x200012E4	uint16_t	
[371]	1138	0x200012E6	uint16_t	
[372]	1350	0x200012E8	uint16_t	
[373]	1657	0x200012EA	uint16_t	
[374]	1494	0x200012EC	uint16_t	
[375]	1236	0x200012EE	uint16_t	
[376]	1179	0x200012F0	uint16_t	
[377]	1037	0x200012F2	uint16_t	
[378]	1043	0x200012F4	uint16_t	
[379]	1186	0x200012F6	uint16_t	
[380]	1391	0x200012F8	uint16_t	
[381]	1594	0x200012FA	uint16_t	
[382]	1461	0x200012FC	uint16_t	
[383]	1288	0x200012FE	uint16_t	
[384]	1129	0x20001300	uint16_t	
[385]	1029	0x20001302	uint16_t	
[386]	1054	0x20001304	uint16_t	
[387]	1229	0x20001306	uint16_t	
[388]	1445	0x20001308	uint16_t	
[389]	1538	0x2000130A	uint16_t	
[390]	1420	0x2000130C	uint16_t	
[391]	1281	0x2000130E	uint16_t	
[392]	1087	0x20001310	uint16_t	
[393]	1019	0x20001312	uint16_t	
[394]	1095	0x20001314	uint16_t	
[395]	1286	0x20001316	uint16_t	
[396]	1514	0x20001318	uint16_t	
[397]	1521	0x2000131A	uint16_t	
[398]	1292	0x2000131C	uint16_t	
[399]	1242	0x2000131E	uint16_t	
[400]	1046	0x20001320	uint16_t	
[401]	1002	0x20001322	uint16_t	
[402]	1119	0x20001324	uint16_t	
[403]	1335	0x20001326	uint16_t	
[404]	1650	0x20001328	uint16_t	
[405]	1504	0x2000132A	uint16_t	
[406]	1184	0x2000132C	uint16_t	
[407]	1174	0x2000132E	uint16_t	
[408]	1007	0x20001330	uint16_t	
[409]	1013	0x20001332	uint16_t	
[410]	1186	0x20001334	uint16_t	
[411]	1413	0x20001336	uint16_t	
[412]	1563	0x20001338	uint16_t	
[413]	1487	0x2000133A	uint16_t	
[414]	1211	0x2000133C	uint16_t	
[415]	1106	0x2000133E	uint16_t	
[416]	987	0x20001340	uint16_t	
[417]	1053	0x20001342	uint16_t	
[418]	1238	0x20001344	uint16_t	
[419]	1489	0x20001346	uint16_t	
[420]	1543	0x20001348	uint16_t	
[421]	1474	0x2000134A	uint16_t	
[422]	1224	0x2000134C	uint16_t	
[423]	1041	0x2000134E	uint16_t	
[424]	977	0x20001350	uint16_t	
[425]	1101	0x20001352	uint16_t	
[426]	1322	0x20001354	uint16_t	
[427]	1658	0x20001356	uint16_t	
[428]	1530	0x20001358	uint16_t	
[429]	1255	0x2000135A	uint16_t	
[430]	1193	0x2000135C	uint16_t	
[431]	1013	0x2000135E	uint16_t	
[432]	1008	0x20001360	uint16_t	
[433]	1171	0x20001362	uint16_t	
[434]	1405	0x20001364	uint16_t	
[435]	1572	0x20001366	uint16_t	
[436]	1497	0x20001368	uint16_t	
[437]	1207	0x2000136A	uint16_t	
[438]	1104	0x2000136C	uint16_t	
[439]	996	0x2000136E	uint16_t	
[440]	1049	0x20001370	uint16_t	
[441]	1243	0x20001372	uint16_t	
[442]	1472	0x20001374	uint16_t	
[443]	1532	0x20001376	uint16_t	
[444]	1415	0x20001378	uint16_t	
[445]	1260	0x2000137A	uint16_t	
[446]	1058	0x2000137C	uint16_t	
[447]	1009	0x2000137E	uint16_t	
[448]	1106	0x20001380	uint16_t	
[449]	1303	0x20001382	uint16_t	
[450]	1505	0x20001384	uint16_t	
[451]	1500	0x20001386	uint16_t	
[452]	1206	0x20001388	uint16_t	
[453]	1211	0x2000138A	uint16_t	
[454]	1070	0x2000138C	uint16_t	
[455]	1053	0x2000138E	uint16_t	
[456]	1163	0x20001390	uint16_t	
[457]	1345	0x20001392	uint16_t	
[458]	1551	0x20001394	uint16_t	
[459]	1456	0x20001396	uint16_t	
[460]	1324	0x20001398	uint16_t	
[461]	1154	0x2000139A	uint16_t	
[462]	1053	0x2000139C	uint16_t	
[463]	1070	0x2000139E	uint16_t	
[464]	1202	0x200013A0	uint16_t	
[465]	1393	0x200013A2	uint16_t	
[466]	1591	0x200013A4	uint16_t	
[467]	1338	0x200013A6	uint16_t	
[468]	1315	0x200013A8	uint16_t	
[469]	1130	0x200013AA	uint16_t	
[470]	1062	0x200013AC	uint16_t	
[471]	1113	0x200013AE	uint16_t	
[472]	1261	0x200013B0	uint16_t	
[473]	1400	0x200013B2	uint16_t	
[474]	1586	0x200013B4	uint16_t	
[475]	1188	0x200013B6	uint16_t	
[476]	1263	0x200013B8	uint16_t	
[477]	1113	0x200013BA	uint16_t	
[478]	1081	0x200013BC	uint16_t	
[479]	1160	0x200013BE	uint16_t	
[480]	1297	0x200013C0	uint16_t	
[481]	1412	0x200013C2	uint16_t	
[482]	1442	0x200013C4	uint16_t	
[483]	1344	0x200013C6	uint16_t	
[484]	1217	0x200013C8	uint16_t	
[485]	1117	0x200013CA	uint16_t	
[486]	1109	0x200013CC	uint16_t	
[487]	1175	0x200013CE	uint16_t	
[488]	1312	0x200013D0	uint16_t	
[489]	1413	0x200013D2	uint16_t	
[490]	1407	0x200013D4	uint16_t	
[491]	1318	0x200013D6	uint16_t	
[492]	1209	0x200013D8	uint16_t	
[493]	1114	0x200013DA	uint16_t	
[494]	1113	0x200013DC	uint16_t	
[495]	1196	0x200013DE	uint16_t	
[496]	1325	0x200013E0	uint16_t	
[497]	1411	0x200013E2	uint16_t	
[498]	1396	0x200013E4	uint16_t	
[499]	1304	0x200013E6	uint16_t	
[500]	1188	0x200013E8	uint16_t	
[501]	1115	0x200013EA	uint16_t	
[502]	1130	0x200013EC	uint16_t	
[503]	1227	0x200013EE	uint16_t	
[504]	1357	0x200013F0	uint16_t	
[505]	1418	0x200013F2	uint16_t	
[506]	1405	0x200013F4	uint16_t	
[507]	1277	0x200013F6	uint16_t	
[508]	1154	0x200013F8	uint16_t	
[509]	1110	0x200013FA	uint16_t	
[510]	1142	0x200013FC	uint16_t	
[511]	1257	0x200013FE	uint16_t	
[512]	1376	0x20001400	uint16_t	
[513]	1427	0x20001402	uint16_t	
[514]	1361	0x20001404	uint16_t	
[515]	1238	0x20001406	uint16_t	
[516]	1126	0x20001408	uint16_t	
[517]	1115	0x2000140A	uint16_t	
[518]	1160	0x2000140C	uint16_t	
[519]	1292	0x2000140E	uint16_t	
[520]	1420	0x20001410	uint16_t	
[521]	1432	0x20001412	uint16_t	
[522]	1333	0x20001414	uint16_t	
[523]	1211	0x20001416	uint16_t	
[524]	1104	0x20001418	uint16_t	
[525]	1112	0x2000141A	uint16_t	
[526]	1206	0x2000141C	uint16_t	
[527]	1331	0x2000141E	uint16_t	
[528]	1441	0x20001420	uint16_t	
[529]	1400	0x20001422	uint16_t	
[530]	1301	0x20001424	uint16_t	
[531]	1165	0x20001426	uint16_t	
[532]	1095	0x20001428	uint16_t	
[533]	1118	0x2000142A	uint16_t	
[534]	1226	0x2000142C	uint16_t	
[535]	1368	0x2000142E	uint16_t	
[536]	1434	0x20001430	uint16_t	
[537]	1351	0x20001432	uint16_t	
[538]	1242	0x20001434	uint16_t	
[539]	1139	0x20001436	uint16_t	
[540]	1105	0x20001438	uint16_t	
[541]	1174	0x2000143A	uint16_t	
[542]	1303	0x2000143C	uint16_t	
[543]	1414	0x2000143E	uint16_t	
[544]	1409	0x20001440	uint16_t	
[545]	1330	0x20001442	uint16_t	
[546]	1210	0x20001444	uint16_t	
[547]	1138	0x20001446	uint16_t	
[548]	1119	0x20001448	uint16_t	
[549]	1208	0x2000144A	uint16_t	
[550]	1325	0x2000144C	uint16_t	
[551]	1406	0x2000144E	uint16_t	
[552]	1376	0x20001450	uint16_t	
[553]	1288	0x20001452	uint16_t	
[554]	1179	0x20001454	uint16_t	
[555]	1129	0x20001456	uint16_t	
[556]	1162	0x20001458	uint16_t	
[557]	1246	0x2000145A	uint16_t	
[558]	1348	0x2000145C	uint16_t	
[559]	1382	0x2000145E	uint16_t	
[560]	1354	0x20001460	uint16_t	
[561]	1268	0x20001462	uint16_t	
[562]	1190	0x20001464	uint16_t	
[563]	1144	0x20001466	uint16_t	
[564]	1187	0x20001468	uint16_t	
[565]	1267	0x2000146A	uint16_t	
[566]	1339	0x2000146C	uint16_t	
[567]	1362	0x2000146E	uint16_t	
[568]	1326	0x20001470	uint16_t	
[569]	1233	0x20001472	uint16_t	
[570]	1164	0x20001474	uint16_t	
[571]	1164	0x20001476	uint16_t	
[572]	1216	0x20001478	uint16_t	
[573]	1291	0x2000147A	uint16_t	
[574]	1350	0x2000147C	uint16_t	
[575]	1355	0x2000147E	uint16_t	
[576]	1304	0x20001480	uint16_t	
[577]	1235	0x20001482	uint16_t	
[578]	1180	0x20001484	uint16_t	
[579]	1172	0x20001486	uint16_t	
[580]	1226	0x20001488	uint16_t	
[581]	1295	0x2000148A	uint16_t	
[582]	1357	0x2000148C	uint16_t	
[583]	1338	0x2000148E	uint16_t	
[584]	1283	0x20001490	uint16_t	
[585]	1216	0x20001492	uint16_t	
[586]	1173	0x20001494	uint16_t	
[587]	1186	0x20001496	uint16_t	
[588]	1237	0x20001498	uint16_t	
[589]	1310	0x2000149A	uint16_t	
[590]	1349	0x2000149C	uint16_t	
[591]	1329	0x2000149E	uint16_t	
[592]	1274	0x200014A0	uint16_t	
[593]	1216	0x200014A2	uint16_t	
[594]	1189	0x200014A4	uint16_t	
[595]	1200	0x200014A6	uint16_t	
[596]	1249	0x200014A8	uint16_t	
[597]	1312	0x200014AA	uint16_t	
[598]	1340	0x200014AC	uint16_t	
[599]	1324	0x200014AE	uint16_t	
[600]	1263	0x200014B0	uint16_t	
[601]	1210	0x200014B2	uint16_t	
[602]	1191	0x200014B4	uint16_t	
[603]	1213	0x200014B6	uint16_t	
[604]	1272	0x200014B8	uint16_t	
[605]	1322	0x200014BA	uint16_t	
[606]	1348	0x200014BC	uint16_t	
[607]	1316	0x200014BE	uint16_t	
[608]	1252	0x200014C0	uint16_t	
[609]	1197	0x200014C2	uint16_t	
[610]	1177	0x200014C4	uint16_t	
[611]	1211	0x200014C6	uint16_t	
[612]	1280	0x200014C8	uint16_t	
[613]	1335	0x200014CA	uint16_t	
[614]	1341	0x200014CC	uint16_t	
[615]	1305	0x200014CE	uint16_t	
[616]	1233	0x200014D0	uint16_t	
[617]	1177	0x200014D2	uint16_t	
[618]	1177	0x200014D4	uint16_t	
[619]	1230	0x200014D6	uint16_t	
[620]	1301	0x200014D8	uint16_t	
[621]	1363	0x200014DA	uint16_t	
[622]	1342	0x200014DC	uint16_t	
[623]	1283	0x200014DE	uint16_t	
[624]	1205	0x200014E0	uint16_t	
[625]	1172	0x200014E2	uint16_t	
[626]	1179	0x200014E4	uint16_t	
[627]	1250	0x200014E6	uint16_t	
[628]	1323	0x200014E8	uint16_t	
[629]	1357	0x200014EA	uint16_t	
[630]	1324	0x200014EC	uint16_t	
[631]	1242	0x200014EE	uint16_t	
[632]	1169	0x200014F0	uint16_t	
[633]	1152	0x200014F2	uint16_t	
[634]	1195	0x200014F4	uint16_t	
[635]	1286	0x200014F6	uint16_t	
[636]	1356	0x200014F8	uint16_t	
[637]	1365	0x200014FA	uint16_t	
[638]	1305	0x200014FC	uint16_t	
[639]	1227	0x200014FE	uint16_t	
[640]	1171	0x20001500	uint16_t	
[641]	1177	0x20001502	uint16_t	
[642]	1229	0x20001504	uint16_t	
[643]	1306	0x20001506	uint16_t	
[644]	1353	0x20001508	uint16_t	
[645]	1337	0x2000150A	uint16_t	
[646]	1286	0x2000150C	uint16_t	
[647]	1211	0x2000150E	uint16_t	
[648]	1179	0x20001510	uint16_t	
[649]	1195	0x20001512	uint16_t	
[650]	1253	0x20001514	uint16_t	
[651]	1314	0x20001516	uint16_t	
[652]	1333	0x20001518	uint16_t	
[653]	1310	0x2000151A	uint16_t	
[654]	1269	0x2000151C	uint16_t	
[655]	1209	0x2000151E	uint16_t	
[656]	1190	0x20001520	uint16_t	
[657]	1216	0x20001522	uint16_t	
[658]	1270	0x20001524	uint16_t	
[659]	1312	0x20001526	uint16_t	
[660]	1327	0x20001528	uint16_t	
[661]	1316	0x2000152A	uint16_t	
[662]	1262	0x2000152C	uint16_t	
[663]	1210	0x2000152E	uint16_t	
[664]	1199	0x20001530	uint16_t	
[665]	1231	0x20001532	uint16_t	
[666]	1275	0x20001534	uint16_t	
[667]	1319	0x20001536	uint16_t	
[668]	1313	0x20001538	uint16_t	
[669]	1289	0x2000153A	uint16_t	
[670]	1241	0x2000153C	uint16_t	
[671]	1202	0x2000153E	uint16_t	
[672]	1193	0x20001540	uint16_t	
[673]	1233	0x20001542	uint16_t	
[674]	1282	0x20001544	uint16_t	
[675]	1326	0x20001546	uint16_t	
[676]	1320	0x20001548	uint16_t	
[677]	1286	0x2000154A	uint16_t	
[678]	1239	0x2000154C	uint16_t	
[679]	1211	0x2000154E	uint16_t	
[680]	1209	0x20001550	uint16_t	
[681]	1241	0x20001552	uint16_t	
[682]	1291	0x20001554	uint16_t	
[683]	1335	0x20001556	uint16_t	
[684]	1319	0x20001558	uint16_t	
[685]	1271	0x2000155A	uint16_t	
[686]	1230	0x2000155C	uint16_t	
[687]	1203	0x2000155E	uint16_t	
[688]	1219	0x20001560	uint16_t	
[689]	1255	0x20001562	uint16_t	
[690]	1292	0x20001564	uint16_t	
[691]	1317	0x20001566	uint16_t	
[692]	1290	0x20001568	uint16_t	
[693]	1268	0x2000156A	uint16_t	
[694]	1230	0x2000156C	uint16_t	
[695]	1216	0x2000156E	uint16_t	
[696]	1232	0x20001570	uint16_t	
[697]	1274	0x20001572	uint16_t	
[698]	1293	0x20001574	uint16_t	
[699]	1304	0x20001576	uint16_t	
[700]	1281	0x20001578	uint16_t	
[701]	1254	0x2000157A	uint16_t	
[702]	1235	0x2000157C	uint16_t	
[703]	1224	0x2000157E	uint16_t	
[704]	1250	0x20001580	uint16_t	
[705]	1265	0x20001582	uint16_t	
[706]	1288	0x20001584	uint16_t	
[707]	1294	0x20001586	uint16_t	
[708]	1271	0x20001588	uint16_t	
[709]	1247	0x2000158A	uint16_t	
[710]	1236	0x2000158C	uint16_t	
[711]	1230	0x2000158E	uint16_t	
[712]	1240	0x20001590	uint16_t	
[713]	1265	0x20001592	uint16_t	
[714]	1293	0x20001594	uint16_t	
[715]	1292	0x20001596	uint16_t	
[716]	1277	0x20001598	uint16_t	
[717]	1252	0x2000159A	uint16_t	
[718]	1245	0x2000159C	uint16_t	
[719]	1237	0x2000159E	uint16_t	
[720]	1251	0x200015A0	uint16_t	
[721]	1261	0x200015A2	uint16_t	
[722]	1277	0x200015A4	uint16_t	
[723]	1284	0x200015A6	uint16_t	
[724]	1271	0x200015A8	uint16_t	
[725]	1268	0x200015AA	uint16_t	
[726]	1245	0x200015AC	uint16_t	
[727]	1251	0x200015AE	uint16_t	
[728]	1259	0x200015B0	uint16_t	
[729]	1255	0x200015B2	uint16_t	
[730]	1265	0x200015B4	uint16_t	
[731]	1263	0x200015B6	uint16_t	
[732]	1273	0x200015B8	uint16_t	
[733]	1276	0x200015BA	uint16_t	
[734]	1261	0x200015BC	uint16_t	
[735]	1248	0x200015BE	uint16_t	
[736]	1251	0x200015C0	uint16_t	
[737]	1257	0x200015C2	uint16_t	
[738]	1252	0x200015C4	uint16_t	
[739]	1265	0x200015C6	uint16_t	
[740]	1281	0x200015C8	uint16_t	
[741]	1280	0x200015CA	uint16_t	
[742]	1264	0x200015CC	uint16_t	
[743]	1251	0x200015CE	uint16_t	
[744]	1240	0x200015D0	uint16_t	
[745]	1238	0x200015D2	uint16_t	
[746]	1264	0x200015D4	uint16_t	
[747]	1285	0x200015D6	uint16_t	
[748]	1289	0x200015D8	uint16_t	
[749]	1283	0x200015DA	uint16_t	
[750]	1254	0x200015DC	uint16_t	
[751]	1237	0x200015DE	uint16_t	
[752]	1238	0x200015E0	uint16_t	
[753]	1244	0x200015E2	uint16_t	
[754]	1277	0x200015E4	uint16_t	
[755]	1286	0x200015E6	uint16_t	
[756]	1289	0x200015E8	uint16_t	
[757]	1279	0x200015EA	uint16_t	
[758]	1251	0x200015EC	uint16_t	
[759]	1228	0x200015EE	uint16_t	
[760]	1210	0x200015F0	uint16_t	
[761]	1238	0x200015F2	uint16_t	
[762]	1270	0x200015F4	uint16_t	
[763]	1297	0x200015F6	uint16_t	
[764]	1300	0x200015F8	uint16_t	
[765]	1272	0x200015FA	uint16_t	
[766]	1240	0x200015FC	uint16_t	
[767]	1224	0x200015FE	uint16_t	
[768]	1225	0x20001600	uint16_t	
[769]	1257	0x20001602	uint16_t	
[770]	1287	0x20001604	uint16_t	
[771]	1307	0x20001606	uint16_t	
[772]	1293	0x20001608	uint16_t	
[773]	1260	0x2000160A	uint16_t	
[774]	1233	0x2000160C	uint16_t	
[775]	1227	0x2000160E	uint16_t	
[776]	1237	0x20001610	uint16_t	
[777]	1267	0x20001612	uint16_t	
[778]	1295	0x20001614	uint16_t	
[779]	1292	0x20001616	uint16_t	
[780]	1271	0x20001618	uint16_t	
[781]	1238	0x2000161A	uint16_t	
[782]	1219	0x2000161C	uint16_t	
[783]	1233	0x2000161E	uint16_t	
[784]	1257	0x20001620	uint16_t	
[785]	1281	0x20001622	uint16_t	
[786]	1300	0x20001624	uint16_t	
[787]	1289	0x20001626	uint16_t	
[788]	1267	0x20001628	uint16_t	
[789]	1237	0x2000162A	uint16_t	
[790]	1231	0x2000162C	uint16_t	
[791]	1246	0x2000162E	uint16_t	
[792]	1267	0x20001630	uint16_t	
[793]	1286	0x20001632	uint16_t	
[794]	1283	0x20001634	uint16_t	
[795]	1261	0x20001636	uint16_t	
[796]	1253	0x20001638	uint16_t	
[797]	1250	0x2000163A	uint16_t	
[798]	1243	0x2000163C	uint16_t	
[799]	1253	0x2000163E	uint16_t	
[800]	1269	0x20001640	uint16_t	
[801]	1283	0x20001642	uint16_t	
[802]	1280	0x20001644	uint16_t	
[803]	1268	0x20001646	uint16_t	
[804]	1261	0x20001648	uint16_t	
[805]	1246	0x2000164A	uint16_t	
[806]	1243	0x2000164C	uint16_t	
[807]	1262	0x2000164E	uint16_t	
[808]	1279	0x20001650	uint16_t	
[809]	1260	0x20001652	uint16_t	
[810]	1263	0x20001654	uint16_t	
[811]	1260	0x20001656	uint16_t	
[812]	1250	0x20001658	uint16_t	
[813]	1251	0x2000165A	uint16_t	
[814]	1262	0x2000165C	uint16_t	
[815]	1260	0x2000165E	uint16_t	
[816]	1267	0x20001660	uint16_t	
[817]	1281	0x20001662	uint16_t	
[818]	1275	0x20001664	uint16_t	
[819]	1259	0x20001666	uint16_t	
[820]	1249	0x20001668	uint16_t	
[821]	1260	0x2000166A	uint16_t	
[822]	1276	0x2000166C	uint16_t	
[823]	1255	0x2000166E	uint16_t	
[824]	1257	0x20001670	uint16_t	
[825]	1272	0x20001672	uint16_t	
[826]	1274	0x20001674	uint16_t	
[827]	1263	0x20001676	uint16_t	
[828]	1258	0x20001678	uint16_t	
[829]	1247	0x2000167A	uint16_t	
[830]	1257	0x2000167C	uint16_t	
[831]	1250	0x2000167E	uint16_t	
[832]	1272	0x20001680	uint16_t	
[833]	1272	0x20001682	uint16_t	
[834]	1278	0x20001684	uint16_t	
[835]	1272	0x20001686	uint16_t	
[836]	1263	0x20001688	uint16_t	
[837]	1241	0x2000168A	uint16_t	
[838]	1240	0x2000168C	uint16_t	
[839]	1253	0x2000168E	uint16_t	
[840]	1278	0x20001690	uint16_t	
[841]	1280	0x20001692	uint16_t	
[842]	1279	0x20001694	uint16_t	
[843]	1271	0x20001696	uint16_t	
[844]	1239	0x20001698	uint16_t	
[845]	1234	0x2000169A	uint16_t	
[846]	1247	0x2000169C	uint16_t	
[847]	1274	0x2000169E	uint16_t	
[848]	1277	0x200016A0	uint16_t	
[849]	1278	0x200016A2	uint16_t	
[850]	1270	0x200016A4	uint16_t	
[851]	1247	0x200016A6	uint16_t	
[852]	1230	0x200016A8	uint16_t	
[853]	1234	0x200016AA	uint16_t	
[854]	1253	0x200016AC	uint16_t	
[855]	1288	0x200016AE	uint16_t	
[856]	1303	0x200016B0	uint16_t	
[857]	1288	0x200016B2	uint16_t	
[858]	1254	0x200016B4	uint16_t	
[859]	1235	0x200016B6	uint16_t	
[860]	1232	0x200016B8	uint16_t	
[861]	1246	0x200016BA	uint16_t	
[862]	1276	0x200016BC	uint16_t	
[863]	1292	0x200016BE	uint16_t	
[864]	1294	0x200016C0	uint16_t	
[865]	1275	0x200016C2	uint16_t	
[866]	1245	0x200016C4	uint16_t	
[867]	1217	0x200016C6	uint16_t	
[868]	1239	0x200016C8	uint16_t	
[869]	1257	0x200016CA	uint16_t	
[870]	1290	0x200016CC	uint16_t	
[871]	1299	0x200016CE	uint16_t	
[872]	1285	0x200016D0	uint16_t	
[873]	1250	0x200016D2	uint16_t	
[874]	1223	0x200016D4	uint16_t	
[875]	1226	0x200016D6	uint16_t	
[876]	1250	0x200016D8	uint16_t	
[877]	1282	0x200016DA	uint16_t	
[878]	1300	0x200016DC	uint16_t	
[879]	1279	0x200016DE	uint16_t	
[880]	1253	0x200016E0	uint16_t	
[881]	1236	0x200016E2	uint16_t	
[882]	1237	0x200016E4	uint16_t	
[883]	1259	0x200016E6	uint16_t	
[884]	1276	0x200016E8	uint16_t	
[885]	1285	0x200016EA	uint16_t	
[886]	1293	0x200016EC	uint16_t	
[887]	1265	0x200016EE	uint16_t	
[888]	1250	0x200016F0	uint16_t	
[889]	1236	0x200016F2	uint16_t	
[890]	1247	0x200016F4	uint16_t	
[891]	1267	0x200016F6	uint16_t	
[892]	1273	0x200016F8	uint16_t	
[893]	1280	0x200016FA	uint16_t	
[894]	1269	0x200016FC	uint16_t	
[895]	1259	0x200016FE	uint16_t	
[896]	1245	0x20001700	uint16_t	
[897]	1247	0x20001702	uint16_t	
[898]	1251	0x20001704	uint16_t	
[899]	1262	0x20001706	uint16_t	
[900]	1272	0x20001708	uint16_t	
[901]	1269	0x2000170A	uint16_t	
[902]	1267	0x2000170C	uint16_t	
[903]	1260	0x2000170E	uint16_t	
[904]	1268	0x20001710	uint16_t	
[905]	1266	0x20001712	uint16_t	
[906]	1266	0x20001714	uint16_t	
[907]	1258	0x20001716	uint16_t	
[908]	1265	0x20001718	uint16_t	
[909]	1266	0x2000171A	uint16_t	
[910]	1269	0x2000171C	uint16_t	
[911]	1265	0x2000171E	uint16_t	
[912]	1271	0x20001720	uint16_t	
[913]	1252	0x20001722	uint16_t	
[914]	1231	0x20001724	uint16_t	
[915]	1240	0x20001726	uint16_t	
[916]	1248	0x20001728	uint16_t	
[917]	1273	0x2000172A	uint16_t	
[918]	1287	0x2000172C	uint16_t	
[919]	1282	0x2000172E	uint16_t	
[920]	1277	0x20001730	uint16_t	
[921]	1256	0x20001732	uint16_t	
[922]	1243	0x20001734	uint16_t	
[923]	1238	0x20001736	uint16_t	
[924]	1255	0x20001738	uint16_t	
[925]	1289	0x2000173A	uint16_t	
[926]	1299	0x2000173C	uint16_t	
[927]	1290	0x2000173E	uint16_t	
[928]	1267	0x20001740	uint16_t	
[929]	1239	0x20001742	uint16_t	
[930]	1225	0x20001744	uint16_t	
[931]	1236	0x20001746	uint16_t	
[932]	1269	0x20001748	uint16_t	
[933]	1300	0x2000174A	uint16_t	
[934]	1315	0x2000174C	uint16_t	
[935]	1289	0x2000174E	uint16_t	
[936]	1251	0x20001750	uint16_t	
[937]	1223	0x20001752	uint16_t	
[938]	1216	0x20001754	uint16_t	
[939]	1245	0x20001756	uint16_t	
[940]	1277	0x20001758	uint16_t	
[941]	1315	0x2000175A	uint16_t	
[942]	1301	0x2000175C	uint16_t	
[943]	1274	0x2000175E	uint16_t	
[944]	1238	0x20001760	uint16_t	
[945]	1213	0x20001762	uint16_t	
[946]	1225	0x20001764	uint16_t	
[947]	1258	0x20001766	uint16_t	
[948]	1290	0x20001768	uint16_t	
[949]	1308	0x2000176A	uint16_t	
[950]	1287	0x2000176C	uint16_t	
[951]	1253	0x2000176E	uint16_t	
[952]	1229	0x20001770	uint16_t	
[953]	1213	0x20001772	uint16_t	
[954]	1237	0x20001774	uint16_t	
[955]	1278	0x20001776	uint16_t	
[956]	1307	0x20001778	uint16_t	
[957]	1306	0x2000177A	uint16_t	
[958]	1278	0x2000177C	uint16_t	
[959]	1242	0x2000177E	uint16_t	
[960]	1221	0x20001780	uint16_t	
[961]	1232	0x20001782	uint16_t	
[962]	1255	0x20001784	uint16_t	
[963]	1282	0x20001786	uint16_t	
[964]	1295	0x20001788	uint16_t	
[965]	1283	0x2000178A	uint16_t	
[966]	1246	0x2000178C	uint16_t	
[967]	1242	0x2000178E	uint16_t	
[968]	1244	0x20001790	uint16_t	
[969]	1252	0x20001792	uint16_t	
[970]	1271	0x20001794	uint16_t	
[971]	1284	0x20001796	uint16_t	
[972]	1281	0x20001798	uint16_t	
[973]	1278	0x2000179A	uint16_t	
[974]	1249	0x2000179C	uint16_t	
[975]	1239	0x2000179E	uint16_t	
[976]	1241	0x200017A0	uint16_t	
[977]	1240	0x200017A2	uint16_t	
[978]	1266	0x200017A4	uint16_t	
[979]	1274	0x200017A6	uint16_t	
[980]	1281	0x200017A8	uint16_t	
[981]	1275	0x200017AA	uint16_t	
[982]	1256	0x200017AC	uint16_t	
[983]	1244	0x200017AE	uint16_t	
[984]	1236	0x200017B0	uint16_t	
[985]	1246	0x200017B2	uint16_t	
[986]	1263	0x200017B4	uint16_t	
[987]	1273	0x200017B6	uint16_t	
[988]	1281	0x200017B8	uint16_t	
[989]	1266	0x200017BA	uint16_t	
[990]	1260	0x200017BC	uint16_t	
[991]	1242	0x200017BE	uint16_t	
[992]	1238	0x200017C0	uint16_t	
[993]	1256	0x200017C2	uint16_t	
[994]	1275	0x200017C4	uint16_t	
[995]	1280	0x200017C6	uint16_t	
[996]	1282	0x200017C8	uint16_t	
[997]	1279	0x200017CA	uint16_t	
[998]	1256	0x200017CC	uint16_t	
[999]	1238	0x200017CE	uint16_t	
[1000]	1239	0x200017D0	uint16_t	
[1001]	1243	0x200017D2	uint16_t	
[1002]	1264	0x200017D4	uint16_t	
[1003]	1275	0x200017D6	uint16_t	
[1004]	1283	0x200017D8	uint16_t	
[1005]	1276	0x200017DA	uint16_t	
[1006]	1256	0x200017DC	uint16_t	
[1007]	1245	0x200017DE	uint16_t	
[1008]	1242	0x200017E0	uint16_t	
[1009]	1260	0x200017E2	uint16_t	
[1010]	1278	0x200017E4	uint16_t	
[1011]	1288	0x200017E6	uint16_t	
[1012]	1280	0x200017E8	uint16_t	
[1013]	1264	0x200017EA	uint16_t	
[1014]	1243	0x200017EC	uint16_t	
[1015]	1232	0x200017EE	uint16_t	
[1016]	1235	0x200017F0	uint16_t	
[1017]	1249	0x200017F2	uint16_t	
[1018]	1277	0x200017F4	uint16_t	
[1019]	1271	0x200017F6	uint16_t	
[1020]	1267	0x200017F8	uint16_t	
[1021]	1268	0x200017FA	uint16_t	
[1022]	1249	0x200017FC	uint16_t	
[1023]	1243	0x200017FE	uint16_t	
adc_res	Error (col 1): Unknown or ambiguous symbol. adc_res			
NewSample	Error (col 1): Unknown or ambiguous symbol. NewSample			
OUT	<array>	0x20000000	float[1024]	
