Expression	Value	Location	Type	
sinus	Error (col 1): Unknown or ambiguous symbol. sinus			
GPIOB_DATA	Error (col 1): Unknown or ambiguous symbol. GPIOB_DATA			
DATA	Error (col 1): Unknown or ambiguous symbol. DATA			
tempc	Error (col 1): Unknown or ambiguous symbol. tempc			
adc_buffer	<array>	0x20000000	uint16_t[3000]	
[0]	1185	0x20000000	uint16_t	
[1]	1185	0x20000002	uint16_t	
[2]	1346	0x20000004	uint16_t	
[3]	1277	0x20000006	uint16_t	
[4]	1271	0x20000008	uint16_t	
[5]	1159	0x2000000A	uint16_t	
[6]	1035	0x2000000C	uint16_t	
[7]	981	0x2000000E	uint16_t	
[8]	1045	0x20000010	uint16_t	
[9]	1195	0x20000012	uint16_t	
[10]	1331	0x20000014	uint16_t	
[11]	1383	0x20000016	uint16_t	
[12]	1311	0x20000018	uint16_t	
[13]	1193	0x2000001A	uint16_t	
[14]	1089	0x2000001C	uint16_t	
[15]	1069	0x2000001E	uint16_t	
[16]	1151	0x20000020	uint16_t	
[17]	1271	0x20000022	uint16_t	
[18]	1359	0x20000024	uint16_t	
[19]	1347	0x20000026	uint16_t	
[20]	1274	0x20000028	uint16_t	
[21]	1181	0x2000002A	uint16_t	
[22]	1129	0x2000002C	uint16_t	
[23]	1144	0x2000002E	uint16_t	
[24]	1223	0x20000030	uint16_t	
[25]	1314	0x20000032	uint16_t	
[26]	1349	0x20000034	uint16_t	
[27]	1323	0x20000036	uint16_t	
[28]	1250	0x20000038	uint16_t	
[29]	1186	0x2000003A	uint16_t	
[30]	1172	0x2000003C	uint16_t	
[31]	1203	0x2000003E	uint16_t	
[32]	1261	0x20000040	uint16_t	
[33]	1328	0x20000042	uint16_t	
[34]	1326	0x20000044	uint16_t	
[35]	1280	0x20000046	uint16_t	
[36]	1230	0x20000048	uint16_t	
[37]	1196	0x2000004A	uint16_t	
[38]	1202	0x2000004C	uint16_t	
[39]	1232	0x2000004E	uint16_t	
[40]	1277	0x20000050	uint16_t	
[41]	1304	0x20000052	uint16_t	
[42]	1295	0x20000054	uint16_t	
[43]	1274	0x20000056	uint16_t	
[44]	1242	0x20000058	uint16_t	
[45]	1216	0x2000005A	uint16_t	
[46]	1204	0x2000005C	uint16_t	
[47]	1230	0x2000005E	uint16_t	
[48]	1263	0x20000060	uint16_t	
[49]	1303	0x20000062	uint16_t	
[50]	1310	0x20000064	uint16_t	
[51]	1293	0x20000066	uint16_t	
[52]	1261	0x20000068	uint16_t	
[53]	1224	0x2000006A	uint16_t	
[54]	1209	0x2000006C	uint16_t	
[55]	1219	0x2000006E	uint16_t	
[56]	1246	0x20000070	uint16_t	
[57]	1295	0x20000072	uint16_t	
[58]	1323	0x20000074	uint16_t	
[59]	1300	0x20000076	uint16_t	
[60]	1250	0x20000078	uint16_t	
[61]	1205	0x2000007A	uint16_t	
[62]	1188	0x2000007C	uint16_t	
[63]	1209	0x2000007E	uint16_t	
[64]	1273	0x20000080	uint16_t	
[65]	1309	0x20000082	uint16_t	
[66]	1329	0x20000084	uint16_t	
[67]	1290	0x20000086	uint16_t	
[68]	1233	0x20000088	uint16_t	
[69]	1193	0x2000008A	uint16_t	
[70]	1203	0x2000008C	uint16_t	
[71]	1230	0x2000008E	uint16_t	
[72]	1293	0x20000090	uint16_t	
[73]	1329	0x20000092	uint16_t	
[74]	1315	0x20000094	uint16_t	
[75]	1263	0x20000096	uint16_t	
[76]	1214	0x20000098	uint16_t	
[77]	1181	0x2000009A	uint16_t	
[78]	1200	0x2000009C	uint16_t	
[79]	1255	0x2000009E	uint16_t	
[80]	1309	0x200000A0	uint16_t	
[81]	1330	0x200000A2	uint16_t	
[82]	1307	0x200000A4	uint16_t	
[83]	1251	0x200000A6	uint16_t	
[84]	1195	0x200000A8	uint16_t	
[85]	1176	0x200000AA	uint16_t	
[86]	1205	0x200000AC	uint16_t	
[87]	1259	0x200000AE	uint16_t	
[88]	1310	0x200000B0	uint16_t	
[89]	1324	0x200000B2	uint16_t	
[90]	1289	0x200000B4	uint16_t	
[91]	1236	0x200000B6	uint16_t	
[92]	1189	0x200000B8	uint16_t	
[93]	1171	0x200000BA	uint16_t	
[94]	1208	0x200000BC	uint16_t	
[95]	1267	0x200000BE	uint16_t	
[96]	1319	0x200000C0	uint16_t	
[97]	1306	0x200000C2	uint16_t	
[98]	1284	0x200000C4	uint16_t	
[99]	1232	0x200000C6	uint16_t	
[100]	1198	0x200000C8	uint16_t	
[101]	1202	0x200000CA	uint16_t	
[102]	1229	0x200000CC	uint16_t	
[103]	1273	0x200000CE	uint16_t	
[104]	1299	0x200000D0	uint16_t	
[105]	1309	0x200000D2	uint16_t	
[106]	1280	0x200000D4	uint16_t	
[107]	1241	0x200000D6	uint16_t	
[108]	1218	0x200000D8	uint16_t	
[109]	1222	0x200000DA	uint16_t	
[110]	1233	0x200000DC	uint16_t	
[111]	1264	0x200000DE	uint16_t	
[112]	1290	0x200000E0	uint16_t	
[113]	1302	0x200000E2	uint16_t	
[114]	1280	0x200000E4	uint16_t	
[115]	1242	0x200000E6	uint16_t	
[116]	1220	0x200000E8	uint16_t	
[117]	1200	0x200000EA	uint16_t	
[118]	1221	0x200000EC	uint16_t	
[119]	1270	0x200000EE	uint16_t	
[120]	1315	0x200000F0	uint16_t	
[121]	1318	0x200000F2	uint16_t	
[122]	1289	0x200000F4	uint16_t	
[123]	1221	0x200000F6	uint16_t	
[124]	1173	0x200000F8	uint16_t	
[125]	1165	0x200000FA	uint16_t	
[126]	1207	0x200000FC	uint16_t	
[127]	1293	0x200000FE	uint16_t	
[128]	1346	0x20000100	uint16_t	
[129]	1348	0x20000102	uint16_t	
[130]	1285	0x20000104	uint16_t	
[131]	1211	0x20000106	uint16_t	
[132]	1147	0x20000108	uint16_t	
[133]	1163	0x2000010A	uint16_t	
[134]	1237	0x2000010C	uint16_t	
[135]	1323	0x2000010E	uint16_t	
[136]	1363	0x20000110	uint16_t	
[137]	1336	0x20000112	uint16_t	
[138]	1263	0x20000114	uint16_t	
[139]	1183	0x20000116	uint16_t	
[140]	1148	0x20000118	uint16_t	
[141]	1191	0x2000011A	uint16_t	
[142]	1275	0x2000011C	uint16_t	
[143]	1335	0x2000011E	uint16_t	
[144]	1345	0x20000120	uint16_t	
[145]	1292	0x20000122	uint16_t	
[146]	1217	0x20000124	uint16_t	
[147]	1161	0x20000126	uint16_t	
[148]	1165	0x20000128	uint16_t	
[149]	1218	0x2000012A	uint16_t	
[150]	1287	0x2000012C	uint16_t	
[151]	1332	0x2000012E	uint16_t	
[152]	1328	0x20000130	uint16_t	
[153]	1269	0x20000132	uint16_t	
[154]	1210	0x20000134	uint16_t	
[155]	1176	0x20000136	uint16_t	
[156]	1188	0x20000138	uint16_t	
[157]	1243	0x2000013A	uint16_t	
[158]	1302	0x2000013C	uint16_t	
[159]	1331	0x2000013E	uint16_t	
[160]	1312	0x20000140	uint16_t	
[161]	1258	0x20000142	uint16_t	
[162]	1207	0x20000144	uint16_t	
[163]	1170	0x20000146	uint16_t	
[164]	1194	0x20000148	uint16_t	
[165]	1242	0x2000014A	uint16_t	
[166]	1309	0x2000014C	uint16_t	
[167]	1327	0x2000014E	uint16_t	
[168]	1301	0x20000150	uint16_t	
[169]	1247	0x20000152	uint16_t	
[170]	1201	0x20000154	uint16_t	
[171]	1175	0x20000156	uint16_t	
[172]	1204	0x20000158	uint16_t	
[173]	1254	0x2000015A	uint16_t	
[174]	1298	0x2000015C	uint16_t	
[175]	1317	0x2000015E	uint16_t	
[176]	1286	0x20000160	uint16_t	
[177]	1244	0x20000162	uint16_t	
[178]	1213	0x20000164	uint16_t	
[179]	1202	0x20000166	uint16_t	
[180]	1223	0x20000168	uint16_t	
[181]	1271	0x2000016A	uint16_t	
[182]	1279	0x2000016C	uint16_t	
[183]	1292	0x2000016E	uint16_t	
[184]	1269	0x20000170	uint16_t	
[185]	1242	0x20000172	uint16_t	
[186]	1223	0x20000174	uint16_t	
[187]	1216	0x20000176	uint16_t	
[188]	1234	0x20000178	uint16_t	
[189]	1261	0x2000017A	uint16_t	
[190]	1277	0x2000017C	uint16_t	
[191]	1280	0x2000017E	uint16_t	
[192]	1262	0x20000180	uint16_t	
[193]	1243	0x20000182	uint16_t	
[194]	1238	0x20000184	uint16_t	
[195]	1238	0x20000186	uint16_t	
[196]	1245	0x20000188	uint16_t	
[197]	1243	0x2000018A	uint16_t	
[198]	1261	0x2000018C	uint16_t	
[199]	1265	0x2000018E	uint16_t	
[200]	1263	0x20000190	uint16_t	
[201]	1254	0x20000192	uint16_t	
[202]	1249	0x20000194	uint16_t	
[203]	1245	0x20000196	uint16_t	
[204]	1237	0x20000198	uint16_t	
[205]	1239	0x2000019A	uint16_t	
[206]	1241	0x2000019C	uint16_t	
[207]	1248	0x2000019E	uint16_t	
[208]	1257	0x200001A0	uint16_t	
[209]	1266	0x200001A2	uint16_t	
[210]	1268	0x200001A4	uint16_t	
[211]	1249	0x200001A6	uint16_t	
[212]	1238	0x200001A8	uint16_t	
[213]	1234	0x200001AA	uint16_t	
[214]	1238	0x200001AC	uint16_t	
[215]	1260	0x200001AE	uint16_t	
[216]	1271	0x200001B0	uint16_t	
[217]	1282	0x200001B2	uint16_t	
[218]	1266	0x200001B4	uint16_t	
[219]	1240	0x200001B6	uint16_t	
[220]	1222	0x200001B8	uint16_t	
[221]	1229	0x200001BA	uint16_t	
[222]	1240	0x200001BC	uint16_t	
[223]	1270	0x200001BE	uint16_t	
[224]	1285	0x200001C0	uint16_t	
[225]	1295	0x200001C2	uint16_t	
[226]	1268	0x200001C4	uint16_t	
[227]	1232	0x200001C6	uint16_t	
[228]	1209	0x200001C8	uint16_t	
[229]	1208	0x200001CA	uint16_t	
[230]	1236	0x200001CC	uint16_t	
[231]	1279	0x200001CE	uint16_t	
[232]	1292	0x200001D0	uint16_t	
[233]	1295	0x200001D2	uint16_t	
[234]	1253	0x200001D4	uint16_t	
[235]	1218	0x200001D6	uint16_t	
[236]	1210	0x200001D8	uint16_t	
[237]	1211	0x200001DA	uint16_t	
[238]	1250	0x200001DC	uint16_t	
[239]	1287	0x200001DE	uint16_t	
[240]	1291	0x200001E0	uint16_t	
[241]	1279	0x200001E2	uint16_t	
[242]	1254	0x200001E4	uint16_t	
[243]	1213	0x200001E6	uint16_t	
[244]	1214	0x200001E8	uint16_t	
[245]	1237	0x200001EA	uint16_t	
[246]	1271	0x200001EC	uint16_t	
[247]	1282	0x200001EE	uint16_t	
[248]	1278	0x200001F0	uint16_t	
[249]	1257	0x200001F2	uint16_t	
[250]	1231	0x200001F4	uint16_t	
[251]	1219	0x200001F6	uint16_t	
[252]	1226	0x200001F8	uint16_t	
[253]	1249	0x200001FA	uint16_t	
[254]	1264	0x200001FC	uint16_t	
[255]	1268	0x200001FE	uint16_t	
[256]	1261	0x20000200	uint16_t	
[257]	1247	0x20000202	uint16_t	
[258]	1236	0x20000204	uint16_t	
[259]	1239	0x20000206	uint16_t	
[260]	1256	0x20000208	uint16_t	
[261]	1260	0x2000020A	uint16_t	
[262]	1268	0x2000020C	uint16_t	
[263]	1257	0x2000020E	uint16_t	
[264]	1246	0x20000210	uint16_t	
[265]	1250	0x20000212	uint16_t	
[266]	1258	0x20000214	uint16_t	
[267]	1262	0x20000216	uint16_t	
[268]	1271	0x20000218	uint16_t	
[269]	1246	0x2000021A	uint16_t	
[270]	1241	0x2000021C	uint16_t	
[271]	1241	0x2000021E	uint16_t	
[272]	1242	0x20000220	uint16_t	
[273]	1263	0x20000222	uint16_t	
[274]	1262	0x20000224	uint16_t	
[275]	1262	0x20000226	uint16_t	
[276]	1250	0x20000228	uint16_t	
[277]	1240	0x2000022A	uint16_t	
[278]	1233	0x2000022C	uint16_t	
[279]	1228	0x2000022E	uint16_t	
[280]	1247	0x20000230	uint16_t	
[281]	1270	0x20000232	uint16_t	
[282]	1277	0x20000234	uint16_t	
[283]	1272	0x20000236	uint16_t	
[284]	1256	0x20000238	uint16_t	
[285]	1238	0x2000023A	uint16_t	
[286]	1219	0x2000023C	uint16_t	
[287]	1220	0x2000023E	uint16_t	
[288]	1247	0x20000240	uint16_t	
[289]	1280	0x20000242	uint16_t	
[290]	1298	0x20000244	uint16_t	
[291]	1290	0x20000246	uint16_t	
[292]	1249	0x20000248	uint16_t	
[293]	1213	0x2000024A	uint16_t	
[294]	1195	0x2000024C	uint16_t	
[295]	1220	0x2000024E	uint16_t	
[296]	1254	0x20000250	uint16_t	
[297]	1303	0x20000252	uint16_t	
[298]	1310	0x20000254	uint16_t	
[299]	1276	0x20000256	uint16_t	
[300]	1225	0x20000258	uint16_t	
[301]	1189	0x2000025A	uint16_t	
[302]	1185	0x2000025C	uint16_t	
[303]	1237	0x2000025E	uint16_t	
[304]	1275	0x20000260	uint16_t	
[305]	1313	0x20000262	uint16_t	
[306]	1301	0x20000264	uint16_t	
[307]	1267	0x20000266	uint16_t	
[308]	1206	0x20000268	uint16_t	
[309]	1186	0x2000026A	uint16_t	
[310]	1202	0x2000026C	uint16_t	
[311]	1248	0x2000026E	uint16_t	
[312]	1301	0x20000270	uint16_t	
[313]	1315	0x20000272	uint16_t	
[314]	1286	0x20000274	uint16_t	
[315]	1230	0x20000276	uint16_t	
[316]	1194	0x20000278	uint16_t	
[317]	1189	0x2000027A	uint16_t	
[318]	1228	0x2000027C	uint16_t	
[319]	1273	0x2000027E	uint16_t	
[320]	1309	0x20000280	uint16_t	
[321]	1301	0x20000282	uint16_t	
[322]	1252	0x20000284	uint16_t	
[323]	1210	0x20000286	uint16_t	
[324]	1200	0x20000288	uint16_t	
[325]	1217	0x2000028A	uint16_t	
[326]	1268	0x2000028C	uint16_t	
[327]	1304	0x2000028E	uint16_t	
[328]	1310	0x20000290	uint16_t	
[329]	1278	0x20000292	uint16_t	
[330]	1241	0x20000294	uint16_t	
[331]	1212	0x20000296	uint16_t	
[332]	1215	0x20000298	uint16_t	
[333]	1238	0x2000029A	uint16_t	
[334]	1266	0x2000029C	uint16_t	
[335]	1287	0x2000029E	uint16_t	
[336]	1278	0x200002A0	uint16_t	
[337]	1258	0x200002A2	uint16_t	
[338]	1229	0x200002A4	uint16_t	
[339]	1222	0x200002A6	uint16_t	
[340]	1229	0x200002A8	uint16_t	
[341]	1243	0x200002AA	uint16_t	
[342]	1277	0x200002AC	uint16_t	
[343]	1264	0x200002AE	uint16_t	
[344]	1262	0x200002B0	uint16_t	
[345]	1252	0x200002B2	uint16_t	
[346]	1233	0x200002B4	uint16_t	
[347]	1226	0x200002B6	uint16_t	
[348]	1247	0x200002B8	uint16_t	
[349]	1269	0x200002BA	uint16_t	
[350]	1283	0x200002BC	uint16_t	
[351]	1271	0x200002BE	uint16_t	
[352]	1248	0x200002C0	uint16_t	
[353]	1239	0x200002C2	uint16_t	
[354]	1213	0x200002C4	uint16_t	
[355]	1231	0x200002C6	uint16_t	
[356]	1256	0x200002C8	uint16_t	
[357]	1273	0x200002CA	uint16_t	
[358]	1277	0x200002CC	uint16_t	
[359]	1269	0x200002CE	uint16_t	
[360]	1253	0x200002D0	uint16_t	
[361]	1239	0x200002D2	uint16_t	
[362]	1238	0x200002D4	uint16_t	
[363]	1240	0x200002D6	uint16_t	
[364]	1262	0x200002D8	uint16_t	
[365]	1266	0x200002DA	uint16_t	
[366]	1267	0x200002DC	uint16_t	
[367]	1247	0x200002DE	uint16_t	
[368]	1234	0x200002E0	uint16_t	
[369]	1220	0x200002E2	uint16_t	
[370]	1236	0x200002E4	uint16_t	
[371]	1249	0x200002E6	uint16_t	
[372]	1262	0x200002E8	uint16_t	
[373]	1257	0x200002EA	uint16_t	
[374]	1249	0x200002EC	uint16_t	
[375]	1249	0x200002EE	uint16_t	
[376]	1237	0x200002F0	uint16_t	
[377]	1243	0x200002F2	uint16_t	
[378]	1245	0x200002F4	uint16_t	
[379]	1250	0x200002F6	uint16_t	
[380]	1262	0x200002F8	uint16_t	
[381]	1262	0x200002FA	uint16_t	
[382]	1268	0x200002FC	uint16_t	
[383]	1251	0x200002FE	uint16_t	
[384]	1245	0x20000300	uint16_t	
[385]	1245	0x20000302	uint16_t	
[386]	1251	0x20000304	uint16_t	
[387]	1250	0x20000306	uint16_t	
[388]	1257	0x20000308	uint16_t	
[389]	1237	0x2000030A	uint16_t	
[390]	1227	0x2000030C	uint16_t	
[391]	1219	0x2000030E	uint16_t	
[392]	1227	0x20000310	uint16_t	
[393]	1232	0x20000312	uint16_t	
[394]	1247	0x20000314	uint16_t	
[395]	1259	0x20000316	uint16_t	
[396]	1266	0x20000318	uint16_t	
[397]	1253	0x2000031A	uint16_t	
[398]	1238	0x2000031C	uint16_t	
[399]	1226	0x2000031E	uint16_t	
[400]	1248	0x20000320	uint16_t	
[401]	1243	0x20000322	uint16_t	
[402]	1255	0x20000324	uint16_t	
[403]	1260	0x20000326	uint16_t	
[404]	1258	0x20000328	uint16_t	
[405]	1235	0x2000032A	uint16_t	
[406]	1231	0x2000032C	uint16_t	
[407]	1237	0x2000032E	uint16_t	
[408]	1225	0x20000330	uint16_t	
[409]	1244	0x20000332	uint16_t	
[410]	1262	0x20000334	uint16_t	
[411]	1259	0x20000336	uint16_t	
[412]	1254	0x20000338	uint16_t	
[413]	1251	0x2000033A	uint16_t	
[414]	1254	0x2000033C	uint16_t	
[415]	1251	0x2000033E	uint16_t	
[416]	1248	0x20000340	uint16_t	
[417]	1243	0x20000342	uint16_t	
[418]	1241	0x20000344	uint16_t	
[419]	1245	0x20000346	uint16_t	
[420]	1250	0x20000348	uint16_t	
[421]	1260	0x2000034A	uint16_t	
[422]	1255	0x2000034C	uint16_t	
[423]	1250	0x2000034E	uint16_t	
[424]	1253	0x20000350	uint16_t	
[425]	1247	0x20000352	uint16_t	
[426]	1227	0x20000354	uint16_t	
[427]	1225	0x20000356	uint16_t	
[428]	1243	0x20000358	uint16_t	
[429]	1260	0x2000035A	uint16_t	
[430]	1277	0x2000035C	uint16_t	
[431]	1270	0x2000035E	uint16_t	
[432]	1260	0x20000360	uint16_t	
[433]	1238	0x20000362	uint16_t	
[434]	1220	0x20000364	uint16_t	
[435]	1237	0x20000366	uint16_t	
[436]	1255	0x20000368	uint16_t	
[437]	1275	0x2000036A	uint16_t	
[438]	1290	0x2000036C	uint16_t	
[439]	1285	0x2000036E	uint16_t	
[440]	1249	0x20000370	uint16_t	
[441]	1178	0x20000372	uint16_t	
[442]	1199	0x20000374	uint16_t	
[443]	1224	0x20000376	uint16_t	
[444]	1264	0x20000378	uint16_t	
[445]	1291	0x2000037A	uint16_t	
[446]	1292	0x2000037C	uint16_t	
[447]	1254	0x2000037E	uint16_t	
[448]	1217	0x20000380	uint16_t	
[449]	1206	0x20000382	uint16_t	
[450]	1208	0x20000384	uint16_t	
[451]	1241	0x20000386	uint16_t	
[452]	1292	0x20000388	uint16_t	
[453]	1308	0x2000038A	uint16_t	
[454]	1283	0x2000038C	uint16_t	
[455]	1243	0x2000038E	uint16_t	
[456]	1204	0x20000390	uint16_t	
[457]	1201	0x20000392	uint16_t	
[458]	1233	0x20000394	uint16_t	
[459]	1260	0x20000396	uint16_t	
[460]	1293	0x20000398	uint16_t	
[461]	1292	0x2000039A	uint16_t	
[462]	1263	0x2000039C	uint16_t	
[463]	1236	0x2000039E	uint16_t	
[464]	1216	0x200003A0	uint16_t	
[465]	1222	0x200003A2	uint16_t	
[466]	1253	0x200003A4	uint16_t	
[467]	1289	0x200003A6	uint16_t	
[468]	1286	0x200003A8	uint16_t	
[469]	1266	0x200003AA	uint16_t	
[470]	1254	0x200003AC	uint16_t	
[471]	1232	0x200003AE	uint16_t	
[472]	1213	0x200003B0	uint16_t	
[473]	1241	0x200003B2	uint16_t	
[474]	1251	0x200003B4	uint16_t	
[475]	1269	0x200003B6	uint16_t	
[476]	1265	0x200003B8	uint16_t	
[477]	1245	0x200003BA	uint16_t	
[478]	1239	0x200003BC	uint16_t	
[479]	1249	0x200003BE	uint16_t	
[480]	1242	0x200003C0	uint16_t	
[481]	1253	0x200003C2	uint16_t	
[482]	1244	0x200003C4	uint16_t	
[483]	1241	0x200003C6	uint16_t	
[484]	1252	0x200003C8	uint16_t	
[485]	1248	0x200003CA	uint16_t	
[486]	1261	0x200003CC	uint16_t	
[487]	1264	0x200003CE	uint16_t	
[488]	1281	0x200003D0	uint16_t	
[489]	1249	0x200003D2	uint16_t	
[490]	1239	0x200003D4	uint16_t	
[491]	1227	0x200003D6	uint16_t	
[492]	1232	0x200003D8	uint16_t	
[493]	1253	0x200003DA	uint16_t	
[494]	1268	0x200003DC	uint16_t	
[495]	1265	0x200003DE	uint16_t	
[496]	1258	0x200003E0	uint16_t	
[497]	1256	0x200003E2	uint16_t	
[498]	1229	0x200003E4	uint16_t	
[499]	1227	0x200003E6	uint16_t	
[500]	1242	0x200003E8	uint16_t	
[501]	1271	0x200003EA	uint16_t	
[502]	1276	0x200003EC	uint16_t	
[503]	1288	0x200003EE	uint16_t	
[504]	1248	0x200003F0	uint16_t	
[505]	1232	0x200003F2	uint16_t	
[506]	1232	0x200003F4	uint16_t	
[507]	1253	0x200003F6	uint16_t	
[508]	1266	0x200003F8	uint16_t	
[509]	1269	0x200003FA	uint16_t	
[510]	1259	0x200003FC	uint16_t	
[511]	1249	0x200003FE	uint16_t	
[512]	1235	0x20000400	uint16_t	
[513]	1238	0x20000402	uint16_t	
[514]	1253	0x20000404	uint16_t	
[515]	1266	0x20000406	uint16_t	
[516]	1265	0x20000408	uint16_t	
[517]	1258	0x2000040A	uint16_t	
[518]	1256	0x2000040C	uint16_t	
[519]	1231	0x2000040E	uint16_t	
[520]	1243	0x20000410	uint16_t	
[521]	1258	0x20000412	uint16_t	
[522]	1274	0x20000414	uint16_t	
[523]	1265	0x20000416	uint16_t	
[524]	1240	0x20000418	uint16_t	
[525]	1219	0x2000041A	uint16_t	
[526]	1227	0x2000041C	uint16_t	
[527]	1247	0x2000041E	uint16_t	
[528]	1277	0x20000420	uint16_t	
[529]	1301	0x20000422	uint16_t	
[530]	1279	0x20000424	uint16_t	
[531]	1243	0x20000426	uint16_t	
[532]	1206	0x20000428	uint16_t	
[533]	1211	0x2000042A	uint16_t	
[534]	1224	0x2000042C	uint16_t	
[535]	1275	0x2000042E	uint16_t	
[536]	1309	0x20000430	uint16_t	
[537]	1295	0x20000432	uint16_t	
[538]	1263	0x20000434	uint16_t	
[539]	1212	0x20000436	uint16_t	
[540]	1189	0x20000438	uint16_t	
[541]	1218	0x2000043A	uint16_t	
[542]	1246	0x2000043C	uint16_t	
[543]	1312	0x2000043E	uint16_t	
[544]	1311	0x20000440	uint16_t	
[545]	1276	0x20000442	uint16_t	
[546]	1239	0x20000444	uint16_t	
[547]	1209	0x20000446	uint16_t	
[548]	1197	0x20000448	uint16_t	
[549]	1229	0x2000044A	uint16_t	
[550]	1266	0x2000044C	uint16_t	
[551]	1294	0x2000044E	uint16_t	
[552]	1299	0x20000450	uint16_t	
[553]	1259	0x20000452	uint16_t	
[554]	1227	0x20000454	uint16_t	
[555]	1200	0x20000456	uint16_t	
[556]	1238	0x20000458	uint16_t	
[557]	1256	0x2000045A	uint16_t	
[558]	1269	0x2000045C	uint16_t	
[559]	1280	0x2000045E	uint16_t	
[560]	1272	0x20000460	uint16_t	
[561]	1245	0x20000462	uint16_t	
[562]	1220	0x20000464	uint16_t	
[563]	1228	0x20000466	uint16_t	
[564]	1253	0x20000468	uint16_t	
[565]	1285	0x2000046A	uint16_t	
[566]	1278	0x2000046C	uint16_t	
[567]	1266	0x2000046E	uint16_t	
[568]	1249	0x20000470	uint16_t	
[569]	1221	0x20000472	uint16_t	
[570]	1221	0x20000474	uint16_t	
[571]	1236	0x20000476	uint16_t	
[572]	1256	0x20000478	uint16_t	
[573]	1272	0x2000047A	uint16_t	
[574]	1282	0x2000047C	uint16_t	
[575]	1270	0x2000047E	uint16_t	
[576]	1243	0x20000480	uint16_t	
[577]	1230	0x20000482	uint16_t	
[578]	1232	0x20000484	uint16_t	
[579]	1250	0x20000486	uint16_t	
[580]	1247	0x20000488	uint16_t	
[581]	1269	0x2000048A	uint16_t	
[582]	1256	0x2000048C	uint16_t	
[583]	1254	0x2000048E	uint16_t	
[584]	1242	0x20000490	uint16_t	
[585]	1228	0x20000492	uint16_t	
[586]	1233	0x20000494	uint16_t	
[587]	1245	0x20000496	uint16_t	
[588]	1271	0x20000498	uint16_t	
[589]	1276	0x2000049A	uint16_t	
[590]	1283	0x2000049C	uint16_t	
[591]	1263	0x2000049E	uint16_t	
[592]	1247	0x200004A0	uint16_t	
[593]	1237	0x200004A2	uint16_t	
[594]	1240	0x200004A4	uint16_t	
[595]	1239	0x200004A6	uint16_t	
[596]	1268	0x200004A8	uint16_t	
[597]	1276	0x200004AA	uint16_t	
[598]	1269	0x200004AC	uint16_t	
[599]	1258	0x200004AE	uint16_t	
[600]	1239	0x200004B0	uint16_t	
[601]	1231	0x200004B2	uint16_t	
[602]	1237	0x200004B4	uint16_t	
[603]	1260	0x200004B6	uint16_t	
[604]	1261	0x200004B8	uint16_t	
[605]	1264	0x200004BA	uint16_t	
[606]	1262	0x200004BC	uint16_t	
[607]	1253	0x200004BE	uint16_t	
[608]	1241	0x200004C0	uint16_t	
[609]	1246	0x200004C2	uint16_t	
[610]	1236	0x200004C4	uint16_t	
[611]	1241	0x200004C6	uint16_t	
[612]	1257	0x200004C8	uint16_t	
[613]	1269	0x200004CA	uint16_t	
[614]	1280	0x200004CC	uint16_t	
[615]	1257	0x200004CE	uint16_t	
[616]	1231	0x200004D0	uint16_t	
[617]	1200	0x200004D2	uint16_t	
[618]	1208	0x200004D4	uint16_t	
[619]	1269	0x200004D6	uint16_t	
[620]	1356	0x200004D8	uint16_t	
[621]	1360	0x200004DA	uint16_t	
[622]	1272	0x200004DC	uint16_t	
[623]	1155	0x200004DE	uint16_t	
[624]	1081	0x200004E0	uint16_t	
[625]	1120	0x200004E2	uint16_t	
[626]	1258	0x200004E4	uint16_t	
[627]	1407	0x200004E6	uint16_t	
[628]	1521	0x200004E8	uint16_t	
[629]	1174	0x200004EA	uint16_t	
[630]	1191	0x200004EC	uint16_t	
[631]	1022	0x200004EE	uint16_t	
[632]	1009	0x200004F0	uint16_t	
[633]	1169	0x200004F2	uint16_t	
[634]	1405	0x200004F4	uint16_t	
[635]	1561	0x200004F6	uint16_t	
[636]	1484	0x200004F8	uint16_t	
[637]	1148	0x200004FA	uint16_t	
[638]	1032	0x200004FC	uint16_t	
[639]	923	0x200004FE	uint16_t	
[640]	1040	0x20000500	uint16_t	
[641]	1324	0x20000502	uint16_t	
[642]	1635	0x20000504	uint16_t	
[643]	1569	0x20000506	uint16_t	
[644]	1393	0x20000508	uint16_t	
[645]	1130	0x2000050A	uint16_t	
[646]	909	0x2000050C	uint16_t	
[647]	922	0x2000050E	uint16_t	
[648]	1167	0x20000510	uint16_t	
[649]	1546	0x20000512	uint16_t	
[650]	1604	0x20000514	uint16_t	
[651]	1546	0x20000516	uint16_t	
[652]	1069	0x20000518	uint16_t	
[653]	998	0x2000051A	uint16_t	
[654]	880	0x2000051C	uint16_t	
[655]	1019	0x2000051E	uint16_t	
[656]	1322	0x20000520	uint16_t	
[657]	1626	0x20000522	uint16_t	
[658]	1590	0x20000524	uint16_t	
[659]	1442	0x20000526	uint16_t	
[660]	1130	0x20000528	uint16_t	
[661]	918	0x2000052A	uint16_t	
[662]	930	0x2000052C	uint16_t	
[663]	1157	0x2000052E	uint16_t	
[664]	1497	0x20000530	uint16_t	
[665]	1583	0x20000532	uint16_t	
[666]	1527	0x20000534	uint16_t	
[667]	1093	0x20000536	uint16_t	
[668]	1048	0x20000538	uint16_t	
[669]	927	0x2000053A	uint16_t	
[670]	1045	0x2000053C	uint16_t	
[671]	1311	0x2000053E	uint16_t	
[672]	1657	0x20000540	uint16_t	
[673]	1502	0x20000542	uint16_t	
[674]	1156	0x20000544	uint16_t	
[675]	1165	0x20000546	uint16_t	
[676]	1039	0x20000548	uint16_t	
[677]	1081	0x2000054A	uint16_t	
[678]	1241	0x2000054C	uint16_t	
[679]	1373	0x2000054E	uint16_t	
[680]	1393	0x20000550	uint16_t	
[681]	1291	0x20000552	uint16_t	
[682]	1203	0x20000554	uint16_t	
[683]	1181	0x20000556	uint16_t	
[684]	1226	0x20000558	uint16_t	
[685]	1292	0x2000055A	uint16_t	
[686]	1305	0x2000055C	uint16_t	
[687]	1251	0x2000055E	uint16_t	
[688]	1181	0x20000560	uint16_t	
[689]	1174	0x20000562	uint16_t	
[690]	1238	0x20000564	uint16_t	
[691]	1365	0x20000566	uint16_t	
[692]	1433	0x20000568	uint16_t	
[693]	1342	0x2000056A	uint16_t	
[694]	1172	0x2000056C	uint16_t	
[695]	1010	0x2000056E	uint16_t	
[696]	1015	0x20000570	uint16_t	
[697]	1201	0x20000572	uint16_t	
[698]	1468	0x20000574	uint16_t	
[699]	1565	0x20000576	uint16_t	
[700]	1492	0x20000578	uint16_t	
[701]	1105	0x2000057A	uint16_t	
[702]	980	0x2000057C	uint16_t	
[703]	883	0x2000057E	uint16_t	
[704]	1050	0x20000580	uint16_t	
[705]	1401	0x20000582	uint16_t	
[706]	1628	0x20000584	uint16_t	
[707]	1622	0x20000586	uint16_t	
[708]	1377	0x20000588	uint16_t	
[709]	1043	0x2000058A	uint16_t	
[710]	829	0x2000058C	uint16_t	
[711]	890	0x2000058E	uint16_t	
[712]	1201	0x20000590	uint16_t	
[713]	1723	0x20000592	uint16_t	
[714]	1670	0x20000594	uint16_t	
[715]	1581	0x20000596	uint16_t	
[716]	1041	0x20000598	uint16_t	
[717]	916	0x2000059A	uint16_t	
[718]	795	0x2000059C	uint16_t	
[719]	987	0x2000059E	uint16_t	
[720]	1374	0x200005A0	uint16_t	
[721]	1642	0x200005A2	uint16_t	
[722]	1668	0x200005A4	uint16_t	
[723]	1483	0x200005A6	uint16_t	
[724]	1049	0x200005A8	uint16_t	
[725]	834	0x200005AA	uint16_t	
[726]	843	0x200005AC	uint16_t	
[727]	1126	0x200005AE	uint16_t	
[728]	1541	0x200005B0	uint16_t	
[729]	1640	0x200005B2	uint16_t	
[730]	1608	0x200005B4	uint16_t	
[731]	1249	0x200005B6	uint16_t	
[732]	1019	0x200005B8	uint16_t	
[733]	784	0x200005BA	uint16_t	
[734]	926	0x200005BC	uint16_t	
[735]	1246	0x200005BE	uint16_t	
[736]	1698	0x200005C0	uint16_t	
[737]	1651	0x200005C2	uint16_t	
[738]	1541	0x200005C4	uint16_t	
[739]	1033	0x200005C6	uint16_t	
[740]	929	0x200005C8	uint16_t	
[741]	838	0x200005CA	uint16_t	
[742]	1014	0x200005CC	uint16_t	
[743]	1378	0x200005CE	uint16_t	
[744]	1616	0x200005D0	uint16_t	
[745]	1616	0x200005D2	uint16_t	
[746]	1459	0x200005D4	uint16_t	
[747]	1107	0x200005D6	uint16_t	
[748]	883	0x200005D8	uint16_t	
[749]	897	0x200005DA	uint16_t	
[750]	1137	0x200005DC	uint16_t	
[751]	1475	0x200005DE	uint16_t	
[752]	1607	0x200005E0	uint16_t	
[753]	1559	0x200005E2	uint16_t	
[754]	1126	0x200005E4	uint16_t	
[755]	1056	0x200005E6	uint16_t	
[756]	901	0x200005E8	uint16_t	
[757]	993	0x200005EA	uint16_t	
[758]	1264	0x200005EC	uint16_t	
[759]	1683	0x200005EE	uint16_t	
[760]	1579	0x200005F0	uint16_t	
[761]	1483	0x200005F2	uint16_t	
[762]	1131	0x200005F4	uint16_t	
[763]	991	0x200005F6	uint16_t	
[764]	931	0x200005F8	uint16_t	
[765]	1078	0x200005FA	uint16_t	
[766]	1345	0x200005FC	uint16_t	
[767]	1611	0x200005FE	uint16_t	
[768]	1532	0x20000600	uint16_t	
[769]	1275	0x20000602	uint16_t	
[770]	1184	0x20000604	uint16_t	
[771]	996	0x20000606	uint16_t	
[772]	984	0x20000608	uint16_t	
[773]	1158	0x2000060A	uint16_t	
[774]	1396	0x2000060C	uint16_t	
[775]	1556	0x2000060E	uint16_t	
[776]	1493	0x20000610	uint16_t	
[777]	1161	0x20000612	uint16_t	
[778]	1114	0x20000614	uint16_t	
[779]	986	0x20000616	uint16_t	
[780]	1013	0x20000618	uint16_t	
[781]	1189	0x2000061A	uint16_t	
[782]	1423	0x2000061C	uint16_t	
[783]	1541	0x2000061E	uint16_t	
[784]	1458	0x20000620	uint16_t	
[785]	1253	0x20000622	uint16_t	
[786]	1076	0x20000624	uint16_t	
[787]	995	0x20000626	uint16_t	
[788]	1056	0x20000628	uint16_t	
[789]	1239	0x2000062A	uint16_t	
[790]	1464	0x2000062C	uint16_t	
[791]	1520	0x2000062E	uint16_t	
[792]	1399	0x20000630	uint16_t	
[793]	1260	0x20000632	uint16_t	
[794]	1058	0x20000634	uint16_t	
[795]	1022	0x20000636	uint16_t	
[796]	1090	0x20000638	uint16_t	
[797]	1290	0x2000063A	uint16_t	
[798]	1539	0x2000063C	uint16_t	
[799]	1501	0x2000063E	uint16_t	
[800]	1250	0x20000640	uint16_t	
[801]	1229	0x20000642	uint16_t	
[802]	1033	0x20000644	uint16_t	
[803]	1014	0x20000646	uint16_t	
[804]	1102	0x20000648	uint16_t	
[805]	1336	0x2000064A	uint16_t	
[806]	1637	0x2000064C	uint16_t	
[807]	1463	0x2000064E	uint16_t	
[808]	1273	0x20000650	uint16_t	
[809]	1144	0x20000652	uint16_t	
[810]	1018	0x20000654	uint16_t	
[811]	1028	0x20000656	uint16_t	
[812]	1182	0x20000658	uint16_t	
[813]	1386	0x2000065A	uint16_t	
[814]	1566	0x2000065C	uint16_t	
[815]	1401	0x2000065E	uint16_t	
[816]	1312	0x20000660	uint16_t	
[817]	1093	0x20000662	uint16_t	
[818]	1017	0x20000664	uint16_t	
[819]	1089	0x20000666	uint16_t	
[820]	1254	0x20000668	uint16_t	
[821]	1449	0x2000066A	uint16_t	
[822]	1497	0x2000066C	uint16_t	
[823]	1186	0x2000066E	uint16_t	
[824]	1218	0x20000670	uint16_t	
[825]	1056	0x20000672	uint16_t	
[826]	1043	0x20000674	uint16_t	
[827]	1141	0x20000676	uint16_t	
[828]	1319	0x20000678	uint16_t	
[829]	1508	0x2000067A	uint16_t	
[830]	1443	0x2000067C	uint16_t	
[831]	1315	0x2000067E	uint16_t	
[832]	1170	0x20000680	uint16_t	
[833]	1076	0x20000682	uint16_t	
[834]	1083	0x20000684	uint16_t	
[835]	1210	0x20000686	uint16_t	
[836]	1348	0x20000688	uint16_t	
[837]	1470	0x2000068A	uint16_t	
[838]	1394	0x2000068C	uint16_t	
[839]	1309	0x2000068E	uint16_t	
[840]	1141	0x20000690	uint16_t	
[841]	1090	0x20000692	uint16_t	
[842]	1141	0x20000694	uint16_t	
[843]	1242	0x20000696	uint16_t	
[844]	1365	0x20000698	uint16_t	
[845]	1405	0x2000069A	uint16_t	
[846]	1343	0x2000069C	uint16_t	
[847]	1225	0x2000069E	uint16_t	
[848]	1142	0x200006A0	uint16_t	
[849]	1113	0x200006A2	uint16_t	
[850]	1163	0x200006A4	uint16_t	
[851]	1279	0x200006A6	uint16_t	
[852]	1351	0x200006A8	uint16_t	
[853]	1376	0x200006AA	uint16_t	
[854]	1317	0x200006AC	uint16_t	
[855]	1219	0x200006AE	uint16_t	
[856]	1144	0x200006B0	uint16_t	
[857]	1122	0x200006B2	uint16_t	
[858]	1184	0x200006B4	uint16_t	
[859]	1291	0x200006B6	uint16_t	
[860]	1366	0x200006B8	uint16_t	
[861]	1367	0x200006BA	uint16_t	
[862]	1292	0x200006BC	uint16_t	
[863]	1192	0x200006BE	uint16_t	
[864]	1129	0x200006C0	uint16_t	
[865]	1132	0x200006C2	uint16_t	
[866]	1214	0x200006C4	uint16_t	
[867]	1317	0x200006C6	uint16_t	
[868]	1373	0x200006C8	uint16_t	
[869]	1355	0x200006CA	uint16_t	
[870]	1266	0x200006CC	uint16_t	
[871]	1169	0x200006CE	uint16_t	
[872]	1124	0x200006D0	uint16_t	
[873]	1153	0x200006D2	uint16_t	
[874]	1244	0x200006D4	uint16_t	
[875]	1333	0x200006D6	uint16_t	
[876]	1371	0x200006D8	uint16_t	
[877]	1317	0x200006DA	uint16_t	
[878]	1238	0x200006DC	uint16_t	
[879]	1167	0x200006DE	uint16_t	
[880]	1153	0x200006E0	uint16_t	
[881]	1196	0x200006E2	uint16_t	
[882]	1278	0x200006E4	uint16_t	
[883]	1320	0x200006E6	uint16_t	
[884]	1346	0x200006E8	uint16_t	
[885]	1303	0x200006EA	uint16_t	
[886]	1207	0x200006EC	uint16_t	
[887]	1157	0x200006EE	uint16_t	
[888]	1168	0x200006F0	uint16_t	
[889]	1206	0x200006F2	uint16_t	
[890]	1297	0x200006F4	uint16_t	
[891]	1331	0x200006F6	uint16_t	
[892]	1312	0x200006F8	uint16_t	
[893]	1263	0x200006FA	uint16_t	
[894]	1208	0x200006FC	uint16_t	
[895]	1169	0x200006FE	uint16_t	
[896]	1182	0x20000700	uint16_t	
[897]	1233	0x20000702	uint16_t	
[898]	1305	0x20000704	uint16_t	
[899]	1322	0x20000706	uint16_t	
[900]	1297	0x20000708	uint16_t	
[901]	1247	0x2000070A	uint16_t	
[902]	1202	0x2000070C	uint16_t	
[903]	1175	0x2000070E	uint16_t	
[904]	1197	0x20000710	uint16_t	
[905]	1254	0x20000712	uint16_t	
[906]	1294	0x20000714	uint16_t	
[907]	1327	0x20000716	uint16_t	
[908]	1300	0x20000718	uint16_t	
[909]	1248	0x2000071A	uint16_t	
[910]	1181	0x2000071C	uint16_t	
[911]	1193	0x2000071E	uint16_t	
[912]	1192	0x20000720	uint16_t	
[913]	1253	0x20000722	uint16_t	
[914]	1310	0x20000724	uint16_t	
[915]	1327	0x20000726	uint16_t	
[916]	1292	0x20000728	uint16_t	
[917]	1239	0x2000072A	uint16_t	
[918]	1192	0x2000072C	uint16_t	
[919]	1176	0x2000072E	uint16_t	
[920]	1226	0x20000730	uint16_t	
[921]	1271	0x20000732	uint16_t	
[922]	1313	0x20000734	uint16_t	
[923]	1304	0x20000736	uint16_t	
[924]	1273	0x20000738	uint16_t	
[925]	1215	0x2000073A	uint16_t	
[926]	1181	0x2000073C	uint16_t	
[927]	1202	0x2000073E	uint16_t	
[928]	1228	0x20000740	uint16_t	
[929]	1284	0x20000742	uint16_t	
[930]	1309	0x20000744	uint16_t	
[931]	1301	0x20000746	uint16_t	
[932]	1259	0x20000748	uint16_t	
[933]	1210	0x2000074A	uint16_t	
[934]	1185	0x2000074C	uint16_t	
[935]	1209	0x2000074E	uint16_t	
[936]	1248	0x20000750	uint16_t	
[937]	1299	0x20000752	uint16_t	
[938]	1312	0x20000754	uint16_t	
[939]	1289	0x20000756	uint16_t	
[940]	1242	0x20000758	uint16_t	
[941]	1200	0x2000075A	uint16_t	
[942]	1191	0x2000075C	uint16_t	
[943]	1214	0x2000075E	uint16_t	
[944]	1256	0x20000760	uint16_t	
[945]	1303	0x20000762	uint16_t	
[946]	1310	0x20000764	uint16_t	
[947]	1267	0x20000766	uint16_t	
[948]	1228	0x20000768	uint16_t	
[949]	1183	0x2000076A	uint16_t	
[950]	1175	0x2000076C	uint16_t	
[951]	1210	0x2000076E	uint16_t	
[952]	1283	0x20000770	uint16_t	
[953]	1318	0x20000772	uint16_t	
[954]	1313	0x20000774	uint16_t	
[955]	1276	0x20000776	uint16_t	
[956]	1229	0x20000778	uint16_t	
[957]	1184	0x2000077A	uint16_t	
[958]	1188	0x2000077C	uint16_t	
[959]	1240	0x2000077E	uint16_t	
[960]	1283	0x20000780	uint16_t	
[961]	1324	0x20000782	uint16_t	
[962]	1324	0x20000784	uint16_t	
[963]	1279	0x20000786	uint16_t	
[964]	1224	0x20000788	uint16_t	
[965]	1181	0x2000078A	uint16_t	
[966]	1189	0x2000078C	uint16_t	
[967]	1224	0x2000078E	uint16_t	
[968]	1267	0x20000790	uint16_t	
[969]	1311	0x20000792	uint16_t	
[970]	1318	0x20000794	uint16_t	
[971]	1279	0x20000796	uint16_t	
[972]	1254	0x20000798	uint16_t	
[973]	1198	0x2000079A	uint16_t	
[974]	1182	0x2000079C	uint16_t	
[975]	1210	0x2000079E	uint16_t	
[976]	1264	0x200007A0	uint16_t	
[977]	1301	0x200007A2	uint16_t	
[978]	1306	0x200007A4	uint16_t	
[979]	1271	0x200007A6	uint16_t	
[980]	1240	0x200007A8	uint16_t	
[981]	1204	0x200007AA	uint16_t	
[982]	1191	0x200007AC	uint16_t	
[983]	1226	0x200007AE	uint16_t	
[984]	1273	0x200007B0	uint16_t	
[985]	1314	0x200007B2	uint16_t	
[986]	1310	0x200007B4	uint16_t	
[987]	1262	0x200007B6	uint16_t	
[988]	1217	0x200007B8	uint16_t	
[989]	1186	0x200007BA	uint16_t	
[990]	1200	0x200007BC	uint16_t	
[991]	1242	0x200007BE	uint16_t	
[992]	1288	0x200007C0	uint16_t	
[993]	1297	0x200007C2	uint16_t	
[994]	1297	0x200007C4	uint16_t	
[995]	1252	0x200007C6	uint16_t	
[996]	1200	0x200007C8	uint16_t	
[997]	1164	0x200007CA	uint16_t	
[998]	1216	0x200007CC	uint16_t	
[999]	1264	0x200007CE	uint16_t	
[1000]	1300	0x200007D0	uint16_t	
[1001]	1312	0x200007D2	uint16_t	
[1002]	1283	0x200007D4	uint16_t	
[1003]	1244	0x200007D6	uint16_t	
[1004]	1205	0x200007D8	uint16_t	
[1005]	1196	0x200007DA	uint16_t	
[1006]	1224	0x200007DC	uint16_t	
[1007]	1266	0x200007DE	uint16_t	
[1008]	1300	0x200007E0	uint16_t	
[1009]	1307	0x200007E2	uint16_t	
[1010]	1264	0x200007E4	uint16_t	
[1011]	1229	0x200007E6	uint16_t	
[1012]	1217	0x200007E8	uint16_t	
[1013]	1208	0x200007EA	uint16_t	
[1014]	1223	0x200007EC	uint16_t	
[1015]	1257	0x200007EE	uint16_t	
[1016]	1275	0x200007F0	uint16_t	
[1017]	1285	0x200007F2	uint16_t	
[1018]	1264	0x200007F4	uint16_t	
[1019]	1240	0x200007F6	uint16_t	
[1020]	1223	0x200007F8	uint16_t	
[1021]	1216	0x200007FA	uint16_t	
[1022]	1242	0x200007FC	uint16_t	
[1023]	1264	0x200007FE	uint16_t	
[1024]	1271	0x20000800	uint16_t	
[1025]	1245	0x20000802	uint16_t	
[1026]	1267	0x20000804	uint16_t	
[1027]	1245	0x20000806	uint16_t	
[1028]	1225	0x20000808	uint16_t	
[1029]	1216	0x2000080A	uint16_t	
[1030]	1236	0x2000080C	uint16_t	
[1031]	1252	0x2000080E	uint16_t	
[1032]	1267	0x20000810	uint16_t	
[1033]	1297	0x20000812	uint16_t	
[1034]	1256	0x20000814	uint16_t	
[1035]	1232	0x20000816	uint16_t	
[1036]	1213	0x20000818	uint16_t	
[1037]	1221	0x2000081A	uint16_t	
[1038]	1244	0x2000081C	uint16_t	
[1039]	1266	0x2000081E	uint16_t	
[1040]	1285	0x20000820	uint16_t	
[1041]	1271	0x20000822	uint16_t	
[1042]	1250	0x20000824	uint16_t	
[1043]	1213	0x20000826	uint16_t	
[1044]	1220	0x20000828	uint16_t	
[1045]	1249	0x2000082A	uint16_t	
[1046]	1282	0x2000082C	uint16_t	
[1047]	1282	0x2000082E	uint16_t	
[1048]	1278	0x20000830	uint16_t	
[1049]	1235	0x20000832	uint16_t	
[1050]	1200	0x20000834	uint16_t	
[1051]	1213	0x20000836	uint16_t	
[1052]	1255	0x20000838	uint16_t	
[1053]	1292	0x2000083A	uint16_t	
[1054]	1312	0x2000083C	uint16_t	
[1055]	1282	0x2000083E	uint16_t	
[1056]	1233	0x20000840	uint16_t	
[1057]	1192	0x20000842	uint16_t	
[1058]	1172	0x20000844	uint16_t	
[1059]	1217	0x20000846	uint16_t	
[1060]	1301	0x20000848	uint16_t	
[1061]	1334	0x2000084A	uint16_t	
[1062]	1330	0x2000084C	uint16_t	
[1063]	1260	0x2000084E	uint16_t	
[1064]	1187	0x20000850	uint16_t	
[1065]	1145	0x20000852	uint16_t	
[1066]	1173	0x20000854	uint16_t	
[1067]	1265	0x20000856	uint16_t	
[1068]	1340	0x20000858	uint16_t	
[1069]	1342	0x2000085A	uint16_t	
[1070]	1295	0x2000085C	uint16_t	
[1071]	1218	0x2000085E	uint16_t	
[1072]	1160	0x20000860	uint16_t	
[1073]	1152	0x20000862	uint16_t	
[1074]	1229	0x20000864	uint16_t	
[1075]	1320	0x20000866	uint16_t	
[1076]	1355	0x20000868	uint16_t	
[1077]	1321	0x2000086A	uint16_t	
[1078]	1254	0x2000086C	uint16_t	
[1079]	1177	0x2000086E	uint16_t	
[1080]	1152	0x20000870	uint16_t	
[1081]	1203	0x20000872	uint16_t	
[1082]	1277	0x20000874	uint16_t	
[1083]	1348	0x20000876	uint16_t	
[1084]	1341	0x20000878	uint16_t	
[1085]	1270	0x2000087A	uint16_t	
[1086]	1183	0x2000087C	uint16_t	
[1087]	1164	0x2000087E	uint16_t	
[1088]	1166	0x20000880	uint16_t	
[1089]	1245	0x20000882	uint16_t	
[1090]	1313	0x20000884	uint16_t	
[1091]	1346	0x20000886	uint16_t	
[1092]	1306	0x20000888	uint16_t	
[1093]	1222	0x2000088A	uint16_t	
[1094]	1173	0x2000088C	uint16_t	
[1095]	1169	0x2000088E	uint16_t	
[1096]	1222	0x20000890	uint16_t	
[1097]	1292	0x20000892	uint16_t	
[1098]	1312	0x20000894	uint16_t	
[1099]	1306	0x20000896	uint16_t	
[1100]	1244	0x20000898	uint16_t	
[1101]	1210	0x2000089A	uint16_t	
[1102]	1215	0x2000089C	uint16_t	
[1103]	1229	0x2000089E	uint16_t	
[1104]	1255	0x200008A0	uint16_t	
[1105]	1280	0x200008A2	uint16_t	
[1106]	1269	0x200008A4	uint16_t	
[1107]	1243	0x200008A6	uint16_t	
[1108]	1239	0x200008A8	uint16_t	
[1109]	1245	0x200008AA	uint16_t	
[1110]	1258	0x200008AC	uint16_t	
[1111]	1254	0x200008AE	uint16_t	
[1112]	1249	0x200008B0	uint16_t	
[1113]	1228	0x200008B2	uint16_t	
[1114]	1215	0x200008B4	uint16_t	
[1115]	1229	0x200008B6	uint16_t	
[1116]	1259	0x200008B8	uint16_t	
[1117]	1288	0x200008BA	uint16_t	
[1118]	1301	0x200008BC	uint16_t	
[1119]	1247	0x200008BE	uint16_t	
[1120]	1218	0x200008C0	uint16_t	
[1121]	1172	0x200008C2	uint16_t	
[1122]	1200	0x200008C4	uint16_t	
[1123]	1273	0x200008C6	uint16_t	
[1124]	1337	0x200008C8	uint16_t	
[1125]	1317	0x200008CA	uint16_t	
[1126]	1266	0x200008CC	uint16_t	
[1127]	1204	0x200008CE	uint16_t	
[1128]	1152	0x200008D0	uint16_t	
[1129]	1179	0x200008D2	uint16_t	
[1130]	1231	0x200008D4	uint16_t	
[1131]	1353	0x200008D6	uint16_t	
[1132]	1366	0x200008D8	uint16_t	
[1133]	1296	0x200008DA	uint16_t	
[1134]	1202	0x200008DC	uint16_t	
[1135]	1104	0x200008DE	uint16_t	
[1136]	1118	0x200008E0	uint16_t	
[1137]	1236	0x200008E2	uint16_t	
[1138]	1380	0x200008E4	uint16_t	
[1139]	1432	0x200008E6	uint16_t	
[1140]	1324	0x200008E8	uint16_t	
[1141]	1164	0x200008EA	uint16_t	
[1142]	1069	0x200008EC	uint16_t	
[1143]	1094	0x200008EE	uint16_t	
[1144]	1262	0x200008F0	uint16_t	
[1145]	1464	0x200008F2	uint16_t	
[1146]	1496	0x200008F4	uint16_t	
[1147]	1173	0x200008F6	uint16_t	
[1148]	1174	0x200008F8	uint16_t	
[1149]	994	0x200008FA	uint16_t	
[1150]	992	0x200008FC	uint16_t	
[1151]	1182	0x200008FE	uint16_t	
[1152]	1486	0x20000900	uint16_t	
[1153]	1556	0x20000902	uint16_t	
[1154]	1478	0x20000904	uint16_t	
[1155]	1147	0x20000906	uint16_t	
[1156]	990	0x20000908	uint16_t	
[1157]	905	0x2000090A	uint16_t	
[1158]	1038	0x2000090C	uint16_t	
[1159]	1372	0x2000090E	uint16_t	
[1160]	1603	0x20000910	uint16_t	
[1161]	1570	0x20000912	uint16_t	
[1162]	1304	0x20000914	uint16_t	
[1163]	1094	0x20000916	uint16_t	
[1164]	884	0x20000918	uint16_t	
[1165]	954	0x2000091A	uint16_t	
[1166]	1234	0x2000091C	uint16_t	
[1167]	1675	0x2000091E	uint16_t	
[1168]	1585	0x20000920	uint16_t	
[1169]	1488	0x20000922	uint16_t	
[1170]	1115	0x20000924	uint16_t	
[1171]	966	0x20000926	uint16_t	
[1172]	916	0x20000928	uint16_t	
[1173]	1086	0x2000092A	uint16_t	
[1174]	1394	0x2000092C	uint16_t	
[1175]	1583	0x2000092E	uint16_t	
[1176]	1544	0x20000930	uint16_t	
[1177]	1232	0x20000932	uint16_t	
[1178]	1124	0x20000934	uint16_t	
[1179]	946	0x20000936	uint16_t	
[1180]	990	0x20000938	uint16_t	
[1181]	1210	0x2000093A	uint16_t	
[1182]	1486	0x2000093C	uint16_t	
[1183]	1556	0x2000093E	uint16_t	
[1184]	1486	0x20000940	uint16_t	
[1185]	1160	0x20000942	uint16_t	
[1186]	1028	0x20000944	uint16_t	
[1187]	960	0x20000946	uint16_t	
[1188]	1073	0x20000948	uint16_t	
[1189]	1306	0x2000094A	uint16_t	
[1190]	1652	0x2000094C	uint16_t	
[1191]	1493	0x2000094E	uint16_t	
[1192]	1169	0x20000950	uint16_t	
[1193]	1169	0x20000952	uint16_t	
[1194]	1045	0x20000954	uint16_t	
[1195]	1067	0x20000956	uint16_t	
[1196]	1197	0x20000958	uint16_t	
[1197]	1327	0x2000095A	uint16_t	
[1198]	1376	0x2000095C	uint16_t	
[1199]	1354	0x2000095E	uint16_t	
[1200]	1300	0x20000960	uint16_t	
[1201]	1245	0x20000962	uint16_t	
[1202]	1200	0x20000964	uint16_t	
[1203]	1203	0x20000966	uint16_t	
[1204]	1170	0x20000968	uint16_t	
[1205]	1162	0x2000096A	uint16_t	
[1206]	1193	0x2000096C	uint16_t	
[1207]	1266	0x2000096E	uint16_t	
[1208]	1391	0x20000970	uint16_t	
[1209]	1550	0x20000972	uint16_t	
[1210]	1203	0x20000974	uint16_t	
[1211]	1233	0x20000976	uint16_t	
[1212]	1026	0x20000978	uint16_t	
[1213]	983	0x2000097A	uint16_t	
[1214]	1114	0x2000097C	uint16_t	
[1215]	1371	0x2000097E	uint16_t	
[1216]	1610	0x20000980	uint16_t	
[1217]	1565	0x20000982	uint16_t	
[1218]	1339	0x20000984	uint16_t	
[1219]	1076	0x20000986	uint16_t	
[1220]	829	0x20000988	uint16_t	
[1221]	888	0x2000098A	uint16_t	
[1222]	1210	0x2000098C	uint16_t	
[1223]	1726	0x2000098E	uint16_t	
[1224]	1694	0x20000990	uint16_t	
[1225]	1580	0x20000992	uint16_t	
[1226]	1017	0x20000994	uint16_t	
[1227]	867	0x20000996	uint16_t	
[1228]	756	0x20000998	uint16_t	
[1229]	973	0x2000099A	uint16_t	
[1230]	1422	0x2000099C	uint16_t	
[1231]	1689	0x2000099E	uint16_t	
[1232]	1714	0x200009A0	uint16_t	
[1233]	1492	0x200009A2	uint16_t	
[1234]	988	0x200009A4	uint16_t	
[1235]	773	0x200009A6	uint16_t	
[1236]	765	0x200009A8	uint16_t	
[1237]	1099	0x200009AA	uint16_t	
[1238]	1674	0x200009AC	uint16_t	
[1239]	1730	0x200009AE	uint16_t	
[1240]	1711	0x200009B0	uint16_t	
[1241]	1404	0x200009B2	uint16_t	
[1242]	954	0x200009B4	uint16_t	
[1243]	705	0x200009B6	uint16_t	
[1244]	796	0x200009B8	uint16_t	
[1245]	1208	0x200009BA	uint16_t	
[1246]	1710	0x200009BC	uint16_t	
[1247]	1755	0x200009BE	uint16_t	
[1248]	1666	0x200009C0	uint16_t	
[1249]	1109	0x200009C2	uint16_t	
[1250]	863	0x200009C4	uint16_t	
[1251]	698	0x200009C6	uint16_t	
[1252]	903	0x200009C8	uint16_t	
[1253]	1363	0x200009CA	uint16_t	
[1254]	1689	0x200009CC	uint16_t	
[1255]	1764	0x200009CE	uint16_t	
[1256]	1573	0x200009D0	uint16_t	
[1257]	964	0x200009D2	uint16_t	
[1258]	772	0x200009D4	uint16_t	
[1259]	731	0x200009D6	uint16_t	
[1260]	1031	0x200009D8	uint16_t	
[1261]	1574	0x200009DA	uint16_t	
[1262]	1740	0x200009DC	uint16_t	
[1263]	1713	0x200009DE	uint16_t	
[1264]	1447	0x200009E0	uint16_t	
[1265]	961	0x200009E2	uint16_t	
[1266]	729	0x200009E4	uint16_t	
[1267]	814	0x200009E6	uint16_t	
[1268]	1196	0x200009E8	uint16_t	
[1269]	1723	0x200009EA	uint16_t	
[1270]	1740	0x200009EC	uint16_t	
[1271]	1632	0x200009EE	uint16_t	
[1272]	1061	0x200009F0	uint16_t	
[1273]	889	0x200009F2	uint16_t	
[1274]	735	0x200009F4	uint16_t	
[1275]	917	0x200009F6	uint16_t	
[1276]	1356	0x200009F8	uint16_t	
[1277]	1679	0x200009FA	uint16_t	
[1278]	1727	0x200009FC	uint16_t	
[1279]	1549	0x200009FE	uint16_t	
[1280]	968	0x20000A00	uint16_t	
[1281]	803	0x20000A02	uint16_t	
[1282]	774	0x20000A04	uint16_t	
[1283]	1039	0x20000A06	uint16_t	
[1284]	1497	0x20000A08	uint16_t	
[1285]	1701	0x20000A0A	uint16_t	
[1286]	1695	0x20000A0C	uint16_t	
[1287]	1438	0x20000A0E	uint16_t	
[1288]	1009	0x20000A10	uint16_t	
[1289]	763	0x20000A12	uint16_t	
[1290]	838	0x20000A14	uint16_t	
[1291]	1172	0x20000A16	uint16_t	
[1292]	1725	0x20000A18	uint16_t	
[1293]	1697	0x20000A1A	uint16_t	
[1294]	1618	0x20000A1C	uint16_t	
[1295]	1139	0x20000A1E	uint16_t	
[1296]	953	0x20000A20	uint16_t	
[1297]	770	0x20000A22	uint16_t	
[1298]	931	0x20000A24	uint16_t	
[1299]	1331	0x20000A26	uint16_t	
[1300]	1648	0x20000A28	uint16_t	
[1301]	1683	0x20000A2A	uint16_t	
[1302]	1522	0x20000A2C	uint16_t	
[1303]	1025	0x20000A2E	uint16_t	
[1304]	869	0x20000A30	uint16_t	
[1305]	821	0x20000A32	uint16_t	
[1306]	1070	0x20000A34	uint16_t	
[1307]	1457	0x20000A36	uint16_t	
[1308]	1646	0x20000A38	uint16_t	
[1309]	1639	0x20000A3A	uint16_t	
[1310]	1400	0x20000A3C	uint16_t	
[1311]	1045	0x20000A3E	uint16_t	
[1312]	832	0x20000A40	uint16_t	
[1313]	891	0x20000A42	uint16_t	
[1314]	1192	0x20000A44	uint16_t	
[1315]	1691	0x20000A46	uint16_t	
[1316]	1634	0x20000A48	uint16_t	
[1317]	1516	0x20000A4A	uint16_t	
[1318]	1062	0x20000A4C	uint16_t	
[1319]	989	0x20000A4E	uint16_t	
[1320]	852	0x20000A50	uint16_t	
[1321]	1006	0x20000A52	uint16_t	
[1322]	1304	0x20000A54	uint16_t	
[1323]	1653	0x20000A56	uint16_t	
[1324]	1593	0x20000A58	uint16_t	
[1325]	1474	0x20000A5A	uint16_t	
[1326]	1119	0x20000A5C	uint16_t	
[1327]	960	0x20000A5E	uint16_t	
[1328]	921	0x20000A60	uint16_t	
[1329]	1098	0x20000A62	uint16_t	
[1330]	1375	0x20000A64	uint16_t	
[1331]	1584	0x20000A66	uint16_t	
[1332]	1548	0x20000A68	uint16_t	
[1333]	1310	0x20000A6A	uint16_t	
[1334]	1161	0x20000A6C	uint16_t	
[1335]	959	0x20000A6E	uint16_t	
[1336]	979	0x20000A70	uint16_t	
[1337]	1164	0x20000A72	uint16_t	
[1338]	1423	0x20000A74	uint16_t	
[1339]	1552	0x20000A76	uint16_t	
[1340]	1490	0x20000A78	uint16_t	
[1341]	1127	0x20000A7A	uint16_t	
[1342]	1097	0x20000A7C	uint16_t	
[1343]	969	0x20000A7E	uint16_t	
[1344]	1009	0x20000A80	uint16_t	
[1345]	1237	0x20000A82	uint16_t	
[1346]	1503	0x20000A84	uint16_t	
[1347]	1541	0x20000A86	uint16_t	
[1348]	1472	0x20000A88	uint16_t	
[1349]	1215	0x20000A8A	uint16_t	
[1350]	1031	0x20000A8C	uint16_t	
[1351]	962	0x20000A8E	uint16_t	
[1352]	1059	0x20000A90	uint16_t	
[1353]	1283	0x20000A92	uint16_t	
[1354]	1635	0x20000A94	uint16_t	
[1355]	1521	0x20000A96	uint16_t	
[1356]	1386	0x20000A98	uint16_t	
[1357]	1218	0x20000A9A	uint16_t	
[1358]	1002	0x20000A9C	uint16_t	
[1359]	973	0x20000A9E	uint16_t	
[1360]	1111	0x20000AA0	uint16_t	
[1361]	1358	0x20000AA2	uint16_t	
[1362]	1581	0x20000AA4	uint16_t	
[1363]	1504	0x20000AA6	uint16_t	
[1364]	1162	0x20000AA8	uint16_t	
[1365]	1136	0x20000AAA	uint16_t	
[1366]	986	0x20000AAC	uint16_t	
[1367]	1020	0x20000AAE	uint16_t	
[1368]	1194	0x20000AB0	uint16_t	
[1369]	1427	0x20000AB2	uint16_t	
[1370]	1541	0x20000AB4	uint16_t	
[1371]	1449	0x20000AB6	uint16_t	
[1372]	1249	0x20000AB8	uint16_t	
[1373]	1053	0x20000ABA	uint16_t	
[1374]	980	0x20000ABC	uint16_t	
[1375]	1083	0x20000ABE	uint16_t	
[1376]	1290	0x20000AC0	uint16_t	
[1377]	1602	0x20000AC2	uint16_t	
[1378]	1514	0x20000AC4	uint16_t	
[1379]	1264	0x20000AC6	uint16_t	
[1380]	1192	0x20000AC8	uint16_t	
[1381]	1029	0x20000ACA	uint16_t	
[1382]	1019	0x20000ACC	uint16_t	
[1383]	1164	0x20000ACE	uint16_t	
[1384]	1378	0x20000AD0	uint16_t	
[1385]	1593	0x20000AD2	uint16_t	
[1386]	1464	0x20000AD4	uint16_t	
[1387]	1245	0x20000AD6	uint16_t	
[1388]	1130	0x20000AD8	uint16_t	
[1389]	1016	0x20000ADA	uint16_t	
[1390]	1062	0x20000ADC	uint16_t	
[1391]	1228	0x20000ADE	uint16_t	
[1392]	1417	0x20000AE0	uint16_t	
[1393]	1532	0x20000AE2	uint16_t	
[1394]	1187	0x20000AE4	uint16_t	
[1395]	1267	0x20000AE6	uint16_t	
[1396]	1101	0x20000AE8	uint16_t	
[1397]	1056	0x20000AEA	uint16_t	
[1398]	1134	0x20000AEC	uint16_t	
[1399]	1278	0x20000AEE	uint16_t	
[1400]	1430	0x20000AF0	uint16_t	
[1401]	1549	0x20000AF2	uint16_t	
[1402]	1169	0x20000AF4	uint16_t	
[1403]	1213	0x20000AF6	uint16_t	
[1404]	1104	0x20000AF8	uint16_t	
[1405]	1083	0x20000AFA	uint16_t	
[1406]	1184	0x20000AFC	uint16_t	
[1407]	1316	0x20000AFE	uint16_t	
[1408]	1393	0x20000B00	uint16_t	
[1409]	1389	0x20000B02	uint16_t	
[1410]	1304	0x20000B04	uint16_t	
[1411]	1180	0x20000B06	uint16_t	
[1412]	1095	0x20000B08	uint16_t	
[1413]	1098	0x20000B0A	uint16_t	
[1414]	1208	0x20000B0C	uint16_t	
[1415]	1346	0x20000B0E	uint16_t	
[1416]	1406	0x20000B10	uint16_t	
[1417]	1378	0x20000B12	uint16_t	
[1418]	1275	0x20000B14	uint16_t	
[1419]	1151	0x20000B16	uint16_t	
[1420]	1094	0x20000B18	uint16_t	
[1421]	1141	0x20000B1A	uint16_t	
[1422]	1244	0x20000B1C	uint16_t	
[1423]	1377	0x20000B1E	uint16_t	
[1424]	1455	0x20000B20	uint16_t	
[1425]	1280	0x20000B22	uint16_t	
[1426]	1253	0x20000B24	uint16_t	
[1427]	1111	0x20000B26	uint16_t	
[1428]	1068	0x20000B28	uint16_t	
[1429]	1150	0x20000B2A	uint16_t	
[1430]	1304	0x20000B2C	uint16_t	
[1431]	1422	0x20000B2E	uint16_t	
[1432]	1561	0x20000B30	uint16_t	
[1433]	1100	0x20000B32	uint16_t	
[1434]	1177	0x20000B34	uint16_t	
[1435]	1083	0x20000B36	uint16_t	
[1436]	1098	0x20000B38	uint16_t	
[1437]	1206	0x20000B3A	uint16_t	
[1438]	1368	0x20000B3C	uint16_t	
[1439]	1495	0x20000B3E	uint16_t	
[1440]	1335	0x20000B40	uint16_t	
[1441]	1292	0x20000B42	uint16_t	
[1442]	1118	0x20000B44	uint16_t	
[1443]	1053	0x20000B46	uint16_t	
[1444]	1125	0x20000B48	uint16_t	
[1445]	1273	0x20000B4A	uint16_t	
[1446]	1415	0x20000B4C	uint16_t	
[1447]	1570	0x20000B4E	uint16_t	
[1448]	1139	0x20000B50	uint16_t	
[1449]	1213	0x20000B52	uint16_t	
[1450]	1073	0x20000B54	uint16_t	
[1451]	1059	0x20000B56	uint16_t	
[1452]	1162	0x20000B58	uint16_t	
[1453]	1329	0x20000B5A	uint16_t	
[1454]	1465	0x20000B5C	uint16_t	
[1455]	1436	0x20000B5E	uint16_t	
[1456]	1311	0x20000B60	uint16_t	
[1457]	1155	0x20000B62	uint16_t	
[1458]	1072	0x20000B64	uint16_t	
[1459]	1104	0x20000B66	uint16_t	
[1460]	1242	0x20000B68	uint16_t	
[1461]	1377	0x20000B6A	uint16_t	
[1462]	1511	0x20000B6C	uint16_t	
[1463]	1272	0x20000B6E	uint16_t	
[1464]	1284	0x20000B70	uint16_t	
[1465]	1108	0x20000B72	uint16_t	
[1466]	1066	0x20000B74	uint16_t	
[1467]	1130	0x20000B76	uint16_t	
[1468]	1273	0x20000B78	uint16_t	
[1469]	1411	0x20000B7A	uint16_t	
[1470]	1457	0x20000B7C	uint16_t	
[1471]	1311	0x20000B7E	uint16_t	
[1472]	1201	0x20000B80	uint16_t	
[1473]	1100	0x20000B82	uint16_t	
[1474]	1092	0x20000B84	uint16_t	
[1475]	1185	0x20000B86	uint16_t	
[1476]	1317	0x20000B88	uint16_t	
[1477]	1406	0x20000B8A	uint16_t	
[1478]	1388	0x20000B8C	uint16_t	
[1479]	1284	0x20000B8E	uint16_t	
[1480]	1173	0x20000B90	uint16_t	
[1481]	1111	0x20000B92	uint16_t	
[1482]	1131	0x20000B94	uint16_t	
[1483]	1227	0x20000B96	uint16_t	
[1484]	1332	0x20000B98	uint16_t	
[1485]	1386	0x20000B9A	uint16_t	
[1486]	1357	0x20000B9C	uint16_t	
[1487]	1265	0x20000B9E	uint16_t	
[1488]	1162	0x20000BA0	uint16_t	
[1489]	1111	0x20000BA2	uint16_t	
[1490]	1146	0x20000BA4	uint16_t	
[1491]	1251	0x20000BA6	uint16_t	
[1492]	1364	0x20000BA8	uint16_t	
[1493]	1409	0x20000BAA	uint16_t	
[1494]	1346	0x20000BAC	uint16_t	
[1495]	1236	0x20000BAE	uint16_t	
[1496]	1132	0x20000BB0	uint16_t	
[1497]	1099	0x20000BB2	uint16_t	
[1498]	1157	0x20000BB4	uint16_t	
[1499]	1285	0x20000BB6	uint16_t	
[1500]	1389	0x20000BB8	uint16_t	
[1501]	1400	0x20000BBA	uint16_t	
[1502]	1308	0x20000BBC	uint16_t	
[1503]	1188	0x20000BBE	uint16_t	
[1504]	1111	0x20000BC0	uint16_t	
[1505]	1108	0x20000BC2	uint16_t	
[1506]	1198	0x20000BC4	uint16_t	
[1507]	1340	0x20000BC6	uint16_t	
[1508]	1417	0x20000BC8	uint16_t	
[1509]	1363	0x20000BCA	uint16_t	
[1510]	1263	0x20000BCC	uint16_t	
[1511]	1151	0x20000BCE	uint16_t	
[1512]	1088	0x20000BD0	uint16_t	
[1513]	1140	0x20000BD2	uint16_t	
[1514]	1273	0x20000BD4	uint16_t	
[1515]	1398	0x20000BD6	uint16_t	
[1516]	1410	0x20000BD8	uint16_t	
[1517]	1302	0x20000BDA	uint16_t	
[1518]	1149	0x20000BDC	uint16_t	
[1519]	1075	0x20000BDE	uint16_t	
[1520]	1147	0x20000BE0	uint16_t	
[1521]	1314	0x20000BE2	uint16_t	
[1522]	1472	0x20000BE4	uint16_t	
[1523]	1433	0x20000BE6	uint16_t	
[1524]	1266	0x20000BE8	uint16_t	
[1525]	1062	0x20000BEA	uint16_t	
[1526]	1002	0x20000BEC	uint16_t	
[1527]	1130	0x20000BEE	uint16_t	
[1528]	1388	0x20000BF0	uint16_t	
[1529]	1578	0x20000BF2	uint16_t	
[1530]	1506	0x20000BF4	uint16_t	
[1531]	1110	0x20000BF6	uint16_t	
[1532]	1005	0x20000BF8	uint16_t	
[1533]	880	0x20000BFA	uint16_t	
[1534]	1040	0x20000BFC	uint16_t	
[1535]	1365	0x20000BFE	uint16_t	
[1536]	1617	0x20000C00	uint16_t	
[1537]	1606	0x20000C02	uint16_t	
[1538]	1407	0x20000C04	uint16_t	
[1539]	1026	0x20000C06	uint16_t	
[1540]	822	0x20000C08	uint16_t	
[1541]	899	0x20000C0A	uint16_t	
[1542]	1250	0x20000C0C	uint16_t	
[1543]	1685	0x20000C0E	uint16_t	
[1544]	1665	0x20000C10	uint16_t	
[1545]	1516	0x20000C12	uint16_t	
[1546]	1026	0x20000C14	uint16_t	
[1547]	867	0x20000C16	uint16_t	
[1548]	822	0x20000C18	uint16_t	
[1549]	1106	0x20000C1A	uint16_t	
[1550]	1575	0x20000C1C	uint16_t	
[1551]	1655	0x20000C1E	uint16_t	
[1552]	1595	0x20000C20	uint16_t	
[1553]	1139	0x20000C22	uint16_t	
[1554]	977	0x20000C24	uint16_t	
[1555]	827	0x20000C26	uint16_t	
[1556]	991	0x20000C28	uint16_t	
[1557]	1346	0x20000C2A	uint16_t	
[1558]	1629	0x20000C2C	uint16_t	
[1559]	1614	0x20000C2E	uint16_t	
[1560]	1431	0x20000C30	uint16_t	
[1561]	1093	0x20000C32	uint16_t	
[1562]	887	0x20000C34	uint16_t	
[1563]	942	0x20000C36	uint16_t	
[1564]	1208	0x20000C38	uint16_t	
[1565]	1614	0x20000C3A	uint16_t	
[1566]	1571	0x20000C3C	uint16_t	
[1567]	1488	0x20000C3E	uint16_t	
[1568]	1147	0x20000C40	uint16_t	
[1569]	1003	0x20000C42	uint16_t	
[1570]	959	0x20000C44	uint16_t	
[1571]	1122	0x20000C46	uint16_t	
[1572]	1380	0x20000C48	uint16_t	
[1573]	1567	0x20000C4A	uint16_t	
[1574]	1417	0x20000C4C	uint16_t	
[1575]	1263	0x20000C4E	uint16_t	
[1576]	1077	0x20000C50	uint16_t	
[1577]	1095	0x20000C52	uint16_t	
[1578]	1234	0x20000C54	uint16_t	
[1579]	1384	0x20000C56	uint16_t	
[1580]	1391	0x20000C58	uint16_t	
[1581]	1259	0x20000C5A	uint16_t	
[1582]	1105	0x20000C5C	uint16_t	
[1583]	1072	0x20000C5E	uint16_t	
[1584]	1212	0x20000C60	uint16_t	
[1585]	1453	0x20000C62	uint16_t	
[1586]	1541	0x20000C64	uint16_t	
[1587]	1416	0x20000C66	uint16_t	
[1588]	1147	0x20000C68	uint16_t	
[1589]	898	0x20000C6A	uint16_t	
[1590]	905	0x20000C6C	uint16_t	
[1591]	1187	0x20000C6E	uint16_t	
[1592]	1730	0x20000C70	uint16_t	
[1593]	1700	0x20000C72	uint16_t	
[1594]	1596	0x20000C74	uint16_t	
[1595]	978	0x20000C76	uint16_t	
[1596]	776	0x20000C78	uint16_t	
[1597]	684	0x20000C7A	uint16_t	
[1598]	1029	0x20000C7C	uint16_t	
[1599]	1726	0x20000C7E	uint16_t	
[1600]	1846	0x20000C80	uint16_t	
[1601]	1785	0x20000C82	uint16_t	
[1602]	1337	0x20000C84	uint16_t	
[1603]	764	0x20000C86	uint16_t	
[1604]	558	0x20000C88	uint16_t	
[1605]	801	0x20000C8A	uint16_t	
[1606]	1478	0x20000C8C	uint16_t	
[1607]	1874	0x20000C8E	uint16_t	
[1608]	1936	0x20000C90	uint16_t	
[1609]	1547	0x20000C92	uint16_t	
[1610]	799	0x20000C94	uint16_t	
[1611]	540	0x20000C96	uint16_t	
[1612]	615	0x20000C98	uint16_t	
[1613]	1168	0x20000C9A	uint16_t	
[1614]	1784	0x20000C9C	uint16_t	
[1615]	1965	0x20000C9E	uint16_t	
[1616]	1799	0x20000CA0	uint16_t	
[1617]	1153	0x20000CA2	uint16_t	
[1618]	664	0x20000CA4	uint16_t	
[1619]	543	0x20000CA6	uint16_t	
[1620]	852	0x20000CA8	uint16_t	
[1621]	1501	0x20000CAA	uint16_t	
[1622]	1826	0x20000CAC	uint16_t	
[1623]	1869	0x20000CAE	uint16_t	
[1624]	1560	0x20000CB0	uint16_t	
[1625]	882	0x20000CB2	uint16_t	
[1626]	631	0x20000CB4	uint16_t	
[1627]	663	0x20000CB6	uint16_t	
[1628]	1114	0x20000CB8	uint16_t	
[1629]	1772	0x20000CBA	uint16_t	
[1630]	1802	0x20000CBC	uint16_t	
[1631]	1718	0x20000CBE	uint16_t	
[1632]	1286	0x20000CC0	uint16_t	
[1633]	894	0x20000CC2	uint16_t	
[1634]	689	0x20000CC4	uint16_t	
[1635]	849	0x20000CC6	uint16_t	
[1636]	1269	0x20000CC8	uint16_t	
[1637]	1691	0x20000CCA	uint16_t	
[1638]	1741	0x20000CCC	uint16_t	
[1639]	1584	0x20000CCE	uint16_t	
[1640]	1004	0x20000CD0	uint16_t	
[1641]	870	0x20000CD2	uint16_t	
[1642]	783	0x20000CD4	uint16_t	
[1643]	1002	0x20000CD6	uint16_t	
[1644]	1374	0x20000CD8	uint16_t	
[1645]	1643	0x20000CDA	uint16_t	
[1646]	1671	0x20000CDC	uint16_t	
[1647]	1507	0x20000CDE	uint16_t	
[1648]	1043	0x20000CE0	uint16_t	
[1649]	863	0x20000CE2	uint16_t	
[1650]	862	0x20000CE4	uint16_t	
[1651]	1081	0x20000CE6	uint16_t	
[1652]	1431	0x20000CE8	uint16_t	
[1653]	1618	0x20000CEA	uint16_t	
[1654]	1602	0x20000CEC	uint16_t	
[1655]	1421	0x20000CEE	uint16_t	
[1656]	1095	0x20000CF0	uint16_t	
[1657]	876	0x20000CF2	uint16_t	
[1658]	908	0x20000CF4	uint16_t	
[1659]	1155	0x20000CF6	uint16_t	
[1660]	1476	0x20000CF8	uint16_t	
[1661]	1603	0x20000CFA	uint16_t	
[1662]	1569	0x20000CFC	uint16_t	
[1663]	1222	0x20000CFE	uint16_t	
[1664]	1085	0x20000D00	uint16_t	
[1665]	898	0x20000D02	uint16_t	
[1666]	937	0x20000D04	uint16_t	
[1667]	1185	0x20000D06	uint16_t	
[1668]	1564	0x20000D08	uint16_t	
[1669]	1586	0x20000D0A	uint16_t	
[1670]	1536	0x20000D0C	uint16_t	
[1671]	1121	0x20000D0E	uint16_t	
[1672]	1040	0x20000D10	uint16_t	
[1673]	896	0x20000D12	uint16_t	
[1674]	974	0x20000D14	uint16_t	
[1675]	1245	0x20000D16	uint16_t	
[1676]	1689	0x20000D18	uint16_t	
[1677]	1604	0x20000D1A	uint16_t	
[1678]	1520	0x20000D1C	uint16_t	
[1679]	1089	0x20000D1E	uint16_t	
[1680]	983	0x20000D20	uint16_t	
[1681]	889	0x20000D22	uint16_t	
[1682]	1011	0x20000D24	uint16_t	
[1683]	1311	0x20000D26	uint16_t	
[1684]	1661	0x20000D28	uint16_t	
[1685]	1598	0x20000D2A	uint16_t	
[1686]	1477	0x20000D2C	uint16_t	
[1687]	1124	0x20000D2E	uint16_t	
[1688]	946	0x20000D30	uint16_t	
[1689]	912	0x20000D32	uint16_t	
[1690]	1092	0x20000D34	uint16_t	
[1691]	1384	0x20000D36	uint16_t	
[1692]	1599	0x20000D38	uint16_t	
[1693]	1573	0x20000D3A	uint16_t	
[1694]	1359	0x20000D3C	uint16_t	
[1695]	1115	0x20000D3E	uint16_t	
[1696]	899	0x20000D40	uint16_t	
[1697]	935	0x20000D42	uint16_t	
[1698]	1167	0x20000D44	uint16_t	
[1699]	1483	0x20000D46	uint16_t	
[1700]	1583	0x20000D48	uint16_t	
[1701]	1543	0x20000D4A	uint16_t	
[1702]	1118	0x20000D4C	uint16_t	
[1703]	1056	0x20000D4E	uint16_t	
[1704]	897	0x20000D50	uint16_t	
[1705]	974	0x20000D52	uint16_t	
[1706]	1258	0x20000D54	uint16_t	
[1707]	1651	0x20000D56	uint16_t	
[1708]	1568	0x20000D58	uint16_t	
[1709]	1475	0x20000D5A	uint16_t	
[1710]	1161	0x20000D5C	uint16_t	
[1711]	1015	0x20000D5E	uint16_t	
[1712]	932	0x20000D60	uint16_t	
[1713]	1074	0x20000D62	uint16_t	
[1714]	1345	0x20000D64	uint16_t	
[1715]	1630	0x20000D66	uint16_t	
[1716]	1534	0x20000D68	uint16_t	
[1717]	1308	0x20000D6A	uint16_t	
[1718]	1178	0x20000D6C	uint16_t	
[1719]	986	0x20000D6E	uint16_t	
[1720]	993	0x20000D70	uint16_t	
[1721]	1157	0x20000D72	uint16_t	
[1722]	1410	0x20000D74	uint16_t	
[1723]	1550	0x20000D76	uint16_t	
[1724]	1495	0x20000D78	uint16_t	
[1725]	1192	0x20000D7A	uint16_t	
[1726]	1090	0x20000D7C	uint16_t	
[1727]	994	0x20000D7E	uint16_t	
[1728]	1053	0x20000D80	uint16_t	
[1729]	1240	0x20000D82	uint16_t	
[1730]	1441	0x20000D84	uint16_t	
[1731]	1487	0x20000D86	uint16_t	
[1732]	1321	0x20000D88	uint16_t	
[1733]	1285	0x20000D8A	uint16_t	
[1734]	1079	0x20000D8C	uint16_t	
[1735]	1027	0x20000D8E	uint16_t	
[1736]	1120	0x20000D90	uint16_t	
[1737]	1300	0x20000D92	uint16_t	
[1738]	1443	0x20000D94	uint16_t	
[1739]	1492	0x20000D96	uint16_t	
[1740]	1230	0x20000D98	uint16_t	
[1741]	1210	0x20000D9A	uint16_t	
[1742]	1084	0x20000D9C	uint16_t	
[1743]	1073	0x20000D9E	uint16_t	
[1744]	1154	0x20000DA0	uint16_t	
[1745]	1306	0x20000DA2	uint16_t	
[1746]	1438	0x20000DA4	uint16_t	
[1747]	1541	0x20000DA6	uint16_t	
[1748]	1159	0x20000DA8	uint16_t	
[1749]	1200	0x20000DAA	uint16_t	
[1750]	1100	0x20000DAC	uint16_t	
[1751]	1103	0x20000DAE	uint16_t	
[1752]	1182	0x20000DB0	uint16_t	
[1753]	1314	0x20000DB2	uint16_t	
[1754]	1405	0x20000DB4	uint16_t	
[1755]	1421	0x20000DB6	uint16_t	
[1756]	1295	0x20000DB8	uint16_t	
[1757]	1183	0x20000DBA	uint16_t	
[1758]	1111	0x20000DBC	uint16_t	
[1759]	1120	0x20000DBE	uint16_t	
[1760]	1206	0x20000DC0	uint16_t	
[1761]	1329	0x20000DC2	uint16_t	
[1762]	1404	0x20000DC4	uint16_t	
[1763]	1371	0x20000DC6	uint16_t	
[1764]	1291	0x20000DC8	uint16_t	
[1765]	1157	0x20000DCA	uint16_t	
[1766]	1103	0x20000DCC	uint16_t	
[1767]	1132	0x20000DCE	uint16_t	
[1768]	1227	0x20000DD0	uint16_t	
[1769]	1361	0x20000DD2	uint16_t	
[1770]	1416	0x20000DD4	uint16_t	
[1771]	1354	0x20000DD6	uint16_t	
[1772]	1234	0x20000DD8	uint16_t	
[1773]	1138	0x20000DDA	uint16_t	
[1774]	1095	0x20000DDC	uint16_t	
[1775]	1160	0x20000DDE	uint16_t	
[1776]	1272	0x20000DE0	uint16_t	
[1777]	1385	0x20000DE2	uint16_t	
[1778]	1419	0x20000DE4	uint16_t	
[1779]	1318	0x20000DE6	uint16_t	
[1780]	1198	0x20000DE8	uint16_t	
[1781]	1099	0x20000DEA	uint16_t	
[1782]	1110	0x20000DEC	uint16_t	
[1783]	1202	0x20000DEE	uint16_t	
[1784]	1316	0x20000DF0	uint16_t	
[1785]	1409	0x20000DF2	uint16_t	
[1786]	1347	0x20000DF4	uint16_t	
[1787]	1278	0x20000DF6	uint16_t	
[1788]	1167	0x20000DF8	uint16_t	
[1789]	1114	0x20000DFA	uint16_t	
[1790]	1148	0x20000DFC	uint16_t	
[1791]	1264	0x20000DFE	uint16_t	
[1792]	1378	0x20000E00	uint16_t	
[1793]	1380	0x20000E02	uint16_t	
[1794]	1333	0x20000E04	uint16_t	
[1795]	1210	0x20000E06	uint16_t	
[1796]	1164	0x20000E08	uint16_t	
[1797]	1127	0x20000E0A	uint16_t	
[1798]	1183	0x20000E0C	uint16_t	
[1799]	1274	0x20000E0E	uint16_t	
[1800]	1370	0x20000E10	uint16_t	
[1801]	1350	0x20000E12	uint16_t	
[1802]	1299	0x20000E14	uint16_t	
[1803]	1234	0x20000E16	uint16_t	
[1804]	1144	0x20000E18	uint16_t	
[1805]	1149	0x20000E1A	uint16_t	
[1806]	1206	0x20000E1C	uint16_t	
[1807]	1287	0x20000E1E	uint16_t	
[1808]	1355	0x20000E20	uint16_t	
[1809]	1353	0x20000E22	uint16_t	
[1810]	1291	0x20000E24	uint16_t	
[1811]	1224	0x20000E26	uint16_t	
[1812]	1150	0x20000E28	uint16_t	
[1813]	1149	0x20000E2A	uint16_t	
[1814]	1218	0x20000E2C	uint16_t	
[1815]	1294	0x20000E2E	uint16_t	
[1816]	1365	0x20000E30	uint16_t	
[1817]	1304	0x20000E32	uint16_t	
[1818]	1285	0x20000E34	uint16_t	
[1819]	1195	0x20000E36	uint16_t	
[1820]	1130	0x20000E38	uint16_t	
[1821]	1141	0x20000E3A	uint16_t	
[1822]	1219	0x20000E3C	uint16_t	
[1823]	1329	0x20000E3E	uint16_t	
[1824]	1377	0x20000E40	uint16_t	
[1825]	1330	0x20000E42	uint16_t	
[1826]	1242	0x20000E44	uint16_t	
[1827]	1175	0x20000E46	uint16_t	
[1828]	1134	0x20000E48	uint16_t	
[1829]	1167	0x20000E4A	uint16_t	
[1830]	1254	0x20000E4C	uint16_t	
[1831]	1347	0x20000E4E	uint16_t	
[1832]	1386	0x20000E50	uint16_t	
[1833]	1322	0x20000E52	uint16_t	
[1834]	1222	0x20000E54	uint16_t	
[1835]	1153	0x20000E56	uint16_t	
[1836]	1138	0x20000E58	uint16_t	
[1837]	1197	0x20000E5A	uint16_t	
[1838]	1279	0x20000E5C	uint16_t	
[1839]	1373	0x20000E5E	uint16_t	
[1840]	1369	0x20000E60	uint16_t	
[1841]	1299	0x20000E62	uint16_t	
[1842]	1208	0x20000E64	uint16_t	
[1843]	1150	0x20000E66	uint16_t	
[1844]	1139	0x20000E68	uint16_t	
[1845]	1219	0x20000E6A	uint16_t	
[1846]	1307	0x20000E6C	uint16_t	
[1847]	1361	0x20000E6E	uint16_t	
[1848]	1345	0x20000E70	uint16_t	
[1849]	1269	0x20000E72	uint16_t	
[1850]	1187	0x20000E74	uint16_t	
[1851]	1141	0x20000E76	uint16_t	
[1852]	1171	0x20000E78	uint16_t	
[1853]	1245	0x20000E7A	uint16_t	
[1854]	1333	0x20000E7C	uint16_t	
[1855]	1374	0x20000E7E	uint16_t	
[1856]	1325	0x20000E80	uint16_t	
[1857]	1242	0x20000E82	uint16_t	
[1858]	1154	0x20000E84	uint16_t	
[1859]	1137	0x20000E86	uint16_t	
[1860]	1189	0x20000E88	uint16_t	
[1861]	1267	0x20000E8A	uint16_t	
[1862]	1344	0x20000E8C	uint16_t	
[1863]	1360	0x20000E8E	uint16_t	
[1864]	1294	0x20000E90	uint16_t	
[1865]	1219	0x20000E92	uint16_t	
[1866]	1182	0x20000E94	uint16_t	
[1867]	1158	0x20000E96	uint16_t	
[1868]	1206	0x20000E98	uint16_t	
[1869]	1303	0x20000E9A	uint16_t	
[1870]	1356	0x20000E9C	uint16_t	
[1871]	1338	0x20000E9E	uint16_t	
[1872]	1276	0x20000EA0	uint16_t	
[1873]	1201	0x20000EA2	uint16_t	
[1874]	1156	0x20000EA4	uint16_t	
[1875]	1170	0x20000EA6	uint16_t	
[1876]	1222	0x20000EA8	uint16_t	
[1877]	1315	0x20000EAA	uint16_t	
[1878]	1342	0x20000EAC	uint16_t	
[1879]	1322	0x20000EAE	uint16_t	
[1880]	1262	0x20000EB0	uint16_t	
[1881]	1204	0x20000EB2	uint16_t	
[1882]	1171	0x20000EB4	uint16_t	
[1883]	1194	0x20000EB6	uint16_t	
[1884]	1237	0x20000EB8	uint16_t	
[1885]	1314	0x20000EBA	uint16_t	
[1886]	1340	0x20000EBC	uint16_t	
[1887]	1299	0x20000EBE	uint16_t	
[1888]	1259	0x20000EC0	uint16_t	
[1889]	1196	0x20000EC2	uint16_t	
[1890]	1188	0x20000EC4	uint16_t	
[1891]	1213	0x20000EC6	uint16_t	
[1892]	1260	0x20000EC8	uint16_t	
[1893]	1363	0x20000ECA	uint16_t	
[1894]	1316	0x20000ECC	uint16_t	
[1895]	1282	0x20000ECE	uint16_t	
[1896]	1224	0x20000ED0	uint16_t	
[1897]	1189	0x20000ED2	uint16_t	
[1898]	1181	0x20000ED4	uint16_t	
[1899]	1231	0x20000ED6	uint16_t	
[1900]	1279	0x20000ED8	uint16_t	
[1901]	1326	0x20000EDA	uint16_t	
[1902]	1303	0x20000EDC	uint16_t	
[1903]	1252	0x20000EDE	uint16_t	
[1904]	1218	0x20000EE0	uint16_t	
[1905]	1188	0x20000EE2	uint16_t	
[1906]	1197	0x20000EE4	uint16_t	
[1907]	1242	0x20000EE6	uint16_t	
[1908]	1297	0x20000EE8	uint16_t	
[1909]	1317	0x20000EEA	uint16_t	
[1910]	1299	0x20000EEC	uint16_t	
[1911]	1251	0x20000EEE	uint16_t	
[1912]	1203	0x20000EF0	uint16_t	
[1913]	1196	0x20000EF2	uint16_t	
[1914]	1211	0x20000EF4	uint16_t	
[1915]	1271	0x20000EF6	uint16_t	
[1916]	1311	0x20000EF8	uint16_t	
[1917]	1296	0x20000EFA	uint16_t	
[1918]	1268	0x20000EFC	uint16_t	
[1919]	1222	0x20000EFE	uint16_t	
[1920]	1223	0x20000F00	uint16_t	
[1921]	1187	0x20000F02	uint16_t	
[1922]	1252	0x20000F04	uint16_t	
[1923]	1287	0x20000F06	uint16_t	
[1924]	1301	0x20000F08	uint16_t	
[1925]	1291	0x20000F0A	uint16_t	
[1926]	1241	0x20000F0C	uint16_t	
[1927]	1212	0x20000F0E	uint16_t	
[1928]	1191	0x20000F10	uint16_t	
[1929]	1222	0x20000F12	uint16_t	
[1930]	1261	0x20000F14	uint16_t	
[1931]	1307	0x20000F16	uint16_t	
[1932]	1325	0x20000F18	uint16_t	
[1933]	1282	0x20000F1A	uint16_t	
[1934]	1238	0x20000F1C	uint16_t	
[1935]	1202	0x20000F1E	uint16_t	
[1936]	1205	0x20000F20	uint16_t	
[1937]	1231	0x20000F22	uint16_t	
[1938]	1264	0x20000F24	uint16_t	
[1939]	1290	0x20000F26	uint16_t	
[1940]	1284	0x20000F28	uint16_t	
[1941]	1269	0x20000F2A	uint16_t	
[1942]	1228	0x20000F2C	uint16_t	
[1943]	1219	0x20000F2E	uint16_t	
[1944]	1223	0x20000F30	uint16_t	
[1945]	1242	0x20000F32	uint16_t	
[1946]	1269	0x20000F34	uint16_t	
[1947]	1274	0x20000F36	uint16_t	
[1948]	1271	0x20000F38	uint16_t	
[1949]	1261	0x20000F3A	uint16_t	
[1950]	1242	0x20000F3C	uint16_t	
[1951]	1212	0x20000F3E	uint16_t	
[1952]	1245	0x20000F40	uint16_t	
[1953]	1268	0x20000F42	uint16_t	
[1954]	1289	0x20000F44	uint16_t	
[1955]	1282	0x20000F46	uint16_t	
[1956]	1263	0x20000F48	uint16_t	
[1957]	1239	0x20000F4A	uint16_t	
[1958]	1227	0x20000F4C	uint16_t	
[1959]	1222	0x20000F4E	uint16_t	
[1960]	1245	0x20000F50	uint16_t	
[1961]	1269	0x20000F52	uint16_t	
[1962]	1272	0x20000F54	uint16_t	
[1963]	1245	0x20000F56	uint16_t	
[1964]	1246	0x20000F58	uint16_t	
[1965]	1221	0x20000F5A	uint16_t	
[1966]	1223	0x20000F5C	uint16_t	
[1967]	1238	0x20000F5E	uint16_t	
[1968]	1260	0x20000F60	uint16_t	
[1969]	1265	0x20000F62	uint16_t	
[1970]	1268	0x20000F64	uint16_t	
[1971]	1267	0x20000F66	uint16_t	
[1972]	1224	0x20000F68	uint16_t	
[1973]	1227	0x20000F6A	uint16_t	
[1974]	1232	0x20000F6C	uint16_t	
[1975]	1222	0x20000F6E	uint16_t	
[1976]	1266	0x20000F70	uint16_t	
[1977]	1279	0x20000F72	uint16_t	
[1978]	1280	0x20000F74	uint16_t	
[1979]	1252	0x20000F76	uint16_t	
[1980]	1247	0x20000F78	uint16_t	
[1981]	1228	0x20000F7A	uint16_t	
[1982]	1228	0x20000F7C	uint16_t	
[1983]	1231	0x20000F7E	uint16_t	
[1984]	1250	0x20000F80	uint16_t	
[1985]	1264	0x20000F82	uint16_t	
[1986]	1282	0x20000F84	uint16_t	
[1987]	1270	0x20000F86	uint16_t	
[1988]	1242	0x20000F88	uint16_t	
[1989]	1234	0x20000F8A	uint16_t	
[1990]	1235	0x20000F8C	uint16_t	
[1991]	1242	0x20000F8E	uint16_t	
[1992]	1265	0x20000F90	uint16_t	
[1993]	1279	0x20000F92	uint16_t	
[1994]	1243	0x20000F94	uint16_t	
[1995]	1254	0x20000F96	uint16_t	
[1996]	1238	0x20000F98	uint16_t	
[1997]	1215	0x20000F9A	uint16_t	
[1998]	1224	0x20000F9C	uint16_t	
[1999]	1237	0x20000F9E	uint16_t	
[2000]	1275	0x20000FA0	uint16_t	
[2001]	1302	0x20000FA2	uint16_t	
[2002]	1281	0x20000FA4	uint16_t	
[2003]	1240	0x20000FA6	uint16_t	
[2004]	1203	0x20000FA8	uint16_t	
[2005]	1204	0x20000FAA	uint16_t	
[2006]	1227	0x20000FAC	uint16_t	
[2007]	1262	0x20000FAE	uint16_t	
[2008]	1307	0x20000FB0	uint16_t	
[2009]	1307	0x20000FB2	uint16_t	
[2010]	1280	0x20000FB4	uint16_t	
[2011]	1221	0x20000FB6	uint16_t	
[2012]	1191	0x20000FB8	uint16_t	
[2013]	1193	0x20000FBA	uint16_t	
[2014]	1242	0x20000FBC	uint16_t	
[2015]	1275	0x20000FBE	uint16_t	
[2016]	1311	0x20000FC0	uint16_t	
[2017]	1310	0x20000FC2	uint16_t	
[2018]	1257	0x20000FC4	uint16_t	
[2019]	1202	0x20000FC6	uint16_t	
[2020]	1197	0x20000FC8	uint16_t	
[2021]	1224	0x20000FCA	uint16_t	
[2022]	1260	0x20000FCC	uint16_t	
[2023]	1310	0x20000FCE	uint16_t	
[2024]	1313	0x20000FD0	uint16_t	
[2025]	1308	0x20000FD2	uint16_t	
[2026]	1228	0x20000FD4	uint16_t	
[2027]	1198	0x20000FD6	uint16_t	
[2028]	1213	0x20000FD8	uint16_t	
[2029]	1231	0x20000FDA	uint16_t	
[2030]	1224	0x20000FDC	uint16_t	
[2031]	1264	0x20000FDE	uint16_t	
[2032]	1283	0x20000FE0	uint16_t	
[2033]	1297	0x20000FE2	uint16_t	
[2034]	1319	0x20000FE4	uint16_t	
[2035]	1281	0x20000FE6	uint16_t	
[2036]	1207	0x20000FE8	uint16_t	
[2037]	1154	0x20000FEA	uint16_t	
[2038]	1138	0x20000FEC	uint16_t	
[2039]	1208	0x20000FEE	uint16_t	
[2040]	1317	0x20000FF0	uint16_t	
[2041]	1432	0x20000FF2	uint16_t	
[2042]	1479	0x20000FF4	uint16_t	
[2043]	1128	0x20000FF6	uint16_t	
[2044]	1161	0x20000FF8	uint16_t	
[2045]	1013	0x20000FFA	uint16_t	
[2046]	1047	0x20000FFC	uint16_t	
[2047]	1210	0x20000FFE	uint16_t	
[2048]	1448	0x20001000	uint16_t	
[2049]	1541	0x20001002	uint16_t	
[2050]	1458	0x20001004	uint16_t	
[2051]	1227	0x20001006	uint16_t	
[2052]	1034	0x20001008	uint16_t	
[2053]	935	0x2000100A	uint16_t	
[2054]	1048	0x2000100C	uint16_t	
[2055]	1309	0x2000100E	uint16_t	
[2056]	1659	0x20001010	uint16_t	
[2057]	1573	0x20001012	uint16_t	
[2058]	1432	0x20001014	uint16_t	
[2059]	1145	0x20001016	uint16_t	
[2060]	917	0x20001018	uint16_t	
[2061]	909	0x2000101A	uint16_t	
[2062]	1143	0x2000101C	uint16_t	
[2063]	1480	0x2000101E	uint16_t	
[2064]	1600	0x20001020	uint16_t	
[2065]	1565	0x20001022	uint16_t	
[2066]	1132	0x20001024	uint16_t	
[2067]	1048	0x20001026	uint16_t	
[2068]	881	0x20001028	uint16_t	
[2069]	963	0x2000102A	uint16_t	
[2070]	1256	0x2000102C	uint16_t	
[2071]	1700	0x2000102E	uint16_t	
[2072]	1604	0x20001030	uint16_t	
[2073]	1501	0x20001032	uint16_t	
[2074]	1097	0x20001034	uint16_t	
[2075]	959	0x20001036	uint16_t	
[2076]	902	0x20001038	uint16_t	
[2077]	1066	0x2000103A	uint16_t	
[2078]	1383	0x2000103C	uint16_t	
[2079]	1589	0x2000103E	uint16_t	
[2080]	1569	0x20001040	uint16_t	
[2081]	1312	0x20001042	uint16_t	
[2082]	1135	0x20001044	uint16_t	
[2083]	938	0x20001046	uint16_t	
[2084]	993	0x20001048	uint16_t	
[2085]	1206	0x2000104A	uint16_t	
[2086]	1434	0x2000104C	uint16_t	
[2087]	1538	0x2000104E	uint16_t	
[2088]	1405	0x20001050	uint16_t	
[2089]	1279	0x20001052	uint16_t	
[2090]	1094	0x20001054	uint16_t	
[2091]	1069	0x20001056	uint16_t	
[2092]	1135	0x20001058	uint16_t	
[2093]	1267	0x2000105A	uint16_t	
[2094]	1345	0x2000105C	uint16_t	
[2095]	1359	0x2000105E	uint16_t	
[2096]	1301	0x20001060	uint16_t	
[2097]	1273	0x20001062	uint16_t	
[2098]	1244	0x20001064	uint16_t	
[2099]	1229	0x20001066	uint16_t	
[2100]	1206	0x20001068	uint16_t	
[2101]	1173	0x2000106A	uint16_t	
[2102]	1190	0x2000106C	uint16_t	
[2103]	1236	0x2000106E	uint16_t	
[2104]	1337	0x20001070	uint16_t	
[2105]	1423	0x20001072	uint16_t	
[2106]	1380	0x20001074	uint16_t	
[2107]	1261	0x20001076	uint16_t	
[2108]	1106	0x20001078	uint16_t	
[2109]	1053	0x2000107A	uint16_t	
[2110]	1077	0x2000107C	uint16_t	
[2111]	1282	0x2000107E	uint16_t	
[2112]	1631	0x20001080	uint16_t	
[2113]	1523	0x20001082	uint16_t	
[2114]	1424	0x20001084	uint16_t	
[2115]	1169	0x20001086	uint16_t	
[2116]	931	0x20001088	uint16_t	
[2117]	893	0x2000108A	uint16_t	
[2118]	1109	0x2000108C	uint16_t	
[2119]	1462	0x2000108E	uint16_t	
[2120]	1626	0x20001090	uint16_t	
[2121]	1614	0x20001092	uint16_t	
[2122]	1363	0x20001094	uint16_t	
[2123]	1047	0x20001096	uint16_t	
[2124]	832	0x20001098	uint16_t	
[2125]	897	0x2000109A	uint16_t	
[2126]	1186	0x2000109C	uint16_t	
[2127]	1698	0x2000109E	uint16_t	
[2128]	1655	0x200010A0	uint16_t	
[2129]	1593	0x200010A2	uint16_t	
[2130]	1089	0x200010A4	uint16_t	
[2131]	973	0x200010A6	uint16_t	
[2132]	832	0x200010A8	uint16_t	
[2133]	965	0x200010AA	uint16_t	
[2134]	1308	0x200010AC	uint16_t	
[2135]	1654	0x200010AE	uint16_t	
[2136]	1645	0x200010B0	uint16_t	
[2137]	1514	0x200010B2	uint16_t	
[2138]	1062	0x200010B4	uint16_t	
[2139]	893	0x200010B6	uint16_t	
[2140]	871	0x200010B8	uint16_t	
[2141]	1065	0x200010BA	uint16_t	
[2142]	1428	0x200010BC	uint16_t	
[2143]	1627	0x200010BE	uint16_t	
[2144]	1604	0x200010C0	uint16_t	
[2145]	1375	0x200010C2	uint16_t	
[2146]	1083	0x200010C4	uint16_t	
[2147]	876	0x200010C6	uint16_t	
[2148]	918	0x200010C8	uint16_t	
[2149]	1156	0x200010CA	uint16_t	
[2150]	1586	0x200010CC	uint16_t	
[2151]	1603	0x200010CE	uint16_t	
[2152]	1554	0x200010D0	uint16_t	
[2153]	1079	0x200010D2	uint16_t	
[2154]	1020	0x200010D4	uint16_t	
[2155]	872	0x200010D6	uint16_t	
[2156]	989	0x200010D8	uint16_t	
[2157]	1280	0x200010DA	uint16_t	
[2158]	1675	0x200010DC	uint16_t	
[2159]	1597	0x200010DE	uint16_t	
[2160]	1487	0x200010E0	uint16_t	
[2161]	1119	0x200010E2	uint16_t	
[2162]	978	0x200010E4	uint16_t	
[2163]	906	0x200010E6	uint16_t	
[2164]	1034	0x200010E8	uint16_t	
[2165]	1345	0x200010EA	uint16_t	
[2166]	1623	0x200010EC	uint16_t	
[2167]	1566	0x200010EE	uint16_t	
[2168]	1435	0x200010F0	uint16_t	
[2169]	1157	0x200010F2	uint16_t	
[2170]	959	0x200010F4	uint16_t	
[2171]	928	0x200010F6	uint16_t	
[2172]	1135	0x200010F8	uint16_t	
[2173]	1387	0x200010FA	uint16_t	
[2174]	1575	0x200010FC	uint16_t	
[2175]	1517	0x200010FE	uint16_t	
[2176]	1137	0x20001100	uint16_t	
[2177]	1123	0x20001102	uint16_t	
[2178]	972	0x20001104	uint16_t	
[2179]	1014	0x20001106	uint16_t	
[2180]	1215	0x20001108	uint16_t	
[2181]	1461	0x2000110A	uint16_t	
[2182]	1537	0x2000110C	uint16_t	
[2183]	1457	0x2000110E	uint16_t	
[2184]	1228	0x20001110	uint16_t	
[2185]	1029	0x20001112	uint16_t	
[2186]	979	0x20001114	uint16_t	
[2187]	1079	0x20001116	uint16_t	
[2188]	1299	0x20001118	uint16_t	
[2189]	1629	0x2000111A	uint16_t	
[2190]	1522	0x2000111C	uint16_t	
[2191]	1381	0x2000111E	uint16_t	
[2192]	1229	0x20001120	uint16_t	
[2193]	1015	0x20001122	uint16_t	
[2194]	981	0x20001124	uint16_t	
[2195]	1181	0x20001126	uint16_t	
[2196]	1335	0x20001128	uint16_t	
[2197]	1649	0x2000112A	uint16_t	
[2198]	1499	0x2000112C	uint16_t	
[2199]	1164	0x2000112E	uint16_t	
[2200]	1186	0x20001130	uint16_t	
[2201]	1022	0x20001132	uint16_t	
[2202]	1028	0x20001134	uint16_t	
[2203]	1149	0x20001136	uint16_t	
[2204]	1366	0x20001138	uint16_t	
[2205]	1600	0x2000113A	uint16_t	
[2206]	1462	0x2000113C	uint16_t	
[2207]	1279	0x2000113E	uint16_t	
[2208]	1132	0x20001140	uint16_t	
[2209]	1020	0x20001142	uint16_t	
[2210]	1050	0x20001144	uint16_t	
[2211]	1204	0x20001146	uint16_t	
[2212]	1378	0x20001148	uint16_t	
[2213]	1574	0x2000114A	uint16_t	
[2214]	1318	0x2000114C	uint16_t	
[2215]	1313	0x2000114E	uint16_t	
[2216]	1117	0x20001150	uint16_t	
[2217]	1034	0x20001152	uint16_t	
[2218]	1093	0x20001154	uint16_t	
[2219]	1259	0x20001156	uint16_t	
[2220]	1446	0x20001158	uint16_t	
[2221]	1513	0x2000115A	uint16_t	
[2222]	1200	0x2000115C	uint16_t	
[2223]	1270	0x2000115E	uint16_t	
[2224]	1083	0x20001160	uint16_t	
[2225]	1041	0x20001162	uint16_t	
[2226]	1125	0x20001164	uint16_t	
[2227]	1285	0x20001166	uint16_t	
[2228]	1469	0x20001168	uint16_t	
[2229]	1486	0x2000116A	uint16_t	
[2230]	1203	0x2000116C	uint16_t	
[2231]	1191	0x2000116E	uint16_t	
[2232]	1043	0x20001170	uint16_t	
[2233]	1028	0x20001172	uint16_t	
[2234]	1152	0x20001174	uint16_t	
[2235]	1347	0x20001176	uint16_t	
[2236]	1631	0x20001178	uint16_t	
[2237]	1468	0x2000117A	uint16_t	
[2238]	1240	0x2000117C	uint16_t	
[2239]	1142	0x2000117E	uint16_t	
[2240]	1026	0x20001180	uint16_t	
[2241]	1037	0x20001182	uint16_t	
[2242]	1198	0x20001184	uint16_t	
[2243]	1390	0x20001186	uint16_t	
[2244]	1583	0x20001188	uint16_t	
[2245]	1415	0x2000118A	uint16_t	
[2246]	1320	0x2000118C	uint16_t	
[2247]	1109	0x2000118E	uint16_t	
[2248]	1032	0x20001190	uint16_t	
[2249]	1090	0x20001192	uint16_t	
[2250]	1280	0x20001194	uint16_t	
[2251]	1427	0x20001196	uint16_t	
[2252]	1521	0x20001198	uint16_t	
[2253]	1200	0x2000119A	uint16_t	
[2254]	1218	0x2000119C	uint16_t	
[2255]	1101	0x2000119E	uint16_t	
[2256]	1044	0x200011A0	uint16_t	
[2257]	1159	0x200011A2	uint16_t	
[2258]	1346	0x200011A4	uint16_t	
[2259]	1568	0x200011A6	uint16_t	
[2260]	1433	0x200011A8	uint16_t	
[2261]	1333	0x200011AA	uint16_t	
[2262]	1138	0x200011AC	uint16_t	
[2263]	1054	0x200011AE	uint16_t	
[2264]	1103	0x200011B0	uint16_t	
[2265]	1231	0x200011B2	uint16_t	
[2266]	1392	0x200011B4	uint16_t	
[2267]	1604	0x200011B6	uint16_t	
[2268]	1181	0x200011B8	uint16_t	
[2269]	1266	0x200011BA	uint16_t	
[2270]	1096	0x200011BC	uint16_t	
[2271]	1052	0x200011BE	uint16_t	
[2272]	1144	0x200011C0	uint16_t	
[2273]	1295	0x200011C2	uint16_t	
[2274]	1423	0x200011C4	uint16_t	
[2275]	1420	0x200011C6	uint16_t	
[2276]	1329	0x200011C8	uint16_t	
[2277]	1185	0x200011CA	uint16_t	
[2278]	1069	0x200011CC	uint16_t	
[2279]	1123	0x200011CE	uint16_t	
[2280]	1212	0x200011D0	uint16_t	
[2281]	1332	0x200011D2	uint16_t	
[2282]	1393	0x200011D4	uint16_t	
[2283]	1347	0x200011D6	uint16_t	
[2284]	1257	0x200011D8	uint16_t	
[2285]	1172	0x200011DA	uint16_t	
[2286]	1169	0x200011DC	uint16_t	
[2287]	1173	0x200011DE	uint16_t	
[2288]	1261	0x200011E0	uint16_t	
[2289]	1326	0x200011E2	uint16_t	
[2290]	1334	0x200011E4	uint16_t	
[2291]	1294	0x200011E6	uint16_t	
[2292]	1228	0x200011E8	uint16_t	
[2293]	1177	0x200011EA	uint16_t	
[2294]	1185	0x200011EC	uint16_t	
[2295]	1233	0x200011EE	uint16_t	
[2296]	1292	0x200011F0	uint16_t	
[2297]	1340	0x200011F2	uint16_t	
[2298]	1303	0x200011F4	uint16_t	
[2299]	1259	0x200011F6	uint16_t	
[2300]	1217	0x200011F8	uint16_t	
[2301]	1193	0x200011FA	uint16_t	
[2302]	1195	0x200011FC	uint16_t	
[2303]	1230	0x200011FE	uint16_t	
[2304]	1289	0x20001200	uint16_t	
[2305]	1230	0x20001202	uint16_t	
[2306]	1309	0x20001204	uint16_t	
[2307]	1280	0x20001206	uint16_t	
[2308]	1224	0x20001208	uint16_t	
[2309]	1207	0x2000120A	uint16_t	
[2310]	1212	0x2000120C	uint16_t	
[2311]	1226	0x2000120E	uint16_t	
[2312]	1263	0x20001210	uint16_t	
[2313]	1280	0x20001212	uint16_t	
[2314]	1306	0x20001214	uint16_t	
[2315]	1292	0x20001216	uint16_t	
[2316]	1248	0x20001218	uint16_t	
[2317]	1186	0x2000121A	uint16_t	
[2318]	1205	0x2000121C	uint16_t	
[2319]	1222	0x2000121E	uint16_t	
[2320]	1265	0x20001220	uint16_t	
[2321]	1315	0x20001222	uint16_t	
[2322]	1313	0x20001224	uint16_t	
[2323]	1276	0x20001226	uint16_t	
[2324]	1244	0x20001228	uint16_t	
[2325]	1198	0x2000122A	uint16_t	
[2326]	1180	0x2000122C	uint16_t	
[2327]	1222	0x2000122E	uint16_t	
[2328]	1278	0x20001230	uint16_t	
[2329]	1325	0x20001232	uint16_t	
[2330]	1313	0x20001234	uint16_t	
[2331]	1276	0x20001236	uint16_t	
[2332]	1221	0x20001238	uint16_t	
[2333]	1109	0x2000123A	uint16_t	
[2334]	1199	0x2000123C	uint16_t	
[2335]	1229	0x2000123E	uint16_t	
[2336]	1292	0x20001240	uint16_t	
[2337]	1318	0x20001242	uint16_t	
[2338]	1310	0x20001244	uint16_t	
[2339]	1249	0x20001246	uint16_t	
[2340]	1199	0x20001248	uint16_t	
[2341]	1186	0x2000124A	uint16_t	
[2342]	1217	0x2000124C	uint16_t	
[2343]	1264	0x2000124E	uint16_t	
[2344]	1313	0x20001250	uint16_t	
[2345]	1330	0x20001252	uint16_t	
[2346]	1280	0x20001254	uint16_t	
[2347]	1220	0x20001256	uint16_t	
[2348]	1153	0x20001258	uint16_t	
[2349]	1178	0x2000125A	uint16_t	
[2350]	1223	0x2000125C	uint16_t	
[2351]	1285	0x2000125E	uint16_t	
[2352]	1317	0x20001260	uint16_t	
[2353]	1319	0x20001262	uint16_t	
[2354]	1279	0x20001264	uint16_t	
[2355]	1229	0x20001266	uint16_t	
[2356]	1181	0x20001268	uint16_t	
[2357]	1171	0x2000126A	uint16_t	
[2358]	1228	0x2000126C	uint16_t	
[2359]	1295	0x2000126E	uint16_t	
[2360]	1297	0x20001270	uint16_t	
[2361]	1288	0x20001272	uint16_t	
[2362]	1261	0x20001274	uint16_t	
[2363]	1219	0x20001276	uint16_t	
[2364]	1196	0x20001278	uint16_t	
[2365]	1212	0x2000127A	uint16_t	
[2366]	1243	0x2000127C	uint16_t	
[2367]	1282	0x2000127E	uint16_t	
[2368]	1306	0x20001280	uint16_t	
[2369]	1288	0x20001282	uint16_t	
[2370]	1260	0x20001284	uint16_t	
[2371]	1217	0x20001286	uint16_t	
[2372]	1212	0x20001288	uint16_t	
[2373]	1229	0x2000128A	uint16_t	
[2374]	1244	0x2000128C	uint16_t	
[2375]	1274	0x2000128E	uint16_t	
[2376]	1283	0x20001290	uint16_t	
[2377]	1286	0x20001292	uint16_t	
[2378]	1278	0x20001294	uint16_t	
[2379]	1233	0x20001296	uint16_t	
[2380]	1195	0x20001298	uint16_t	
[2381]	1209	0x2000129A	uint16_t	
[2382]	1236	0x2000129C	uint16_t	
[2383]	1283	0x2000129E	uint16_t	
[2384]	1316	0x200012A0	uint16_t	
[2385]	1302	0x200012A2	uint16_t	
[2386]	1268	0x200012A4	uint16_t	
[2387]	1214	0x200012A6	uint16_t	
[2388]	1087	0x200012A8	uint16_t	
[2389]	1172	0x200012AA	uint16_t	
[2390]	1237	0x200012AC	uint16_t	
[2391]	1317	0x200012AE	uint16_t	
[2392]	1348	0x200012B0	uint16_t	
[2393]	1324	0x200012B2	uint16_t	
[2394]	1250	0x200012B4	uint16_t	
[2395]	1176	0x200012B6	uint16_t	
[2396]	1163	0x200012B8	uint16_t	
[2397]	1228	0x200012BA	uint16_t	
[2398]	1278	0x200012BC	uint16_t	
[2399]	1338	0x200012BE	uint16_t	
[2400]	1355	0x200012C0	uint16_t	
[2401]	1288	0x200012C2	uint16_t	
[2402]	1215	0x200012C4	uint16_t	
[2403]	1155	0x200012C6	uint16_t	
[2404]	1150	0x200012C8	uint16_t	
[2405]	1221	0x200012CA	uint16_t	
[2406]	1300	0x200012CC	uint16_t	
[2407]	1347	0x200012CE	uint16_t	
[2408]	1338	0x200012D0	uint16_t	
[2409]	1260	0x200012D2	uint16_t	
[2410]	1182	0x200012D4	uint16_t	
[2411]	1163	0x200012D6	uint16_t	
[2412]	1183	0x200012D8	uint16_t	
[2413]	1247	0x200012DA	uint16_t	
[2414]	1307	0x200012DC	uint16_t	
[2415]	1350	0x200012DE	uint16_t	
[2416]	1319	0x200012E0	uint16_t	
[2417]	1252	0x200012E2	uint16_t	
[2418]	1186	0x200012E4	uint16_t	
[2419]	1175	0x200012E6	uint16_t	
[2420]	1202	0x200012E8	uint16_t	
[2421]	1269	0x200012EA	uint16_t	
[2422]	1310	0x200012EC	uint16_t	
[2423]	1329	0x200012EE	uint16_t	
[2424]	1287	0x200012F0	uint16_t	
[2425]	1220	0x200012F2	uint16_t	
[2426]	1188	0x200012F4	uint16_t	
[2427]	1173	0x200012F6	uint16_t	
[2428]	1205	0x200012F8	uint16_t	
[2429]	1272	0x200012FA	uint16_t	
[2430]	1320	0x200012FC	uint16_t	
[2431]	1338	0x200012FE	uint16_t	
[2432]	1274	0x20001300	uint16_t	
[2433]	1222	0x20001302	uint16_t	
[2434]	1180	0x20001304	uint16_t	
[2435]	1187	0x20001306	uint16_t	
[2436]	1227	0x20001308	uint16_t	
[2437]	1282	0x2000130A	uint16_t	
[2438]	1311	0x2000130C	uint16_t	
[2439]	1303	0x2000130E	uint16_t	
[2440]	1275	0x20001310	uint16_t	
[2441]	1213	0x20001312	uint16_t	
[2442]	1195	0x20001314	uint16_t	
[2443]	1125	0x20001316	uint16_t	
[2444]	1245	0x20001318	uint16_t	
[2445]	1288	0x2000131A	uint16_t	
[2446]	1304	0x2000131C	uint16_t	
[2447]	1288	0x2000131E	uint16_t	
[2448]	1256	0x20001320	uint16_t	
[2449]	1238	0x20001322	uint16_t	
[2450]	1215	0x20001324	uint16_t	
[2451]	1221	0x20001326	uint16_t	
[2452]	1237	0x20001328	uint16_t	
[2453]	1277	0x2000132A	uint16_t	
[2454]	1288	0x2000132C	uint16_t	
[2455]	1270	0x2000132E	uint16_t	
[2456]	1253	0x20001330	uint16_t	
[2457]	1241	0x20001332	uint16_t	
[2458]	1236	0x20001334	uint16_t	
[2459]	1239	0x20001336	uint16_t	
[2460]	1254	0x20001338	uint16_t	
[2461]	1262	0x2000133A	uint16_t	
[2462]	1258	0x2000133C	uint16_t	
[2463]	1264	0x2000133E	uint16_t	
[2464]	1273	0x20001340	uint16_t	
[2465]	1254	0x20001342	uint16_t	
[2466]	1233	0x20001344	uint16_t	
[2467]	1245	0x20001346	uint16_t	
[2468]	1250	0x20001348	uint16_t	
[2469]	1257	0x2000134A	uint16_t	
[2470]	1248	0x2000134C	uint16_t	
[2471]	1351	0x2000134E	uint16_t	
[2472]	1266	0x20001350	uint16_t	
[2473]	1242	0x20001352	uint16_t	
[2474]	1261	0x20001354	uint16_t	
[2475]	1239	0x20001356	uint16_t	
[2476]	1227	0x20001358	uint16_t	
[2477]	1232	0x2000135A	uint16_t	
[2478]	1239	0x2000135C	uint16_t	
[2479]	1259	0x2000135E	uint16_t	
[2480]	1273	0x20001360	uint16_t	
[2481]	1276	0x20001362	uint16_t	
[2482]	1260	0x20001364	uint16_t	
[2483]	1240	0x20001366	uint16_t	
[2484]	1215	0x20001368	uint16_t	
[2485]	1217	0x2000136A	uint16_t	
[2486]	1245	0x2000136C	uint16_t	
[2487]	1268	0x2000136E	uint16_t	
[2488]	1294	0x20001370	uint16_t	
[2489]	1294	0x20001372	uint16_t	
[2490]	1266	0x20001374	uint16_t	
[2491]	1222	0x20001376	uint16_t	
[2492]	1204	0x20001378	uint16_t	
[2493]	1214	0x2000137A	uint16_t	
[2494]	1283	0x2000137C	uint16_t	
[2495]	1286	0x2000137E	uint16_t	
[2496]	1296	0x20001380	uint16_t	
[2497]	1289	0x20001382	uint16_t	
[2498]	1249	0x20001384	uint16_t	
[2499]	1204	0x20001386	uint16_t	
[2500]	1198	0x20001388	uint16_t	
[2501]	1231	0x2000138A	uint16_t	
[2502]	1262	0x2000138C	uint16_t	
[2503]	1313	0x2000138E	uint16_t	
[2504]	1315	0x20001390	uint16_t	
[2505]	1274	0x20001392	uint16_t	
[2506]	1231	0x20001394	uint16_t	
[2507]	1217	0x20001396	uint16_t	
[2508]	1210	0x20001398	uint16_t	
[2509]	1238	0x2000139A	uint16_t	
[2510]	1265	0x2000139C	uint16_t	
[2511]	1287	0x2000139E	uint16_t	
[2512]	1273	0x200013A0	uint16_t	
[2513]	1260	0x200013A2	uint16_t	
[2514]	1228	0x200013A4	uint16_t	
[2515]	1214	0x200013A6	uint16_t	
[2516]	1238	0x200013A8	uint16_t	
[2517]	1261	0x200013AA	uint16_t	
[2518]	1255	0x200013AC	uint16_t	
[2519]	1255	0x200013AE	uint16_t	
[2520]	1257	0x200013B0	uint16_t	
[2521]	1247	0x200013B2	uint16_t	
[2522]	1257	0x200013B4	uint16_t	
[2523]	1256	0x200013B6	uint16_t	
[2524]	1258	0x200013B8	uint16_t	
[2525]	1241	0x200013BA	uint16_t	
[2526]	1250	0x200013BC	uint16_t	
[2527]	1242	0x200013BE	uint16_t	
[2528]	1245	0x200013C0	uint16_t	
[2529]	1253	0x200013C2	uint16_t	
[2530]	1259	0x200013C4	uint16_t	
[2531]	1254	0x200013C6	uint16_t	
[2532]	1246	0x200013C8	uint16_t	
[2533]	1250	0x200013CA	uint16_t	
[2534]	1231	0x200013CC	uint16_t	
[2535]	1229	0x200013CE	uint16_t	
[2536]	1247	0x200013D0	uint16_t	
[2537]	1254	0x200013D2	uint16_t	
[2538]	1285	0x200013D4	uint16_t	
[2539]	1272	0x200013D6	uint16_t	
[2540]	1262	0x200013D8	uint16_t	
[2541]	1237	0x200013DA	uint16_t	
[2542]	1232	0x200013DC	uint16_t	
[2543]	1235	0x200013DE	uint16_t	
[2544]	1251	0x200013E0	uint16_t	
[2545]	1265	0x200013E2	uint16_t	
[2546]	1287	0x200013E4	uint16_t	
[2547]	1270	0x200013E6	uint16_t	
[2548]	1252	0x200013E8	uint16_t	
[2549]	1235	0x200013EA	uint16_t	
[2550]	1223	0x200013EC	uint16_t	
[2551]	1226	0x200013EE	uint16_t	
[2552]	1252	0x200013F0	uint16_t	
[2553]	1270	0x200013F2	uint16_t	
[2554]	1286	0x200013F4	uint16_t	
[2555]	1269	0x200013F6	uint16_t	
[2556]	1247	0x200013F8	uint16_t	
[2557]	1209	0x200013FA	uint16_t	
[2558]	1198	0x200013FC	uint16_t	
[2559]	1228	0x200013FE	uint16_t	
[2560]	1277	0x20001400	uint16_t	
[2561]	1306	0x20001402	uint16_t	
[2562]	1308	0x20001404	uint16_t	
[2563]	1263	0x20001406	uint16_t	
[2564]	1226	0x20001408	uint16_t	
[2565]	1189	0x2000140A	uint16_t	
[2566]	1197	0x2000140C	uint16_t	
[2567]	1250	0x2000140E	uint16_t	
[2568]	1303	0x20001410	uint16_t	
[2569]	1323	0x20001412	uint16_t	
[2570]	1298	0x20001414	uint16_t	
[2571]	1252	0x20001416	uint16_t	
[2572]	1197	0x20001418	uint16_t	
[2573]	1187	0x2000141A	uint16_t	
[2574]	1208	0x2000141C	uint16_t	
[2575]	1273	0x2000141E	uint16_t	
[2576]	1322	0x20001420	uint16_t	
[2577]	1319	0x20001422	uint16_t	
[2578]	1279	0x20001424	uint16_t	
[2579]	1220	0x20001426	uint16_t	
[2580]	1184	0x20001428	uint16_t	
[2581]	1196	0x2000142A	uint16_t	
[2582]	1252	0x2000142C	uint16_t	
[2583]	1297	0x2000142E	uint16_t	
[2584]	1306	0x20001430	uint16_t	
[2585]	1292	0x20001432	uint16_t	
[2586]	1244	0x20001434	uint16_t	
[2587]	1208	0x20001436	uint16_t	
[2588]	1197	0x20001438	uint16_t	
[2589]	1227	0x2000143A	uint16_t	
[2590]	1273	0x2000143C	uint16_t	
[2591]	1293	0x2000143E	uint16_t	
[2592]	1289	0x20001440	uint16_t	
[2593]	1262	0x20001442	uint16_t	
[2594]	1221	0x20001444	uint16_t	
[2595]	1204	0x20001446	uint16_t	
[2596]	1225	0x20001448	uint16_t	
[2597]	1256	0x2000144A	uint16_t	
[2598]	1288	0x2000144C	uint16_t	
[2599]	1288	0x2000144E	uint16_t	
[2600]	1267	0x20001450	uint16_t	
[2601]	1250	0x20001452	uint16_t	
[2602]	1229	0x20001454	uint16_t	
[2603]	1220	0x20001456	uint16_t	
[2604]	1231	0x20001458	uint16_t	
[2605]	1268	0x2000145A	uint16_t	
[2606]	1272	0x2000145C	uint16_t	
[2607]	1277	0x2000145E	uint16_t	
[2608]	1262	0x20001460	uint16_t	
[2609]	1243	0x20001462	uint16_t	
[2610]	1226	0x20001464	uint16_t	
[2611]	1229	0x20001466	uint16_t	
[2612]	1253	0x20001468	uint16_t	
[2613]	1267	0x2000146A	uint16_t	
[2614]	1277	0x2000146C	uint16_t	
[2615]	1269	0x2000146E	uint16_t	
[2616]	1250	0x20001470	uint16_t	
[2617]	1231	0x20001472	uint16_t	
[2618]	1224	0x20001474	uint16_t	
[2619]	1239	0x20001476	uint16_t	
[2620]	1262	0x20001478	uint16_t	
[2621]	1272	0x2000147A	uint16_t	
[2622]	1263	0x2000147C	uint16_t	
[2623]	1248	0x2000147E	uint16_t	
[2624]	1240	0x20001480	uint16_t	
[2625]	1230	0x20001482	uint16_t	
[2626]	1238	0x20001484	uint16_t	
[2627]	1251	0x20001486	uint16_t	
[2628]	1266	0x20001488	uint16_t	
[2629]	1269	0x2000148A	uint16_t	
[2630]	1261	0x2000148C	uint16_t	
[2631]	1243	0x2000148E	uint16_t	
[2632]	1239	0x20001490	uint16_t	
[2633]	1241	0x20001492	uint16_t	
[2634]	1248	0x20001494	uint16_t	
[2635]	1253	0x20001496	uint16_t	
[2636]	1269	0x20001498	uint16_t	
[2637]	1269	0x2000149A	uint16_t	
[2638]	1263	0x2000149C	uint16_t	
[2639]	1244	0x2000149E	uint16_t	
[2640]	1231	0x200014A0	uint16_t	
[2641]	1237	0x200014A2	uint16_t	
[2642]	1246	0x200014A4	uint16_t	
[2643]	1248	0x200014A6	uint16_t	
[2644]	1255	0x200014A8	uint16_t	
[2645]	1260	0x200014AA	uint16_t	
[2646]	1253	0x200014AC	uint16_t	
[2647]	1244	0x200014AE	uint16_t	
[2648]	1240	0x200014B0	uint16_t	
[2649]	1241	0x200014B2	uint16_t	
[2650]	1246	0x200014B4	uint16_t	
[2651]	1248	0x200014B6	uint16_t	
[2652]	1261	0x200014B8	uint16_t	
[2653]	1260	0x200014BA	uint16_t	
[2654]	1263	0x200014BC	uint16_t	
[2655]	1244	0x200014BE	uint16_t	
[2656]	1241	0x200014C0	uint16_t	
[2657]	1247	0x200014C2	uint16_t	
[2658]	1259	0x200014C4	uint16_t	
[2659]	1266	0x200014C6	uint16_t	
[2660]	1266	0x200014C8	uint16_t	
[2661]	1255	0x200014CA	uint16_t	
[2662]	1247	0x200014CC	uint16_t	
[2663]	1252	0x200014CE	uint16_t	
[2664]	1241	0x200014D0	uint16_t	
[2665]	1252	0x200014D2	uint16_t	
[2666]	1250	0x200014D4	uint16_t	
[2667]	1253	0x200014D6	uint16_t	
[2668]	1249	0x200014D8	uint16_t	
[2669]	1254	0x200014DA	uint16_t	
[2670]	1239	0x200014DC	uint16_t	
[2671]	1257	0x200014DE	uint16_t	
[2672]	1257	0x200014E0	uint16_t	
[2673]	1261	0x200014E2	uint16_t	
[2674]	1244	0x200014E4	uint16_t	
[2675]	1248	0x200014E6	uint16_t	
[2676]	1255	0x200014E8	uint16_t	
[2677]	1257	0x200014EA	uint16_t	
[2678]	1252	0x200014EC	uint16_t	
[2679]	1260	0x200014EE	uint16_t	
[2680]	1256	0x200014F0	uint16_t	
[2681]	1247	0x200014F2	uint16_t	
[2682]	1236	0x200014F4	uint16_t	
[2683]	1242	0x200014F6	uint16_t	
[2684]	1243	0x200014F8	uint16_t	
[2685]	1256	0x200014FA	uint16_t	
[2686]	1262	0x200014FC	uint16_t	
[2687]	1262	0x200014FE	uint16_t	
[2688]	1256	0x20001500	uint16_t	
[2689]	1243	0x20001502	uint16_t	
[2690]	1239	0x20001504	uint16_t	
[2691]	1235	0x20001506	uint16_t	
[2692]	1253	0x20001508	uint16_t	
[2693]	1266	0x2000150A	uint16_t	
[2694]	1277	0x2000150C	uint16_t	
[2695]	1268	0x2000150E	uint16_t	
[2696]	1246	0x20001510	uint16_t	
[2697]	1233	0x20001512	uint16_t	
[2698]	1211	0x20001514	uint16_t	
[2699]	1242	0x20001516	uint16_t	
[2700]	1249	0x20001518	uint16_t	
[2701]	1273	0x2000151A	uint16_t	
[2702]	1290	0x2000151C	uint16_t	
[2703]	1262	0x2000151E	uint16_t	
[2704]	1238	0x20001520	uint16_t	
[2705]	1214	0x20001522	uint16_t	
[2706]	1222	0x20001524	uint16_t	
[2707]	1242	0x20001526	uint16_t	
[2708]	1282	0x20001528	uint16_t	
[2709]	1294	0x2000152A	uint16_t	
[2710]	1287	0x2000152C	uint16_t	
[2711]	1244	0x2000152E	uint16_t	
[2712]	1223	0x20001530	uint16_t	
[2713]	1204	0x20001532	uint16_t	
[2714]	1226	0x20001534	uint16_t	
[2715]	1259	0x20001536	uint16_t	
[2716]	1291	0x20001538	uint16_t	
[2717]	1294	0x2000153A	uint16_t	
[2718]	1275	0x2000153C	uint16_t	
[2719]	1237	0x2000153E	uint16_t	
[2720]	1173	0x20001540	uint16_t	
[2721]	1208	0x20001542	uint16_t	
[2722]	1239	0x20001544	uint16_t	
[2723]	1278	0x20001546	uint16_t	
[2724]	1289	0x20001548	uint16_t	
[2725]	1276	0x2000154A	uint16_t	
[2726]	1242	0x2000154C	uint16_t	
[2727]	1220	0x2000154E	uint16_t	
[2728]	1209	0x20001550	uint16_t	
[2729]	1236	0x20001552	uint16_t	
[2730]	1252	0x20001554	uint16_t	
[2731]	1278	0x20001556	uint16_t	
[2732]	1276	0x20001558	uint16_t	
[2733]	1256	0x2000155A	uint16_t	
[2734]	1241	0x2000155C	uint16_t	
[2735]	1236	0x2000155E	uint16_t	
[2736]	1240	0x20001560	uint16_t	
[2737]	1261	0x20001562	uint16_t	
[2738]	1261	0x20001564	uint16_t	
[2739]	1274	0x20001566	uint16_t	
[2740]	1253	0x20001568	uint16_t	
[2741]	1249	0x2000156A	uint16_t	
[2742]	1240	0x2000156C	uint16_t	
[2743]	1248	0x2000156E	uint16_t	
[2744]	1254	0x20001570	uint16_t	
[2745]	1267	0x20001572	uint16_t	
[2746]	1254	0x20001574	uint16_t	
[2747]	1247	0x20001576	uint16_t	
[2748]	1253	0x20001578	uint16_t	
[2749]	1246	0x2000157A	uint16_t	
[2750]	1242	0x2000157C	uint16_t	
[2751]	1259	0x2000157E	uint16_t	
[2752]	1248	0x20001580	uint16_t	
[2753]	1247	0x20001582	uint16_t	
[2754]	1244	0x20001584	uint16_t	
[2755]	1245	0x20001586	uint16_t	
[2756]	1250	0x20001588	uint16_t	
[2757]	1268	0x2000158A	uint16_t	
[2758]	1273	0x2000158C	uint16_t	
[2759]	1262	0x2000158E	uint16_t	
[2760]	1248	0x20001590	uint16_t	
[2761]	1229	0x20001592	uint16_t	
[2762]	1225	0x20001594	uint16_t	
[2763]	1236	0x20001596	uint16_t	
[2764]	1248	0x20001598	uint16_t	
[2765]	1267	0x2000159A	uint16_t	
[2766]	1268	0x2000159C	uint16_t	
[2767]	1253	0x2000159E	uint16_t	
[2768]	1235	0x200015A0	uint16_t	
[2769]	1228	0x200015A2	uint16_t	
[2770]	1240	0x200015A4	uint16_t	
[2771]	1256	0x200015A6	uint16_t	
[2772]	1272	0x200015A8	uint16_t	
[2773]	1278	0x200015AA	uint16_t	
[2774]	1251	0x200015AC	uint16_t	
[2775]	1230	0x200015AE	uint16_t	
[2776]	1222	0x200015B0	uint16_t	
[2777]	1228	0x200015B2	uint16_t	
[2778]	1252	0x200015B4	uint16_t	
[2779]	1274	0x200015B6	uint16_t	
[2780]	1274	0x200015B8	uint16_t	
[2781]	1263	0x200015BA	uint16_t	
[2782]	1242	0x200015BC	uint16_t	
[2783]	1238	0x200015BE	uint16_t	
[2784]	1253	0x200015C0	uint16_t	
[2785]	1269	0x200015C2	uint16_t	
[2786]	1280	0x200015C4	uint16_t	
[2787]	1257	0x200015C6	uint16_t	
[2788]	1241	0x200015C8	uint16_t	
[2789]	1214	0x200015CA	uint16_t	
[2790]	1215	0x200015CC	uint16_t	
[2791]	1243	0x200015CE	uint16_t	
[2792]	1281	0x200015D0	uint16_t	
[2793]	1288	0x200015D2	uint16_t	
[2794]	1275	0x200015D4	uint16_t	
[2795]	1238	0x200015D6	uint16_t	
[2796]	1215	0x200015D8	uint16_t	
[2797]	1219	0x200015DA	uint16_t	
[2798]	1252	0x200015DC	uint16_t	
[2799]	1283	0x200015DE	uint16_t	
[2800]	1307	0x200015E0	uint16_t	
[2801]	1282	0x200015E2	uint16_t	
[2802]	1246	0x200015E4	uint16_t	
[2803]	1206	0x200015E6	uint16_t	
[2804]	1196	0x200015E8	uint16_t	
[2805]	1231	0x200015EA	uint16_t	
[2806]	1271	0x200015EC	uint16_t	
[2807]	1295	0x200015EE	uint16_t	
[2808]	1302	0x200015F0	uint16_t	
[2809]	1262	0x200015F2	uint16_t	
[2810]	1221	0x200015F4	uint16_t	
[2811]	1201	0x200015F6	uint16_t	
[2812]	1214	0x200015F8	uint16_t	
[2813]	1250	0x200015FA	uint16_t	
[2814]	1293	0x200015FC	uint16_t	
[2815]	1294	0x200015FE	uint16_t	
[2816]	1268	0x20001600	uint16_t	
[2817]	1233	0x20001602	uint16_t	
[2818]	1201	0x20001604	uint16_t	
[2819]	1211	0x20001606	uint16_t	
[2820]	1230	0x20001608	uint16_t	
[2821]	1277	0x2000160A	uint16_t	
[2822]	1295	0x2000160C	uint16_t	
[2823]	1292	0x2000160E	uint16_t	
[2824]	1257	0x20001610	uint16_t	
[2825]	1230	0x20001612	uint16_t	
[2826]	1217	0x20001614	uint16_t	
[2827]	1235	0x20001616	uint16_t	
[2828]	1253	0x20001618	uint16_t	
[2829]	1279	0x2000161A	uint16_t	
[2830]	1282	0x2000161C	uint16_t	
[2831]	1278	0x2000161E	uint16_t	
[2832]	1239	0x20001620	uint16_t	
[2833]	1232	0x20001622	uint16_t	
[2834]	1215	0x20001624	uint16_t	
[2835]	1235	0x20001626	uint16_t	
[2836]	1251	0x20001628	uint16_t	
[2837]	1272	0x2000162A	uint16_t	
[2838]	1280	0x2000162C	uint16_t	
[2839]	1270	0x2000162E	uint16_t	
[2840]	1239	0x20001630	uint16_t	
[2841]	1224	0x20001632	uint16_t	
[2842]	1221	0x20001634	uint16_t	
[2843]	1234	0x20001636	uint16_t	
[2844]	1256	0x20001638	uint16_t	
[2845]	1262	0x2000163A	uint16_t	
[2846]	1269	0x2000163C	uint16_t	
[2847]	1262	0x2000163E	uint16_t	
[2848]	1250	0x20001640	uint16_t	
[2849]	1232	0x20001642	uint16_t	
[2850]	1240	0x20001644	uint16_t	
[2851]	1248	0x20001646	uint16_t	
[2852]	1266	0x20001648	uint16_t	
[2853]	1274	0x2000164A	uint16_t	
[2854]	1264	0x2000164C	uint16_t	
[2855]	1255	0x2000164E	uint16_t	
[2856]	1246	0x20001650	uint16_t	
[2857]	1237	0x20001652	uint16_t	
[2858]	1246	0x20001654	uint16_t	
[2859]	1244	0x20001656	uint16_t	
[2860]	1256	0x20001658	uint16_t	
[2861]	1264	0x2000165A	uint16_t	
[2862]	1254	0x2000165C	uint16_t	
[2863]	1253	0x2000165E	uint16_t	
[2864]	1247	0x20001660	uint16_t	
[2865]	1250	0x20001662	uint16_t	
[2866]	1249	0x20001664	uint16_t	
[2867]	1247	0x20001666	uint16_t	
[2868]	1250	0x20001668	uint16_t	
[2869]	1250	0x2000166A	uint16_t	
[2870]	1250	0x2000166C	uint16_t	
[2871]	1240	0x2000166E	uint16_t	
[2872]	1247	0x20001670	uint16_t	
[2873]	1244	0x20001672	uint16_t	
[2874]	1247	0x20001674	uint16_t	
[2875]	1252	0x20001676	uint16_t	
[2876]	1255	0x20001678	uint16_t	
[2877]	1271	0x2000167A	uint16_t	
[2878]	1277	0x2000167C	uint16_t	
[2879]	1253	0x2000167E	uint16_t	
[2880]	1211	0x20001680	uint16_t	
[2881]	1194	0x20001682	uint16_t	
[2882]	1238	0x20001684	uint16_t	
[2883]	1298	0x20001686	uint16_t	
[2884]	1352	0x20001688	uint16_t	
[2885]	1329	0x2000168A	uint16_t	
[2886]	1220	0x2000168C	uint16_t	
[2887]	1123	0x2000168E	uint16_t	
[2888]	1094	0x20001690	uint16_t	
[2889]	1161	0x20001692	uint16_t	
[2890]	1324	0x20001694	uint16_t	
[2891]	1507	0x20001696	uint16_t	
[2892]	1452	0x20001698	uint16_t	
[2893]	1294	0x2000169A	uint16_t	
[2894]	1106	0x2000169C	uint16_t	
[2895]	996	0x2000169E	uint16_t	
[2896]	1046	0x200016A0	uint16_t	
[2897]	1253	0x200016A2	uint16_t	
[2898]	1538	0x200016A4	uint16_t	
[2899]	1545	0x200016A6	uint16_t	
[2900]	1434	0x200016A8	uint16_t	
[2901]	1194	0x200016AA	uint16_t	
[2902]	953	0x200016AC	uint16_t	
[2903]	930	0x200016AE	uint16_t	
[2904]	1130	0x200016B0	uint16_t	
[2905]	1442	0x200016B2	uint16_t	
[2906]	1598	0x200016B4	uint16_t	
[2907]	1546	0x200016B6	uint16_t	
[2908]	1122	0x200016B8	uint16_t	
[2909]	1042	0x200016BA	uint16_t	
[2910]	871	0x200016BC	uint16_t	
[2911]	978	0x200016BE	uint16_t	
[2912]	1272	0x200016C0	uint16_t	
[2913]	1691	0x200016C2	uint16_t	
[2914]	1604	0x200016C4	uint16_t	
[2915]	1474	0x200016C6	uint16_t	
[2916]	1116	0x200016C8	uint16_t	
[2917]	937	0x200016CA	uint16_t	
[2918]	912	0x200016CC	uint16_t	
[2919]	1117	0x200016CE	uint16_t	
[2920]	1440	0x200016D0	uint16_t	
[2921]	1599	0x200016D2	uint16_t	
[2922]	1555	0x200016D4	uint16_t	
[2923]	1137	0x200016D6	uint16_t	
[2924]	1049	0x200016D8	uint16_t	
[2925]	901	0x200016DA	uint16_t	
[2926]	990	0x200016DC	uint16_t	
[2927]	1263	0x200016DE	uint16_t	
[2928]	1678	0x200016E0	uint16_t	
[2929]	1569	0x200016E2	uint16_t	
[2930]	1457	0x200016E4	uint16_t	
[2931]	1161	0x200016E6	uint16_t	
[2932]	972	0x200016E8	uint16_t	
[2933]	951	0x200016EA	uint16_t	
[2934]	1135	0x200016EC	uint16_t	
[2935]	1404	0x200016EE	uint16_t	
[2936]	1556	0x200016F0	uint16_t	
[2937]	1471	0x200016F2	uint16_t	
[2938]	1226	0x200016F4	uint16_t	
[2939]	1095	0x200016F6	uint16_t	
[2940]	1051	0x200016F8	uint16_t	
[2941]	1133	0x200016FA	uint16_t	
[2942]	1296	0x200016FC	uint16_t	
[2943]	1402	0x200016FE	uint16_t	
[2944]	1359	0x20001700	uint16_t	
[2945]	1268	0x20001702	uint16_t	
[2946]	1193	0x20001704	uint16_t	
[2947]	1194	0x20001706	uint16_t	
[2948]	1249	0x20001708	uint16_t	
[2949]	1300	0x2000170A	uint16_t	
[2950]	1288	0x2000170C	uint16_t	
[2951]	1224	0x2000170E	uint16_t	
[2952]	1166	0x20001710	uint16_t	
[2953]	1177	0x20001712	uint16_t	
[2954]	1280	0x20001714	uint16_t	
[2955]	1395	0x20001716	uint16_t	
[2956]	1422	0x20001718	uint16_t	
[2957]	1291	0x2000171A	uint16_t	
[2958]	1119	0x2000171C	uint16_t	
[2959]	997	0x2000171E	uint16_t	
[2960]	1053	0x20001720	uint16_t	
[2961]	1280	0x20001722	uint16_t	
[2962]	1665	0x20001724	uint16_t	
[2963]	1550	0x20001726	uint16_t	
[2964]	1416	0x20001728	uint16_t	
[2965]	1146	0x2000172A	uint16_t	
[2966]	911	0x2000172C	uint16_t	
[2967]	906	0x2000172E	uint16_t	
[2968]	1160	0x20001730	uint16_t	
[2969]	1608	0x20001732	uint16_t	
[2970]	1628	0x20001734	uint16_t	
[2971]	1559	0x20001736	uint16_t	
[2972]	1055	0x20001738	uint16_t	
[2973]	956	0x2000173A	uint16_t	
[2974]	826	0x2000173C	uint16_t	
[2975]	984	0x2000173E	uint16_t	
[2976]	1343	0x20001740	uint16_t	
[2977]	1644	0x20001742	uint16_t	
[2978]	1670	0x20001744	uint16_t	
[2979]	1490	0x20001746	uint16_t	
[2980]	1043	0x20001748	uint16_t	
[2981]	836	0x2000174A	uint16_t	
[2982]	840	0x2000174C	uint16_t	
[2983]	1111	0x2000174E	uint16_t	
[2984]	1536	0x20001750	uint16_t	
[2985]	1657	0x20001752	uint16_t	
[2986]	1627	0x20001754	uint16_t	
[2987]	1261	0x20001756	uint16_t	
[2988]	999	0x20001758	uint16_t	
[2989]	815	0x2000175A	uint16_t	
[2990]	925	0x2000175C	uint16_t	
[2991]	1272	0x2000175E	uint16_t	
[2992]	1684	0x20001760	uint16_t	
[2993]	1648	0x20001762	uint16_t	
[2994]	1536	0x20001764	uint16_t	
[2995]	1046	0x20001766	uint16_t	
[2996]	909	0x20001768	uint16_t	
[2997]	821	0x2000176A	uint16_t	
[2998]	1012	0x2000176C	uint16_t	
[2999]	1390	0x2000176E	uint16_t	
adc_res	Error (col 1): Unknown or ambiguous symbol. adc_res			
NewSample	Error (col 1): Cannot take address. NewSample			
