Expression	Value	Location	Type	
Xnormal	Error (col 1): Unknown or ambiguous symbol. Xnormal			
ADC_buffer1	<array>	0x20000000	uint16_t[1024]	
[0]	55	0x20000000	uint16_t	
[1]	69	0x20000002	uint16_t	
[2]	83	0x20000004	uint16_t	
[3]	96	0x20000006	uint16_t	
[4]	106	0x20000008	uint16_t	
[5]	128	0x2000000A	uint16_t	
[6]	76	0x2000000C	uint16_t	
[7]	87	0x2000000E	uint16_t	
[8]	116	0x20000010	uint16_t	
[9]	147	0x20000012	uint16_t	
[10]	111	0x20000014	uint16_t	
[11]	152	0x20000016	uint16_t	
[12]	112	0x20000018	uint16_t	
[13]	132	0x2000001A	uint16_t	
[14]	91	0x2000001C	uint16_t	
[15]	107	0x2000001E	uint16_t	
[16]	132	0x20000020	uint16_t	
[17]	91	0x20000022	uint16_t	
[18]	107	0x20000024	uint16_t	
[19]	132	0x20000026	uint16_t	
[20]	91	0x20000028	uint16_t	
[21]	107	0x2000002A	uint16_t	
[22]	132	0x2000002C	uint16_t	
[23]	91	0x2000002E	uint16_t	
[24]	107	0x20000030	uint16_t	
[25]	132	0x20000032	uint16_t	
[26]	91	0x20000034	uint16_t	
[27]	108	0x20000036	uint16_t	
[28]	135	0x20000038	uint16_t	
[29]	108	0x2000003A	uint16_t	
[30]	135	0x2000003C	uint16_t	
[31]	108	0x2000003E	uint16_t	
[32]	136	0x20000040	uint16_t	
[33]	88	0x20000042	uint16_t	
[34]	96	0x20000044	uint16_t	
[35]	106	0x20000046	uint16_t	
[36]	128	0x20000048	uint16_t	
[37]	76	0x2000004A	uint16_t	
[38]	87	0x2000004C	uint16_t	
[39]	116	0x2000004E	uint16_t	
[40]	146	0x20000050	uint16_t	
[41]	107	0x20000052	uint16_t	
[42]	131	0x20000054	uint16_t	
[43]	88	0x20000056	uint16_t	
[44]	96	0x20000058	uint16_t	
[45]	107	0x2000005A	uint16_t	
[46]	132	0x2000005C	uint16_t	
[47]	91	0x2000005E	uint16_t	
[48]	108	0x20000060	uint16_t	
[49]	134	0x20000062	uint16_t	
[50]	104	0x20000064	uint16_t	
[51]	119	0x20000066	uint16_t	
[52]	164	0x20000068	uint16_t	
[53]	138	0x2000006A	uint16_t	
[54]	96	0x2000006C	uint16_t	
[55]	107	0x2000006E	uint16_t	
[56]	131	0x20000070	uint16_t	
[57]	88	0x20000072	uint16_t	
[58]	96	0x20000074	uint16_t	
[59]	107	0x20000076	uint16_t	
[60]	131	0x20000078	uint16_t	
[61]	89	0x2000007A	uint16_t	
[62]	98	0x2000007C	uint16_t	
[63]	115	0x2000007E	uint16_t	
[64]	144	0x20000080	uint16_t	
[65]	99	0x20000082	uint16_t	
[66]	119	0x20000084	uint16_t	
[67]	164	0x20000086	uint16_t	
[68]	139	0x20000088	uint16_t	
[69]	99	0x2000008A	uint16_t	
[70]	119	0x2000008C	uint16_t	
[71]	164	0x2000008E	uint16_t	
[72]	138	0x20000090	uint16_t	
[73]	96	0x20000092	uint16_t	
[74]	107	0x20000094	uint16_t	
[75]	130	0x20000096	uint16_t	
[76]	84	0x20000098	uint16_t	
[77]	98	0x2000009A	uint16_t	
[78]	114	0x2000009C	uint16_t	
[79]	138	0x2000009E	uint16_t	
[80]	96	0x200000A0	uint16_t	
[81]	107	0x200000A2	uint16_t	
[82]	132	0x200000A4	uint16_t	
[83]	91	0x200000A6	uint16_t	
[84]	107	0x200000A8	uint16_t	
[85]	131	0x200000AA	uint16_t	
[86]	89	0x200000AC	uint16_t	
[87]	99	0x200000AE	uint16_t	
[88]	119	0x200000B0	uint16_t	
[89]	163	0x200000B2	uint16_t	
[90]	136	0x200000B4	uint16_t	
[91]	88	0x200000B6	uint16_t	
[92]	96	0x200000B8	uint16_t	
[93]	106	0x200000BA	uint16_t	
[94]	128	0x200000BC	uint16_t	
[95]	76	0x200000BE	uint16_t	
[96]	87	0x200000C0	uint16_t	
[97]	116	0x200000C2	uint16_t	
[98]	146	0x200000C4	uint16_t	
[99]	107	0x200000C6	uint16_t	
[100]	131	0x200000C8	uint16_t	
[101]	89	0x200000CA	uint16_t	
[102]	98	0x200000CC	uint16_t	
[103]	115	0x200000CE	uint16_t	
[104]	144	0x200000D0	uint16_t	
[105]	99	0x200000D2	uint16_t	
[106]	119	0x200000D4	uint16_t	
[107]	164	0x200000D6	uint16_t	
[108]	138	0x200000D8	uint16_t	
[109]	96	0x200000DA	uint16_t	
[110]	107	0x200000DC	uint16_t	
[111]	131	0x200000DE	uint16_t	
[112]	88	0x200000E0	uint16_t	
[113]	96	0x200000E2	uint16_t	
[114]	106	0x200000E4	uint16_t	
[115]	128	0x200000E6	uint16_t	
[116]	76	0x200000E8	uint16_t	
[117]	88	0x200000EA	uint16_t	
[118]	95	0x200000EC	uint16_t	
[119]	128	0x200000EE	uint16_t	
[120]	76	0x200000F0	uint16_t	
[121]	87	0x200000F2	uint16_t	
[122]	116	0x200000F4	uint16_t	
[123]	146	0x200000F6	uint16_t	
[124]	107	0x200000F8	uint16_t	
[125]	131	0x200000FA	uint16_t	
[126]	89	0x200000FC	uint16_t	
[127]	99	0x200000FE	uint16_t	
[128]	119	0x20000100	uint16_t	
[129]	164	0x20000102	uint16_t	
[130]	138	0x20000104	uint16_t	
[131]	96	0x20000106	uint16_t	
[132]	107	0x20000108	uint16_t	
[133]	131	0x2000010A	uint16_t	
[134]	88	0x2000010C	uint16_t	
[135]	96	0x2000010E	uint16_t	
[136]	108	0x20000110	uint16_t	
[137]	133	0x20000112	uint16_t	
[138]	99	0x20000114	uint16_t	
[139]	119	0x20000116	uint16_t	
[140]	164	0x20000118	uint16_t	
[141]	139	0x2000011A	uint16_t	
[142]	100	0x2000011C	uint16_t	
[143]	122	0x2000011E	uint16_t	
[144]	151	0x20000120	uint16_t	
[145]	131	0x20000122	uint16_t	
[146]	89	0x20000124	uint16_t	
[147]	99	0x20000126	uint16_t	
[148]	119	0x20000128	uint16_t	
[149]	164	0x2000012A	uint16_t	
[150]	138	0x2000012C	uint16_t	
[151]	96	0x2000012E	uint16_t	
[152]	107	0x20000130	uint16_t	
[153]	131	0x20000132	uint16_t	
[154]	87	0x20000134	uint16_t	
[155]	116	0x20000136	uint16_t	
[156]	147	0x20000138	uint16_t	
[157]	111	0x2000013A	uint16_t	
[158]	153	0x2000013C	uint16_t	
[159]	115	0x2000013E	uint16_t	
[160]	143	0x20000140	uint16_t	
[161]	119	0x20000142	uint16_t	
[162]	165	0x20000144	uint16_t	
[163]	145	0x20000146	uint16_t	
[164]	104	0x20000148	uint16_t	
[165]	119	0x2000014A	uint16_t	
[166]	164	0x2000014C	uint16_t	
[167]	138	0x2000014E	uint16_t	
[168]	96	0x20000150	uint16_t	
[169]	107	0x20000152	uint16_t	
[170]	131	0x20000154	uint16_t	
[171]	88	0x20000156	uint16_t	
[172]	96	0x20000158	uint16_t	
[173]	107	0x2000015A	uint16_t	
[174]	131	0x2000015C	uint16_t	
[175]	88	0x2000015E	uint16_t	
[176]	96	0x20000160	uint16_t	
[177]	107	0x20000162	uint16_t	
[178]	131	0x20000164	uint16_t	
[179]	88	0x20000166	uint16_t	
[180]	96	0x20000168	uint16_t	
[181]	107	0x2000016A	uint16_t	
[182]	131	0x2000016C	uint16_t	
[183]	88	0x2000016E	uint16_t	
[184]	95	0x20000170	uint16_t	
[185]	128	0x20000172	uint16_t	
[186]	77	0x20000174	uint16_t	
[187]	95	0x20000176	uint16_t	
[188]	128	0x20000178	uint16_t	
[189]	77	0x2000017A	uint16_t	
[190]	94	0x2000017C	uint16_t	
[191]	123	0x2000017E	uint16_t	
[192]	155	0x20000180	uint16_t	
[193]	123	0x20000182	uint16_t	
[194]	156	0x20000184	uint16_t	
[195]	126	0x20000186	uint16_t	
[196]	171	0x20000188	uint16_t	
[197]	147	0x2000018A	uint16_t	
[198]	111	0x2000018C	uint16_t	
[199]	152	0x2000018E	uint16_t	
[200]	111	0x20000190	uint16_t	
[201]	152	0x20000192	uint16_t	
[202]	112	0x20000194	uint16_t	
[203]	131	0x20000196	uint16_t	
[204]	88	0x20000198	uint16_t	
[205]	96	0x2000019A	uint16_t	
[206]	108	0x2000019C	uint16_t	
[207]	134	0x2000019E	uint16_t	
[208]	104	0x200001A0	uint16_t	
[209]	119	0x200001A2	uint16_t	
[210]	164	0x200001A4	uint16_t	
[211]	138	0x200001A6	uint16_t	
[212]	96	0x200001A8	uint16_t	
[213]	107	0x200001AA	uint16_t	
[214]	130	0x200001AC	uint16_t	
[215]	84	0x200001AE	uint16_t	
[216]	99	0x200001B0	uint16_t	
[217]	118	0x200001B2	uint16_t	
[218]	160	0x200001B4	uint16_t	
[219]	122	0x200001B6	uint16_t	
[220]	150	0x200001B8	uint16_t	
[221]	128	0x200001BA	uint16_t	
[222]	77	0x200001BC	uint16_t	
[223]	93	0x200001BE	uint16_t	
[224]	118	0x200001C0	uint16_t	
[225]	160	0x200001C2	uint16_t	
[226]	123	0x200001C4	uint16_t	
[227]	155	0x200001C6	uint16_t	
[228]	123	0x200001C8	uint16_t	
[229]	156	0x200001CA	uint16_t	
[230]	126	0x200001CC	uint16_t	
[231]	171	0x200001CE	uint16_t	
[232]	147	0x200001D0	uint16_t	
[233]	111	0x200001D2	uint16_t	
[234]	152	0x200001D4	uint16_t	
[235]	111	0x200001D6	uint16_t	
[236]	152	0x200001D8	uint16_t	
[237]	111	0x200001DA	uint16_t	
[238]	152	0x200001DC	uint16_t	
[239]	112	0x200001DE	uint16_t	
[240]	131	0x200001E0	uint16_t	
[241]	88	0x200001E2	uint16_t	
[242]	96	0x200001E4	uint16_t	
[243]	107	0x200001E6	uint16_t	
[244]	131	0x200001E8	uint16_t	
[245]	89	0x200001EA	uint16_t	
[246]	99	0x200001EC	uint16_t	
[247]	118	0x200001EE	uint16_t	
[248]	160	0x200001F0	uint16_t	
[249]	122	0x200001F2	uint16_t	
[250]	151	0x200001F4	uint16_t	
[251]	131	0x200001F6	uint16_t	
[252]	88	0x200001F8	uint16_t	
[253]	96	0x200001FA	uint16_t	
[254]	107	0x200001FC	uint16_t	
[255]	131	0x200001FE	uint16_t	
[256]	89	0x20000200	uint16_t	
[257]	99	0x20000202	uint16_t	
[258]	120	0x20000204	uint16_t	
[259]	143	0x20000206	uint16_t	
[260]	120	0x20000208	uint16_t	
[261]	144	0x2000020A	uint16_t	
[262]	99	0x2000020C	uint16_t	
[263]	119	0x2000020E	uint16_t	
[264]	164	0x20000210	uint16_t	
[265]	138	0x20000212	uint16_t	
[266]	96	0x20000214	uint16_t	
[267]	106	0x20000216	uint16_t	
[268]	127	0x20000218	uint16_t	
[269]	176	0x2000021A	uint16_t	
[270]	146	0x2000021C	uint16_t	
[271]	107	0x2000021E	uint16_t	
[272]	131	0x20000220	uint16_t	
[273]	89	0x20000222	uint16_t	
[274]	100	0x20000224	uint16_t	
[275]	122	0x20000226	uint16_t	
[276]	150	0x20000228	uint16_t	
[277]	128	0x2000022A	uint16_t	
[278]	76	0x2000022C	uint16_t	
[279]	87	0x2000022E	uint16_t	
[280]	116	0x20000230	uint16_t	
[281]	147	0x20000232	uint16_t	
[282]	110	0x20000234	uint16_t	
[283]	148	0x20000236	uint16_t	
[284]	114	0x20000238	uint16_t	
[285]	138	0x2000023A	uint16_t	
[286]	96	0x2000023C	uint16_t	
[287]	107	0x2000023E	uint16_t	
[288]	130	0x20000240	uint16_t	
[289]	84	0x20000242	uint16_t	
[290]	99	0x20000244	uint16_t	
[291]	119	0x20000246	uint16_t	
[292]	164	0x20000248	uint16_t	
[293]	138	0x2000024A	uint16_t	
[294]	95	0x2000024C	uint16_t	
[295]	128	0x2000024E	uint16_t	
[296]	77	0x20000250	uint16_t	
[297]	93	0x20000252	uint16_t	
[298]	119	0x20000254	uint16_t	
[299]	164	0x20000256	uint16_t	
[300]	138	0x20000258	uint16_t	
[301]	95	0x2000025A	uint16_t	
[302]	128	0x2000025C	uint16_t	
[303]	77	0x2000025E	uint16_t	
[304]	94	0x20000260	uint16_t	
[305]	123	0x20000262	uint16_t	
[306]	156	0x20000264	uint16_t	
[307]	128	0x20000266	uint16_t	
[308]	76	0x20000268	uint16_t	
[309]	87	0x2000026A	uint16_t	
[310]	115	0x2000026C	uint16_t	
[311]	144	0x2000026E	uint16_t	
[312]	100	0x20000270	uint16_t	
[313]	122	0x20000272	uint16_t	
[314]	150	0x20000274	uint16_t	
[315]	128	0x20000276	uint16_t	
[316]	76	0x20000278	uint16_t	
[317]	86	0x2000027A	uint16_t	
[318]	112	0x2000027C	uint16_t	
[319]	131	0x2000027E	uint16_t	
[320]	88	0x20000280	uint16_t	
[321]	96	0x20000282	uint16_t	
[322]	107	0x20000284	uint16_t	
[323]	132	0x20000286	uint16_t	
[324]	91	0x20000288	uint16_t	
[325]	107	0x2000028A	uint16_t	
[326]	131	0x2000028C	uint16_t	
[327]	88	0x2000028E	uint16_t	
[328]	96	0x20000290	uint16_t	
[329]	107	0x20000292	uint16_t	
[330]	130	0x20000294	uint16_t	
[331]	84	0x20000296	uint16_t	
[332]	98	0x20000298	uint16_t	
[333]	115	0x2000029A	uint16_t	
[334]	143	0x2000029C	uint16_t	
[335]	120	0x2000029E	uint16_t	
[336]	143	0x200002A0	uint16_t	
[337]	120	0x200002A2	uint16_t	
[338]	144	0x200002A4	uint16_t	
[339]	100	0x200002A6	uint16_t	
[340]	122	0x200002A8	uint16_t	
[341]	151	0x200002AA	uint16_t	
[342]	132	0x200002AC	uint16_t	
[343]	91	0x200002AE	uint16_t	
[344]	107	0x200002B0	uint16_t	
[345]	131	0x200002B2	uint16_t	
[346]	88	0x200002B4	uint16_t	
[347]	96	0x200002B6	uint16_t	
[348]	107	0x200002B8	uint16_t	
[349]	131	0x200002BA	uint16_t	
[350]	87	0x200002BC	uint16_t	
[351]	116	0x200002BE	uint16_t	
[352]	147	0x200002C0	uint16_t	
[353]	112	0x200002C2	uint16_t	
[354]	130	0x200002C4	uint16_t	
[355]	84	0x200002C6	uint16_t	
[356]	99	0x200002C8	uint16_t	
[357]	119	0x200002CA	uint16_t	
[358]	164	0x200002CC	uint16_t	
[359]	138	0x200002CE	uint16_t	
[360]	96	0x200002D0	uint16_t	
[361]	107	0x200002D2	uint16_t	
[362]	131	0x200002D4	uint16_t	
[363]	89	0x200002D6	uint16_t	
[364]	99	0x200002D8	uint16_t	
[365]	118	0x200002DA	uint16_t	
[366]	160	0x200002DC	uint16_t	
[367]	122	0x200002DE	uint16_t	
[368]	151	0x200002E0	uint16_t	
[369]	131	0x200002E2	uint16_t	
[370]	88	0x200002E4	uint16_t	
[371]	96	0x200002E6	uint16_t	
[372]	107	0x200002E8	uint16_t	
[373]	132	0x200002EA	uint16_t	
[374]	92	0x200002EC	uint16_t	
[375]	110	0x200002EE	uint16_t	
[376]	148	0x200002F0	uint16_t	
[377]	114	0x200002F2	uint16_t	
[378]	139	0x200002F4	uint16_t	
[379]	99	0x200002F6	uint16_t	
[380]	119	0x200002F8	uint16_t	
[381]	164	0x200002FA	uint16_t	
[382]	137	0x200002FC	uint16_t	
[383]	92	0x200002FE	uint16_t	
[384]	111	0x20000300	uint16_t	
[385]	152	0x20000302	uint16_t	
[386]	112	0x20000304	uint16_t	
[387]	131	0x20000306	uint16_t	
[388]	88	0x20000308	uint16_t	
[389]	96	0x2000030A	uint16_t	
[390]	107	0x2000030C	uint16_t	
[391]	131	0x2000030E	uint16_t	
[392]	88	0x20000310	uint16_t	
[393]	96	0x20000312	uint16_t	
[394]	107	0x20000314	uint16_t	
[395]	130	0x20000316	uint16_t	
[396]	84	0x20000318	uint16_t	
[397]	99	0x2000031A	uint16_t	
[398]	119	0x2000031C	uint16_t	
[399]	164	0x2000031E	uint16_t	
[400]	138	0x20000320	uint16_t	
[401]	96	0x20000322	uint16_t	
[402]	106	0x20000324	uint16_t	
[403]	128	0x20000326	uint16_t	
[404]	76	0x20000328	uint16_t	
[405]	87	0x2000032A	uint16_t	
[406]	116	0x2000032C	uint16_t	
[407]	146	0x2000032E	uint16_t	
[408]	107	0x20000330	uint16_t	
[409]	131	0x20000332	uint16_t	
[410]	88	0x20000334	uint16_t	
[411]	95	0x20000336	uint16_t	
[412]	128	0x20000338	uint16_t	
[413]	77	0x2000033A	uint16_t	
[414]	95	0x2000033C	uint16_t	
[415]	128	0x2000033E	uint16_t	
[416]	77	0x20000340	uint16_t	
[417]	94	0x20000342	uint16_t	
[418]	123	0x20000344	uint16_t	
[419]	155	0x20000346	uint16_t	
[420]	124	0x20000348	uint16_t	
[421]	158	0x2000034A	uint16_t	
[422]	139	0x2000034C	uint16_t	
[423]	100	0x2000034E	uint16_t	
[424]	122	0x20000350	uint16_t	
[425]	150	0x20000352	uint16_t	
[426]	128	0x20000354	uint16_t	
[427]	77	0x20000356	uint16_t	
[428]	94	0x20000358	uint16_t	
[429]	123	0x2000035A	uint16_t	
[430]	155	0x2000035C	uint16_t	
[431]	123	0x2000035E	uint16_t	
[432]	155	0x20000360	uint16_t	
[433]	123	0x20000362	uint16_t	
[434]	156	0x20000364	uint16_t	
[435]	126	0x20000366	uint16_t	
[436]	171	0x20000368	uint16_t	
[437]	147	0x2000036A	uint16_t	
[438]	112	0x2000036C	uint16_t	
[439]	130	0x2000036E	uint16_t	
[440]	84	0x20000370	uint16_t	
[441]	99	0x20000372	uint16_t	
[442]	119	0x20000374	uint16_t	
[443]	163	0x20000376	uint16_t	
[444]	135	0x20000378	uint16_t	
[445]	109	0x2000037A	uint16_t	
[446]	141	0x2000037C	uint16_t	
[447]	110	0x2000037E	uint16_t	
[448]	148	0x20000380	uint16_t	
[449]	115	0x20000382	uint16_t	
[450]	143	0x20000384	uint16_t	
[451]	120	0x20000386	uint16_t	
[452]	143	0x20000388	uint16_t	
[453]	120	0x2000038A	uint16_t	
[454]	143	0x2000038C	uint16_t	
[455]	120	0x2000038E	uint16_t	
[456]	144	0x20000390	uint16_t	
[457]	100	0x20000392	uint16_t	
[458]	121	0x20000394	uint16_t	
[459]	148	0x20000396	uint16_t	
[460]	115	0x20000398	uint16_t	
[461]	143	0x2000039A	uint16_t	
[462]	120	0x2000039C	uint16_t	
[463]	144	0x2000039E	uint16_t	
[464]	99	0x200003A0	uint16_t	
[465]	119	0x200003A2	uint16_t	
[466]	164	0x200003A4	uint16_t	
[467]	138	0x200003A6	uint16_t	
[468]	96	0x200003A8	uint16_t	
[469]	107	0x200003AA	uint16_t	
[470]	131	0x200003AC	uint16_t	
[471]	88	0x200003AE	uint16_t	
[472]	96	0x200003B0	uint16_t	
[473]	107	0x200003B2	uint16_t	
[474]	132	0x200003B4	uint16_t	
[475]	91	0x200003B6	uint16_t	
[476]	107	0x200003B8	uint16_t	
[477]	132	0x200003BA	uint16_t	
[478]	91	0x200003BC	uint16_t	
[479]	107	0x200003BE	uint16_t	
[480]	131	0x200003C0	uint16_t	
[481]	89	0x200003C2	uint16_t	
[482]	100	0x200003C4	uint16_t	
[483]	122	0x200003C6	uint16_t	
[484]	150	0x200003C8	uint16_t	
[485]	128	0x200003CA	uint16_t	
[486]	77	0x200003CC	uint16_t	
[487]	94	0x200003CE	uint16_t	
[488]	123	0x200003D0	uint16_t	
[489]	155	0x200003D2	uint16_t	
[490]	124	0x200003D4	uint16_t	
[491]	159	0x200003D6	uint16_t	
[492]	143	0x200003D8	uint16_t	
[493]	120	0x200003DA	uint16_t	
[494]	144	0x200003DC	uint16_t	
[495]	99	0x200003DE	uint16_t	
[496]	119	0x200003E0	uint16_t	
[497]	164	0x200003E2	uint16_t	
[498]	138	0x200003E4	uint16_t	
[499]	95	0x200003E6	uint16_t	
[500]	128	0x200003E8	uint16_t	
[501]	77	0x200003EA	uint16_t	
[502]	93	0x200003EC	uint16_t	
[503]	118	0x200003EE	uint16_t	
[504]	160	0x200003F0	uint16_t	
[505]	123	0x200003F2	uint16_t	
[506]	155	0x200003F4	uint16_t	
[507]	123	0x200003F6	uint16_t	
[508]	155	0x200003F8	uint16_t	
[509]	123	0x200003FA	uint16_t	
[510]	155	0x200003FC	uint16_t	
[511]	123	0x200003FE	uint16_t	
[512]	155	0x20000400	uint16_t	
[513]	123	0x20000402	uint16_t	
[514]	155	0x20000404	uint16_t	
[515]	123	0x20000406	uint16_t	
[516]	155	0x20000408	uint16_t	
[517]	123	0x2000040A	uint16_t	
[518]	155	0x2000040C	uint16_t	
[519]	123	0x2000040E	uint16_t	
[520]	155	0x20000410	uint16_t	
[521]	124	0x20000412	uint16_t	
[522]	158	0x20000414	uint16_t	
[523]	139	0x20000416	uint16_t	
[524]	100	0x20000418	uint16_t	
[525]	122	0x2000041A	uint16_t	
[526]	151	0x2000041C	uint16_t	
[527]	132	0x2000041E	uint16_t	
[528]	91	0x20000420	uint16_t	
[529]	108	0x20000422	uint16_t	
[530]	134	0x20000424	uint16_t	
[531]	104	0x20000426	uint16_t	
[532]	119	0x20000428	uint16_t	
[533]	164	0x2000042A	uint16_t	
[534]	138	0x2000042C	uint16_t	
[535]	95	0x2000042E	uint16_t	
[536]	128	0x20000430	uint16_t	
[537]	77	0x20000432	uint16_t	
[538]	94	0x20000434	uint16_t	
[539]	123	0x20000436	uint16_t	
[540]	156	0x20000438	uint16_t	
[541]	126	0x2000043A	uint16_t	
[542]	171	0x2000043C	uint16_t	
[543]	147	0x2000043E	uint16_t	
[544]	110	0x20000440	uint16_t	
[545]	148	0x20000442	uint16_t	
[546]	114	0x20000444	uint16_t	
[547]	139	0x20000446	uint16_t	
[548]	100	0x20000448	uint16_t	
[549]	122	0x2000044A	uint16_t	
[550]	150	0x2000044C	uint16_t	
[551]	128	0x2000044E	uint16_t	
[552]	76	0x20000450	uint16_t	
[553]	88	0x20000452	uint16_t	
[554]	95	0x20000454	uint16_t	
[555]	128	0x20000456	uint16_t	
[556]	77	0x20000458	uint16_t	
[557]	93	0x2000045A	uint16_t	
[558]	119	0x2000045C	uint16_t	
[559]	163	0x2000045E	uint16_t	
[560]	135	0x20000460	uint16_t	
[561]	108	0x20000462	uint16_t	
[562]	135	0x20000464	uint16_t	
[563]	108	0x20000466	uint16_t	
[564]	135	0x20000468	uint16_t	
[565]	108	0x2000046A	uint16_t	
[566]	135	0x2000046C	uint16_t	
[567]	107	0x2000046E	uint16_t	
[568]	132	0x20000470	uint16_t	
[569]	92	0x20000472	uint16_t	
[570]	110	0x20000474	uint16_t	
[571]	147	0x20000476	uint16_t	
[572]	111	0x20000478	uint16_t	
[573]	152	0x2000047A	uint16_t	
[574]	112	0x2000047C	uint16_t	
[575]	131	0x2000047E	uint16_t	
[576]	88	0x20000480	uint16_t	
[577]	96	0x20000482	uint16_t	
[578]	107	0x20000484	uint16_t	
[579]	130	0x20000486	uint16_t	
[580]	84	0x20000488	uint16_t	
[581]	98	0x2000048A	uint16_t	
[582]	115	0x2000048C	uint16_t	
[583]	143	0x2000048E	uint16_t	
[584]	119	0x20000490	uint16_t	
[585]	164	0x20000492	uint16_t	
[586]	138	0x20000494	uint16_t	
[587]	96	0x20000496	uint16_t	
[588]	107	0x20000498	uint16_t	
[589]	130	0x2000049A	uint16_t	
[590]	84	0x2000049C	uint16_t	
[591]	100	0x2000049E	uint16_t	
[592]	122	0x200004A0	uint16_t	
[593]	150	0x200004A2	uint16_t	
[594]	128	0x200004A4	uint16_t	
[595]	76	0x200004A6	uint16_t	
[596]	87	0x200004A8	uint16_t	
[597]	116	0x200004AA	uint16_t	
[598]	147	0x200004AC	uint16_t	
[599]	110	0x200004AE	uint16_t	
[600]	148	0x200004B0	uint16_t	
[601]	114	0x200004B2	uint16_t	
[602]	139	0x200004B4	uint16_t	
[603]	100	0x200004B6	uint16_t	
[604]	123	0x200004B8	uint16_t	
[605]	154	0x200004BA	uint16_t	
[606]	118	0x200004BC	uint16_t	
[607]	160	0x200004BE	uint16_t	
[608]	123	0x200004C0	uint16_t	
[609]	155	0x200004C2	uint16_t	
[610]	122	0x200004C4	uint16_t	
[611]	151	0x200004C6	uint16_t	
[612]	131	0x200004C8	uint16_t	
[613]	88	0x200004CA	uint16_t	
[614]	96	0x200004CC	uint16_t	
[615]	107	0x200004CE	uint16_t	
[616]	132	0x200004D0	uint16_t	
[617]	91	0x200004D2	uint16_t	
[618]	107	0x200004D4	uint16_t	
[619]	131	0x200004D6	uint16_t	
[620]	88	0x200004D8	uint16_t	
[621]	96	0x200004DA	uint16_t	
[622]	108	0x200004DC	uint16_t	
[623]	134	0x200004DE	uint16_t	
[624]	104	0x200004E0	uint16_t	
[625]	119	0x200004E2	uint16_t	
[626]	164	0x200004E4	uint16_t	
[627]	138	0x200004E6	uint16_t	
[628]	96	0x200004E8	uint16_t	
[629]	106	0x200004EA	uint16_t	
[630]	126	0x200004EC	uint16_t	
[631]	172	0x200004EE	uint16_t	
[632]	149	0x200004F0	uint16_t	
[633]	121	0x200004F2	uint16_t	
[634]	148	0x200004F4	uint16_t	
[635]	114	0x200004F6	uint16_t	
[636]	139	0x200004F8	uint16_t	
[637]	99	0x200004FA	uint16_t	
[638]	119	0x200004FC	uint16_t	
[639]	165	0x200004FE	uint16_t	
[640]	144	0x20000500	uint16_t	
[641]	100	0x20000502	uint16_t	
[642]	123	0x20000504	uint16_t	
[643]	155	0x20000506	uint16_t	
[644]	123	0x20000508	uint16_t	
[645]	155	0x2000050A	uint16_t	
[646]	123	0x2000050C	uint16_t	
[647]	156	0x2000050E	uint16_t	
[648]	126	0x20000510	uint16_t	
[649]	171	0x20000512	uint16_t	
[650]	146	0x20000514	uint16_t	
[651]	107	0x20000516	uint16_t	
[652]	131	0x20000518	uint16_t	
[653]	88	0x2000051A	uint16_t	
[654]	96	0x2000051C	uint16_t	
[655]	107	0x2000051E	uint16_t	
[656]	131	0x20000520	uint16_t	
[657]	88	0x20000522	uint16_t	
[658]	96	0x20000524	uint16_t	
[659]	106	0x20000526	uint16_t	
[660]	128	0x20000528	uint16_t	
[661]	77	0x2000052A	uint16_t	
[662]	93	0x2000052C	uint16_t	
[663]	118	0x2000052E	uint16_t	
[664]	160	0x20000530	uint16_t	
[665]	123	0x20000532	uint16_t	
[666]	155	0x20000534	uint16_t	
[667]	123	0x20000536	uint16_t	
[668]	155	0x20000538	uint16_t	
[669]	123	0x2000053A	uint16_t	
[670]	156	0x2000053C	uint16_t	
[671]	126	0x2000053E	uint16_t	
[672]	171	0x20000540	uint16_t	
[673]	146	0x20000542	uint16_t	
[674]	107	0x20000544	uint16_t	
[675]	131	0x20000546	uint16_t	
[676]	88	0x20000548	uint16_t	
[677]	96	0x2000054A	uint16_t	
[678]	107	0x2000054C	uint16_t	
[679]	132	0x2000054E	uint16_t	
[680]	91	0x20000550	uint16_t	
[681]	107	0x20000552	uint16_t	
[682]	131	0x20000554	uint16_t	
[683]	88	0x20000556	uint16_t	
[684]	96	0x20000558	uint16_t	
[685]	107	0x2000055A	uint16_t	
[686]	131	0x2000055C	uint16_t	
[687]	89	0x2000055E	uint16_t	
[688]	98	0x20000560	uint16_t	
[689]	115	0x20000562	uint16_t	
[690]	143	0x20000564	uint16_t	
[691]	120	0x20000566	uint16_t	
[692]	143	0x20000568	uint16_t	
[693]	120	0x2000056A	uint16_t	
[694]	144	0x2000056C	uint16_t	
[695]	100	0x2000056E	uint16_t	
[696]	122	0x20000570	uint16_t	
[697]	150	0x20000572	uint16_t	
[698]	128	0x20000574	uint16_t	
[699]	76	0x20000576	uint16_t	
[700]	87	0x20000578	uint16_t	
[701]	116	0x2000057A	uint16_t	
[702]	147	0x2000057C	uint16_t	
[703]	111	0x2000057E	uint16_t	
[704]	151	0x20000580	uint16_t	
[705]	132	0x20000582	uint16_t	
[706]	92	0x20000584	uint16_t	
[707]	111	0x20000586	uint16_t	
[708]	152	0x20000588	uint16_t	
[709]	111	0x2000058A	uint16_t	
[710]	152	0x2000058C	uint16_t	
[711]	112	0x2000058E	uint16_t	
[712]	131	0x20000590	uint16_t	
[713]	88	0x20000592	uint16_t	
[714]	96	0x20000594	uint16_t	
[715]	107	0x20000596	uint16_t	
[716]	130	0x20000598	uint16_t	
[717]	84	0x2000059A	uint16_t	
[718]	99	0x2000059C	uint16_t	
[719]	119	0x2000059E	uint16_t	
[720]	163	0x200005A0	uint16_t	
[721]	135	0x200005A2	uint16_t	
[722]	108	0x200005A4	uint16_t	
[723]	135	0x200005A6	uint16_t	
[724]	108	0x200005A8	uint16_t	
[725]	135	0x200005AA	uint16_t	
[726]	108	0x200005AC	uint16_t	
[727]	134	0x200005AE	uint16_t	
[728]	104	0x200005B0	uint16_t	
[729]	119	0x200005B2	uint16_t	
[730]	163	0x200005B4	uint16_t	
[731]	135	0x200005B6	uint16_t	
[732]	108	0x200005B8	uint16_t	
[733]	136	0x200005BA	uint16_t	
[734]	88	0x200005BC	uint16_t	
[735]	95	0x200005BE	uint16_t	
[736]	128	0x200005C0	uint16_t	
[737]	76	0x200005C2	uint16_t	
[738]	87	0x200005C4	uint16_t	
[739]	116	0x200005C6	uint16_t	
[740]	146	0x200005C8	uint16_t	
[741]	107	0x200005CA	uint16_t	
[742]	132	0x200005CC	uint16_t	
[743]	91	0x200005CE	uint16_t	
[744]	106	0x200005D0	uint16_t	
[745]	128	0x200005D2	uint16_t	
[746]	76	0x200005D4	uint16_t	
[747]	87	0x200005D6	uint16_t	
[748]	116	0x200005D8	uint16_t	
[749]	147	0x200005DA	uint16_t	
[750]	111	0x200005DC	uint16_t	
[751]	152	0x200005DE	uint16_t	
[752]	111	0x200005E0	uint16_t	
[753]	152	0x200005E2	uint16_t	
[754]	112	0x200005E4	uint16_t	
[755]	131	0x200005E6	uint16_t	
[756]	88	0x200005E8	uint16_t	
[757]	96	0x200005EA	uint16_t	
[758]	106	0x200005EC	uint16_t	
[759]	128	0x200005EE	uint16_t	
[760]	76	0x200005F0	uint16_t	
[761]	87	0x200005F2	uint16_t	
[762]	115	0x200005F4	uint16_t	
[763]	144	0x200005F6	uint16_t	
[764]	99	0x200005F8	uint16_t	
[765]	120	0x200005FA	uint16_t	
[766]	143	0x200005FC	uint16_t	
[767]	120	0x200005FE	uint16_t	
[768]	143	0x20000600	uint16_t	
[769]	120	0x20000602	uint16_t	
[770]	144	0x20000604	uint16_t	
[771]	100	0x20000606	uint16_t	
[772]	122	0x20000608	uint16_t	
[773]	151	0x2000060A	uint16_t	
[774]	132	0x2000060C	uint16_t	
[775]	91	0x2000060E	uint16_t	
[776]	107	0x20000610	uint16_t	
[777]	132	0x20000612	uint16_t	
[778]	91	0x20000614	uint16_t	
[779]	107	0x20000616	uint16_t	
[780]	132	0x20000618	uint16_t	
[781]	91	0x2000061A	uint16_t	
[782]	107	0x2000061C	uint16_t	
[783]	131	0x2000061E	uint16_t	
[784]	89	0x20000620	uint16_t	
[785]	98	0x20000622	uint16_t	
[786]	115	0x20000624	uint16_t	
[787]	144	0x20000626	uint16_t	
[788]	99	0x20000628	uint16_t	
[789]	119	0x2000062A	uint16_t	
[790]	164	0x2000062C	uint16_t	
[791]	138	0x2000062E	uint16_t	
[792]	96	0x20000630	uint16_t	
[793]	107	0x20000632	uint16_t	
[794]	131	0x20000634	uint16_t	
[795]	88	0x20000636	uint16_t	
[796]	96	0x20000638	uint16_t	
[797]	107	0x2000063A	uint16_t	
[798]	131	0x2000063C	uint16_t	
[799]	88	0x2000063E	uint16_t	
[800]	96	0x20000640	uint16_t	
[801]	107	0x20000642	uint16_t	
[802]	131	0x20000644	uint16_t	
[803]	88	0x20000646	uint16_t	
[804]	96	0x20000648	uint16_t	
[805]	107	0x2000064A	uint16_t	
[806]	131	0x2000064C	uint16_t	
[807]	88	0x2000064E	uint16_t	
[808]	96	0x20000650	uint16_t	
[809]	107	0x20000652	uint16_t	
[810]	131	0x20000654	uint16_t	
[811]	88	0x20000656	uint16_t	
[812]	96	0x20000658	uint16_t	
[813]	107	0x2000065A	uint16_t	
[814]	131	0x2000065C	uint16_t	
[815]	88	0x2000065E	uint16_t	
[816]	96	0x20000660	uint16_t	
[817]	107	0x20000662	uint16_t	
[818]	132	0x20000664	uint16_t	
[819]	91	0x20000666	uint16_t	
[820]	108	0x20000668	uint16_t	
[821]	134	0x2000066A	uint16_t	
[822]	104	0x2000066C	uint16_t	
[823]	119	0x2000066E	uint16_t	
[824]	164	0x20000670	uint16_t	
[825]	138	0x20000672	uint16_t	
[826]	94	0x20000674	uint16_t	
[827]	124	0x20000676	uint16_t	
[828]	158	0x20000678	uint16_t	
[829]	139	0x2000067A	uint16_t	
[830]	100	0x2000067C	uint16_t	
[831]	122	0x2000067E	uint16_t	
[832]	151	0x20000680	uint16_t	
[833]	132	0x20000682	uint16_t	
[834]	92	0x20000684	uint16_t	
[835]	110	0x20000686	uint16_t	
[836]	147	0x20000688	uint16_t	
[837]	111	0x2000068A	uint16_t	
[838]	152	0x2000068C	uint16_t	
[839]	112	0x2000068E	uint16_t	
[840]	131	0x20000690	uint16_t	
[841]	88	0x20000692	uint16_t	
[842]	96	0x20000694	uint16_t	
[843]	107	0x20000696	uint16_t	
[844]	131	0x20000698	uint16_t	
[845]	88	0x2000069A	uint16_t	
[846]	96	0x2000069C	uint16_t	
[847]	106	0x2000069E	uint16_t	
[848]	128	0x200006A0	uint16_t	
[849]	77	0x200006A2	uint16_t	
[850]	93	0x200006A4	uint16_t	
[851]	118	0x200006A6	uint16_t	
[852]	160	0x200006A8	uint16_t	
[853]	122	0x200006AA	uint16_t	
[854]	151	0x200006AC	uint16_t	
[855]	132	0x200006AE	uint16_t	
[856]	91	0x200006B0	uint16_t	
[857]	107	0x200006B2	uint16_t	
[858]	131	0x200006B4	uint16_t	
[859]	88	0x200006B6	uint16_t	
[860]	96	0x200006B8	uint16_t	
[861]	107	0x200006BA	uint16_t	
[862]	131	0x200006BC	uint16_t	
[863]	88	0x200006BE	uint16_t	
[864]	96	0x200006C0	uint16_t	
[865]	107	0x200006C2	uint16_t	
[866]	131	0x200006C4	uint16_t	
[867]	89	0x200006C6	uint16_t	
[868]	99	0x200006C8	uint16_t	
[869]	119	0x200006CA	uint16_t	
[870]	164	0x200006CC	uint16_t	
[871]	138	0x200006CE	uint16_t	
[872]	96	0x200006D0	uint16_t	
[873]	106	0x200006D2	uint16_t	
[874]	126	0x200006D4	uint16_t	
[875]	172	0x200006D6	uint16_t	
[876]	150	0x200006D8	uint16_t	
[877]	128	0x200006DA	uint16_t	
[878]	76	0x200006DC	uint16_t	
[879]	88	0x200006DE	uint16_t	
[880]	95	0x200006E0	uint16_t	
[881]	128	0x200006E2	uint16_t	
[882]	77	0x200006E4	uint16_t	
[883]	93	0x200006E6	uint16_t	
[884]	119	0x200006E8	uint16_t	
[885]	164	0x200006EA	uint16_t	
[886]	139	0x200006EC	uint16_t	
[887]	99	0x200006EE	uint16_t	
[888]	119	0x200006F0	uint16_t	
[889]	164	0x200006F2	uint16_t	
[890]	138	0x200006F4	uint16_t	
[891]	96	0x200006F6	uint16_t	
[892]	106	0x200006F8	uint16_t	
[893]	128	0x200006FA	uint16_t	
[894]	76	0x200006FC	uint16_t	
[895]	87	0x200006FE	uint16_t	
[896]	116	0x20000700	uint16_t	
[897]	146	0x20000702	uint16_t	
[898]	106	0x20000704	uint16_t	
[899]	128	0x20000706	uint16_t	
[900]	77	0x20000708	uint16_t	
[901]	93	0x2000070A	uint16_t	
[902]	118	0x2000070C	uint16_t	
[903]	160	0x2000070E	uint16_t	
[904]	122	0x20000710	uint16_t	
[905]	150	0x20000712	uint16_t	
[906]	128	0x20000714	uint16_t	
[907]	76	0x20000716	uint16_t	
[908]	88	0x20000718	uint16_t	
[909]	96	0x2000071A	uint16_t	
[910]	107	0x2000071C	uint16_t	
[911]	130	0x2000071E	uint16_t	
[912]	84	0x20000720	uint16_t	
[913]	98	0x20000722	uint16_t	
[914]	115	0x20000724	uint16_t	
[915]	142	0x20000726	uint16_t	
[916]	116	0x20000728	uint16_t	
[917]	147	0x2000072A	uint16_t	
[918]	111	0x2000072C	uint16_t	
[919]	152	0x2000072E	uint16_t	
[920]	111	0x20000730	uint16_t	
[921]	152	0x20000732	uint16_t	
[922]	112	0x20000734	uint16_t	
[923]	131	0x20000736	uint16_t	
[924]	88	0x20000738	uint16_t	
[925]	96	0x2000073A	uint16_t	
[926]	107	0x2000073C	uint16_t	
[927]	131	0x2000073E	uint16_t	
[928]	88	0x20000740	uint16_t	
[929]	96	0x20000742	uint16_t	
[930]	107	0x20000744	uint16_t	
[931]	132	0x20000746	uint16_t	
[932]	91	0x20000748	uint16_t	
[933]	107	0x2000074A	uint16_t	
[934]	132	0x2000074C	uint16_t	
[935]	92	0x2000074E	uint16_t	
[936]	110	0x20000750	uint16_t	
[937]	147	0x20000752	uint16_t	
[938]	112	0x20000754	uint16_t	
[939]	131	0x20000756	uint16_t	
[940]	87	0x20000758	uint16_t	
[941]	116	0x2000075A	uint16_t	
[942]	147	0x2000075C	uint16_t	
[943]	112	0x2000075E	uint16_t	
[944]	131	0x20000760	uint16_t	
[945]	88	0x20000762	uint16_t	
[946]	96	0x20000764	uint16_t	
[947]	107	0x20000766	uint16_t	
[948]	131	0x20000768	uint16_t	
[949]	88	0x2000076A	uint16_t	
[950]	96	0x2000076C	uint16_t	
[951]	107	0x2000076E	uint16_t	
[952]	132	0x20000770	uint16_t	
[953]	92	0x20000772	uint16_t	
[954]	110	0x20000774	uint16_t	
[955]	147	0x20000776	uint16_t	
[956]	111	0x20000778	uint16_t	
[957]	152	0x2000077A	uint16_t	
[958]	111	0x2000077C	uint16_t	
[959]	152	0x2000077E	uint16_t	
[960]	112	0x20000780	uint16_t	
[961]	131	0x20000782	uint16_t	
[962]	88	0x20000784	uint16_t	
[963]	96	0x20000786	uint16_t	
[964]	107	0x20000788	uint16_t	
[965]	130	0x2000078A	uint16_t	
[966]	85	0x2000078C	uint16_t	
[967]	106	0x2000078E	uint16_t	
[968]	126	0x20000790	uint16_t	
[969]	171	0x20000792	uint16_t	
[970]	146	0x20000794	uint16_t	
[971]	106	0x20000796	uint16_t	
[972]	126	0x20000798	uint16_t	
[973]	172	0x2000079A	uint16_t	
[974]	150	0x2000079C	uint16_t	
[975]	126	0x2000079E	uint16_t	
[976]	172	0x200007A0	uint16_t	
[977]	150	0x200007A2	uint16_t	
[978]	128	0x200007A4	uint16_t	
[979]	76	0x200007A6	uint16_t	
[980]	86	0x200007A8	uint16_t	
[981]	112	0x200007AA	uint16_t	
[982]	131	0x200007AC	uint16_t	
[983]	89	0x200007AE	uint16_t	
[984]	99	0x200007B0	uint16_t	
[985]	119	0x200007B2	uint16_t	
[986]	164	0x200007B4	uint16_t	
[987]	138	0x200007B6	uint16_t	
[988]	96	0x200007B8	uint16_t	
[989]	107	0x200007BA	uint16_t	
[990]	131	0x200007BC	uint16_t	
[991]	88	0x200007BE	uint16_t	
[992]	96	0x200007C0	uint16_t	
[993]	107	0x200007C2	uint16_t	
[994]	131	0x200007C4	uint16_t	
[995]	88	0x200007C6	uint16_t	
[996]	96	0x200007C8	uint16_t	
[997]	107	0x200007CA	uint16_t	
[998]	132	0x200007CC	uint16_t	
[999]	92	0x200007CE	uint16_t	
[1000]	110	0x200007D0	uint16_t	
[1001]	147	0x200007D2	uint16_t	
[1002]	111	0x200007D4	uint16_t	
[1003]	152	0x200007D6	uint16_t	
[1004]	112	0x200007D8	uint16_t	
[1005]	132	0x200007DA	uint16_t	
[1006]	91	0x200007DC	uint16_t	
[1007]	107	0x200007DE	uint16_t	
[1008]	131	0x200007E0	uint16_t	
[1009]	89	0x200007E2	uint16_t	
[1010]	99	0x200007E4	uint16_t	
[1011]	119	0x200007E6	uint16_t	
[1012]	164	0x200007E8	uint16_t	
[1013]	138	0x200007EA	uint16_t	
[1014]	96	0x200007EC	uint16_t	
[1015]	107	0x200007EE	uint16_t	
[1016]	132	0x200007F0	uint16_t	
[1017]	91	0x200007F2	uint16_t	
[1018]	107	0x200007F4	uint16_t	
[1019]	131	0x200007F6	uint16_t	
[1020]	89	0x200007F8	uint16_t	
[1021]	98	0x200007FA	uint16_t	
[1022]	115	0x200007FC	uint16_t	
[1023]	142	0x200007FE	uint16_t	
