Expression	Value	Location	Type	
Xnormal	Error (col 1): Unknown or ambiguous symbol. Xnormal			
ADC_buffer1	<array>	0x20000000	uint16_t[3000]	
[0]	57	0x20000000	uint16_t	
[1]	52	0x20000002	uint16_t	
[2]	53	0x20000004	uint16_t	
[3]	59	0x20000006	uint16_t	
[4]	61	0x20000008	uint16_t	
[5]	71	0x2000000A	uint16_t	
[6]	92	0x2000000C	uint16_t	
[7]	111	0x2000000E	uint16_t	
[8]	152	0x20000010	uint16_t	
[9]	112	0x20000012	uint16_t	
[10]	131	0x20000014	uint16_t	
[11]	89	0x20000016	uint16_t	
[12]	100	0x20000018	uint16_t	
[13]	122	0x2000001A	uint16_t	
[14]	150	0x2000001C	uint16_t	
[15]	128	0x2000001E	uint16_t	
[16]	76	0x20000020	uint16_t	
[17]	87	0x20000022	uint16_t	
[18]	115	0x20000024	uint16_t	
[19]	144	0x20000026	uint16_t	
[20]	100	0x20000028	uint16_t	
[21]	122	0x2000002A	uint16_t	
[22]	150	0x2000002C	uint16_t	
[23]	128	0x2000002E	uint16_t	
[24]	76	0x20000030	uint16_t	
[25]	88	0x20000032	uint16_t	
[26]	95	0x20000034	uint16_t	
[27]	128	0x20000036	uint16_t	
[28]	76	0x20000038	uint16_t	
[29]	87	0x2000003A	uint16_t	
[30]	116	0x2000003C	uint16_t	
[31]	146	0x2000003E	uint16_t	
[32]	106	0x20000040	uint16_t	
[33]	128	0x20000042	uint16_t	
[34]	77	0x20000044	uint16_t	
[35]	93	0x20000046	uint16_t	
[36]	118	0x20000048	uint16_t	
[37]	160	0x2000004A	uint16_t	
[38]	122	0x2000004C	uint16_t	
[39]	151	0x2000004E	uint16_t	
[40]	131	0x20000050	uint16_t	
[41]	89	0x20000052	uint16_t	
[42]	99	0x20000054	uint16_t	
[43]	118	0x20000056	uint16_t	
[44]	160	0x20000058	uint16_t	
[45]	123	0x2000005A	uint16_t	
[46]	155	0x2000005C	uint16_t	
[47]	122	0x2000005E	uint16_t	
[48]	151	0x20000060	uint16_t	
[49]	131	0x20000062	uint16_t	
[50]	88	0x20000064	uint16_t	
[51]	96	0x20000066	uint16_t	
[52]	107	0x20000068	uint16_t	
[53]	131	0x2000006A	uint16_t	
[54]	88	0x2000006C	uint16_t	
[55]	96	0x2000006E	uint16_t	
[56]	107	0x20000070	uint16_t	
[57]	130	0x20000072	uint16_t	
[58]	84	0x20000074	uint16_t	
[59]	99	0x20000076	uint16_t	
[60]	119	0x20000078	uint16_t	
[61]	164	0x2000007A	uint16_t	
[62]	138	0x2000007C	uint16_t	
[63]	95	0x2000007E	uint16_t	
[64]	128	0x20000080	uint16_t	
[65]	77	0x20000082	uint16_t	
[66]	94	0x20000084	uint16_t	
[67]	123	0x20000086	uint16_t	
[68]	155	0x20000088	uint16_t	
[69]	123	0x2000008A	uint16_t	
[70]	155	0x2000008C	uint16_t	
[71]	124	0x2000008E	uint16_t	
[72]	159	0x20000090	uint16_t	
[73]	142	0x20000092	uint16_t	
[74]	116	0x20000094	uint16_t	
[75]	147	0x20000096	uint16_t	
[76]	112	0x20000098	uint16_t	
[77]	130	0x2000009A	uint16_t	
[78]	84	0x2000009C	uint16_t	
[79]	98	0x2000009E	uint16_t	
[80]	115	0x200000A0	uint16_t	
[81]	143	0x200000A2	uint16_t	
[82]	120	0x200000A4	uint16_t	
[83]	144	0x200000A6	uint16_t	
[84]	100	0x200000A8	uint16_t	
[85]	122	0x200000AA	uint16_t	
[86]	151	0x200000AC	uint16_t	
[87]	132	0x200000AE	uint16_t	
[88]	92	0x200000B0	uint16_t	
[89]	110	0x200000B2	uint16_t	
[90]	148	0x200000B4	uint16_t	
[91]	114	0x200000B6	uint16_t	
[92]	139	0x200000B8	uint16_t	
[93]	100	0x200000BA	uint16_t	
[94]	122	0x200000BC	uint16_t	
[95]	151	0x200000BE	uint16_t	
[96]	131	0x200000C0	uint16_t	
[97]	89	0x200000C2	uint16_t	
[98]	100	0x200000C4	uint16_t	
[99]	121	0x200000C6	uint16_t	
[100]	147	0x200000C8	uint16_t	
[101]	112	0x200000CA	uint16_t	
[102]	132	0x200000CC	uint16_t	
[103]	92	0x200000CE	uint16_t	
[104]	110	0x200000D0	uint16_t	
[105]	147	0x200000D2	uint16_t	
[106]	112	0x200000D4	uint16_t	
[107]	132	0x200000D6	uint16_t	
[108]	91	0x200000D8	uint16_t	
[109]	108	0x200000DA	uint16_t	
[110]	134	0x200000DC	uint16_t	
[111]	104	0x200000DE	uint16_t	
[112]	120	0x200000E0	uint16_t	
[113]	143	0x200000E2	uint16_t	
[114]	119	0x200000E4	uint16_t	
[115]	165	0x200000E6	uint16_t	
[116]	145	0x200000E8	uint16_t	
[117]	104	0x200000EA	uint16_t	
[118]	119	0x200000EC	uint16_t	
[119]	164	0x200000EE	uint16_t	
[120]	139	0x200000F0	uint16_t	
[121]	99	0x200000F2	uint16_t	
[122]	119	0x200000F4	uint16_t	
[123]	165	0x200000F6	uint16_t	
[124]	144	0x200000F8	uint16_t	
[125]	101	0x200000FA	uint16_t	
[126]	130	0x200000FC	uint16_t	
[127]	84	0x200000FE	uint16_t	
[128]	98	0x20000100	uint16_t	
[129]	115	0x20000102	uint16_t	
[130]	143	0x20000104	uint16_t	
[131]	120	0x20000106	uint16_t	
[132]	144	0x20000108	uint16_t	
[133]	100	0x2000010A	uint16_t	
[134]	122	0x2000010C	uint16_t	
[135]	151	0x2000010E	uint16_t	
[136]	132	0x20000110	uint16_t	
[137]	91	0x20000112	uint16_t	
[138]	108	0x20000114	uint16_t	
[139]	135	0x20000116	uint16_t	
[140]	108	0x20000118	uint16_t	
[141]	134	0x2000011A	uint16_t	
[142]	105	0x2000011C	uint16_t	
[143]	122	0x2000011E	uint16_t	
[144]	151	0x20000120	uint16_t	
[145]	132	0x20000122	uint16_t	
[146]	92	0x20000124	uint16_t	
[147]	110	0x20000126	uint16_t	
[148]	147	0x20000128	uint16_t	
[149]	112	0x2000012A	uint16_t	
[150]	131	0x2000012C	uint16_t	
[151]	88	0x2000012E	uint16_t	
[152]	96	0x20000130	uint16_t	
[153]	107	0x20000132	uint16_t	
[154]	131	0x20000134	uint16_t	
[155]	88	0x20000136	uint16_t	
[156]	96	0x20000138	uint16_t	
[157]	107	0x2000013A	uint16_t	
[158]	131	0x2000013C	uint16_t	
[159]	88	0x2000013E	uint16_t	
[160]	96	0x20000140	uint16_t	
[161]	107	0x20000142	uint16_t	
[162]	131	0x20000144	uint16_t	
[163]	88	0x20000146	uint16_t	
[164]	96	0x20000148	uint16_t	
[165]	107	0x2000014A	uint16_t	
[166]	130	0x2000014C	uint16_t	
[167]	85	0x2000014E	uint16_t	
[168]	106	0x20000150	uint16_t	
[169]	126	0x20000152	uint16_t	
[170]	172	0x20000154	uint16_t	
[171]	150	0x20000156	uint16_t	
[172]	128	0x20000158	uint16_t	
[173]	76	0x2000015A	uint16_t	
[174]	88	0x2000015C	uint16_t	
[175]	95	0x2000015E	uint16_t	
[176]	128	0x20000160	uint16_t	
[177]	77	0x20000162	uint16_t	
[178]	93	0x20000164	uint16_t	
[179]	118	0x20000166	uint16_t	
[180]	160	0x20000168	uint16_t	
[181]	123	0x2000016A	uint16_t	
[182]	154	0x2000016C	uint16_t	
[183]	119	0x2000016E	uint16_t	
[184]	164	0x20000170	uint16_t	
[185]	138	0x20000172	uint16_t	
[186]	96	0x20000174	uint16_t	
[187]	107	0x20000176	uint16_t	
[188]	130	0x20000178	uint16_t	
[189]	85	0x2000017A	uint16_t	
[190]	106	0x2000017C	uint16_t	
[191]	126	0x2000017E	uint16_t	
[192]	172	0x20000180	uint16_t	
[193]	149	0x20000182	uint16_t	
[194]	122	0x20000184	uint16_t	
[195]	151	0x20000186	uint16_t	
[196]	131	0x20000188	uint16_t	
[197]	89	0x2000018A	uint16_t	
[198]	99	0x2000018C	uint16_t	
[199]	119	0x2000018E	uint16_t	
[200]	164	0x20000190	uint16_t	
[201]	138	0x20000192	uint16_t	
[202]	96	0x20000194	uint16_t	
[203]	107	0x20000196	uint16_t	
[204]	131	0x20000198	uint16_t	
[205]	88	0x2000019A	uint16_t	
[206]	96	0x2000019C	uint16_t	
[207]	106	0x2000019E	uint16_t	
[208]	128	0x200001A0	uint16_t	
[209]	76	0x200001A2	uint16_t	
[210]	88	0x200001A4	uint16_t	
[211]	96	0x200001A6	uint16_t	
[212]	107	0x200001A8	uint16_t	
[213]	131	0x200001AA	uint16_t	
[214]	88	0x200001AC	uint16_t	
[215]	96	0x200001AE	uint16_t	
[216]	107	0x200001B0	uint16_t	
[217]	131	0x200001B2	uint16_t	
[218]	88	0x200001B4	uint16_t	
[219]	96	0x200001B6	uint16_t	
[220]	107	0x200001B8	uint16_t	
[221]	131	0x200001BA	uint16_t	
[222]	88	0x200001BC	uint16_t	
[223]	96	0x200001BE	uint16_t	
[224]	108	0x200001C0	uint16_t	
[225]	134	0x200001C2	uint16_t	
[226]	104	0x200001C4	uint16_t	
[227]	119	0x200001C6	uint16_t	
[228]	164	0x200001C8	uint16_t	
[229]	138	0x200001CA	uint16_t	
[230]	96	0x200001CC	uint16_t	
[231]	106	0x200001CE	uint16_t	
[232]	126	0x200001D0	uint16_t	
[233]	172	0x200001D2	uint16_t	
[234]	150	0x200001D4	uint16_t	
[235]	128	0x200001D6	uint16_t	
[236]	76	0x200001D8	uint16_t	
[237]	87	0x200001DA	uint16_t	
[238]	116	0x200001DC	uint16_t	
[239]	147	0x200001DE	uint16_t	
[240]	111	0x200001E0	uint16_t	
[241]	152	0x200001E2	uint16_t	
[242]	111	0x200001E4	uint16_t	
[243]	152	0x200001E6	uint16_t	
[244]	112	0x200001E8	uint16_t	
[245]	131	0x200001EA	uint16_t	
[246]	88	0x200001EC	uint16_t	
[247]	96	0x200001EE	uint16_t	
[248]	107	0x200001F0	uint16_t	
[249]	132	0x200001F2	uint16_t	
[250]	92	0x200001F4	uint16_t	
[251]	110	0x200001F6	uint16_t	
[252]	147	0x200001F8	uint16_t	
[253]	112	0x200001FA	uint16_t	
[254]	131	0x200001FC	uint16_t	
[255]	88	0x200001FE	uint16_t	
[256]	96	0x20000200	uint16_t	
[257]	108	0x20000202	uint16_t	
[258]	134	0x20000204	uint16_t	
[259]	104	0x20000206	uint16_t	
[260]	119	0x20000208	uint16_t	
[261]	164	0x2000020A	uint16_t	
[262]	138	0x2000020C	uint16_t	
[263]	95	0x2000020E	uint16_t	
[264]	128	0x20000210	uint16_t	
[265]	77	0x20000212	uint16_t	
[266]	94	0x20000214	uint16_t	
[267]	123	0x20000216	uint16_t	
[268]	156	0x20000218	uint16_t	
[269]	126	0x2000021A	uint16_t	
[270]	172	0x2000021C	uint16_t	
[271]	149	0x2000021E	uint16_t	
[272]	122	0x20000220	uint16_t	
[273]	151	0x20000222	uint16_t	
[274]	131	0x20000224	uint16_t	
[275]	89	0x20000226	uint16_t	
[276]	99	0x20000228	uint16_t	
[277]	119	0x2000022A	uint16_t	
[278]	165	0x2000022C	uint16_t	
[279]	144	0x2000022E	uint16_t	
[280]	101	0x20000230	uint16_t	
[281]	129	0x20000232	uint16_t	
[282]	81	0x20000234	uint16_t	
[283]	88	0x20000236	uint16_t	
[284]	96	0x20000238	uint16_t	
[285]	106	0x2000023A	uint16_t	
[286]	128	0x2000023C	uint16_t	
[287]	77	0x2000023E	uint16_t	
[288]	93	0x20000240	uint16_t	
[289]	118	0x20000242	uint16_t	
[290]	160	0x20000244	uint16_t	
[291]	123	0x20000246	uint16_t	
[292]	155	0x20000248	uint16_t	
[293]	123	0x2000024A	uint16_t	
[294]	156	0x2000024C	uint16_t	
[295]	126	0x2000024E	uint16_t	
[296]	172	0x20000250	uint16_t	
[297]	149	0x20000252	uint16_t	
[298]	122	0x20000254	uint16_t	
[299]	150	0x20000256	uint16_t	
[300]	128	0x20000258	uint16_t	
[301]	77	0x2000025A	uint16_t	
[302]	93	0x2000025C	uint16_t	
[303]	119	0x2000025E	uint16_t	
[304]	164	0x20000260	uint16_t	
[305]	138	0x20000262	uint16_t	
[306]	96	0x20000264	uint16_t	
[307]	107	0x20000266	uint16_t	
[308]	131	0x20000268	uint16_t	
[309]	88	0x2000026A	uint16_t	
[310]	96	0x2000026C	uint16_t	
[311]	107	0x2000026E	uint16_t	
[312]	131	0x20000270	uint16_t	
[313]	88	0x20000272	uint16_t	
[314]	96	0x20000274	uint16_t	
[315]	107	0x20000276	uint16_t	
[316]	131	0x20000278	uint16_t	
[317]	88	0x2000027A	uint16_t	
[318]	96	0x2000027C	uint16_t	
[319]	107	0x2000027E	uint16_t	
[320]	130	0x20000280	uint16_t	
[321]	84	0x20000282	uint16_t	
[322]	100	0x20000284	uint16_t	
[323]	122	0x20000286	uint16_t	
[324]	150	0x20000288	uint16_t	
[325]	128	0x2000028A	uint16_t	
[326]	76	0x2000028C	uint16_t	
[327]	87	0x2000028E	uint16_t	
[328]	115	0x20000290	uint16_t	
[329]	144	0x20000292	uint16_t	
[330]	100	0x20000294	uint16_t	
[331]	123	0x20000296	uint16_t	
[332]	155	0x20000298	uint16_t	
[333]	122	0x2000029A	uint16_t	
[334]	151	0x2000029C	uint16_t	
[335]	132	0x2000029E	uint16_t	
[336]	92	0x200002A0	uint16_t	
[337]	110	0x200002A2	uint16_t	
[338]	148	0x200002A4	uint16_t	
[339]	114	0x200002A6	uint16_t	
[340]	139	0x200002A8	uint16_t	
[341]	100	0x200002AA	uint16_t	
[342]	123	0x200002AC	uint16_t	
[343]	155	0x200002AE	uint16_t	
[344]	122	0x200002B0	uint16_t	
[345]	151	0x200002B2	uint16_t	
[346]	132	0x200002B4	uint16_t	
[347]	91	0x200002B6	uint16_t	
[348]	108	0x200002B8	uint16_t	
[349]	135	0x200002BA	uint16_t	
[350]	108	0x200002BC	uint16_t	
[351]	134	0x200002BE	uint16_t	
[352]	104	0x200002C0	uint16_t	
[353]	119	0x200002C2	uint16_t	
[354]	164	0x200002C4	uint16_t	
[355]	138	0x200002C6	uint16_t	
[356]	96	0x200002C8	uint16_t	
[357]	107	0x200002CA	uint16_t	
[358]	130	0x200002CC	uint16_t	
[359]	84	0x200002CE	uint16_t	
[360]	99	0x200002D0	uint16_t	
[361]	119	0x200002D2	uint16_t	
[362]	164	0x200002D4	uint16_t	
[363]	139	0x200002D6	uint16_t	
[364]	99	0x200002D8	uint16_t	
[365]	119	0x200002DA	uint16_t	
[366]	164	0x200002DC	uint16_t	
[367]	139	0x200002DE	uint16_t	
[368]	99	0x200002E0	uint16_t	
[369]	119	0x200002E2	uint16_t	
[370]	165	0x200002E4	uint16_t	
[371]	145	0x200002E6	uint16_t	
[372]	104	0x200002E8	uint16_t	
[373]	118	0x200002EA	uint16_t	
[374]	160	0x200002EC	uint16_t	
[375]	123	0x200002EE	uint16_t	
[376]	155	0x200002F0	uint16_t	
[377]	122	0x200002F2	uint16_t	
[378]	150	0x200002F4	uint16_t	
[379]	128	0x200002F6	uint16_t	
[380]	77	0x200002F8	uint16_t	
[381]	94	0x200002FA	uint16_t	
[382]	124	0x200002FC	uint16_t	
[383]	157	0x200002FE	uint16_t	
[384]	134	0x20000300	uint16_t	
[385]	104	0x20000302	uint16_t	
[386]	119	0x20000304	uint16_t	
[387]	164	0x20000306	uint16_t	
[388]	138	0x20000308	uint16_t	
[389]	95	0x2000030A	uint16_t	
[390]	128	0x2000030C	uint16_t	
[391]	77	0x2000030E	uint16_t	
[392]	94	0x20000310	uint16_t	
[393]	123	0x20000312	uint16_t	
[394]	155	0x20000314	uint16_t	
[395]	123	0x20000316	uint16_t	
[396]	156	0x20000318	uint16_t	
[397]	126	0x2000031A	uint16_t	
[398]	172	0x2000031C	uint16_t	
[399]	150	0x2000031E	uint16_t	
[400]	128	0x20000320	uint16_t	
[401]	76	0x20000322	uint16_t	
[402]	88	0x20000324	uint16_t	
[403]	94	0x20000326	uint16_t	
[404]	123	0x20000328	uint16_t	
[405]	156	0x2000032A	uint16_t	
[406]	128	0x2000032C	uint16_t	
[407]	76	0x2000032E	uint16_t	
[408]	87	0x20000330	uint16_t	
[409]	116	0x20000332	uint16_t	
[410]	147	0x20000334	uint16_t	
[411]	110	0x20000336	uint16_t	
[412]	149	0x20000338	uint16_t	
[413]	121	0x2000033A	uint16_t	
[414]	147	0x2000033C	uint16_t	
[415]	112	0x2000033E	uint16_t	
[416]	132	0x20000340	uint16_t	
[417]	91	0x20000342	uint16_t	
[418]	108	0x20000344	uint16_t	
[419]	134	0x20000346	uint16_t	
[420]	104	0x20000348	uint16_t	
[421]	118	0x2000034A	uint16_t	
[422]	160	0x2000034C	uint16_t	
[423]	123	0x2000034E	uint16_t	
[424]	155	0x20000350	uint16_t	
[425]	123	0x20000352	uint16_t	
[426]	155	0x20000354	uint16_t	
[427]	123	0x20000356	uint16_t	
[428]	156	0x20000358	uint16_t	
[429]	126	0x2000035A	uint16_t	
[430]	171	0x2000035C	uint16_t	
[431]	147	0x2000035E	uint16_t	
[432]	112	0x20000360	uint16_t	
[433]	131	0x20000362	uint16_t	
[434]	88	0x20000364	uint16_t	
[435]	96	0x20000366	uint16_t	
[436]	108	0x20000368	uint16_t	
[437]	134	0x2000036A	uint16_t	
[438]	103	0x2000036C	uint16_t	
[439]	141	0x2000036E	uint16_t	
[440]	110	0x20000370	uint16_t	
[441]	147	0x20000372	uint16_t	
[442]	111	0x20000374	uint16_t	
[443]	152	0x20000376	uint16_t	
[444]	112	0x20000378	uint16_t	
[445]	132	0x2000037A	uint16_t	
[446]	91	0x2000037C	uint16_t	
[447]	107	0x2000037E	uint16_t	
[448]	131	0x20000380	uint16_t	
[449]	88	0x20000382	uint16_t	
[450]	96	0x20000384	uint16_t	
[451]	107	0x20000386	uint16_t	
[452]	131	0x20000388	uint16_t	
[453]	88	0x2000038A	uint16_t	
[454]	96	0x2000038C	uint16_t	
[455]	107	0x2000038E	uint16_t	
[456]	131	0x20000390	uint16_t	
[457]	89	0x20000392	uint16_t	
[458]	99	0x20000394	uint16_t	
[459]	119	0x20000396	uint16_t	
[460]	164	0x20000398	uint16_t	
[461]	138	0x2000039A	uint16_t	
[462]	96	0x2000039C	uint16_t	
[463]	106	0x2000039E	uint16_t	
[464]	128	0x200003A0	uint16_t	
[465]	76	0x200003A2	uint16_t	
[466]	87	0x200003A4	uint16_t	
[467]	116	0x200003A6	uint16_t	
[468]	147	0x200003A8	uint16_t	
[469]	111	0x200003AA	uint16_t	
[470]	152	0x200003AC	uint16_t	
[471]	111	0x200003AE	uint16_t	
[472]	152	0x200003B0	uint16_t	
[473]	112	0x200003B2	uint16_t	
[474]	131	0x200003B4	uint16_t	
[475]	88	0x200003B6	uint16_t	
[476]	97	0x200003B8	uint16_t	
[477]	110	0x200003BA	uint16_t	
[478]	148	0x200003BC	uint16_t	
[479]	115	0x200003BE	uint16_t	
[480]	142	0x200003C0	uint16_t	
[481]	116	0x200003C2	uint16_t	
[482]	147	0x200003C4	uint16_t	
[483]	111	0x200003C6	uint16_t	
[484]	152	0x200003C8	uint16_t	
[485]	112	0x200003CA	uint16_t	
[486]	131	0x200003CC	uint16_t	
[487]	88	0x200003CE	uint16_t	
[488]	96	0x200003D0	uint16_t	
[489]	106	0x200003D2	uint16_t	
[490]	128	0x200003D4	uint16_t	
[491]	76	0x200003D6	uint16_t	
[492]	87	0x200003D8	uint16_t	
[493]	116	0x200003DA	uint16_t	
[494]	146	0x200003DC	uint16_t	
[495]	108	0x200003DE	uint16_t	
[496]	134	0x200003E0	uint16_t	
[497]	104	0x200003E2	uint16_t	
[498]	119	0x200003E4	uint16_t	
[499]	164	0x200003E6	uint16_t	
[500]	138	0x200003E8	uint16_t	
[501]	95	0x200003EA	uint16_t	
[502]	128	0x200003EC	uint16_t	
[503]	77	0x200003EE	uint16_t	
[504]	94	0x200003F0	uint16_t	
[505]	123	0x200003F2	uint16_t	
[506]	155	0x200003F4	uint16_t	
[507]	123	0x200003F6	uint16_t	
[508]	156	0x200003F8	uint16_t	
[509]	126	0x200003FA	uint16_t	
[510]	172	0x200003FC	uint16_t	
[511]	150	0x200003FE	uint16_t	
[512]	128	0x20000400	uint16_t	
[513]	76	0x20000402	uint16_t	
[514]	87	0x20000404	uint16_t	
[515]	116	0x20000406	uint16_t	
[516]	147	0x20000408	uint16_t	
[517]	112	0x2000040A	uint16_t	
[518]	131	0x2000040C	uint16_t	
[519]	88	0x2000040E	uint16_t	
[520]	96	0x20000410	uint16_t	
[521]	107	0x20000412	uint16_t	
[522]	131	0x20000414	uint16_t	
[523]	88	0x20000416	uint16_t	
[524]	96	0x20000418	uint16_t	
[525]	106	0x2000041A	uint16_t	
[526]	128	0x2000041C	uint16_t	
[527]	77	0x2000041E	uint16_t	
[528]	94	0x20000420	uint16_t	
[529]	123	0x20000422	uint16_t	
[530]	155	0x20000424	uint16_t	
[531]	123	0x20000426	uint16_t	
[532]	155	0x20000428	uint16_t	
[533]	123	0x2000042A	uint16_t	
[534]	155	0x2000042C	uint16_t	
[535]	123	0x2000042E	uint16_t	
[536]	155	0x20000430	uint16_t	
[537]	123	0x20000432	uint16_t	
[538]	155	0x20000434	uint16_t	
[539]	123	0x20000436	uint16_t	
[540]	155	0x20000438	uint16_t	
[541]	123	0x2000043A	uint16_t	
[542]	156	0x2000043C	uint16_t	
[543]	128	0x2000043E	uint16_t	
[544]	76	0x20000440	uint16_t	
[545]	87	0x20000442	uint16_t	
[546]	115	0x20000444	uint16_t	
[547]	144	0x20000446	uint16_t	
[548]	100	0x20000448	uint16_t	
[549]	122	0x2000044A	uint16_t	
[550]	150	0x2000044C	uint16_t	
[551]	128	0x2000044E	uint16_t	
[552]	76	0x20000450	uint16_t	
[553]	88	0x20000452	uint16_t	
[554]	95	0x20000454	uint16_t	
[555]	128	0x20000456	uint16_t	
[556]	77	0x20000458	uint16_t	
[557]	94	0x2000045A	uint16_t	
[558]	124	0x2000045C	uint16_t	
[559]	159	0x2000045E	uint16_t	
[560]	143	0x20000460	uint16_t	
[561]	119	0x20000462	uint16_t	
[562]	164	0x20000464	uint16_t	
[563]	139	0x20000466	uint16_t	
[564]	100	0x20000468	uint16_t	
[565]	122	0x2000046A	uint16_t	
[566]	151	0x2000046C	uint16_t	
[567]	131	0x2000046E	uint16_t	
[568]	89	0x20000470	uint16_t	
[569]	99	0x20000472	uint16_t	
[570]	119	0x20000474	uint16_t	
[571]	164	0x20000476	uint16_t	
[572]	138	0x20000478	uint16_t	
[573]	96	0x2000047A	uint16_t	
[574]	107	0x2000047C	uint16_t	
[575]	131	0x2000047E	uint16_t	
[576]	88	0x20000480	uint16_t	
[577]	96	0x20000482	uint16_t	
[578]	107	0x20000484	uint16_t	
[579]	132	0x20000486	uint16_t	
[580]	92	0x20000488	uint16_t	
[581]	110	0x2000048A	uint16_t	
[582]	147	0x2000048C	uint16_t	
[583]	112	0x2000048E	uint16_t	
[584]	132	0x20000490	uint16_t	
[585]	91	0x20000492	uint16_t	
[586]	107	0x20000494	uint16_t	
[587]	132	0x20000496	uint16_t	
[588]	92	0x20000498	uint16_t	
[589]	110	0x2000049A	uint16_t	
[590]	148	0x2000049C	uint16_t	
[591]	115	0x2000049E	uint16_t	
[592]	143	0x200004A0	uint16_t	
[593]	120	0x200004A2	uint16_t	
[594]	144	0x200004A4	uint16_t	
[595]	100	0x200004A6	uint16_t	
[596]	122	0x200004A8	uint16_t	
[597]	151	0x200004AA	uint16_t	
[598]	131	0x200004AC	uint16_t	
[599]	88	0x200004AE	uint16_t	
[600]	96	0x200004B0	uint16_t	
[601]	107	0x200004B2	uint16_t	
[602]	131	0x200004B4	uint16_t	
[603]	89	0x200004B6	uint16_t	
[604]	99	0x200004B8	uint16_t	
[605]	120	0x200004BA	uint16_t	
[606]	143	0x200004BC	uint16_t	
[607]	120	0x200004BE	uint16_t	
[608]	144	0x200004C0	uint16_t	
[609]	100	0x200004C2	uint16_t	
[610]	122	0x200004C4	uint16_t	
[611]	151	0x200004C6	uint16_t	
[612]	132	0x200004C8	uint16_t	
[613]	92	0x200004CA	uint16_t	
[614]	110	0x200004CC	uint16_t	
[615]	148	0x200004CE	uint16_t	
[616]	114	0x200004D0	uint16_t	
[617]	138	0x200004D2	uint16_t	
[618]	96	0x200004D4	uint16_t	
[619]	106	0x200004D6	uint16_t	
[620]	128	0x200004D8	uint16_t	
[621]	76	0x200004DA	uint16_t	
[622]	87	0x200004DC	uint16_t	
[623]	115	0x200004DE	uint16_t	
[624]	144	0x200004E0	uint16_t	
[625]	100	0x200004E2	uint16_t	
[626]	123	0x200004E4	uint16_t	
[627]	154	0x200004E6	uint16_t	
[628]	119	0x200004E8	uint16_t	
[629]	164	0x200004EA	uint16_t	
[630]	138	0x200004EC	uint16_t	
[631]	96	0x200004EE	uint16_t	
[632]	107	0x200004F0	uint16_t	
[633]	130	0x200004F2	uint16_t	
[634]	85	0x200004F4	uint16_t	
[635]	106	0x200004F6	uint16_t	
[636]	126	0x200004F8	uint16_t	
[637]	171	0x200004FA	uint16_t	
[638]	147	0x200004FC	uint16_t	
[639]	111	0x200004FE	uint16_t	
[640]	152	0x20000500	uint16_t	
[641]	112	0x20000502	uint16_t	
[642]	131	0x20000504	uint16_t	
[643]	88	0x20000506	uint16_t	
[644]	96	0x20000508	uint16_t	
[645]	107	0x2000050A	uint16_t	
[646]	132	0x2000050C	uint16_t	
[647]	91	0x2000050E	uint16_t	
[648]	107	0x20000510	uint16_t	
[649]	131	0x20000512	uint16_t	
[650]	89	0x20000514	uint16_t	
[651]	99	0x20000516	uint16_t	
[652]	119	0x20000518	uint16_t	
[653]	164	0x2000051A	uint16_t	
[654]	138	0x2000051C	uint16_t	
[655]	96	0x2000051E	uint16_t	
[656]	107	0x20000520	uint16_t	
[657]	131	0x20000522	uint16_t	
[658]	88	0x20000524	uint16_t	
[659]	96	0x20000526	uint16_t	
[660]	106	0x20000528	uint16_t	
[661]	128	0x2000052A	uint16_t	
[662]	76	0x2000052C	uint16_t	
[663]	87	0x2000052E	uint16_t	
[664]	116	0x20000530	uint16_t	
[665]	146	0x20000532	uint16_t	
[666]	107	0x20000534	uint16_t	
[667]	131	0x20000536	uint16_t	
[668]	88	0x20000538	uint16_t	
[669]	96	0x2000053A	uint16_t	
[670]	107	0x2000053C	uint16_t	
[671]	131	0x2000053E	uint16_t	
[672]	88	0x20000540	uint16_t	
[673]	96	0x20000542	uint16_t	
[674]	107	0x20000544	uint16_t	
[675]	131	0x20000546	uint16_t	
[676]	89	0x20000548	uint16_t	
[677]	99	0x2000054A	uint16_t	
[678]	119	0x2000054C	uint16_t	
[679]	164	0x2000054E	uint16_t	
[680]	138	0x20000550	uint16_t	
[681]	96	0x20000552	uint16_t	
[682]	107	0x20000554	uint16_t	
[683]	130	0x20000556	uint16_t	
[684]	84	0x20000558	uint16_t	
[685]	100	0x2000055A	uint16_t	
[686]	121	0x2000055C	uint16_t	
[687]	148	0x2000055E	uint16_t	
[688]	114	0x20000560	uint16_t	
[689]	139	0x20000562	uint16_t	
[690]	99	0x20000564	uint16_t	
[691]	120	0x20000566	uint16_t	
[692]	143	0x20000568	uint16_t	
[693]	120	0x2000056A	uint16_t	
[694]	143	0x2000056C	uint16_t	
[695]	120	0x2000056E	uint16_t	
[696]	144	0x20000570	uint16_t	
[697]	100	0x20000572	uint16_t	
[698]	122	0x20000574	uint16_t	
[699]	150	0x20000576	uint16_t	
[700]	128	0x20000578	uint16_t	
[701]	76	0x2000057A	uint16_t	
[702]	87	0x2000057C	uint16_t	
[703]	116	0x2000057E	uint16_t	
[704]	146	0x20000580	uint16_t	
[705]	108	0x20000582	uint16_t	
[706]	134	0x20000584	uint16_t	
[707]	104	0x20000586	uint16_t	
[708]	119	0x20000588	uint16_t	
[709]	164	0x2000058A	uint16_t	
[710]	138	0x2000058C	uint16_t	
[711]	96	0x2000058E	uint16_t	
[712]	106	0x20000590	uint16_t	
[713]	128	0x20000592	uint16_t	
[714]	76	0x20000594	uint16_t	
[715]	87	0x20000596	uint16_t	
[716]	116	0x20000598	uint16_t	
[717]	146	0x2000059A	uint16_t	
[718]	107	0x2000059C	uint16_t	
[719]	132	0x2000059E	uint16_t	
[720]	92	0x200005A0	uint16_t	
[721]	110	0x200005A2	uint16_t	
[722]	147	0x200005A4	uint16_t	
[723]	111	0x200005A6	uint16_t	
[724]	152	0x200005A8	uint16_t	
[725]	112	0x200005AA	uint16_t	
[726]	131	0x200005AC	uint16_t	
[727]	88	0x200005AE	uint16_t	
[728]	96	0x200005B0	uint16_t	
[729]	107	0x200005B2	uint16_t	
[730]	132	0x200005B4	uint16_t	
[731]	91	0x200005B6	uint16_t	
[732]	108	0x200005B8	uint16_t	
[733]	134	0x200005BA	uint16_t	
[734]	104	0x200005BC	uint16_t	
[735]	119	0x200005BE	uint16_t	
[736]	164	0x200005C0	uint16_t	
[737]	138	0x200005C2	uint16_t	
[738]	96	0x200005C4	uint16_t	
[739]	106	0x200005C6	uint16_t	
[740]	128	0x200005C8	uint16_t	
[741]	76	0x200005CA	uint16_t	
[742]	88	0x200005CC	uint16_t	
[743]	94	0x200005CE	uint16_t	
[744]	124	0x200005D0	uint16_t	
[745]	159	0x200005D2	uint16_t	
[746]	143	0x200005D4	uint16_t	
[747]	119	0x200005D6	uint16_t	
[748]	164	0x200005D8	uint16_t	
[749]	139	0x200005DA	uint16_t	
[750]	100	0x200005DC	uint16_t	
[751]	122	0x200005DE	uint16_t	
[752]	151	0x200005E0	uint16_t	
[753]	131	0x200005E2	uint16_t	
[754]	88	0x200005E4	uint16_t	
[755]	96	0x200005E6	uint16_t	
[756]	107	0x200005E8	uint16_t	
[757]	131	0x200005EA	uint16_t	
[758]	88	0x200005EC	uint16_t	
[759]	96	0x200005EE	uint16_t	
[760]	107	0x200005F0	uint16_t	
[761]	131	0x200005F2	uint16_t	
[762]	89	0x200005F4	uint16_t	
[763]	99	0x200005F6	uint16_t	
[764]	119	0x200005F8	uint16_t	
[765]	164	0x200005FA	uint16_t	
[766]	138	0x200005FC	uint16_t	
[767]	96	0x200005FE	uint16_t	
[768]	107	0x20000600	uint16_t	
[769]	131	0x20000602	uint16_t	
[770]	88	0x20000604	uint16_t	
[771]	95	0x20000606	uint16_t	
[772]	128	0x20000608	uint16_t	
[773]	77	0x2000060A	uint16_t	
[774]	94	0x2000060C	uint16_t	
[775]	123	0x2000060E	uint16_t	
[776]	155	0x20000610	uint16_t	
[777]	123	0x20000612	uint16_t	
[778]	155	0x20000614	uint16_t	
[779]	123	0x20000616	uint16_t	
[780]	156	0x20000618	uint16_t	
[781]	126	0x2000061A	uint16_t	
[782]	171	0x2000061C	uint16_t	
[783]	146	0x2000061E	uint16_t	
[784]	107	0x20000620	uint16_t	
[785]	131	0x20000622	uint16_t	
[786]	88	0x20000624	uint16_t	
[787]	96	0x20000626	uint16_t	
[788]	107	0x20000628	uint16_t	
[789]	131	0x2000062A	uint16_t	
[790]	88	0x2000062C	uint16_t	
[791]	96	0x2000062E	uint16_t	
[792]	107	0x20000630	uint16_t	
[793]	131	0x20000632	uint16_t	
[794]	88	0x20000634	uint16_t	
[795]	96	0x20000636	uint16_t	
[796]	107	0x20000638	uint16_t	
[797]	131	0x2000063A	uint16_t	
[798]	88	0x2000063C	uint16_t	
[799]	96	0x2000063E	uint16_t	
[800]	107	0x20000640	uint16_t	
[801]	131	0x20000642	uint16_t	
[802]	88	0x20000644	uint16_t	
[803]	96	0x20000646	uint16_t	
[804]	107	0x20000648	uint16_t	
[805]	131	0x2000064A	uint16_t	
[806]	89	0x2000064C	uint16_t	
[807]	99	0x2000064E	uint16_t	
[808]	118	0x20000650	uint16_t	
[809]	161	0x20000652	uint16_t	
[810]	126	0x20000654	uint16_t	
[811]	172	0x20000656	uint16_t	
[812]	150	0x20000658	uint16_t	
[813]	128	0x2000065A	uint16_t	
[814]	76	0x2000065C	uint16_t	
[815]	87	0x2000065E	uint16_t	
[816]	116	0x20000660	uint16_t	
[817]	147	0x20000662	uint16_t	
[818]	111	0x20000664	uint16_t	
[819]	152	0x20000666	uint16_t	
[820]	112	0x20000668	uint16_t	
[821]	131	0x2000066A	uint16_t	
[822]	88	0x2000066C	uint16_t	
[823]	96	0x2000066E	uint16_t	
[824]	107	0x20000670	uint16_t	
[825]	131	0x20000672	uint16_t	
[826]	89	0x20000674	uint16_t	
[827]	94	0x20000676	uint16_t	
[828]	128	0x20000678	uint16_t	
[829]	76	0x2000067A	uint16_t	
[830]	87	0x2000067C	uint16_t	
[831]	115	0x2000067E	uint16_t	
[832]	144	0x20000680	uint16_t	
[833]	99	0x20000682	uint16_t	
[834]	120	0x20000684	uint16_t	
[835]	144	0x20000686	uint16_t	
[836]	99	0x20000688	uint16_t	
[837]	119	0x2000068A	uint16_t	
[838]	164	0x2000068C	uint16_t	
[839]	138	0x2000068E	uint16_t	
[840]	96	0x20000690	uint16_t	
[841]	107	0x20000692	uint16_t	
[842]	131	0x20000694	uint16_t	
[843]	89	0x20000696	uint16_t	
[844]	99	0x20000698	uint16_t	
[845]	119	0x2000069A	uint16_t	
[846]	164	0x2000069C	uint16_t	
[847]	138	0x2000069E	uint16_t	
[848]	96	0x200006A0	uint16_t	
[849]	107	0x200006A2	uint16_t	
[850]	131	0x200006A4	uint16_t	
[851]	88	0x200006A6	uint16_t	
[852]	96	0x200006A8	uint16_t	
[853]	107	0x200006AA	uint16_t	
[854]	131	0x200006AC	uint16_t	
[855]	88	0x200006AE	uint16_t	
[856]	96	0x200006B0	uint16_t	
[857]	107	0x200006B2	uint16_t	
[858]	131	0x200006B4	uint16_t	
[859]	88	0x200006B6	uint16_t	
[860]	96	0x200006B8	uint16_t	
[861]	107	0x200006BA	uint16_t	
[862]	131	0x200006BC	uint16_t	
[863]	88	0x200006BE	uint16_t	
[864]	96	0x200006C0	uint16_t	
[865]	108	0x200006C2	uint16_t	
[866]	134	0x200006C4	uint16_t	
[867]	104	0x200006C6	uint16_t	
[868]	118	0x200006C8	uint16_t	
[869]	160	0x200006CA	uint16_t	
[870]	123	0x200006CC	uint16_t	
[871]	155	0x200006CE	uint16_t	
[872]	123	0x200006D0	uint16_t	
[873]	155	0x200006D2	uint16_t	
[874]	123	0x200006D4	uint16_t	
[875]	155	0x200006D6	uint16_t	
[876]	123	0x200006D8	uint16_t	
[877]	155	0x200006DA	uint16_t	
[878]	123	0x200006DC	uint16_t	
[879]	154	0x200006DE	uint16_t	
[880]	120	0x200006E0	uint16_t	
[881]	144	0x200006E2	uint16_t	
[882]	99	0x200006E4	uint16_t	
[883]	119	0x200006E6	uint16_t	
[884]	164	0x200006E8	uint16_t	
[885]	138	0x200006EA	uint16_t	
[886]	96	0x200006EC	uint16_t	
[887]	107	0x200006EE	uint16_t	
[888]	132	0x200006F0	uint16_t	
[889]	91	0x200006F2	uint16_t	
[890]	107	0x200006F4	uint16_t	
[891]	131	0x200006F6	uint16_t	
[892]	88	0x200006F8	uint16_t	
[893]	96	0x200006FA	uint16_t	
[894]	107	0x200006FC	uint16_t	
[895]	132	0x200006FE	uint16_t	
[896]	90	0x20000700	uint16_t	
[897]	103	0x20000702	uint16_t	
[898]	140	0x20000704	uint16_t	
[899]	104	0x20000706	uint16_t	
[900]	118	0x20000708	uint16_t	
[901]	160	0x2000070A	uint16_t	
[902]	123	0x2000070C	uint16_t	
[903]	155	0x2000070E	uint16_t	
[904]	123	0x20000710	uint16_t	
[905]	155	0x20000712	uint16_t	
[906]	122	0x20000714	uint16_t	
[907]	152	0x20000716	uint16_t	
[908]	111	0x20000718	uint16_t	
[909]	152	0x2000071A	uint16_t	
[910]	111	0x2000071C	uint16_t	
[911]	153	0x2000071E	uint16_t	
[912]	114	0x20000720	uint16_t	
[913]	138	0x20000722	uint16_t	
[914]	96	0x20000724	uint16_t	
[915]	107	0x20000726	uint16_t	
[916]	131	0x20000728	uint16_t	
[917]	88	0x2000072A	uint16_t	
[918]	96	0x2000072C	uint16_t	
[919]	106	0x2000072E	uint16_t	
[920]	128	0x20000730	uint16_t	
[921]	76	0x20000732	uint16_t	
[922]	88	0x20000734	uint16_t	
[923]	94	0x20000736	uint16_t	
[924]	123	0x20000738	uint16_t	
[925]	156	0x2000073A	uint16_t	
[926]	126	0x2000073C	uint16_t	
[927]	172	0x2000073E	uint16_t	
[928]	150	0x20000740	uint16_t	
[929]	128	0x20000742	uint16_t	
[930]	77	0x20000744	uint16_t	
[931]	94	0x20000746	uint16_t	
[932]	123	0x20000748	uint16_t	
[933]	155	0x2000074A	uint16_t	
[934]	123	0x2000074C	uint16_t	
[935]	155	0x2000074E	uint16_t	
[936]	123	0x20000750	uint16_t	
[937]	156	0x20000752	uint16_t	
[938]	126	0x20000754	uint16_t	
[939]	171	0x20000756	uint16_t	
[940]	147	0x20000758	uint16_t	
[941]	111	0x2000075A	uint16_t	
[942]	152	0x2000075C	uint16_t	
[943]	111	0x2000075E	uint16_t	
[944]	152	0x20000760	uint16_t	
[945]	112	0x20000762	uint16_t	
[946]	131	0x20000764	uint16_t	
[947]	88	0x20000766	uint16_t	
[948]	96	0x20000768	uint16_t	
[949]	107	0x2000076A	uint16_t	
[950]	131	0x2000076C	uint16_t	
[951]	89	0x2000076E	uint16_t	
[952]	99	0x20000770	uint16_t	
[953]	119	0x20000772	uint16_t	
[954]	164	0x20000774	uint16_t	
[955]	138	0x20000776	uint16_t	
[956]	95	0x20000778	uint16_t	
[957]	128	0x2000077A	uint16_t	
[958]	77	0x2000077C	uint16_t	
[959]	94	0x2000077E	uint16_t	
[960]	123	0x20000780	uint16_t	
[961]	155	0x20000782	uint16_t	
[962]	123	0x20000784	uint16_t	
[963]	156	0x20000786	uint16_t	
[964]	128	0x20000788	uint16_t	
[965]	76	0x2000078A	uint16_t	
[966]	86	0x2000078C	uint16_t	
[967]	111	0x2000078E	uint16_t	
[968]	152	0x20000790	uint16_t	
[969]	111	0x20000792	uint16_t	
[970]	153	0x20000794	uint16_t	
[971]	115	0x20000796	uint16_t	
[972]	143	0x20000798	uint16_t	
[973]	120	0x2000079A	uint16_t	
[974]	144	0x2000079C	uint16_t	
[975]	99	0x2000079E	uint16_t	
[976]	119	0x200007A0	uint16_t	
[977]	164	0x200007A2	uint16_t	
[978]	138	0x200007A4	uint16_t	
[979]	96	0x200007A6	uint16_t	
[980]	107	0x200007A8	uint16_t	
[981]	131	0x200007AA	uint16_t	
[982]	88	0x200007AC	uint16_t	
[983]	96	0x200007AE	uint16_t	
[984]	107	0x200007B0	uint16_t	
[985]	132	0x200007B2	uint16_t	
[986]	91	0x200007B4	uint16_t	
[987]	107	0x200007B6	uint16_t	
[988]	132	0x200007B8	uint16_t	
[989]	91	0x200007BA	uint16_t	
[990]	107	0x200007BC	uint16_t	
[991]	132	0x200007BE	uint16_t	
[992]	91	0x200007C0	uint16_t	
[993]	107	0x200007C2	uint16_t	
[994]	132	0x200007C4	uint16_t	
[995]	91	0x200007C6	uint16_t	
[996]	107	0x200007C8	uint16_t	
[997]	132	0x200007CA	uint16_t	
[998]	92	0x200007CC	uint16_t	
[999]	110	0x200007CE	uint16_t	
[1000]	147	0x200007D0	uint16_t	
[1001]	112	0x200007D2	uint16_t	
[1002]	132	0x200007D4	uint16_t	
[1003]	91	0x200007D6	uint16_t	
[1004]	107	0x200007D8	uint16_t	
[1005]	131	0x200007DA	uint16_t	
[1006]	88	0x200007DC	uint16_t	
[1007]	96	0x200007DE	uint16_t	
[1008]	107	0x200007E0	uint16_t	
[1009]	131	0x200007E2	uint16_t	
[1010]	89	0x200007E4	uint16_t	
[1011]	99	0x200007E6	uint16_t	
[1012]	119	0x200007E8	uint16_t	
[1013]	164	0x200007EA	uint16_t	
[1014]	139	0x200007EC	uint16_t	
[1015]	99	0x200007EE	uint16_t	
[1016]	119	0x200007F0	uint16_t	
[1017]	164	0x200007F2	uint16_t	
[1018]	138	0x200007F4	uint16_t	
[1019]	96	0x200007F6	uint16_t	
[1020]	107	0x200007F8	uint16_t	
[1021]	131	0x200007FA	uint16_t	
[1022]	88	0x200007FC	uint16_t	
[1023]	96	0x200007FE	uint16_t	
[1024]	107	0x20000800	uint16_t	
[1025]	131	0x20000802	uint16_t	
[1026]	88	0x20000804	uint16_t	
[1027]	96	0x20000806	uint16_t	
[1028]	107	0x20000808	uint16_t	
[1029]	132	0x2000080A	uint16_t	
[1030]	91	0x2000080C	uint16_t	
[1031]	108	0x2000080E	uint16_t	
[1032]	134	0x20000810	uint16_t	
[1033]	104	0x20000812	uint16_t	
[1034]	119	0x20000814	uint16_t	
[1035]	164	0x20000816	uint16_t	
[1036]	138	0x20000818	uint16_t	
[1037]	96	0x2000081A	uint16_t	
[1038]	107	0x2000081C	uint16_t	
[1039]	131	0x2000081E	uint16_t	
[1040]	88	0x20000820	uint16_t	
[1041]	96	0x20000822	uint16_t	
[1042]	107	0x20000824	uint16_t	
[1043]	131	0x20000826	uint16_t	
[1044]	89	0x20000828	uint16_t	
[1045]	99	0x2000082A	uint16_t	
[1046]	119	0x2000082C	uint16_t	
[1047]	164	0x2000082E	uint16_t	
[1048]	139	0x20000830	uint16_t	
[1049]	99	0x20000832	uint16_t	
[1050]	119	0x20000834	uint16_t	
[1051]	164	0x20000836	uint16_t	
[1052]	139	0x20000838	uint16_t	
[1053]	99	0x2000083A	uint16_t	
[1054]	119	0x2000083C	uint16_t	
[1055]	163	0x2000083E	uint16_t	
[1056]	135	0x20000840	uint16_t	
[1057]	108	0x20000842	uint16_t	
[1058]	136	0x20000844	uint16_t	
[1059]	87	0x20000846	uint16_t	
[1060]	116	0x20000848	uint16_t	
[1061]	147	0x2000084A	uint16_t	
[1062]	111	0x2000084C	uint16_t	
[1063]	153	0x2000084E	uint16_t	
[1064]	114	0x20000850	uint16_t	
[1065]	139	0x20000852	uint16_t	
[1066]	100	0x20000854	uint16_t	
[1067]	122	0x20000856	uint16_t	
[1068]	150	0x20000858	uint16_t	
[1069]	128	0x2000085A	uint16_t	
[1070]	77	0x2000085C	uint16_t	
[1071]	94	0x2000085E	uint16_t	
[1072]	122	0x20000860	uint16_t	
[1073]	151	0x20000862	uint16_t	
[1074]	132	0x20000864	uint16_t	
[1075]	92	0x20000866	uint16_t	
[1076]	110	0x20000868	uint16_t	
[1077]	148	0x2000086A	uint16_t	
[1078]	114	0x2000086C	uint16_t	
[1079]	138	0x2000086E	uint16_t	
[1080]	96	0x20000870	uint16_t	
[1081]	106	0x20000872	uint16_t	
[1082]	126	0x20000874	uint16_t	
[1083]	172	0x20000876	uint16_t	
[1084]	150	0x20000878	uint16_t	
[1085]	128	0x2000087A	uint16_t	
[1086]	77	0x2000087C	uint16_t	
[1087]	94	0x2000087E	uint16_t	
[1088]	122	0x20000880	uint16_t	
[1089]	151	0x20000882	uint16_t	
[1090]	132	0x20000884	uint16_t	
[1091]	92	0x20000886	uint16_t	
[1092]	110	0x20000888	uint16_t	
[1093]	148	0x2000088A	uint16_t	
[1094]	114	0x2000088C	uint16_t	
[1095]	138	0x2000088E	uint16_t	
[1096]	96	0x20000890	uint16_t	
[1097]	107	0x20000892	uint16_t	
[1098]	131	0x20000894	uint16_t	
[1099]	88	0x20000896	uint16_t	
[1100]	96	0x20000898	uint16_t	
[1101]	107	0x2000089A	uint16_t	
[1102]	131	0x2000089C	uint16_t	
[1103]	88	0x2000089E	uint16_t	
[1104]	96	0x200008A0	uint16_t	
[1105]	107	0x200008A2	uint16_t	
[1106]	131	0x200008A4	uint16_t	
[1107]	88	0x200008A6	uint16_t	
[1108]	97	0x200008A8	uint16_t	
[1109]	109	0x200008AA	uint16_t	
[1110]	142	0x200008AC	uint16_t	
[1111]	116	0x200008AE	uint16_t	
[1112]	146	0x200008B0	uint16_t	
[1113]	106	0x200008B2	uint16_t	
[1114]	128	0x200008B4	uint16_t	
[1115]	77	0x200008B6	uint16_t	
[1116]	93	0x200008B8	uint16_t	
[1117]	119	0x200008BA	uint16_t	
[1118]	164	0x200008BC	uint16_t	
[1119]	138	0x200008BE	uint16_t	
[1120]	94	0x200008C0	uint16_t	
[1121]	124	0x200008C2	uint16_t	
[1122]	159	0x200008C4	uint16_t	
[1123]	144	0x200008C6	uint16_t	
[1124]	99	0x200008C8	uint16_t	
[1125]	119	0x200008CA	uint16_t	
[1126]	164	0x200008CC	uint16_t	
[1127]	138	0x200008CE	uint16_t	
[1128]	96	0x200008D0	uint16_t	
[1129]	106	0x200008D2	uint16_t	
[1130]	128	0x200008D4	uint16_t	
[1131]	76	0x200008D6	uint16_t	
[1132]	88	0x200008D8	uint16_t	
[1133]	96	0x200008DA	uint16_t	
[1134]	106	0x200008DC	uint16_t	
[1135]	126	0x200008DE	uint16_t	
[1136]	171	0x200008E0	uint16_t	
[1137]	147	0x200008E2	uint16_t	
[1138]	112	0x200008E4	uint16_t	
[1139]	132	0x200008E6	uint16_t	
[1140]	91	0x200008E8	uint16_t	
[1141]	107	0x200008EA	uint16_t	
[1142]	131	0x200008EC	uint16_t	
[1143]	89	0x200008EE	uint16_t	
[1144]	99	0x200008F0	uint16_t	
[1145]	119	0x200008F2	uint16_t	
[1146]	164	0x200008F4	uint16_t	
[1147]	138	0x200008F6	uint16_t	
[1148]	94	0x200008F8	uint16_t	
[1149]	124	0x200008FA	uint16_t	
[1150]	159	0x200008FC	uint16_t	
[1151]	143	0x200008FE	uint16_t	
[1152]	120	0x20000900	uint16_t	
[1153]	144	0x20000902	uint16_t	
[1154]	99	0x20000904	uint16_t	
[1155]	119	0x20000906	uint16_t	
[1156]	164	0x20000908	uint16_t	
[1157]	138	0x2000090A	uint16_t	
[1158]	96	0x2000090C	uint16_t	
[1159]	107	0x2000090E	uint16_t	
[1160]	130	0x20000910	uint16_t	
[1161]	84	0x20000912	uint16_t	
[1162]	99	0x20000914	uint16_t	
[1163]	119	0x20000916	uint16_t	
[1164]	164	0x20000918	uint16_t	
[1165]	138	0x2000091A	uint16_t	
[1166]	95	0x2000091C	uint16_t	
[1167]	128	0x2000091E	uint16_t	
[1168]	77	0x20000920	uint16_t	
[1169]	94	0x20000922	uint16_t	
[1170]	123	0x20000924	uint16_t	
[1171]	156	0x20000926	uint16_t	
[1172]	126	0x20000928	uint16_t	
[1173]	171	0x2000092A	uint16_t	
[1174]	146	0x2000092C	uint16_t	
[1175]	108	0x2000092E	uint16_t	
[1176]	134	0x20000930	uint16_t	
[1177]	103	0x20000932	uint16_t	
[1178]	141	0x20000934	uint16_t	
[1179]	110	0x20000936	uint16_t	
[1180]	147	0x20000938	uint16_t	
[1181]	111	0x2000093A	uint16_t	
[1182]	152	0x2000093C	uint16_t	
[1183]	112	0x2000093E	uint16_t	
[1184]	131	0x20000940	uint16_t	
[1185]	88	0x20000942	uint16_t	
[1186]	96	0x20000944	uint16_t	
[1187]	107	0x20000946	uint16_t	
[1188]	131	0x20000948	uint16_t	
[1189]	89	0x2000094A	uint16_t	
[1190]	99	0x2000094C	uint16_t	
[1191]	119	0x2000094E	uint16_t	
[1192]	164	0x20000950	uint16_t	
[1193]	138	0x20000952	uint16_t	
[1194]	96	0x20000954	uint16_t	
[1195]	106	0x20000956	uint16_t	
[1196]	128	0x20000958	uint16_t	
[1197]	76	0x2000095A	uint16_t	
[1198]	87	0x2000095C	uint16_t	
[1199]	116	0x2000095E	uint16_t	
[1200]	147	0x20000960	uint16_t	
[1201]	111	0x20000962	uint16_t	
[1202]	152	0x20000964	uint16_t	
[1203]	111	0x20000966	uint16_t	
[1204]	152	0x20000968	uint16_t	
[1205]	111	0x2000096A	uint16_t	
[1206]	152	0x2000096C	uint16_t	
[1207]	111	0x2000096E	uint16_t	
[1208]	152	0x20000970	uint16_t	
[1209]	112	0x20000972	uint16_t	
[1210]	132	0x20000974	uint16_t	
[1211]	91	0x20000976	uint16_t	
[1212]	107	0x20000978	uint16_t	
[1213]	132	0x2000097A	uint16_t	
[1214]	91	0x2000097C	uint16_t	
[1215]	107	0x2000097E	uint16_t	
[1216]	132	0x20000980	uint16_t	
[1217]	92	0x20000982	uint16_t	
[1218]	110	0x20000984	uint16_t	
[1219]	146	0x20000986	uint16_t	
[1220]	108	0x20000988	uint16_t	
[1221]	134	0x2000098A	uint16_t	
[1222]	104	0x2000098C	uint16_t	
[1223]	119	0x2000098E	uint16_t	
[1224]	164	0x20000990	uint16_t	
[1225]	138	0x20000992	uint16_t	
[1226]	96	0x20000994	uint16_t	
[1227]	106	0x20000996	uint16_t	
[1228]	126	0x20000998	uint16_t	
[1229]	171	0x2000099A	uint16_t	
[1230]	147	0x2000099C	uint16_t	
[1231]	111	0x2000099E	uint16_t	
[1232]	152	0x200009A0	uint16_t	
[1233]	111	0x200009A2	uint16_t	
[1234]	152	0x200009A4	uint16_t	
[1235]	112	0x200009A6	uint16_t	
[1236]	131	0x200009A8	uint16_t	
[1237]	88	0x200009AA	uint16_t	
[1238]	96	0x200009AC	uint16_t	
[1239]	106	0x200009AE	uint16_t	
[1240]	128	0x200009B0	uint16_t	
[1241]	76	0x200009B2	uint16_t	
[1242]	87	0x200009B4	uint16_t	
[1243]	116	0x200009B6	uint16_t	
[1244]	147	0x200009B8	uint16_t	
[1245]	111	0x200009BA	uint16_t	
[1246]	152	0x200009BC	uint16_t	
[1247]	112	0x200009BE	uint16_t	
[1248]	131	0x200009C0	uint16_t	
[1249]	88	0x200009C2	uint16_t	
[1250]	96	0x200009C4	uint16_t	
[1251]	107	0x200009C6	uint16_t	
[1252]	131	0x200009C8	uint16_t	
[1253]	88	0x200009CA	uint16_t	
[1254]	96	0x200009CC	uint16_t	
[1255]	106	0x200009CE	uint16_t	
[1256]	128	0x200009D0	uint16_t	
[1257]	76	0x200009D2	uint16_t	
[1258]	87	0x200009D4	uint16_t	
[1259]	115	0x200009D6	uint16_t	
[1260]	144	0x200009D8	uint16_t	
[1261]	99	0x200009DA	uint16_t	
[1262]	119	0x200009DC	uint16_t	
[1263]	164	0x200009DE	uint16_t	
[1264]	138	0x200009E0	uint16_t	
[1265]	96	0x200009E2	uint16_t	
[1266]	106	0x200009E4	uint16_t	
[1267]	128	0x200009E6	uint16_t	
[1268]	76	0x200009E8	uint16_t	
[1269]	87	0x200009EA	uint16_t	
[1270]	116	0x200009EC	uint16_t	
[1271]	146	0x200009EE	uint16_t	
[1272]	107	0x200009F0	uint16_t	
[1273]	131	0x200009F2	uint16_t	
[1274]	88	0x200009F4	uint16_t	
[1275]	96	0x200009F6	uint16_t	
[1276]	107	0x200009F8	uint16_t	
[1277]	131	0x200009FA	uint16_t	
[1278]	88	0x200009FC	uint16_t	
[1279]	96	0x200009FE	uint16_t	
[1280]	107	0x20000A00	uint16_t	
[1281]	131	0x20000A02	uint16_t	
[1282]	88	0x20000A04	uint16_t	
[1283]	96	0x20000A06	uint16_t	
[1284]	107	0x20000A08	uint16_t	
[1285]	131	0x20000A0A	uint16_t	
[1286]	89	0x20000A0C	uint16_t	
[1287]	98	0x20000A0E	uint16_t	
[1288]	115	0x20000A10	uint16_t	
[1289]	144	0x20000A12	uint16_t	
[1290]	100	0x20000A14	uint16_t	
[1291]	121	0x20000A16	uint16_t	
[1292]	148	0x20000A18	uint16_t	
[1293]	114	0x20000A1A	uint16_t	
[1294]	139	0x20000A1C	uint16_t	
[1295]	100	0x20000A1E	uint16_t	
[1296]	123	0x20000A20	uint16_t	
[1297]	154	0x20000A22	uint16_t	
[1298]	119	0x20000A24	uint16_t	
[1299]	163	0x20000A26	uint16_t	
[1300]	136	0x20000A28	uint16_t	
[1301]	88	0x20000A2A	uint16_t	
[1302]	95	0x20000A2C	uint16_t	
[1303]	128	0x20000A2E	uint16_t	
[1304]	77	0x20000A30	uint16_t	
[1305]	93	0x20000A32	uint16_t	
[1306]	118	0x20000A34	uint16_t	
[1307]	160	0x20000A36	uint16_t	
[1308]	123	0x20000A38	uint16_t	
[1309]	155	0x20000A3A	uint16_t	
[1310]	123	0x20000A3C	uint16_t	
[1311]	155	0x20000A3E	uint16_t	
[1312]	123	0x20000A40	uint16_t	
[1313]	156	0x20000A42	uint16_t	
[1314]	128	0x20000A44	uint16_t	
[1315]	76	0x20000A46	uint16_t	
[1316]	88	0x20000A48	uint16_t	
[1317]	94	0x20000A4A	uint16_t	
[1318]	123	0x20000A4C	uint16_t	
[1319]	155	0x20000A4E	uint16_t	
[1320]	123	0x20000A50	uint16_t	
[1321]	156	0x20000A52	uint16_t	
[1322]	126	0x20000A54	uint16_t	
[1323]	172	0x20000A56	uint16_t	
[1324]	149	0x20000A58	uint16_t	
[1325]	122	0x20000A5A	uint16_t	
[1326]	150	0x20000A5C	uint16_t	
[1327]	128	0x20000A5E	uint16_t	
[1328]	77	0x20000A60	uint16_t	
[1329]	94	0x20000A62	uint16_t	
[1330]	123	0x20000A64	uint16_t	
[1331]	155	0x20000A66	uint16_t	
[1332]	123	0x20000A68	uint16_t	
[1333]	155	0x20000A6A	uint16_t	
[1334]	123	0x20000A6C	uint16_t	
[1335]	155	0x20000A6E	uint16_t	
[1336]	124	0x20000A70	uint16_t	
[1337]	158	0x20000A72	uint16_t	
[1338]	139	0x20000A74	uint16_t	
[1339]	100	0x20000A76	uint16_t	
[1340]	122	0x20000A78	uint16_t	
[1341]	151	0x20000A7A	uint16_t	
[1342]	131	0x20000A7C	uint16_t	
[1343]	89	0x20000A7E	uint16_t	
[1344]	99	0x20000A80	uint16_t	
[1345]	119	0x20000A82	uint16_t	
[1346]	165	0x20000A84	uint16_t	
[1347]	145	0x20000A86	uint16_t	
[1348]	103	0x20000A88	uint16_t	
[1349]	140	0x20000A8A	uint16_t	
[1350]	104	0x20000A8C	uint16_t	
[1351]	119	0x20000A8E	uint16_t	
[1352]	163	0x20000A90	uint16_t	
[1353]	136	0x20000A92	uint16_t	
[1354]	88	0x20000A94	uint16_t	
[1355]	95	0x20000A96	uint16_t	
[1356]	128	0x20000A98	uint16_t	
[1357]	76	0x20000A9A	uint16_t	
[1358]	87	0x20000A9C	uint16_t	
[1359]	116	0x20000A9E	uint16_t	
[1360]	147	0x20000AA0	uint16_t	
[1361]	110	0x20000AA2	uint16_t	
[1362]	148	0x20000AA4	uint16_t	
[1363]	115	0x20000AA6	uint16_t	
[1364]	144	0x20000AA8	uint16_t	
[1365]	100	0x20000AAA	uint16_t	
[1366]	122	0x20000AAC	uint16_t	
[1367]	150	0x20000AAE	uint16_t	
[1368]	128	0x20000AB0	uint16_t	
[1369]	76	0x20000AB2	uint16_t	
[1370]	87	0x20000AB4	uint16_t	
[1371]	116	0x20000AB6	uint16_t	
[1372]	146	0x20000AB8	uint16_t	
[1373]	106	0x20000ABA	uint16_t	
[1374]	128	0x20000ABC	uint16_t	
[1375]	77	0x20000ABE	uint16_t	
[1376]	93	0x20000AC0	uint16_t	
[1377]	118	0x20000AC2	uint16_t	
[1378]	160	0x20000AC4	uint16_t	
[1379]	122	0x20000AC6	uint16_t	
[1380]	151	0x20000AC8	uint16_t	
[1381]	132	0x20000ACA	uint16_t	
[1382]	92	0x20000ACC	uint16_t	
[1383]	110	0x20000ACE	uint16_t	
[1384]	148	0x20000AD0	uint16_t	
[1385]	114	0x20000AD2	uint16_t	
[1386]	138	0x20000AD4	uint16_t	
[1387]	96	0x20000AD6	uint16_t	
[1388]	106	0x20000AD8	uint16_t	
[1389]	128	0x20000ADA	uint16_t	
[1390]	76	0x20000ADC	uint16_t	
[1391]	87	0x20000ADE	uint16_t	
[1392]	116	0x20000AE0	uint16_t	
[1393]	146	0x20000AE2	uint16_t	
[1394]	107	0x20000AE4	uint16_t	
[1395]	131	0x20000AE6	uint16_t	
[1396]	89	0x20000AE8	uint16_t	
[1397]	99	0x20000AEA	uint16_t	
[1398]	119	0x20000AEC	uint16_t	
[1399]	164	0x20000AEE	uint16_t	
[1400]	139	0x20000AF0	uint16_t	
[1401]	99	0x20000AF2	uint16_t	
[1402]	120	0x20000AF4	uint16_t	
[1403]	143	0x20000AF6	uint16_t	
[1404]	120	0x20000AF8	uint16_t	
[1405]	144	0x20000AFA	uint16_t	
[1406]	100	0x20000AFC	uint16_t	
[1407]	122	0x20000AFE	uint16_t	
[1408]	150	0x20000B00	uint16_t	
[1409]	128	0x20000B02	uint16_t	
[1410]	76	0x20000B04	uint16_t	
[1411]	87	0x20000B06	uint16_t	
[1412]	115	0x20000B08	uint16_t	
[1413]	144	0x20000B0A	uint16_t	
[1414]	100	0x20000B0C	uint16_t	
[1415]	122	0x20000B0E	uint16_t	
[1416]	151	0x20000B10	uint16_t	
[1417]	131	0x20000B12	uint16_t	
[1418]	88	0x20000B14	uint16_t	
[1419]	96	0x20000B16	uint16_t	
[1420]	107	0x20000B18	uint16_t	
[1421]	131	0x20000B1A	uint16_t	
[1422]	88	0x20000B1C	uint16_t	
[1423]	96	0x20000B1E	uint16_t	
[1424]	107	0x20000B20	uint16_t	
[1425]	131	0x20000B22	uint16_t	
[1426]	88	0x20000B24	uint16_t	
[1427]	96	0x20000B26	uint16_t	
[1428]	107	0x20000B28	uint16_t	
[1429]	131	0x20000B2A	uint16_t	
[1430]	88	0x20000B2C	uint16_t	
[1431]	96	0x20000B2E	uint16_t	
[1432]	107	0x20000B30	uint16_t	
[1433]	131	0x20000B32	uint16_t	
[1434]	88	0x20000B34	uint16_t	
[1435]	96	0x20000B36	uint16_t	
[1436]	107	0x20000B38	uint16_t	
[1437]	132	0x20000B3A	uint16_t	
[1438]	91	0x20000B3C	uint16_t	
[1439]	107	0x20000B3E	uint16_t	
[1440]	131	0x20000B40	uint16_t	
[1441]	89	0x20000B42	uint16_t	
[1442]	99	0x20000B44	uint16_t	
[1443]	119	0x20000B46	uint16_t	
[1444]	164	0x20000B48	uint16_t	
[1445]	138	0x20000B4A	uint16_t	
[1446]	96	0x20000B4C	uint16_t	
[1447]	107	0x20000B4E	uint16_t	
[1448]	130	0x20000B50	uint16_t	
[1449]	85	0x20000B52	uint16_t	
[1450]	105	0x20000B54	uint16_t	
[1451]	123	0x20000B56	uint16_t	
[1452]	155	0x20000B58	uint16_t	
[1453]	123	0x20000B5A	uint16_t	
[1454]	156	0x20000B5C	uint16_t	
[1455]	126	0x20000B5E	uint16_t	
[1456]	172	0x20000B60	uint16_t	
[1457]	150	0x20000B62	uint16_t	
[1458]	128	0x20000B64	uint16_t	
[1459]	76	0x20000B66	uint16_t	
[1460]	87	0x20000B68	uint16_t	
[1461]	115	0x20000B6A	uint16_t	
[1462]	144	0x20000B6C	uint16_t	
[1463]	100	0x20000B6E	uint16_t	
[1464]	122	0x20000B70	uint16_t	
[1465]	150	0x20000B72	uint16_t	
[1466]	128	0x20000B74	uint16_t	
[1467]	76	0x20000B76	uint16_t	
[1468]	87	0x20000B78	uint16_t	
[1469]	116	0x20000B7A	uint16_t	
[1470]	147	0x20000B7C	uint16_t	
[1471]	111	0x20000B7E	uint16_t	
[1472]	152	0x20000B80	uint16_t	
[1473]	111	0x20000B82	uint16_t	
[1474]	151	0x20000B84	uint16_t	
[1475]	132	0x20000B86	uint16_t	
[1476]	92	0x20000B88	uint16_t	
[1477]	111	0x20000B8A	uint16_t	
[1478]	152	0x20000B8C	uint16_t	
[1479]	111	0x20000B8E	uint16_t	
[1480]	152	0x20000B90	uint16_t	
[1481]	111	0x20000B92	uint16_t	
[1482]	151	0x20000B94	uint16_t	
[1483]	132	0x20000B96	uint16_t	
[1484]	92	0x20000B98	uint16_t	
[1485]	110	0x20000B9A	uint16_t	
[1486]	147	0x20000B9C	uint16_t	
[1487]	112	0x20000B9E	uint16_t	
[1488]	131	0x20000BA0	uint16_t	
[1489]	88	0x20000BA2	uint16_t	
[1490]	96	0x20000BA4	uint16_t	
[1491]	107	0x20000BA6	uint16_t	
[1492]	131	0x20000BA8	uint16_t	
[1493]	88	0x20000BAA	uint16_t	
[1494]	96	0x20000BAC	uint16_t	
[1495]	106	0x20000BAE	uint16_t	
[1496]	128	0x20000BB0	uint16_t	
[1497]	76	0x20000BB2	uint16_t	
[1498]	86	0x20000BB4	uint16_t	
[1499]	112	0x20000BB6	uint16_t	
[1500]	131	0x20000BB8	uint16_t	
[1501]	88	0x20000BBA	uint16_t	
[1502]	96	0x20000BBC	uint16_t	
[1503]	107	0x20000BBE	uint16_t	
[1504]	132	0x20000BC0	uint16_t	
[1505]	91	0x20000BC2	uint16_t	
[1506]	107	0x20000BC4	uint16_t	
[1507]	131	0x20000BC6	uint16_t	
[1508]	88	0x20000BC8	uint16_t	
[1509]	96	0x20000BCA	uint16_t	
[1510]	107	0x20000BCC	uint16_t	
[1511]	131	0x20000BCE	uint16_t	
[1512]	88	0x20000BD0	uint16_t	
[1513]	95	0x20000BD2	uint16_t	
[1514]	129	0x20000BD4	uint16_t	
[1515]	81	0x20000BD6	uint16_t	
[1516]	87	0x20000BD8	uint16_t	
[1517]	116	0x20000BDA	uint16_t	
[1518]	146	0x20000BDC	uint16_t	
[1519]	106	0x20000BDE	uint16_t	
[1520]	128	0x20000BE0	uint16_t	
[1521]	76	0x20000BE2	uint16_t	
[1522]	87	0x20000BE4	uint16_t	
[1523]	116	0x20000BE6	uint16_t	
[1524]	147	0x20000BE8	uint16_t	
[1525]	111	0x20000BEA	uint16_t	
[1526]	152	0x20000BEC	uint16_t	
[1527]	111	0x20000BEE	uint16_t	
[1528]	152	0x20000BF0	uint16_t	
[1529]	112	0x20000BF2	uint16_t	
[1530]	131	0x20000BF4	uint16_t	
[1531]	88	0x20000BF6	uint16_t	
[1532]	96	0x20000BF8	uint16_t	
[1533]	107	0x20000BFA	uint16_t	
[1534]	132	0x20000BFC	uint16_t	
[1535]	91	0x20000BFE	uint16_t	
[1536]	107	0x20000C00	uint16_t	
[1537]	131	0x20000C02	uint16_t	
[1538]	88	0x20000C04	uint16_t	
[1539]	96	0x20000C06	uint16_t	
[1540]	107	0x20000C08	uint16_t	
[1541]	130	0x20000C0A	uint16_t	
[1542]	85	0x20000C0C	uint16_t	
[1543]	106	0x20000C0E	uint16_t	
[1544]	128	0x20000C10	uint16_t	
[1545]	76	0x20000C12	uint16_t	
[1546]	87	0x20000C14	uint16_t	
[1547]	115	0x20000C16	uint16_t	
[1548]	144	0x20000C18	uint16_t	
[1549]	100	0x20000C1A	uint16_t	
[1550]	122	0x20000C1C	uint16_t	
[1551]	150	0x20000C1E	uint16_t	
[1552]	128	0x20000C20	uint16_t	
[1553]	77	0x20000C22	uint16_t	
[1554]	94	0x20000C24	uint16_t	
[1555]	123	0x20000C26	uint16_t	
[1556]	155	0x20000C28	uint16_t	
[1557]	124	0x20000C2A	uint16_t	
[1558]	159	0x20000C2C	uint16_t	
[1559]	143	0x20000C2E	uint16_t	
[1560]	119	0x20000C30	uint16_t	
[1561]	164	0x20000C32	uint16_t	
[1562]	139	0x20000C34	uint16_t	
[1563]	100	0x20000C36	uint16_t	
[1564]	122	0x20000C38	uint16_t	
[1565]	151	0x20000C3A	uint16_t	
[1566]	131	0x20000C3C	uint16_t	
[1567]	88	0x20000C3E	uint16_t	
[1568]	96	0x20000C40	uint16_t	
[1569]	107	0x20000C42	uint16_t	
[1570]	131	0x20000C44	uint16_t	
[1571]	88	0x20000C46	uint16_t	
[1572]	96	0x20000C48	uint16_t	
[1573]	108	0x20000C4A	uint16_t	
[1574]	134	0x20000C4C	uint16_t	
[1575]	104	0x20000C4E	uint16_t	
[1576]	119	0x20000C50	uint16_t	
[1577]	164	0x20000C52	uint16_t	
[1578]	138	0x20000C54	uint16_t	
[1579]	96	0x20000C56	uint16_t	
[1580]	107	0x20000C58	uint16_t	
[1581]	132	0x20000C5A	uint16_t	
[1582]	90	0x20000C5C	uint16_t	
[1583]	103	0x20000C5E	uint16_t	
[1584]	139	0x20000C60	uint16_t	
[1585]	100	0x20000C62	uint16_t	
[1586]	123	0x20000C64	uint16_t	
[1587]	155	0x20000C66	uint16_t	
[1588]	123	0x20000C68	uint16_t	
[1589]	155	0x20000C6A	uint16_t	
[1590]	123	0x20000C6C	uint16_t	
[1591]	155	0x20000C6E	uint16_t	
[1592]	122	0x20000C70	uint16_t	
[1593]	151	0x20000C72	uint16_t	
[1594]	132	0x20000C74	uint16_t	
[1595]	92	0x20000C76	uint16_t	
[1596]	110	0x20000C78	uint16_t	
[1597]	147	0x20000C7A	uint16_t	
[1598]	111	0x20000C7C	uint16_t	
[1599]	152	0x20000C7E	uint16_t	
[1600]	112	0x20000C80	uint16_t	
[1601]	132	0x20000C82	uint16_t	
[1602]	91	0x20000C84	uint16_t	
[1603]	107	0x20000C86	uint16_t	
[1604]	131	0x20000C88	uint16_t	
[1605]	89	0x20000C8A	uint16_t	
[1606]	98	0x20000C8C	uint16_t	
[1607]	115	0x20000C8E	uint16_t	
[1608]	144	0x20000C90	uint16_t	
[1609]	100	0x20000C92	uint16_t	
[1610]	122	0x20000C94	uint16_t	
[1611]	151	0x20000C96	uint16_t	
[1612]	131	0x20000C98	uint16_t	
[1613]	88	0x20000C9A	uint16_t	
[1614]	96	0x20000C9C	uint16_t	
[1615]	107	0x20000C9E	uint16_t	
[1616]	131	0x20000CA0	uint16_t	
[1617]	88	0x20000CA2	uint16_t	
[1618]	96	0x20000CA4	uint16_t	
[1619]	107	0x20000CA6	uint16_t	
[1620]	131	0x20000CA8	uint16_t	
[1621]	88	0x20000CAA	uint16_t	
[1622]	96	0x20000CAC	uint16_t	
[1623]	107	0x20000CAE	uint16_t	
[1624]	132	0x20000CB0	uint16_t	
[1625]	91	0x20000CB2	uint16_t	
[1626]	108	0x20000CB4	uint16_t	
[1627]	134	0x20000CB6	uint16_t	
[1628]	104	0x20000CB8	uint16_t	
[1629]	118	0x20000CBA	uint16_t	
[1630]	160	0x20000CBC	uint16_t	
[1631]	124	0x20000CBE	uint16_t	
[1632]	158	0x20000CC0	uint16_t	
[1633]	139	0x20000CC2	uint16_t	
[1634]	100	0x20000CC4	uint16_t	
[1635]	122	0x20000CC6	uint16_t	
[1636]	151	0x20000CC8	uint16_t	
[1637]	132	0x20000CCA	uint16_t	
[1638]	91	0x20000CCC	uint16_t	
[1639]	107	0x20000CCE	uint16_t	
[1640]	131	0x20000CD0	uint16_t	
[1641]	88	0x20000CD2	uint16_t	
[1642]	96	0x20000CD4	uint16_t	
[1643]	107	0x20000CD6	uint16_t	
[1644]	131	0x20000CD8	uint16_t	
[1645]	88	0x20000CDA	uint16_t	
[1646]	96	0x20000CDC	uint16_t	
[1647]	107	0x20000CDE	uint16_t	
[1648]	131	0x20000CE0	uint16_t	
[1649]	88	0x20000CE2	uint16_t	
[1650]	96	0x20000CE4	uint16_t	
[1651]	107	0x20000CE6	uint16_t	
[1652]	132	0x20000CE8	uint16_t	
[1653]	91	0x20000CEA	uint16_t	
[1654]	107	0x20000CEC	uint16_t	
[1655]	132	0x20000CEE	uint16_t	
[1656]	91	0x20000CF0	uint16_t	
[1657]	108	0x20000CF2	uint16_t	
[1658]	134	0x20000CF4	uint16_t	
[1659]	104	0x20000CF6	uint16_t	
[1660]	120	0x20000CF8	uint16_t	
[1661]	142	0x20000CFA	uint16_t	
[1662]	116	0x20000CFC	uint16_t	
[1663]	145	0x20000CFE	uint16_t	
[1664]	104	0x20000D00	uint16_t	
[1665]	119	0x20000D02	uint16_t	
[1666]	164	0x20000D04	uint16_t	
[1667]	138	0x20000D06	uint16_t	
[1668]	96	0x20000D08	uint16_t	
[1669]	107	0x20000D0A	uint16_t	
[1670]	131	0x20000D0C	uint16_t	
[1671]	88	0x20000D0E	uint16_t	
[1672]	96	0x20000D10	uint16_t	
[1673]	107	0x20000D12	uint16_t	
[1674]	131	0x20000D14	uint16_t	
[1675]	88	0x20000D16	uint16_t	
[1676]	96	0x20000D18	uint16_t	
[1677]	107	0x20000D1A	uint16_t	
[1678]	131	0x20000D1C	uint16_t	
[1679]	88	0x20000D1E	uint16_t	
[1680]	96	0x20000D20	uint16_t	
[1681]	107	0x20000D22	uint16_t	
[1682]	131	0x20000D24	uint16_t	
[1683]	88	0x20000D26	uint16_t	
[1684]	96	0x20000D28	uint16_t	
[1685]	107	0x20000D2A	uint16_t	
[1686]	130	0x20000D2C	uint16_t	
[1687]	85	0x20000D2E	uint16_t	
[1688]	106	0x20000D30	uint16_t	
[1689]	125	0x20000D32	uint16_t	
[1690]	167	0x20000D34	uint16_t	
[1691]	155	0x20000D36	uint16_t	
[1692]	123	0x20000D38	uint16_t	
[1693]	156	0x20000D3A	uint16_t	
[1694]	125	0x20000D3C	uint16_t	
[1695]	166	0x20000D3E	uint16_t	
[1696]	152	0x20000D40	uint16_t	
[1697]	111	0x20000D42	uint16_t	
[1698]	151	0x20000D44	uint16_t	
[1699]	132	0x20000D46	uint16_t	
[1700]	91	0x20000D48	uint16_t	
[1701]	107	0x20000D4A	uint16_t	
[1702]	132	0x20000D4C	uint16_t	
[1703]	91	0x20000D4E	uint16_t	
[1704]	107	0x20000D50	uint16_t	
[1705]	132	0x20000D52	uint16_t	
[1706]	91	0x20000D54	uint16_t	
[1707]	108	0x20000D56	uint16_t	
[1708]	134	0x20000D58	uint16_t	
[1709]	104	0x20000D5A	uint16_t	
[1710]	119	0x20000D5C	uint16_t	
[1711]	164	0x20000D5E	uint16_t	
[1712]	138	0x20000D60	uint16_t	
[1713]	95	0x20000D62	uint16_t	
[1714]	128	0x20000D64	uint16_t	
[1715]	77	0x20000D66	uint16_t	
[1716]	93	0x20000D68	uint16_t	
[1717]	118	0x20000D6A	uint16_t	
[1718]	160	0x20000D6C	uint16_t	
[1719]	123	0x20000D6E	uint16_t	
[1720]	155	0x20000D70	uint16_t	
[1721]	123	0x20000D72	uint16_t	
[1722]	155	0x20000D74	uint16_t	
[1723]	124	0x20000D76	uint16_t	
[1724]	158	0x20000D78	uint16_t	
[1725]	139	0x20000D7A	uint16_t	
[1726]	100	0x20000D7C	uint16_t	
[1727]	122	0x20000D7E	uint16_t	
[1728]	152	0x20000D80	uint16_t	
[1729]	110	0x20000D82	uint16_t	
[1730]	147	0x20000D84	uint16_t	
[1731]	112	0x20000D86	uint16_t	
[1732]	132	0x20000D88	uint16_t	
[1733]	91	0x20000D8A	uint16_t	
[1734]	106	0x20000D8C	uint16_t	
[1735]	128	0x20000D8E	uint16_t	
[1736]	76	0x20000D90	uint16_t	
[1737]	87	0x20000D92	uint16_t	
[1738]	116	0x20000D94	uint16_t	
[1739]	147	0x20000D96	uint16_t	
[1740]	111	0x20000D98	uint16_t	
[1741]	152	0x20000D9A	uint16_t	
[1742]	112	0x20000D9C	uint16_t	
[1743]	131	0x20000D9E	uint16_t	
[1744]	88	0x20000DA0	uint16_t	
[1745]	96	0x20000DA2	uint16_t	
[1746]	106	0x20000DA4	uint16_t	
[1747]	128	0x20000DA6	uint16_t	
[1748]	76	0x20000DA8	uint16_t	
[1749]	87	0x20000DAA	uint16_t	
[1750]	116	0x20000DAC	uint16_t	
[1751]	147	0x20000DAE	uint16_t	
[1752]	112	0x20000DB0	uint16_t	
[1753]	130	0x20000DB2	uint16_t	
[1754]	84	0x20000DB4	uint16_t	
[1755]	98	0x20000DB6	uint16_t	
[1756]	115	0x20000DB8	uint16_t	
[1757]	142	0x20000DBA	uint16_t	
[1758]	116	0x20000DBC	uint16_t	
[1759]	147	0x20000DBE	uint16_t	
[1760]	111	0x20000DC0	uint16_t	
[1761]	152	0x20000DC2	uint16_t	
[1762]	112	0x20000DC4	uint16_t	
[1763]	131	0x20000DC6	uint16_t	
[1764]	88	0x20000DC8	uint16_t	
[1765]	96	0x20000DCA	uint16_t	
[1766]	107	0x20000DCC	uint16_t	
[1767]	131	0x20000DCE	uint16_t	
[1768]	89	0x20000DD0	uint16_t	
[1769]	99	0x20000DD2	uint16_t	
[1770]	118	0x20000DD4	uint16_t	
[1771]	160	0x20000DD6	uint16_t	
[1772]	123	0x20000DD8	uint16_t	
[1773]	155	0x20000DDA	uint16_t	
[1774]	123	0x20000DDC	uint16_t	
[1775]	155	0x20000DDE	uint16_t	
[1776]	123	0x20000DE0	uint16_t	
[1777]	155	0x20000DE2	uint16_t	
[1778]	124	0x20000DE4	uint16_t	
[1779]	158	0x20000DE6	uint16_t	
[1780]	140	0x20000DE8	uint16_t	
[1781]	103	0x20000DEA	uint16_t	
[1782]	139	0x20000DEC	uint16_t	
[1783]	100	0x20000DEE	uint16_t	
[1784]	122	0x20000DF0	uint16_t	
[1785]	151	0x20000DF2	uint16_t	
[1786]	132	0x20000DF4	uint16_t	
[1787]	92	0x20000DF6	uint16_t	
[1788]	111	0x20000DF8	uint16_t	
[1789]	151	0x20000DFA	uint16_t	
[1790]	132	0x20000DFC	uint16_t	
[1791]	92	0x20000DFE	uint16_t	
[1792]	110	0x20000E00	uint16_t	
[1793]	148	0x20000E02	uint16_t	
[1794]	114	0x20000E04	uint16_t	
[1795]	139	0x20000E06	uint16_t	
[1796]	100	0x20000E08	uint16_t	
[1797]	122	0x20000E0A	uint16_t	
[1798]	151	0x20000E0C	uint16_t	
[1799]	131	0x20000E0E	uint16_t	
[1800]	88	0x20000E10	uint16_t	
[1801]	96	0x20000E12	uint16_t	
[1802]	107	0x20000E14	uint16_t	
[1803]	131	0x20000E16	uint16_t	
[1804]	88	0x20000E18	uint16_t	
[1805]	96	0x20000E1A	uint16_t	
[1806]	107	0x20000E1C	uint16_t	
[1807]	131	0x20000E1E	uint16_t	
[1808]	88	0x20000E20	uint16_t	
[1809]	96	0x20000E22	uint16_t	
[1810]	106	0x20000E24	uint16_t	
[1811]	126	0x20000E26	uint16_t	
[1812]	172	0x20000E28	uint16_t	
[1813]	150	0x20000E2A	uint16_t	
[1814]	128	0x20000E2C	uint16_t	
[1815]	76	0x20000E2E	uint16_t	
[1816]	88	0x20000E30	uint16_t	
[1817]	95	0x20000E32	uint16_t	
[1818]	128	0x20000E34	uint16_t	
[1819]	77	0x20000E36	uint16_t	
[1820]	93	0x20000E38	uint16_t	
[1821]	118	0x20000E3A	uint16_t	
[1822]	160	0x20000E3C	uint16_t	
[1823]	122	0x20000E3E	uint16_t	
[1824]	150	0x20000E40	uint16_t	
[1825]	128	0x20000E42	uint16_t	
[1826]	77	0x20000E44	uint16_t	
[1827]	94	0x20000E46	uint16_t	
[1828]	123	0x20000E48	uint16_t	
[1829]	155	0x20000E4A	uint16_t	
[1830]	124	0x20000E4C	uint16_t	
[1831]	158	0x20000E4E	uint16_t	
[1832]	139	0x20000E50	uint16_t	
[1833]	100	0x20000E52	uint16_t	
[1834]	122	0x20000E54	uint16_t	
[1835]	150	0x20000E56	uint16_t	
[1836]	128	0x20000E58	uint16_t	
[1837]	76	0x20000E5A	uint16_t	
[1838]	87	0x20000E5C	uint16_t	
[1839]	116	0x20000E5E	uint16_t	
[1840]	147	0x20000E60	uint16_t	
[1841]	111	0x20000E62	uint16_t	
[1842]	152	0x20000E64	uint16_t	
[1843]	112	0x20000E66	uint16_t	
[1844]	132	0x20000E68	uint16_t	
[1845]	90	0x20000E6A	uint16_t	
[1846]	103	0x20000E6C	uint16_t	
[1847]	140	0x20000E6E	uint16_t	
[1848]	103	0x20000E70	uint16_t	
[1849]	139	0x20000E72	uint16_t	
[1850]	100	0x20000E74	uint16_t	
[1851]	123	0x20000E76	uint16_t	
[1852]	155	0x20000E78	uint16_t	
[1853]	123	0x20000E7A	uint16_t	
[1854]	155	0x20000E7C	uint16_t	
[1855]	123	0x20000E7E	uint16_t	
[1856]	155	0x20000E80	uint16_t	
[1857]	123	0x20000E82	uint16_t	
[1858]	156	0x20000E84	uint16_t	
[1859]	126	0x20000E86	uint16_t	
[1860]	172	0x20000E88	uint16_t	
[1861]	150	0x20000E8A	uint16_t	
[1862]	128	0x20000E8C	uint16_t	
[1863]	77	0x20000E8E	uint16_t	
[1864]	94	0x20000E90	uint16_t	
[1865]	124	0x20000E92	uint16_t	
[1866]	158	0x20000E94	uint16_t	
[1867]	139	0x20000E96	uint16_t	
[1868]	100	0x20000E98	uint16_t	
[1869]	122	0x20000E9A	uint16_t	
[1870]	151	0x20000E9C	uint16_t	
[1871]	132	0x20000E9E	uint16_t	
[1872]	91	0x20000EA0	uint16_t	
[1873]	107	0x20000EA2	uint16_t	
[1874]	131	0x20000EA4	uint16_t	
[1875]	89	0x20000EA6	uint16_t	
[1876]	99	0x20000EA8	uint16_t	
[1877]	120	0x20000EAA	uint16_t	
[1878]	143	0x20000EAC	uint16_t	
[1879]	119	0x20000EAE	uint16_t	
[1880]	165	0x20000EB0	uint16_t	
[1881]	145	0x20000EB2	uint16_t	
[1882]	104	0x20000EB4	uint16_t	
[1883]	119	0x20000EB6	uint16_t	
[1884]	164	0x20000EB8	uint16_t	
[1885]	138	0x20000EBA	uint16_t	
[1886]	96	0x20000EBC	uint16_t	
[1887]	106	0x20000EBE	uint16_t	
[1888]	128	0x20000EC0	uint16_t	
[1889]	76	0x20000EC2	uint16_t	
[1890]	87	0x20000EC4	uint16_t	
[1891]	115	0x20000EC6	uint16_t	
[1892]	143	0x20000EC8	uint16_t	
[1893]	120	0x20000ECA	uint16_t	
[1894]	144	0x20000ECC	uint16_t	
[1895]	100	0x20000ECE	uint16_t	
[1896]	123	0x20000ED0	uint16_t	
[1897]	155	0x20000ED2	uint16_t	
[1898]	123	0x20000ED4	uint16_t	
[1899]	155	0x20000ED6	uint16_t	
[1900]	123	0x20000ED8	uint16_t	
[1901]	155	0x20000EDA	uint16_t	
[1902]	123	0x20000EDC	uint16_t	
[1903]	155	0x20000EDE	uint16_t	
[1904]	123	0x20000EE0	uint16_t	
[1905]	155	0x20000EE2	uint16_t	
[1906]	123	0x20000EE4	uint16_t	
[1907]	155	0x20000EE6	uint16_t	
[1908]	123	0x20000EE8	uint16_t	
[1909]	156	0x20000EEA	uint16_t	
[1910]	128	0x20000EEC	uint16_t	
[1911]	76	0x20000EEE	uint16_t	
[1912]	86	0x20000EF0	uint16_t	
[1913]	112	0x20000EF2	uint16_t	
[1914]	132	0x20000EF4	uint16_t	
[1915]	92	0x20000EF6	uint16_t	
[1916]	110	0x20000EF8	uint16_t	
[1917]	147	0x20000EFA	uint16_t	
[1918]	111	0x20000EFC	uint16_t	
[1919]	152	0x20000EFE	uint16_t	
[1920]	112	0x20000F00	uint16_t	
[1921]	131	0x20000F02	uint16_t	
[1922]	88	0x20000F04	uint16_t	
[1923]	96	0x20000F06	uint16_t	
[1924]	106	0x20000F08	uint16_t	
[1925]	128	0x20000F0A	uint16_t	
[1926]	76	0x20000F0C	uint16_t	
[1927]	87	0x20000F0E	uint16_t	
[1928]	115	0x20000F10	uint16_t	
[1929]	144	0x20000F12	uint16_t	
[1930]	100	0x20000F14	uint16_t	
[1931]	122	0x20000F16	uint16_t	
[1932]	151	0x20000F18	uint16_t	
[1933]	131	0x20000F1A	uint16_t	
[1934]	89	0x20000F1C	uint16_t	
[1935]	99	0x20000F1E	uint16_t	
[1936]	120	0x20000F20	uint16_t	
[1937]	143	0x20000F22	uint16_t	
[1938]	120	0x20000F24	uint16_t	
[1939]	143	0x20000F26	uint16_t	
[1940]	120	0x20000F28	uint16_t	
[1941]	144	0x20000F2A	uint16_t	
[1942]	99	0x20000F2C	uint16_t	
[1943]	119	0x20000F2E	uint16_t	
[1944]	165	0x20000F30	uint16_t	
[1945]	144	0x20000F32	uint16_t	
[1946]	101	0x20000F34	uint16_t	
[1947]	129	0x20000F36	uint16_t	
[1948]	81	0x20000F38	uint16_t	
[1949]	88	0x20000F3A	uint16_t	
[1950]	96	0x20000F3C	uint16_t	
[1951]	107	0x20000F3E	uint16_t	
[1952]	131	0x20000F40	uint16_t	
[1953]	88	0x20000F42	uint16_t	
[1954]	96	0x20000F44	uint16_t	
[1955]	107	0x20000F46	uint16_t	
[1956]	131	0x20000F48	uint16_t	
[1957]	88	0x20000F4A	uint16_t	
[1958]	96	0x20000F4C	uint16_t	
[1959]	107	0x20000F4E	uint16_t	
[1960]	131	0x20000F50	uint16_t	
[1961]	88	0x20000F52	uint16_t	
[1962]	96	0x20000F54	uint16_t	
[1963]	107	0x20000F56	uint16_t	
[1964]	131	0x20000F58	uint16_t	
[1965]	88	0x20000F5A	uint16_t	
[1966]	96	0x20000F5C	uint16_t	
[1967]	107	0x20000F5E	uint16_t	
[1968]	131	0x20000F60	uint16_t	
[1969]	89	0x20000F62	uint16_t	
[1970]	99	0x20000F64	uint16_t	
[1971]	119	0x20000F66	uint16_t	
[1972]	164	0x20000F68	uint16_t	
[1973]	138	0x20000F6A	uint16_t	
[1974]	96	0x20000F6C	uint16_t	
[1975]	107	0x20000F6E	uint16_t	
[1976]	131	0x20000F70	uint16_t	
[1977]	88	0x20000F72	uint16_t	
[1978]	96	0x20000F74	uint16_t	
[1979]	107	0x20000F76	uint16_t	
[1980]	130	0x20000F78	uint16_t	
[1981]	84	0x20000F7A	uint16_t	
[1982]	99	0x20000F7C	uint16_t	
[1983]	119	0x20000F7E	uint16_t	
[1984]	164	0x20000F80	uint16_t	
[1985]	138	0x20000F82	uint16_t	
[1986]	95	0x20000F84	uint16_t	
[1987]	129	0x20000F86	uint16_t	
[1988]	80	0x20000F88	uint16_t	
[1989]	83	0x20000F8A	uint16_t	
[1990]	96	0x20000F8C	uint16_t	
[1991]	106	0x20000F8E	uint16_t	
[1992]	128	0x20000F90	uint16_t	
[1993]	76	0x20000F92	uint16_t	
[1994]	88	0x20000F94	uint16_t	
[1995]	94	0x20000F96	uint16_t	
[1996]	124	0x20000F98	uint16_t	
[1997]	158	0x20000F9A	uint16_t	
[1998]	139	0x20000F9C	uint16_t	
[1999]	99	0x20000F9E	uint16_t	
[2000]	120	0x20000FA0	uint16_t	
[2001]	144	0x20000FA2	uint16_t	
[2002]	100	0x20000FA4	uint16_t	
[2003]	122	0x20000FA6	uint16_t	
[2004]	150	0x20000FA8	uint16_t	
[2005]	128	0x20000FAA	uint16_t	
[2006]	76	0x20000FAC	uint16_t	
[2007]	87	0x20000FAE	uint16_t	
[2008]	116	0x20000FB0	uint16_t	
[2009]	147	0x20000FB2	uint16_t	
[2010]	110	0x20000FB4	uint16_t	
[2011]	148	0x20000FB6	uint16_t	
[2012]	114	0x20000FB8	uint16_t	
[2013]	139	0x20000FBA	uint16_t	
[2014]	100	0x20000FBC	uint16_t	
[2015]	122	0x20000FBE	uint16_t	
[2016]	150	0x20000FC0	uint16_t	
[2017]	128	0x20000FC2	uint16_t	
[2018]	77	0x20000FC4	uint16_t	
[2019]	94	0x20000FC6	uint16_t	
[2020]	123	0x20000FC8	uint16_t	
[2021]	155	0x20000FCA	uint16_t	
[2022]	123	0x20000FCC	uint16_t	
[2023]	156	0x20000FCE	uint16_t	
[2024]	126	0x20000FD0	uint16_t	
[2025]	172	0x20000FD2	uint16_t	
[2026]	149	0x20000FD4	uint16_t	
[2027]	123	0x20000FD6	uint16_t	
[2028]	155	0x20000FD8	uint16_t	
[2029]	122	0x20000FDA	uint16_t	
[2030]	151	0x20000FDC	uint16_t	
[2031]	132	0x20000FDE	uint16_t	
[2032]	91	0x20000FE0	uint16_t	
[2033]	107	0x20000FE2	uint16_t	
[2034]	132	0x20000FE4	uint16_t	
[2035]	91	0x20000FE6	uint16_t	
[2036]	107	0x20000FE8	uint16_t	
[2037]	132	0x20000FEA	uint16_t	
[2038]	91	0x20000FEC	uint16_t	
[2039]	107	0x20000FEE	uint16_t	
[2040]	131	0x20000FF0	uint16_t	
[2041]	89	0x20000FF2	uint16_t	
[2042]	99	0x20000FF4	uint16_t	
[2043]	119	0x20000FF6	uint16_t	
[2044]	164	0x20000FF8	uint16_t	
[2045]	138	0x20000FFA	uint16_t	
[2046]	95	0x20000FFC	uint16_t	
[2047]	128	0x20000FFE	uint16_t	
[2048]	78	0x20001000	uint16_t	
[2049]	99	0x20001002	uint16_t	
[2050]	119	0x20001004	uint16_t	
[2051]	164	0x20001006	uint16_t	
[2052]	138	0x20001008	uint16_t	
[2053]	96	0x2000100A	uint16_t	
[2054]	107	0x2000100C	uint16_t	
[2055]	131	0x2000100E	uint16_t	
[2056]	88	0x20001010	uint16_t	
[2057]	96	0x20001012	uint16_t	
[2058]	108	0x20001014	uint16_t	
[2059]	134	0x20001016	uint16_t	
[2060]	104	0x20001018	uint16_t	
[2061]	119	0x2000101A	uint16_t	
[2062]	164	0x2000101C	uint16_t	
[2063]	139	0x2000101E	uint16_t	
[2064]	99	0x20001020	uint16_t	
[2065]	119	0x20001022	uint16_t	
[2066]	164	0x20001024	uint16_t	
[2067]	138	0x20001026	uint16_t	
[2068]	96	0x20001028	uint16_t	
[2069]	106	0x2000102A	uint16_t	
[2070]	126	0x2000102C	uint16_t	
[2071]	172	0x2000102E	uint16_t	
[2072]	150	0x20001030	uint16_t	
[2073]	128	0x20001032	uint16_t	
[2074]	76	0x20001034	uint16_t	
[2075]	88	0x20001036	uint16_t	
[2076]	95	0x20001038	uint16_t	
[2077]	128	0x2000103A	uint16_t	
[2078]	77	0x2000103C	uint16_t	
[2079]	93	0x2000103E	uint16_t	
[2080]	118	0x20001040	uint16_t	
[2081]	160	0x20001042	uint16_t	
[2082]	122	0x20001044	uint16_t	
[2083]	151	0x20001046	uint16_t	
[2084]	132	0x20001048	uint16_t	
[2085]	91	0x2000104A	uint16_t	
[2086]	108	0x2000104C	uint16_t	
[2087]	134	0x2000104E	uint16_t	
[2088]	103	0x20001050	uint16_t	
[2089]	140	0x20001052	uint16_t	
[2090]	104	0x20001054	uint16_t	
[2091]	118	0x20001056	uint16_t	
[2092]	160	0x20001058	uint16_t	
[2093]	122	0x2000105A	uint16_t	
[2094]	151	0x2000105C	uint16_t	
[2095]	132	0x2000105E	uint16_t	
[2096]	90	0x20001060	uint16_t	
[2097]	103	0x20001062	uint16_t	
[2098]	141	0x20001064	uint16_t	
[2099]	109	0x20001066	uint16_t	
[2100]	142	0x20001068	uint16_t	
[2101]	115	0x2000106A	uint16_t	
[2102]	145	0x2000106C	uint16_t	
[2103]	102	0x2000106E	uint16_t	
[2104]	136	0x20001070	uint16_t	
[2105]	89	0x20001072	uint16_t	
[2106]	98	0x20001074	uint16_t	
[2107]	115	0x20001076	uint16_t	
[2108]	144	0x20001078	uint16_t	
[2109]	100	0x2000107A	uint16_t	
[2110]	122	0x2000107C	uint16_t	
[2111]	150	0x2000107E	uint16_t	
[2112]	128	0x20001080	uint16_t	
[2113]	77	0x20001082	uint16_t	
[2114]	94	0x20001084	uint16_t	
[2115]	123	0x20001086	uint16_t	
[2116]	155	0x20001088	uint16_t	
[2117]	123	0x2000108A	uint16_t	
[2118]	156	0x2000108C	uint16_t	
[2119]	126	0x2000108E	uint16_t	
[2120]	171	0x20001090	uint16_t	
[2121]	147	0x20001092	uint16_t	
[2122]	111	0x20001094	uint16_t	
[2123]	152	0x20001096	uint16_t	
[2124]	111	0x20001098	uint16_t	
[2125]	152	0x2000109A	uint16_t	
[2126]	112	0x2000109C	uint16_t	
[2127]	131	0x2000109E	uint16_t	
[2128]	88	0x200010A0	uint16_t	
[2129]	96	0x200010A2	uint16_t	
[2130]	107	0x200010A4	uint16_t	
[2131]	131	0x200010A6	uint16_t	
[2132]	88	0x200010A8	uint16_t	
[2133]	96	0x200010AA	uint16_t	
[2134]	107	0x200010AC	uint16_t	
[2135]	131	0x200010AE	uint16_t	
[2136]	88	0x200010B0	uint16_t	
[2137]	96	0x200010B2	uint16_t	
[2138]	107	0x200010B4	uint16_t	
[2139]	131	0x200010B6	uint16_t	
[2140]	88	0x200010B8	uint16_t	
[2141]	96	0x200010BA	uint16_t	
[2142]	107	0x200010BC	uint16_t	
[2143]	131	0x200010BE	uint16_t	
[2144]	88	0x200010C0	uint16_t	
[2145]	96	0x200010C2	uint16_t	
[2146]	108	0x200010C4	uint16_t	
[2147]	134	0x200010C6	uint16_t	
[2148]	104	0x200010C8	uint16_t	
[2149]	118	0x200010CA	uint16_t	
[2150]	160	0x200010CC	uint16_t	
[2151]	123	0x200010CE	uint16_t	
[2152]	155	0x200010D0	uint16_t	
[2153]	123	0x200010D2	uint16_t	
[2154]	155	0x200010D4	uint16_t	
[2155]	124	0x200010D6	uint16_t	
[2156]	158	0x200010D8	uint16_t	
[2157]	139	0x200010DA	uint16_t	
[2158]	100	0x200010DC	uint16_t	
[2159]	122	0x200010DE	uint16_t	
[2160]	151	0x200010E0	uint16_t	
[2161]	132	0x200010E2	uint16_t	
[2162]	92	0x200010E4	uint16_t	
[2163]	110	0x200010E6	uint16_t	
[2164]	147	0x200010E8	uint16_t	
[2165]	111	0x200010EA	uint16_t	
[2166]	153	0x200010EC	uint16_t	
[2167]	115	0x200010EE	uint16_t	
[2168]	144	0x200010F0	uint16_t	
[2169]	100	0x200010F2	uint16_t	
[2170]	122	0x200010F4	uint16_t	
[2171]	150	0x200010F6	uint16_t	
[2172]	128	0x200010F8	uint16_t	
[2173]	77	0x200010FA	uint16_t	
[2174]	93	0x200010FC	uint16_t	
[2175]	119	0x200010FE	uint16_t	
[2176]	164	0x20001100	uint16_t	
[2177]	138	0x20001102	uint16_t	
[2178]	95	0x20001104	uint16_t	
[2179]	128	0x20001106	uint16_t	
[2180]	77	0x20001108	uint16_t	
[2181]	94	0x2000110A	uint16_t	
[2182]	123	0x2000110C	uint16_t	
[2183]	155	0x2000110E	uint16_t	
[2184]	123	0x20001110	uint16_t	
[2185]	156	0x20001112	uint16_t	
[2186]	128	0x20001114	uint16_t	
[2187]	76	0x20001116	uint16_t	
[2188]	87	0x20001118	uint16_t	
[2189]	115	0x2000111A	uint16_t	
[2190]	144	0x2000111C	uint16_t	
[2191]	100	0x2000111E	uint16_t	
[2192]	122	0x20001120	uint16_t	
[2193]	151	0x20001122	uint16_t	
[2194]	131	0x20001124	uint16_t	
[2195]	88	0x20001126	uint16_t	
[2196]	96	0x20001128	uint16_t	
[2197]	107	0x2000112A	uint16_t	
[2198]	131	0x2000112C	uint16_t	
[2199]	88	0x2000112E	uint16_t	
[2200]	96	0x20001130	uint16_t	
[2201]	107	0x20001132	uint16_t	
[2202]	131	0x20001134	uint16_t	
[2203]	88	0x20001136	uint16_t	
[2204]	96	0x20001138	uint16_t	
[2205]	107	0x2000113A	uint16_t	
[2206]	131	0x2000113C	uint16_t	
[2207]	88	0x2000113E	uint16_t	
[2208]	96	0x20001140	uint16_t	
[2209]	108	0x20001142	uint16_t	
[2210]	134	0x20001144	uint16_t	
[2211]	103	0x20001146	uint16_t	
[2212]	140	0x20001148	uint16_t	
[2213]	104	0x2000114A	uint16_t	
[2214]	119	0x2000114C	uint16_t	
[2215]	164	0x2000114E	uint16_t	
[2216]	138	0x20001150	uint16_t	
[2217]	95	0x20001152	uint16_t	
[2218]	128	0x20001154	uint16_t	
[2219]	77	0x20001156	uint16_t	
[2220]	94	0x20001158	uint16_t	
[2221]	123	0x2000115A	uint16_t	
[2222]	156	0x2000115C	uint16_t	
[2223]	126	0x2000115E	uint16_t	
[2224]	172	0x20001160	uint16_t	
[2225]	150	0x20001162	uint16_t	
[2226]	128	0x20001164	uint16_t	
[2227]	76	0x20001166	uint16_t	
[2228]	87	0x20001168	uint16_t	
[2229]	116	0x2000116A	uint16_t	
[2230]	146	0x2000116C	uint16_t	
[2231]	107	0x2000116E	uint16_t	
[2232]	131	0x20001170	uint16_t	
[2233]	89	0x20001172	uint16_t	
[2234]	99	0x20001174	uint16_t	
[2235]	119	0x20001176	uint16_t	
[2236]	164	0x20001178	uint16_t	
[2237]	138	0x2000117A	uint16_t	
[2238]	95	0x2000117C	uint16_t	
[2239]	128	0x2000117E	uint16_t	
[2240]	77	0x20001180	uint16_t	
[2241]	94	0x20001182	uint16_t	
[2242]	123	0x20001184	uint16_t	
[2243]	155	0x20001186	uint16_t	
[2244]	123	0x20001188	uint16_t	
[2245]	155	0x2000118A	uint16_t	
[2246]	124	0x2000118C	uint16_t	
[2247]	158	0x2000118E	uint16_t	
[2248]	139	0x20001190	uint16_t	
[2249]	100	0x20001192	uint16_t	
[2250]	122	0x20001194	uint16_t	
[2251]	151	0x20001196	uint16_t	
[2252]	131	0x20001198	uint16_t	
[2253]	88	0x2000119A	uint16_t	
[2254]	96	0x2000119C	uint16_t	
[2255]	106	0x2000119E	uint16_t	
[2256]	128	0x200011A0	uint16_t	
[2257]	76	0x200011A2	uint16_t	
[2258]	87	0x200011A4	uint16_t	
[2259]	115	0x200011A6	uint16_t	
[2260]	144	0x200011A8	uint16_t	
[2261]	99	0x200011AA	uint16_t	
[2262]	119	0x200011AC	uint16_t	
[2263]	164	0x200011AE	uint16_t	
[2264]	138	0x200011B0	uint16_t	
[2265]	95	0x200011B2	uint16_t	
[2266]	128	0x200011B4	uint16_t	
[2267]	77	0x200011B6	uint16_t	
[2268]	94	0x200011B8	uint16_t	
[2269]	123	0x200011BA	uint16_t	
[2270]	156	0x200011BC	uint16_t	
[2271]	126	0x200011BE	uint16_t	
[2272]	172	0x200011C0	uint16_t	
[2273]	149	0x200011C2	uint16_t	
[2274]	121	0x200011C4	uint16_t	
[2275]	147	0x200011C6	uint16_t	
[2276]	112	0x200011C8	uint16_t	
[2277]	131	0x200011CA	uint16_t	
[2278]	88	0x200011CC	uint16_t	
[2279]	96	0x200011CE	uint16_t	
[2280]	107	0x200011D0	uint16_t	
[2281]	132	0x200011D2	uint16_t	
[2282]	91	0x200011D4	uint16_t	
[2283]	106	0x200011D6	uint16_t	
[2284]	128	0x200011D8	uint16_t	
[2285]	77	0x200011DA	uint16_t	
[2286]	93	0x200011DC	uint16_t	
[2287]	118	0x200011DE	uint16_t	
[2288]	160	0x200011E0	uint16_t	
[2289]	123	0x200011E2	uint16_t	
[2290]	155	0x200011E4	uint16_t	
[2291]	123	0x200011E6	uint16_t	
[2292]	155	0x200011E8	uint16_t	
[2293]	123	0x200011EA	uint16_t	
[2294]	156	0x200011EC	uint16_t	
[2295]	126	0x200011EE	uint16_t	
[2296]	172	0x200011F0	uint16_t	
[2297]	149	0x200011F2	uint16_t	
[2298]	122	0x200011F4	uint16_t	
[2299]	150	0x200011F6	uint16_t	
[2300]	128	0x200011F8	uint16_t	
[2301]	77	0x200011FA	uint16_t	
[2302]	94	0x200011FC	uint16_t	
[2303]	122	0x200011FE	uint16_t	
[2304]	151	0x20001200	uint16_t	
[2305]	132	0x20001202	uint16_t	
[2306]	91	0x20001204	uint16_t	
[2307]	107	0x20001206	uint16_t	
[2308]	132	0x20001208	uint16_t	
[2309]	91	0x2000120A	uint16_t	
[2310]	107	0x2000120C	uint16_t	
[2311]	131	0x2000120E	uint16_t	
[2312]	89	0x20001210	uint16_t	
[2313]	99	0x20001212	uint16_t	
[2314]	119	0x20001214	uint16_t	
[2315]	164	0x20001216	uint16_t	
[2316]	138	0x20001218	uint16_t	
[2317]	94	0x2000121A	uint16_t	
[2318]	124	0x2000121C	uint16_t	
[2319]	159	0x2000121E	uint16_t	
[2320]	144	0x20001220	uint16_t	
[2321]	99	0x20001222	uint16_t	
[2322]	119	0x20001224	uint16_t	
[2323]	164	0x20001226	uint16_t	
[2324]	139	0x20001228	uint16_t	
[2325]	99	0x2000122A	uint16_t	
[2326]	119	0x2000122C	uint16_t	
[2327]	164	0x2000122E	uint16_t	
[2328]	138	0x20001230	uint16_t	
[2329]	96	0x20001232	uint16_t	
[2330]	107	0x20001234	uint16_t	
[2331]	131	0x20001236	uint16_t	
[2332]	89	0x20001238	uint16_t	
[2333]	99	0x2000123A	uint16_t	
[2334]	118	0x2000123C	uint16_t	
[2335]	160	0x2000123E	uint16_t	
[2336]	123	0x20001240	uint16_t	
[2337]	154	0x20001242	uint16_t	
[2338]	120	0x20001244	uint16_t	
[2339]	143	0x20001246	uint16_t	
[2340]	120	0x20001248	uint16_t	
[2341]	143	0x2000124A	uint16_t	
[2342]	120	0x2000124C	uint16_t	
[2343]	143	0x2000124E	uint16_t	
[2344]	120	0x20001250	uint16_t	
[2345]	144	0x20001252	uint16_t	
[2346]	100	0x20001254	uint16_t	
[2347]	122	0x20001256	uint16_t	
[2348]	151	0x20001258	uint16_t	
[2349]	131	0x2000125A	uint16_t	
[2350]	89	0x2000125C	uint16_t	
[2351]	99	0x2000125E	uint16_t	
[2352]	119	0x20001260	uint16_t	
[2353]	164	0x20001262	uint16_t	
[2354]	138	0x20001264	uint16_t	
[2355]	95	0x20001266	uint16_t	
[2356]	129	0x20001268	uint16_t	
[2357]	80	0x2000126A	uint16_t	
[2358]	84	0x2000126C	uint16_t	
[2359]	99	0x2000126E	uint16_t	
[2360]	118	0x20001270	uint16_t	
[2361]	160	0x20001272	uint16_t	
[2362]	123	0x20001274	uint16_t	
[2363]	154	0x20001276	uint16_t	
[2364]	119	0x20001278	uint16_t	
[2365]	164	0x2000127A	uint16_t	
[2366]	138	0x2000127C	uint16_t	
[2367]	96	0x2000127E	uint16_t	
[2368]	106	0x20001280	uint16_t	
[2369]	128	0x20001282	uint16_t	
[2370]	76	0x20001284	uint16_t	
[2371]	87	0x20001286	uint16_t	
[2372]	115	0x20001288	uint16_t	
[2373]	144	0x2000128A	uint16_t	
[2374]	100	0x2000128C	uint16_t	
[2375]	122	0x2000128E	uint16_t	
[2376]	151	0x20001290	uint16_t	
[2377]	131	0x20001292	uint16_t	
[2378]	89	0x20001294	uint16_t	
[2379]	98	0x20001296	uint16_t	
[2380]	115	0x20001298	uint16_t	
[2381]	144	0x2000129A	uint16_t	
[2382]	100	0x2000129C	uint16_t	
[2383]	122	0x2000129E	uint16_t	
[2384]	150	0x200012A0	uint16_t	
[2385]	128	0x200012A2	uint16_t	
[2386]	77	0x200012A4	uint16_t	
[2387]	94	0x200012A6	uint16_t	
[2388]	123	0x200012A8	uint16_t	
[2389]	155	0x200012AA	uint16_t	
[2390]	123	0x200012AC	uint16_t	
[2391]	156	0x200012AE	uint16_t	
[2392]	125	0x200012B0	uint16_t	
[2393]	167	0x200012B2	uint16_t	
[2394]	155	0x200012B4	uint16_t	
[2395]	122	0x200012B6	uint16_t	
[2396]	151	0x200012B8	uint16_t	
[2397]	132	0x200012BA	uint16_t	
[2398]	91	0x200012BC	uint16_t	
[2399]	107	0x200012BE	uint16_t	
[2400]	132	0x200012C0	uint16_t	
[2401]	91	0x200012C2	uint16_t	
[2402]	107	0x200012C4	uint16_t	
[2403]	131	0x200012C6	uint16_t	
[2404]	89	0x200012C8	uint16_t	
[2405]	98	0x200012CA	uint16_t	
[2406]	114	0x200012CC	uint16_t	
[2407]	139	0x200012CE	uint16_t	
[2408]	100	0x200012D0	uint16_t	
[2409]	121	0x200012D2	uint16_t	
[2410]	148	0x200012D4	uint16_t	
[2411]	115	0x200012D6	uint16_t	
[2412]	144	0x200012D8	uint16_t	
[2413]	99	0x200012DA	uint16_t	
[2414]	119	0x200012DC	uint16_t	
[2415]	164	0x200012DE	uint16_t	
[2416]	138	0x200012E0	uint16_t	
[2417]	96	0x200012E2	uint16_t	
[2418]	107	0x200012E4	uint16_t	
[2419]	131	0x200012E6	uint16_t	
[2420]	88	0x200012E8	uint16_t	
[2421]	96	0x200012EA	uint16_t	
[2422]	107	0x200012EC	uint16_t	
[2423]	130	0x200012EE	uint16_t	
[2424]	84	0x200012F0	uint16_t	
[2425]	99	0x200012F2	uint16_t	
[2426]	119	0x200012F4	uint16_t	
[2427]	164	0x200012F6	uint16_t	
[2428]	138	0x200012F8	uint16_t	
[2429]	96	0x200012FA	uint16_t	
[2430]	107	0x200012FC	uint16_t	
[2431]	131	0x200012FE	uint16_t	
[2432]	88	0x20001300	uint16_t	
[2433]	96	0x20001302	uint16_t	
[2434]	107	0x20001304	uint16_t	
[2435]	131	0x20001306	uint16_t	
[2436]	88	0x20001308	uint16_t	
[2437]	96	0x2000130A	uint16_t	
[2438]	107	0x2000130C	uint16_t	
[2439]	131	0x2000130E	uint16_t	
[2440]	88	0x20001310	uint16_t	
[2441]	96	0x20001312	uint16_t	
[2442]	107	0x20001314	uint16_t	
[2443]	131	0x20001316	uint16_t	
[2444]	88	0x20001318	uint16_t	
[2445]	96	0x2000131A	uint16_t	
[2446]	107	0x2000131C	uint16_t	
[2447]	131	0x2000131E	uint16_t	
[2448]	89	0x20001320	uint16_t	
[2449]	99	0x20001322	uint16_t	
[2450]	119	0x20001324	uint16_t	
[2451]	164	0x20001326	uint16_t	
[2452]	138	0x20001328	uint16_t	
[2453]	96	0x2000132A	uint16_t	
[2454]	107	0x2000132C	uint16_t	
[2455]	130	0x2000132E	uint16_t	
[2456]	85	0x20001330	uint16_t	
[2457]	106	0x20001332	uint16_t	
[2458]	126	0x20001334	uint16_t	
[2459]	171	0x20001336	uint16_t	
[2460]	147	0x20001338	uint16_t	
[2461]	110	0x2000133A	uint16_t	
[2462]	148	0x2000133C	uint16_t	
[2463]	115	0x2000133E	uint16_t	
[2464]	143	0x20001340	uint16_t	
[2465]	120	0x20001342	uint16_t	
[2466]	144	0x20001344	uint16_t	
[2467]	99	0x20001346	uint16_t	
[2468]	119	0x20001348	uint16_t	
[2469]	164	0x2000134A	uint16_t	
[2470]	138	0x2000134C	uint16_t	
[2471]	96	0x2000134E	uint16_t	
[2472]	107	0x20001350	uint16_t	
[2473]	131	0x20001352	uint16_t	
[2474]	88	0x20001354	uint16_t	
[2475]	96	0x20001356	uint16_t	
[2476]	107	0x20001358	uint16_t	
[2477]	131	0x2000135A	uint16_t	
[2478]	88	0x2000135C	uint16_t	
[2479]	96	0x2000135E	uint16_t	
[2480]	107	0x20001360	uint16_t	
[2481]	131	0x20001362	uint16_t	
[2482]	88	0x20001364	uint16_t	
[2483]	96	0x20001366	uint16_t	
[2484]	107	0x20001368	uint16_t	
[2485]	131	0x2000136A	uint16_t	
[2486]	88	0x2000136C	uint16_t	
[2487]	96	0x2000136E	uint16_t	
[2488]	107	0x20001370	uint16_t	
[2489]	132	0x20001372	uint16_t	
[2490]	91	0x20001374	uint16_t	
[2491]	108	0x20001376	uint16_t	
[2492]	134	0x20001378	uint16_t	
[2493]	104	0x2000137A	uint16_t	
[2494]	119	0x2000137C	uint16_t	
[2495]	164	0x2000137E	uint16_t	
[2496]	138	0x20001380	uint16_t	
[2497]	96	0x20001382	uint16_t	
[2498]	106	0x20001384	uint16_t	
[2499]	128	0x20001386	uint16_t	
[2500]	76	0x20001388	uint16_t	
[2501]	87	0x2000138A	uint16_t	
[2502]	116	0x2000138C	uint16_t	
[2503]	146	0x2000138E	uint16_t	
[2504]	107	0x20001390	uint16_t	
[2505]	131	0x20001392	uint16_t	
[2506]	88	0x20001394	uint16_t	
[2507]	96	0x20001396	uint16_t	
[2508]	107	0x20001398	uint16_t	
[2509]	130	0x2000139A	uint16_t	
[2510]	84	0x2000139C	uint16_t	
[2511]	99	0x2000139E	uint16_t	
[2512]	119	0x200013A0	uint16_t	
[2513]	164	0x200013A2	uint16_t	
[2514]	138	0x200013A4	uint16_t	
[2515]	96	0x200013A6	uint16_t	
[2516]	107	0x200013A8	uint16_t	
[2517]	131	0x200013AA	uint16_t	
[2518]	89	0x200013AC	uint16_t	
[2519]	99	0x200013AE	uint16_t	
[2520]	119	0x200013B0	uint16_t	
[2521]	164	0x200013B2	uint16_t	
[2522]	138	0x200013B4	uint16_t	
[2523]	95	0x200013B6	uint16_t	
[2524]	128	0x200013B8	uint16_t	
[2525]	77	0x200013BA	uint16_t	
[2526]	94	0x200013BC	uint16_t	
[2527]	123	0x200013BE	uint16_t	
[2528]	156	0x200013C0	uint16_t	
[2529]	126	0x200013C2	uint16_t	
[2530]	171	0x200013C4	uint16_t	
[2531]	147	0x200013C6	uint16_t	
[2532]	110	0x200013C8	uint16_t	
[2533]	148	0x200013CA	uint16_t	
[2534]	114	0x200013CC	uint16_t	
[2535]	139	0x200013CE	uint16_t	
[2536]	99	0x200013D0	uint16_t	
[2537]	120	0x200013D2	uint16_t	
[2538]	143	0x200013D4	uint16_t	
[2539]	120	0x200013D6	uint16_t	
[2540]	144	0x200013D8	uint16_t	
[2541]	99	0x200013DA	uint16_t	
[2542]	119	0x200013DC	uint16_t	
[2543]	164	0x200013DE	uint16_t	
[2544]	139	0x200013E0	uint16_t	
[2545]	99	0x200013E2	uint16_t	
[2546]	119	0x200013E4	uint16_t	
[2547]	164	0x200013E6	uint16_t	
[2548]	138	0x200013E8	uint16_t	
[2549]	96	0x200013EA	uint16_t	
[2550]	106	0x200013EC	uint16_t	
[2551]	128	0x200013EE	uint16_t	
[2552]	76	0x200013F0	uint16_t	
[2553]	87	0x200013F2	uint16_t	
[2554]	116	0x200013F4	uint16_t	
[2555]	147	0x200013F6	uint16_t	
[2556]	111	0x200013F8	uint16_t	
[2557]	152	0x200013FA	uint16_t	
[2558]	112	0x200013FC	uint16_t	
[2559]	131	0x200013FE	uint16_t	
[2560]	88	0x20001400	uint16_t	
[2561]	96	0x20001402	uint16_t	
[2562]	107	0x20001404	uint16_t	
[2563]	131	0x20001406	uint16_t	
[2564]	88	0x20001408	uint16_t	
[2565]	96	0x2000140A	uint16_t	
[2566]	107	0x2000140C	uint16_t	
[2567]	131	0x2000140E	uint16_t	
[2568]	88	0x20001410	uint16_t	
[2569]	96	0x20001412	uint16_t	
[2570]	107	0x20001414	uint16_t	
[2571]	131	0x20001416	uint16_t	
[2572]	88	0x20001418	uint16_t	
[2573]	95	0x2000141A	uint16_t	
[2574]	128	0x2000141C	uint16_t	
[2575]	78	0x2000141E	uint16_t	
[2576]	99	0x20001420	uint16_t	
[2577]	118	0x20001422	uint16_t	
[2578]	160	0x20001424	uint16_t	
[2579]	123	0x20001426	uint16_t	
[2580]	155	0x20001428	uint16_t	
[2581]	122	0x2000142A	uint16_t	
[2582]	152	0x2000142C	uint16_t	
[2583]	111	0x2000142E	uint16_t	
[2584]	151	0x20001430	uint16_t	
[2585]	132	0x20001432	uint16_t	
[2586]	92	0x20001434	uint16_t	
[2587]	110	0x20001436	uint16_t	
[2588]	148	0x20001438	uint16_t	
[2589]	114	0x2000143A	uint16_t	
[2590]	139	0x2000143C	uint16_t	
[2591]	99	0x2000143E	uint16_t	
[2592]	119	0x20001440	uint16_t	
[2593]	164	0x20001442	uint16_t	
[2594]	138	0x20001444	uint16_t	
[2595]	96	0x20001446	uint16_t	
[2596]	108	0x20001448	uint16_t	
[2597]	134	0x2000144A	uint16_t	
[2598]	103	0x2000144C	uint16_t	
[2599]	140	0x2000144E	uint16_t	
[2600]	104	0x20001450	uint16_t	
[2601]	118	0x20001452	uint16_t	
[2602]	160	0x20001454	uint16_t	
[2603]	123	0x20001456	uint16_t	
[2604]	154	0x20001458	uint16_t	
[2605]	118	0x2000145A	uint16_t	
[2606]	160	0x2000145C	uint16_t	
[2607]	123	0x2000145E	uint16_t	
[2608]	155	0x20001460	uint16_t	
[2609]	123	0x20001462	uint16_t	
[2610]	155	0x20001464	uint16_t	
[2611]	123	0x20001466	uint16_t	
[2612]	156	0x20001468	uint16_t	
[2613]	128	0x2000146A	uint16_t	
[2614]	75	0x2000146C	uint16_t	
[2615]	84	0x2000146E	uint16_t	
[2616]	99	0x20001470	uint16_t	
[2617]	119	0x20001472	uint16_t	
[2618]	164	0x20001474	uint16_t	
[2619]	138	0x20001476	uint16_t	
[2620]	96	0x20001478	uint16_t	
[2621]	107	0x2000147A	uint16_t	
[2622]	130	0x2000147C	uint16_t	
[2623]	85	0x2000147E	uint16_t	
[2624]	106	0x20001480	uint16_t	
[2625]	126	0x20001482	uint16_t	
[2626]	170	0x20001484	uint16_t	
[2627]	143	0x20001486	uint16_t	
[2628]	120	0x20001488	uint16_t	
[2629]	144	0x2000148A	uint16_t	
[2630]	100	0x2000148C	uint16_t	
[2631]	122	0x2000148E	uint16_t	
[2632]	150	0x20001490	uint16_t	
[2633]	128	0x20001492	uint16_t	
[2634]	78	0x20001494	uint16_t	
[2635]	98	0x20001496	uint16_t	
[2636]	114	0x20001498	uint16_t	
[2637]	139	0x2000149A	uint16_t	
[2638]	100	0x2000149C	uint16_t	
[2639]	123	0x2000149E	uint16_t	
[2640]	154	0x200014A0	uint16_t	
[2641]	119	0x200014A2	uint16_t	
[2642]	164	0x200014A4	uint16_t	
[2643]	139	0x200014A6	uint16_t	
[2644]	99	0x200014A8	uint16_t	
[2645]	119	0x200014AA	uint16_t	
[2646]	164	0x200014AC	uint16_t	
[2647]	139	0x200014AE	uint16_t	
[2648]	100	0x200014B0	uint16_t	
[2649]	122	0x200014B2	uint16_t	
[2650]	151	0x200014B4	uint16_t	
[2651]	131	0x200014B6	uint16_t	
[2652]	88	0x200014B8	uint16_t	
[2653]	97	0x200014BA	uint16_t	
[2654]	110	0x200014BC	uint16_t	
[2655]	148	0x200014BE	uint16_t	
[2656]	114	0x200014C0	uint16_t	
[2657]	139	0x200014C2	uint16_t	
[2658]	100	0x200014C4	uint16_t	
[2659]	122	0x200014C6	uint16_t	
[2660]	150	0x200014C8	uint16_t	
[2661]	128	0x200014CA	uint16_t	
[2662]	77	0x200014CC	uint16_t	
[2663]	94	0x200014CE	uint16_t	
[2664]	123	0x200014D0	uint16_t	
[2665]	156	0x200014D2	uint16_t	
[2666]	126	0x200014D4	uint16_t	
[2667]	172	0x200014D6	uint16_t	
[2668]	149	0x200014D8	uint16_t	
[2669]	122	0x200014DA	uint16_t	
[2670]	150	0x200014DC	uint16_t	
[2671]	128	0x200014DE	uint16_t	
[2672]	77	0x200014E0	uint16_t	
[2673]	94	0x200014E2	uint16_t	
[2674]	123	0x200014E4	uint16_t	
[2675]	155	0x200014E6	uint16_t	
[2676]	123	0x200014E8	uint16_t	
[2677]	156	0x200014EA	uint16_t	
[2678]	126	0x200014EC	uint16_t	
[2679]	171	0x200014EE	uint16_t	
[2680]	147	0x200014F0	uint16_t	
[2681]	111	0x200014F2	uint16_t	
[2682]	152	0x200014F4	uint16_t	
[2683]	111	0x200014F6	uint16_t	
[2684]	152	0x200014F8	uint16_t	
[2685]	112	0x200014FA	uint16_t	
[2686]	131	0x200014FC	uint16_t	
[2687]	88	0x200014FE	uint16_t	
[2688]	96	0x20001500	uint16_t	
[2689]	106	0x20001502	uint16_t	
[2690]	128	0x20001504	uint16_t	
[2691]	77	0x20001506	uint16_t	
[2692]	93	0x20001508	uint16_t	
[2693]	118	0x2000150A	uint16_t	
[2694]	160	0x2000150C	uint16_t	
[2695]	123	0x2000150E	uint16_t	
[2696]	155	0x20001510	uint16_t	
[2697]	123	0x20001512	uint16_t	
[2698]	155	0x20001514	uint16_t	
[2699]	123	0x20001516	uint16_t	
[2700]	155	0x20001518	uint16_t	
[2701]	123	0x2000151A	uint16_t	
[2702]	155	0x2000151C	uint16_t	
[2703]	123	0x2000151E	uint16_t	
[2704]	155	0x20001520	uint16_t	
[2705]	123	0x20001522	uint16_t	
[2706]	155	0x20001524	uint16_t	
[2707]	123	0x20001526	uint16_t	
[2708]	156	0x20001528	uint16_t	
[2709]	126	0x2000152A	uint16_t	
[2710]	171	0x2000152C	uint16_t	
[2711]	147	0x2000152E	uint16_t	
[2712]	111	0x20001530	uint16_t	
[2713]	152	0x20001532	uint16_t	
[2714]	111	0x20001534	uint16_t	
[2715]	152	0x20001536	uint16_t	
[2716]	112	0x20001538	uint16_t	
[2717]	131	0x2000153A	uint16_t	
[2718]	88	0x2000153C	uint16_t	
[2719]	96	0x2000153E	uint16_t	
[2720]	106	0x20001540	uint16_t	
[2721]	128	0x20001542	uint16_t	
[2722]	76	0x20001544	uint16_t	
[2723]	87	0x20001546	uint16_t	
[2724]	115	0x20001548	uint16_t	
[2725]	144	0x2000154A	uint16_t	
[2726]	100	0x2000154C	uint16_t	
[2727]	122	0x2000154E	uint16_t	
[2728]	151	0x20001550	uint16_t	
[2729]	132	0x20001552	uint16_t	
[2730]	91	0x20001554	uint16_t	
[2731]	107	0x20001556	uint16_t	
[2732]	131	0x20001558	uint16_t	
[2733]	88	0x2000155A	uint16_t	
[2734]	96	0x2000155C	uint16_t	
[2735]	107	0x2000155E	uint16_t	
[2736]	132	0x20001560	uint16_t	
[2737]	91	0x20001562	uint16_t	
[2738]	106	0x20001564	uint16_t	
[2739]	128	0x20001566	uint16_t	
[2740]	76	0x20001568	uint16_t	
[2741]	87	0x2000156A	uint16_t	
[2742]	116	0x2000156C	uint16_t	
[2743]	147	0x2000156E	uint16_t	
[2744]	111	0x20001570	uint16_t	
[2745]	152	0x20001572	uint16_t	
[2746]	111	0x20001574	uint16_t	
[2747]	152	0x20001576	uint16_t	
[2748]	111	0x20001578	uint16_t	
[2749]	153	0x2000157A	uint16_t	
[2750]	114	0x2000157C	uint16_t	
[2751]	139	0x2000157E	uint16_t	
[2752]	100	0x20001580	uint16_t	
[2753]	122	0x20001582	uint16_t	
[2754]	150	0x20001584	uint16_t	
[2755]	128	0x20001586	uint16_t	
[2756]	76	0x20001588	uint16_t	
[2757]	87	0x2000158A	uint16_t	
[2758]	116	0x2000158C	uint16_t	
[2759]	147	0x2000158E	uint16_t	
[2760]	112	0x20001590	uint16_t	
[2761]	131	0x20001592	uint16_t	
[2762]	88	0x20001594	uint16_t	
[2763]	96	0x20001596	uint16_t	
[2764]	107	0x20001598	uint16_t	
[2765]	131	0x2000159A	uint16_t	
[2766]	88	0x2000159C	uint16_t	
[2767]	97	0x2000159E	uint16_t	
[2768]	110	0x200015A0	uint16_t	
[2769]	147	0x200015A2	uint16_t	
[2770]	112	0x200015A4	uint16_t	
[2771]	131	0x200015A6	uint16_t	
[2772]	88	0x200015A8	uint16_t	
[2773]	96	0x200015AA	uint16_t	
[2774]	107	0x200015AC	uint16_t	
[2775]	131	0x200015AE	uint16_t	
[2776]	88	0x200015B0	uint16_t	
[2777]	96	0x200015B2	uint16_t	
[2778]	107	0x200015B4	uint16_t	
[2779]	131	0x200015B6	uint16_t	
[2780]	88	0x200015B8	uint16_t	
[2781]	96	0x200015BA	uint16_t	
[2782]	107	0x200015BC	uint16_t	
[2783]	131	0x200015BE	uint16_t	
[2784]	88	0x200015C0	uint16_t	
[2785]	96	0x200015C2	uint16_t	
[2786]	107	0x200015C4	uint16_t	
[2787]	131	0x200015C6	uint16_t	
[2788]	88	0x200015C8	uint16_t	
[2789]	96	0x200015CA	uint16_t	
[2790]	106	0x200015CC	uint16_t	
[2791]	128	0x200015CE	uint16_t	
[2792]	76	0x200015D0	uint16_t	
[2793]	87	0x200015D2	uint16_t	
[2794]	115	0x200015D4	uint16_t	
[2795]	144	0x200015D6	uint16_t	
[2796]	100	0x200015D8	uint16_t	
[2797]	122	0x200015DA	uint16_t	
[2798]	151	0x200015DC	uint16_t	
[2799]	132	0x200015DE	uint16_t	
[2800]	92	0x200015E0	uint16_t	
[2801]	110	0x200015E2	uint16_t	
[2802]	147	0x200015E4	uint16_t	
[2803]	111	0x200015E6	uint16_t	
[2804]	152	0x200015E8	uint16_t	
[2805]	111	0x200015EA	uint16_t	
[2806]	152	0x200015EC	uint16_t	
[2807]	111	0x200015EE	uint16_t	
[2808]	152	0x200015F0	uint16_t	
[2809]	112	0x200015F2	uint16_t	
[2810]	131	0x200015F4	uint16_t	
[2811]	88	0x200015F6	uint16_t	
[2812]	96	0x200015F8	uint16_t	
[2813]	108	0x200015FA	uint16_t	
[2814]	134	0x200015FC	uint16_t	
[2815]	103	0x200015FE	uint16_t	
[2816]	140	0x20001600	uint16_t	
[2817]	103	0x20001602	uint16_t	
[2818]	139	0x20001604	uint16_t	
[2819]	101	0x20001606	uint16_t	
[2820]	130	0x20001608	uint16_t	
[2821]	83	0x2000160A	uint16_t	
[2822]	96	0x2000160C	uint16_t	
[2823]	107	0x2000160E	uint16_t	
[2824]	131	0x20001610	uint16_t	
[2825]	89	0x20001612	uint16_t	
[2826]	99	0x20001614	uint16_t	
[2827]	119	0x20001616	uint16_t	
[2828]	165	0x20001618	uint16_t	
[2829]	144	0x2000161A	uint16_t	
[2830]	101	0x2000161C	uint16_t	
[2831]	130	0x2000161E	uint16_t	
[2832]	83	0x20001620	uint16_t	
[2833]	96	0x20001622	uint16_t	
[2834]	107	0x20001624	uint16_t	
[2835]	132	0x20001626	uint16_t	
[2836]	90	0x20001628	uint16_t	
[2837]	104	0x2000162A	uint16_t	
[2838]	118	0x2000162C	uint16_t	
[2839]	160	0x2000162E	uint16_t	
[2840]	122	0x20001630	uint16_t	
[2841]	150	0x20001632	uint16_t	
[2842]	128	0x20001634	uint16_t	
[2843]	77	0x20001636	uint16_t	
[2844]	95	0x20001638	uint16_t	
[2845]	128	0x2000163A	uint16_t	
[2846]	76	0x2000163C	uint16_t	
[2847]	88	0x2000163E	uint16_t	
[2848]	96	0x20001640	uint16_t	
[2849]	107	0x20001642	uint16_t	
[2850]	130	0x20001644	uint16_t	
[2851]	84	0x20001646	uint16_t	
[2852]	99	0x20001648	uint16_t	
[2853]	119	0x2000164A	uint16_t	
[2854]	164	0x2000164C	uint16_t	
[2855]	138	0x2000164E	uint16_t	
[2856]	96	0x20001650	uint16_t	
[2857]	107	0x20001652	uint16_t	
[2858]	131	0x20001654	uint16_t	
[2859]	89	0x20001656	uint16_t	
[2860]	98	0x20001658	uint16_t	
[2861]	115	0x2000165A	uint16_t	
[2862]	143	0x2000165C	uint16_t	
[2863]	120	0x2000165E	uint16_t	
[2864]	144	0x20001660	uint16_t	
[2865]	99	0x20001662	uint16_t	
[2866]	119	0x20001664	uint16_t	
[2867]	164	0x20001666	uint16_t	
[2868]	138	0x20001668	uint16_t	
[2869]	96	0x2000166A	uint16_t	
[2870]	107	0x2000166C	uint16_t	
[2871]	131	0x2000166E	uint16_t	
[2872]	88	0x20001670	uint16_t	
[2873]	96	0x20001672	uint16_t	
[2874]	107	0x20001674	uint16_t	
[2875]	131	0x20001676	uint16_t	
[2876]	88	0x20001678	uint16_t	
[2877]	96	0x2000167A	uint16_t	
[2878]	107	0x2000167C	uint16_t	
[2879]	131	0x2000167E	uint16_t	
[2880]	88	0x20001680	uint16_t	
[2881]	96	0x20001682	uint16_t	
[2882]	107	0x20001684	uint16_t	
[2883]	131	0x20001686	uint16_t	
[2884]	88	0x20001688	uint16_t	
[2885]	96	0x2000168A	uint16_t	
[2886]	107	0x2000168C	uint16_t	
[2887]	131	0x2000168E	uint16_t	
[2888]	88	0x20001690	uint16_t	
[2889]	95	0x20001692	uint16_t	
[2890]	128	0x20001694	uint16_t	
[2891]	77	0x20001696	uint16_t	
[2892]	94	0x20001698	uint16_t	
[2893]	123	0x2000169A	uint16_t	
[2894]	156	0x2000169C	uint16_t	
[2895]	125	0x2000169E	uint16_t	
[2896]	166	0x200016A0	uint16_t	
[2897]	151	0x200016A2	uint16_t	
[2898]	132	0x200016A4	uint16_t	
[2899]	91	0x200016A6	uint16_t	
[2900]	108	0x200016A8	uint16_t	
[2901]	134	0x200016AA	uint16_t	
[2902]	104	0x200016AC	uint16_t	
[2903]	119	0x200016AE	uint16_t	
[2904]	164	0x200016B0	uint16_t	
[2905]	138	0x200016B2	uint16_t	
[2906]	96	0x200016B4	uint16_t	
[2907]	106	0x200016B6	uint16_t	
[2908]	128	0x200016B8	uint16_t	
[2909]	76	0x200016BA	uint16_t	
[2910]	87	0x200016BC	uint16_t	
[2911]	116	0x200016BE	uint16_t	
[2912]	146	0x200016C0	uint16_t	
[2913]	107	0x200016C2	uint16_t	
[2914]	131	0x200016C4	uint16_t	
[2915]	88	0x200016C6	uint16_t	
[2916]	96	0x200016C8	uint16_t	
[2917]	108	0x200016CA	uint16_t	
[2918]	134	0x200016CC	uint16_t	
[2919]	104	0x200016CE	uint16_t	
[2920]	119	0x200016D0	uint16_t	
[2921]	163	0x200016D2	uint16_t	
[2922]	135	0x200016D4	uint16_t	
[2923]	108	0x200016D6	uint16_t	
[2924]	135	0x200016D8	uint16_t	
[2925]	108	0x200016DA	uint16_t	
[2926]	135	0x200016DC	uint16_t	
[2927]	108	0x200016DE	uint16_t	
[2928]	135	0x200016E0	uint16_t	
[2929]	108	0x200016E2	uint16_t	
[2930]	134	0x200016E4	uint16_t	
[2931]	104	0x200016E6	uint16_t	
[2932]	119	0x200016E8	uint16_t	
[2933]	163	0x200016EA	uint16_t	
[2934]	136	0x200016EC	uint16_t	
[2935]	88	0x200016EE	uint16_t	
[2936]	96	0x200016F0	uint16_t	
[2937]	106	0x200016F2	uint16_t	
[2938]	128	0x200016F4	uint16_t	
[2939]	77	0x200016F6	uint16_t	
[2940]	93	0x200016F8	uint16_t	
[2941]	118	0x200016FA	uint16_t	
[2942]	160	0x200016FC	uint16_t	
[2943]	122	0x200016FE	uint16_t	
[2944]	151	0x20001700	uint16_t	
[2945]	132	0x20001702	uint16_t	
[2946]	91	0x20001704	uint16_t	
[2947]	107	0x20001706	uint16_t	
[2948]	131	0x20001708	uint16_t	
[2949]	88	0x2000170A	uint16_t	
[2950]	96	0x2000170C	uint16_t	
[2951]	107	0x2000170E	uint16_t	
[2952]	131	0x20001710	uint16_t	
[2953]	88	0x20001712	uint16_t	
[2954]	96	0x20001714	uint16_t	
[2955]	107	0x20001716	uint16_t	
[2956]	131	0x20001718	uint16_t	
[2957]	88	0x2000171A	uint16_t	
[2958]	95	0x2000171C	uint16_t	
[2959]	129	0x2000171E	uint16_t	
[2960]	80	0x20001720	uint16_t	
[2961]	84	0x20001722	uint16_t	
[2962]	98	0x20001724	uint16_t	
[2963]	115	0x20001726	uint16_t	
[2964]	143	0x20001728	uint16_t	
[2965]	119	0x2000172A	uint16_t	
[2966]	164	0x2000172C	uint16_t	
[2967]	138	0x2000172E	uint16_t	
[2968]	96	0x20001730	uint16_t	
[2969]	106	0x20001732	uint16_t	
[2970]	128	0x20001734	uint16_t	
[2971]	77	0x20001736	uint16_t	
[2972]	94	0x20001738	uint16_t	
[2973]	123	0x2000173A	uint16_t	
[2974]	155	0x2000173C	uint16_t	
[2975]	122	0x2000173E	uint16_t	
[2976]	150	0x20001740	uint16_t	
[2977]	128	0x20001742	uint16_t	
[2978]	77	0x20001744	uint16_t	
[2979]	94	0x20001746	uint16_t	
[2980]	123	0x20001748	uint16_t	
[2981]	155	0x2000174A	uint16_t	
[2982]	122	0x2000174C	uint16_t	
[2983]	151	0x2000174E	uint16_t	
[2984]	132	0x20001750	uint16_t	
[2985]	91	0x20001752	uint16_t	
[2986]	107	0x20001754	uint16_t	
[2987]	132	0x20001756	uint16_t	
[2988]	91	0x20001758	uint16_t	
[2989]	107	0x2000175A	uint16_t	
[2990]	131	0x2000175C	uint16_t	
[2991]	88	0x2000175E	uint16_t	
[2992]	96	0x20001760	uint16_t	
[2993]	107	0x20001762	uint16_t	
[2994]	130	0x20001764	uint16_t	
[2995]	85	0x20001766	uint16_t	
[2996]	106	0x20001768	uint16_t	
[2997]	126	0x2000176A	uint16_t	
[2998]	171	0x2000176C	uint16_t	
[2999]	147	0x2000176E	uint16_t	
