Expression	Value	Location	Type	
sinus	Error (col 1): Unknown or ambiguous symbol. sinus			
GPIOB_DATA	Error (col 1): Unknown or ambiguous symbol. GPIOB_DATA			
DATA	Error (col 1): Unknown or ambiguous symbol. DATA			
tempc	Error (col 1): Unknown or ambiguous symbol. tempc			
adc_buffer	<array>	0x20000000	uint16_t[2048]	
[0]	4095	0x20000000	uint16_t	
[1]	3415	0x20000002	uint16_t	
[2]	615	0x20000004	uint16_t	
[3]	2350	0x20000006	uint16_t	
[4]	1743	0x20000008	uint16_t	
[5]	1187	0x2000000A	uint16_t	
[6]	1369	0x2000000C	uint16_t	
[7]	3297	0x2000000E	uint16_t	
[8]	2764	0x20000010	uint16_t	
[9]	2745	0x20000012	uint16_t	
[10]	1781	0x20000014	uint16_t	
[11]	3280	0x20000016	uint16_t	
[12]	2330	0x20000018	uint16_t	
[13]	2691	0x2000001A	uint16_t	
[14]	2841	0x2000001C	uint16_t	
[15]	3469	0x2000001E	uint16_t	
[16]	3607	0x20000020	uint16_t	
[17]	1034	0x20000022	uint16_t	
[18]	2023	0x20000024	uint16_t	
[19]	3622	0x20000026	uint16_t	
[20]	4095	0x20000028	uint16_t	
[21]	2461	0x2000002A	uint16_t	
[22]	1832	0x2000002C	uint16_t	
[23]	859	0x2000002E	uint16_t	
[24]	3499	0x20000030	uint16_t	
[25]	4005	0x20000032	uint16_t	
[26]	2743	0x20000034	uint16_t	
[27]	2607	0x20000036	uint16_t	
[28]	2377	0x20000038	uint16_t	
[29]	1801	0x2000003A	uint16_t	
[30]	2054	0x2000003C	uint16_t	
[31]	3189	0x2000003E	uint16_t	
[32]	3299	0x20000040	uint16_t	
[33]	3305	0x20000042	uint16_t	
[34]	3768	0x20000044	uint16_t	
[35]	765	0x20000046	uint16_t	
[36]	2487	0x20000048	uint16_t	
[37]	3053	0x2000004A	uint16_t	
[38]	1758	0x2000004C	uint16_t	
[39]	2895	0x2000004E	uint16_t	
[40]	2401	0x20000050	uint16_t	
[41]	1943	0x20000052	uint16_t	
[42]	3321	0x20000054	uint16_t	
[43]	3092	0x20000056	uint16_t	
[44]	3175	0x20000058	uint16_t	
[45]	3583	0x2000005A	uint16_t	
[46]	3845	0x2000005C	uint16_t	
[47]	2080	0x2000005E	uint16_t	
[48]	3090	0x20000060	uint16_t	
[49]	4095	0x20000062	uint16_t	
[50]	3433	0x20000064	uint16_t	
[51]	2164	0x20000066	uint16_t	
[52]	2715	0x20000068	uint16_t	
[53]	2071	0x2000006A	uint16_t	
[54]	2557	0x2000006C	uint16_t	
[55]	3413	0x2000006E	uint16_t	
[56]	4095	0x20000070	uint16_t	
[57]	4095	0x20000072	uint16_t	
[58]	2033	0x20000074	uint16_t	
[59]	2724	0x20000076	uint16_t	
[60]	2283	0x20000078	uint16_t	
[61]	4095	0x2000007A	uint16_t	
[62]	3740	0x2000007C	uint16_t	
[63]	987	0x2000007E	uint16_t	
[64]	3745	0x20000080	uint16_t	
[65]	3287	0x20000082	uint16_t	
[66]	3432	0x20000084	uint16_t	
[67]	3398	0x20000086	uint16_t	
[68]	2227	0x20000088	uint16_t	
[69]	2989	0x2000008A	uint16_t	
[70]	4082	0x2000008C	uint16_t	
[71]	3557	0x2000008E	uint16_t	
[72]	854	0x20000090	uint16_t	
[73]	3291	0x20000092	uint16_t	
[74]	3578	0x20000094	uint16_t	
[75]	3297	0x20000096	uint16_t	
[76]	2953	0x20000098	uint16_t	
[77]	3505	0x2000009A	uint16_t	
[78]	2924	0x2000009C	uint16_t	
[79]	761	0x2000009E	uint16_t	
[80]	3677	0x200000A0	uint16_t	
[81]	1473	0x200000A2	uint16_t	
[82]	1913	0x200000A4	uint16_t	
[83]	2261	0x200000A6	uint16_t	
[84]	2987	0x200000A8	uint16_t	
[85]	3751	0x200000AA	uint16_t	
[86]	3389	0x200000AC	uint16_t	
[87]	3413	0x200000AE	uint16_t	
[88]	4095	0x200000B0	uint16_t	
[89]	3883	0x200000B2	uint16_t	
[90]	2440	0x200000B4	uint16_t	
[91]	1212	0x200000B6	uint16_t	
[92]	1820	0x200000B8	uint16_t	
[93]	2557	0x200000BA	uint16_t	
[94]	2991	0x200000BC	uint16_t	
[95]	1983	0x200000BE	uint16_t	
[96]	2725	0x200000C0	uint16_t	
[97]	2939	0x200000C2	uint16_t	
[98]	2920	0x200000C4	uint16_t	
[99]	4095	0x200000C6	uint16_t	
[100]	3035	0x200000C8	uint16_t	
[101]	869	0x200000CA	uint16_t	
[102]	3632	0x200000CC	uint16_t	
[103]	3610	0x200000CE	uint16_t	
[104]	4095	0x200000D0	uint16_t	
[105]	2552	0x200000D2	uint16_t	
[106]	3317	0x200000D4	uint16_t	
[107]	3319	0x200000D6	uint16_t	
[108]	3543	0x200000D8	uint16_t	
[109]	3663	0x200000DA	uint16_t	
[110]	3739	0x200000DC	uint16_t	
[111]	2177	0x200000DE	uint16_t	
[112]	2497	0x200000E0	uint16_t	
[113]	3337	0x200000E2	uint16_t	
[114]	3285	0x200000E4	uint16_t	
[115]	3299	0x200000E6	uint16_t	
[116]	3279	0x200000E8	uint16_t	
[117]	3343	0x200000EA	uint16_t	
[118]	4073	0x200000EC	uint16_t	
[119]	3924	0x200000EE	uint16_t	
[120]	3269	0x200000F0	uint16_t	
[121]	3514	0x200000F2	uint16_t	
[122]	3274	0x200000F4	uint16_t	
[123]	3443	0x200000F6	uint16_t	
[124]	3737	0x200000F8	uint16_t	
[125]	2717	0x200000FA	uint16_t	
[126]	3448	0x200000FC	uint16_t	
[127]	4095	0x200000FE	uint16_t	
[128]	4061	0x20000100	uint16_t	
[129]	2448	0x20000102	uint16_t	
[130]	3230	0x20000104	uint16_t	
[131]	977	0x20000106	uint16_t	
[132]	1793	0x20000108	uint16_t	
[133]	3489	0x2000010A	uint16_t	
[134]	1321	0x2000010C	uint16_t	
[135]	2484	0x2000010E	uint16_t	
[136]	1846	0x20000110	uint16_t	
[137]	988	0x20000112	uint16_t	
[138]	2145	0x20000114	uint16_t	
[139]	3174	0x20000116	uint16_t	
[140]	3267	0x20000118	uint16_t	
[141]	3225	0x2000011A	uint16_t	
[142]	1681	0x2000011C	uint16_t	
[143]	3248	0x2000011E	uint16_t	
[144]	3017	0x20000120	uint16_t	
[145]	3613	0x20000122	uint16_t	
[146]	1432	0x20000124	uint16_t	
[147]	715	0x20000126	uint16_t	
[148]	3843	0x20000128	uint16_t	
[149]	2280	0x2000012A	uint16_t	
[150]	4095	0x2000012C	uint16_t	
[151]	3267	0x2000012E	uint16_t	
[152]	2543	0x20000130	uint16_t	
[153]	1640	0x20000132	uint16_t	
[154]	3050	0x20000134	uint16_t	
[155]	1029	0x20000136	uint16_t	
[156]	2483	0x20000138	uint16_t	
[157]	3385	0x2000013A	uint16_t	
[158]	2819	0x2000013C	uint16_t	
[159]	3369	0x2000013E	uint16_t	
[160]	3007	0x20000140	uint16_t	
[161]	1562	0x20000142	uint16_t	
[162]	1682	0x20000144	uint16_t	
[163]	3143	0x20000146	uint16_t	
[164]	1783	0x20000148	uint16_t	
[165]	3541	0x2000014A	uint16_t	
[166]	870	0x2000014C	uint16_t	
[167]	2782	0x2000014E	uint16_t	
[168]	3325	0x20000150	uint16_t	
[169]	2351	0x20000152	uint16_t	
[170]	4095	0x20000154	uint16_t	
[171]	1984	0x20000156	uint16_t	
[172]	3739	0x20000158	uint16_t	
[173]	1449	0x2000015A	uint16_t	
[174]	4095	0x2000015C	uint16_t	
[175]	3274	0x2000015E	uint16_t	
[176]	1240	0x20000160	uint16_t	
[177]	1601	0x20000162	uint16_t	
[178]	2175	0x20000164	uint16_t	
[179]	1955	0x20000166	uint16_t	
[180]	3408	0x20000168	uint16_t	
[181]	3077	0x2000016A	uint16_t	
[182]	3276	0x2000016C	uint16_t	
[183]	4095	0x2000016E	uint16_t	
[184]	2369	0x20000170	uint16_t	
[185]	2675	0x20000172	uint16_t	
[186]	3471	0x20000174	uint16_t	
[187]	3279	0x20000176	uint16_t	
[188]	3939	0x20000178	uint16_t	
[189]	1699	0x2000017A	uint16_t	
[190]	3400	0x2000017C	uint16_t	
[191]	3438	0x2000017E	uint16_t	
[192]	3905	0x20000180	uint16_t	
[193]	3816	0x20000182	uint16_t	
[194]	1249	0x20000184	uint16_t	
[195]	2387	0x20000186	uint16_t	
[196]	3817	0x20000188	uint16_t	
[197]	825	0x2000018A	uint16_t	
[198]	948	0x2000018C	uint16_t	
[199]	747	0x2000018E	uint16_t	
[200]	1240	0x20000190	uint16_t	
[201]	1268	0x20000192	uint16_t	
[202]	1569	0x20000194	uint16_t	
[203]	1968	0x20000196	uint16_t	
[204]	3485	0x20000198	uint16_t	
[205]	3427	0x2000019A	uint16_t	
[206]	3305	0x2000019C	uint16_t	
[207]	3126	0x2000019E	uint16_t	
[208]	735	0x200001A0	uint16_t	
[209]	3557	0x200001A2	uint16_t	
[210]	3272	0x200001A4	uint16_t	
[211]	2274	0x200001A6	uint16_t	
[212]	3523	0x200001A8	uint16_t	
[213]	2613	0x200001AA	uint16_t	
[214]	2857	0x200001AC	uint16_t	
[215]	4095	0x200001AE	uint16_t	
[216]	4095	0x200001B0	uint16_t	
[217]	2559	0x200001B2	uint16_t	
[218]	3257	0x200001B4	uint16_t	
[219]	2731	0x200001B6	uint16_t	
[220]	2217	0x200001B8	uint16_t	
[221]	3419	0x200001BA	uint16_t	
[222]	4095	0x200001BC	uint16_t	
[223]	2729	0x200001BE	uint16_t	
[224]	3328	0x200001C0	uint16_t	
[225]	3071	0x200001C2	uint16_t	
[226]	1028	0x200001C4	uint16_t	
[227]	2797	0x200001C6	uint16_t	
[228]	2161	0x200001C8	uint16_t	
[229]	2527	0x200001CA	uint16_t	
[230]	3424	0x200001CC	uint16_t	
[231]	1749	0x200001CE	uint16_t	
[232]	2617	0x200001D0	uint16_t	
[233]	3531	0x200001D2	uint16_t	
[234]	2568	0x200001D4	uint16_t	
[235]	3392	0x200001D6	uint16_t	
[236]	3403	0x200001D8	uint16_t	
[237]	454	0x200001DA	uint16_t	
[238]	3493	0x200001DC	uint16_t	
[239]	3310	0x200001DE	uint16_t	
[240]	3276	0x200001E0	uint16_t	
[241]	4095	0x200001E2	uint16_t	
[242]	3564	0x200001E4	uint16_t	
[243]	1756	0x200001E6	uint16_t	
[244]	3281	0x200001E8	uint16_t	
[245]	3845	0x200001EA	uint16_t	
[246]	3296	0x200001EC	uint16_t	
[247]	3318	0x200001EE	uint16_t	
[248]	1972	0x200001F0	uint16_t	
[249]	1389	0x200001F2	uint16_t	
[250]	3949	0x200001F4	uint16_t	
[251]	3830	0x200001F6	uint16_t	
[252]	4095	0x200001F8	uint16_t	
[253]	2033	0x200001FA	uint16_t	
[254]	3893	0x200001FC	uint16_t	
[255]	3636	0x200001FE	uint16_t	
[256]	3468	0x20000200	uint16_t	
[257]	3285	0x20000202	uint16_t	
[258]	3300	0x20000204	uint16_t	
[259]	1312	0x20000206	uint16_t	
[260]	3683	0x20000208	uint16_t	
[261]	3725	0x2000020A	uint16_t	
[262]	1250	0x2000020C	uint16_t	
[263]	3900	0x2000020E	uint16_t	
[264]	958	0x20000210	uint16_t	
[265]	1081	0x20000212	uint16_t	
[266]	2216	0x20000214	uint16_t	
[267]	2173	0x20000216	uint16_t	
[268]	3627	0x20000218	uint16_t	
[269]	1474	0x2000021A	uint16_t	
[270]	1623	0x2000021C	uint16_t	
[271]	4095	0x2000021E	uint16_t	
[272]	1534	0x20000220	uint16_t	
[273]	2521	0x20000222	uint16_t	
[274]	4095	0x20000224	uint16_t	
[275]	3447	0x20000226	uint16_t	
[276]	4095	0x20000228	uint16_t	
[277]	3290	0x2000022A	uint16_t	
[278]	2021	0x2000022C	uint16_t	
[279]	1017	0x2000022E	uint16_t	
[280]	2592	0x20000230	uint16_t	
[281]	1318	0x20000232	uint16_t	
[282]	1923	0x20000234	uint16_t	
[283]	2654	0x20000236	uint16_t	
[284]	3573	0x20000238	uint16_t	
[285]	4095	0x2000023A	uint16_t	
[286]	4095	0x2000023C	uint16_t	
[287]	4095	0x2000023E	uint16_t	
[288]	2978	0x20000240	uint16_t	
[289]	3392	0x20000242	uint16_t	
[290]	2909	0x20000244	uint16_t	
[291]	2808	0x20000246	uint16_t	
[292]	3765	0x20000248	uint16_t	
[293]	1425	0x2000024A	uint16_t	
[294]	3321	0x2000024C	uint16_t	
[295]	901	0x2000024E	uint16_t	
[296]	691	0x20000250	uint16_t	
[297]	1410	0x20000252	uint16_t	
[298]	1447	0x20000254	uint16_t	
[299]	1207	0x20000256	uint16_t	
[300]	3237	0x20000258	uint16_t	
[301]	3473	0x2000025A	uint16_t	
[302]	3343	0x2000025C	uint16_t	
[303]	3810	0x2000025E	uint16_t	
[304]	2368	0x20000260	uint16_t	
[305]	3673	0x20000262	uint16_t	
[306]	2284	0x20000264	uint16_t	
[307]	2574	0x20000266	uint16_t	
[308]	3279	0x20000268	uint16_t	
[309]	3253	0x2000026A	uint16_t	
[310]	2548	0x2000026C	uint16_t	
[311]	4095	0x2000026E	uint16_t	
[312]	3831	0x20000270	uint16_t	
[313]	4095	0x20000272	uint16_t	
[314]	2369	0x20000274	uint16_t	
[315]	3758	0x20000276	uint16_t	
[316]	3396	0x20000278	uint16_t	
[317]	2569	0x2000027A	uint16_t	
[318]	2135	0x2000027C	uint16_t	
[319]	2936	0x2000027E	uint16_t	
[320]	2026	0x20000280	uint16_t	
[321]	3705	0x20000282	uint16_t	
[322]	3331	0x20000284	uint16_t	
[323]	3321	0x20000286	uint16_t	
[324]	3322	0x20000288	uint16_t	
[325]	1769	0x2000028A	uint16_t	
[326]	3715	0x2000028C	uint16_t	
[327]	3400	0x2000028E	uint16_t	
[328]	963	0x20000290	uint16_t	
[329]	786	0x20000292	uint16_t	
[330]	3117	0x20000294	uint16_t	
[331]	4095	0x20000296	uint16_t	
[332]	4095	0x20000298	uint16_t	
[333]	4095	0x2000029A	uint16_t	
[334]	2235	0x2000029C	uint16_t	
[335]	1821	0x2000029E	uint16_t	
[336]	1522	0x200002A0	uint16_t	
[337]	2716	0x200002A2	uint16_t	
[338]	4095	0x200002A4	uint16_t	
[339]	1995	0x200002A6	uint16_t	
[340]	3438	0x200002A8	uint16_t	
[341]	2582	0x200002AA	uint16_t	
[342]	1688	0x200002AC	uint16_t	
[343]	3433	0x200002AE	uint16_t	
[344]	3134	0x200002B0	uint16_t	
[345]	2753	0x200002B2	uint16_t	
[346]	1769	0x200002B4	uint16_t	
[347]	3544	0x200002B6	uint16_t	
[348]	2274	0x200002B8	uint16_t	
[349]	1600	0x200002BA	uint16_t	
[350]	3243	0x200002BC	uint16_t	
[351]	919	0x200002BE	uint16_t	
[352]	1796	0x200002C0	uint16_t	
[353]	2201	0x200002C2	uint16_t	
[354]	1633	0x200002C4	uint16_t	
[355]	1072	0x200002C6	uint16_t	
[356]	2731	0x200002C8	uint16_t	
[357]	4095	0x200002CA	uint16_t	
[358]	3353	0x200002CC	uint16_t	
[359]	502	0x200002CE	uint16_t	
[360]	2573	0x200002D0	uint16_t	
[361]	3264	0x200002D2	uint16_t	
[362]	662	0x200002D4	uint16_t	
[363]	2402	0x200002D6	uint16_t	
[364]	1079	0x200002D8	uint16_t	
[365]	1180	0x200002DA	uint16_t	
[366]	3091	0x200002DC	uint16_t	
[367]	2962	0x200002DE	uint16_t	
[368]	1510	0x200002E0	uint16_t	
[369]	1322	0x200002E2	uint16_t	
[370]	3113	0x200002E4	uint16_t	
[371]	3149	0x200002E6	uint16_t	
[372]	3536	0x200002E8	uint16_t	
[373]	662	0x200002EA	uint16_t	
[374]	1471	0x200002EC	uint16_t	
[375]	3087	0x200002EE	uint16_t	
[376]	3734	0x200002F0	uint16_t	
[377]	4095	0x200002F2	uint16_t	
[378]	4095	0x200002F4	uint16_t	
[379]	3341	0x200002F6	uint16_t	
[380]	2383	0x200002F8	uint16_t	
[381]	3933	0x200002FA	uint16_t	
[382]	1414	0x200002FC	uint16_t	
[383]	3032	0x200002FE	uint16_t	
[384]	3150	0x20000300	uint16_t	
[385]	2213	0x20000302	uint16_t	
[386]	3393	0x20000304	uint16_t	
[387]	1225	0x20000306	uint16_t	
[388]	2970	0x20000308	uint16_t	
[389]	4095	0x2000030A	uint16_t	
[390]	2771	0x2000030C	uint16_t	
[391]	3277	0x2000030E	uint16_t	
[392]	907	0x20000310	uint16_t	
[393]	1036	0x20000312	uint16_t	
[394]	3071	0x20000314	uint16_t	
[395]	3013	0x20000316	uint16_t	
[396]	1557	0x20000318	uint16_t	
[397]	3603	0x2000031A	uint16_t	
[398]	2427	0x2000031C	uint16_t	
[399]	1188	0x2000031E	uint16_t	
[400]	2002	0x20000320	uint16_t	
[401]	1058	0x20000322	uint16_t	
[402]	2575	0x20000324	uint16_t	
[403]	3365	0x20000326	uint16_t	
[404]	3138	0x20000328	uint16_t	
[405]	1791	0x2000032A	uint16_t	
[406]	2533	0x2000032C	uint16_t	
[407]	1086	0x2000032E	uint16_t	
[408]	3196	0x20000330	uint16_t	
[409]	3681	0x20000332	uint16_t	
[410]	3909	0x20000334	uint16_t	
[411]	3196	0x20000336	uint16_t	
[412]	4095	0x20000338	uint16_t	
[413]	3395	0x2000033A	uint16_t	
[414]	3125	0x2000033C	uint16_t	
[415]	2590	0x2000033E	uint16_t	
[416]	1080	0x20000340	uint16_t	
[417]	1135	0x20000342	uint16_t	
[418]	2839	0x20000344	uint16_t	
[419]	1985	0x20000346	uint16_t	
[420]	1647	0x20000348	uint16_t	
[421]	2227	0x2000034A	uint16_t	
[422]	2737	0x2000034C	uint16_t	
[423]	1719	0x2000034E	uint16_t	
[424]	1489	0x20000350	uint16_t	
[425]	2087	0x20000352	uint16_t	
[426]	3409	0x20000354	uint16_t	
[427]	2735	0x20000356	uint16_t	
[428]	4095	0x20000358	uint16_t	
[429]	2957	0x2000035A	uint16_t	
[430]	1349	0x2000035C	uint16_t	
[431]	3181	0x2000035E	uint16_t	
[432]	2638	0x20000360	uint16_t	
[433]	614	0x20000362	uint16_t	
[434]	2857	0x20000364	uint16_t	
[435]	3337	0x20000366	uint16_t	
[436]	3306	0x20000368	uint16_t	
[437]	3055	0x2000036A	uint16_t	
[438]	1718	0x2000036C	uint16_t	
[439]	3283	0x2000036E	uint16_t	
[440]	3351	0x20000370	uint16_t	
[441]	4095	0x20000372	uint16_t	
[442]	4095	0x20000374	uint16_t	
[443]	3233	0x20000376	uint16_t	
[444]	3573	0x20000378	uint16_t	
[445]	3835	0x2000037A	uint16_t	
[446]	4095	0x2000037C	uint16_t	
[447]	671	0x2000037E	uint16_t	
[448]	1045	0x20000380	uint16_t	
[449]	3229	0x20000382	uint16_t	
[450]	3305	0x20000384	uint16_t	
[451]	2632	0x20000386	uint16_t	
[452]	1171	0x20000388	uint16_t	
[453]	1423	0x2000038A	uint16_t	
[454]	3048	0x2000038C	uint16_t	
[455]	2512	0x2000038E	uint16_t	
[456]	3670	0x20000390	uint16_t	
[457]	3483	0x20000392	uint16_t	
[458]	2157	0x20000394	uint16_t	
[459]	3073	0x20000396	uint16_t	
[460]	4095	0x20000398	uint16_t	
[461]	2105	0x2000039A	uint16_t	
[462]	1213	0x2000039C	uint16_t	
[463]	1097	0x2000039E	uint16_t	
[464]	3740	0x200003A0	uint16_t	
[465]	2413	0x200003A2	uint16_t	
[466]	3293	0x200003A4	uint16_t	
[467]	390	0x200003A6	uint16_t	
[468]	3527	0x200003A8	uint16_t	
[469]	3287	0x200003AA	uint16_t	
[470]	3321	0x200003AC	uint16_t	
[471]	3826	0x200003AE	uint16_t	
[472]	3398	0x200003B0	uint16_t	
[473]	3265	0x200003B2	uint16_t	
[474]	1591	0x200003B4	uint16_t	
[475]	1247	0x200003B6	uint16_t	
[476]	973	0x200003B8	uint16_t	
[477]	2628	0x200003BA	uint16_t	
[478]	3341	0x200003BC	uint16_t	
[479]	2527	0x200003BE	uint16_t	
[480]	3157	0x200003C0	uint16_t	
[481]	4095	0x200003C2	uint16_t	
[482]	2315	0x200003C4	uint16_t	
[483]	2868	0x200003C6	uint16_t	
[484]	1558	0x200003C8	uint16_t	
[485]	2050	0x200003CA	uint16_t	
[486]	3505	0x200003CC	uint16_t	
[487]	4095	0x200003CE	uint16_t	
[488]	4095	0x200003D0	uint16_t	
[489]	3227	0x200003D2	uint16_t	
[490]	4095	0x200003D4	uint16_t	
[491]	3284	0x200003D6	uint16_t	
[492]	2596	0x200003D8	uint16_t	
[493]	4095	0x200003DA	uint16_t	
[494]	3275	0x200003DC	uint16_t	
[495]	1117	0x200003DE	uint16_t	
[496]	3504	0x200003E0	uint16_t	
[497]	838	0x200003E2	uint16_t	
[498]	1078	0x200003E4	uint16_t	
[499]	3034	0x200003E6	uint16_t	
[500]	3207	0x200003E8	uint16_t	
[501]	4095	0x200003EA	uint16_t	
[502]	2771	0x200003EC	uint16_t	
[503]	4095	0x200003EE	uint16_t	
[504]	1625	0x200003F0	uint16_t	
[505]	3518	0x200003F2	uint16_t	
[506]	3413	0x200003F4	uint16_t	
[507]	3269	0x200003F6	uint16_t	
[508]	2574	0x200003F8	uint16_t	
[509]	2851	0x200003FA	uint16_t	
[510]	949	0x200003FC	uint16_t	
[511]	4095	0x200003FE	uint16_t	
[512]	3430	0x20000400	uint16_t	
[513]	2659	0x20000402	uint16_t	
[514]	4095	0x20000404	uint16_t	
[515]	4095	0x20000406	uint16_t	
[516]	4095	0x20000408	uint16_t	
[517]	3185	0x2000040A	uint16_t	
[518]	4095	0x2000040C	uint16_t	
[519]	2093	0x2000040E	uint16_t	
[520]	3873	0x20000410	uint16_t	
[521]	3333	0x20000412	uint16_t	
[522]	1939	0x20000414	uint16_t	
[523]	2773	0x20000416	uint16_t	
[524]	1654	0x20000418	uint16_t	
[525]	3127	0x2000041A	uint16_t	
[526]	1016	0x2000041C	uint16_t	
[527]	2658	0x2000041E	uint16_t	
[528]	3649	0x20000420	uint16_t	
[529]	3461	0x20000422	uint16_t	
[530]	3277	0x20000424	uint16_t	
[531]	3278	0x20000426	uint16_t	
[532]	3067	0x20000428	uint16_t	
[533]	3463	0x2000042A	uint16_t	
[534]	2559	0x2000042C	uint16_t	
[535]	3312	0x2000042E	uint16_t	
[536]	2281	0x20000430	uint16_t	
[537]	1354	0x20000432	uint16_t	
[538]	2995	0x20000434	uint16_t	
[539]	3857	0x20000436	uint16_t	
[540]	912	0x20000438	uint16_t	
[541]	2356	0x2000043A	uint16_t	
[542]	4095	0x2000043C	uint16_t	
[543]	2417	0x2000043E	uint16_t	
[544]	4095	0x20000440	uint16_t	
[545]	2566	0x20000442	uint16_t	
[546]	3819	0x20000444	uint16_t	
[547]	3237	0x20000446	uint16_t	
[548]	3612	0x20000448	uint16_t	
[549]	3223	0x2000044A	uint16_t	
[550]	2735	0x2000044C	uint16_t	
[551]	3516	0x2000044E	uint16_t	
[552]	3588	0x20000450	uint16_t	
[553]	3137	0x20000452	uint16_t	
[554]	3417	0x20000454	uint16_t	
[555]	1871	0x20000456	uint16_t	
[556]	2336	0x20000458	uint16_t	
[557]	3969	0x2000045A	uint16_t	
[558]	3649	0x2000045C	uint16_t	
[559]	3284	0x2000045E	uint16_t	
[560]	4095	0x20000460	uint16_t	
[561]	2227	0x20000462	uint16_t	
[562]	3395	0x20000464	uint16_t	
[563]	3149	0x20000466	uint16_t	
[564]	3268	0x20000468	uint16_t	
[565]	3307	0x2000046A	uint16_t	
[566]	3793	0x2000046C	uint16_t	
[567]	3773	0x2000046E	uint16_t	
[568]	1502	0x20000470	uint16_t	
[569]	2785	0x20000472	uint16_t	
[570]	4095	0x20000474	uint16_t	
[571]	3185	0x20000476	uint16_t	
[572]	3326	0x20000478	uint16_t	
[573]	2615	0x2000047A	uint16_t	
[574]	3309	0x2000047C	uint16_t	
[575]	3121	0x2000047E	uint16_t	
[576]	4095	0x20000480	uint16_t	
[577]	3285	0x20000482	uint16_t	
[578]	3309	0x20000484	uint16_t	
[579]	2776	0x20000486	uint16_t	
[580]	3508	0x20000488	uint16_t	
[581]	3339	0x2000048A	uint16_t	
[582]	3401	0x2000048C	uint16_t	
[583]	4095	0x2000048E	uint16_t	
[584]	3603	0x20000490	uint16_t	
[585]	918	0x20000492	uint16_t	
[586]	3329	0x20000494	uint16_t	
[587]	2704	0x20000496	uint16_t	
[588]	3328	0x20000498	uint16_t	
[589]	1678	0x2000049A	uint16_t	
[590]	3433	0x2000049C	uint16_t	
[591]	3965	0x2000049E	uint16_t	
[592]	3273	0x200004A0	uint16_t	
[593]	3283	0x200004A2	uint16_t	
[594]	3959	0x200004A4	uint16_t	
[595]	3279	0x200004A6	uint16_t	
[596]	3555	0x200004A8	uint16_t	
[597]	4095	0x200004AA	uint16_t	
[598]	3085	0x200004AC	uint16_t	
[599]	2115	0x200004AE	uint16_t	
[600]	3273	0x200004B0	uint16_t	
[601]	2940	0x200004B2	uint16_t	
[602]	3283	0x200004B4	uint16_t	
[603]	3567	0x200004B6	uint16_t	
[604]	3872	0x200004B8	uint16_t	
[605]	3667	0x200004BA	uint16_t	
[606]	3373	0x200004BC	uint16_t	
[607]	3401	0x200004BE	uint16_t	
[608]	3260	0x200004C0	uint16_t	
[609]	2462	0x200004C2	uint16_t	
[610]	580	0x200004C4	uint16_t	
[611]	4095	0x200004C6	uint16_t	
[612]	3662	0x200004C8	uint16_t	
[613]	4095	0x200004CA	uint16_t	
[614]	3297	0x200004CC	uint16_t	
[615]	4095	0x200004CE	uint16_t	
[616]	3084	0x200004D0	uint16_t	
[617]	3073	0x200004D2	uint16_t	
[618]	1074	0x200004D4	uint16_t	
[619]	3272	0x200004D6	uint16_t	
[620]	1153	0x200004D8	uint16_t	
[621]	3417	0x200004DA	uint16_t	
[622]	3769	0x200004DC	uint16_t	
[623]	1317	0x200004DE	uint16_t	
[624]	1016	0x200004E0	uint16_t	
[625]	2014	0x200004E2	uint16_t	
[626]	2155	0x200004E4	uint16_t	
[627]	2263	0x200004E6	uint16_t	
[628]	3663	0x200004E8	uint16_t	
[629]	3651	0x200004EA	uint16_t	
[630]	2401	0x200004EC	uint16_t	
[631]	2850	0x200004EE	uint16_t	
[632]	861	0x200004F0	uint16_t	
[633]	1364	0x200004F2	uint16_t	
[634]	3369	0x200004F4	uint16_t	
[635]	625	0x200004F6	uint16_t	
[636]	3839	0x200004F8	uint16_t	
[637]	2437	0x200004FA	uint16_t	
[638]	722	0x200004FC	uint16_t	
[639]	3372	0x200004FE	uint16_t	
[640]	3132	0x20000500	uint16_t	
[641]	1746	0x20000502	uint16_t	
[642]	894	0x20000504	uint16_t	
[643]	2577	0x20000506	uint16_t	
[644]	3298	0x20000508	uint16_t	
[645]	1422	0x2000050A	uint16_t	
[646]	638	0x2000050C	uint16_t	
[647]	4095	0x2000050E	uint16_t	
[648]	4095	0x20000510	uint16_t	
[649]	3577	0x20000512	uint16_t	
[650]	3225	0x20000514	uint16_t	
[651]	3392	0x20000516	uint16_t	
[652]	2205	0x20000518	uint16_t	
[653]	3255	0x2000051A	uint16_t	
[654]	3281	0x2000051C	uint16_t	
[655]	1601	0x2000051E	uint16_t	
[656]	944	0x20000520	uint16_t	
[657]	3211	0x20000522	uint16_t	
[658]	3293	0x20000524	uint16_t	
[659]	4095	0x20000526	uint16_t	
[660]	3282	0x20000528	uint16_t	
[661]	3303	0x2000052A	uint16_t	
[662]	2511	0x2000052C	uint16_t	
[663]	908	0x2000052E	uint16_t	
[664]	4095	0x20000530	uint16_t	
[665]	2278	0x20000532	uint16_t	
[666]	805	0x20000534	uint16_t	
[667]	2504	0x20000536	uint16_t	
[668]	3255	0x20000538	uint16_t	
[669]	4095	0x2000053A	uint16_t	
[670]	2959	0x2000053C	uint16_t	
[671]	3503	0x2000053E	uint16_t	
[672]	2752	0x20000540	uint16_t	
[673]	2141	0x20000542	uint16_t	
[674]	833	0x20000544	uint16_t	
[675]	833	0x20000546	uint16_t	
[676]	3132	0x20000548	uint16_t	
[677]	3441	0x2000054A	uint16_t	
[678]	2569	0x2000054C	uint16_t	
[679]	3497	0x2000054E	uint16_t	
[680]	3490	0x20000550	uint16_t	
[681]	2002	0x20000552	uint16_t	
[682]	2263	0x20000554	uint16_t	
[683]	829	0x20000556	uint16_t	
[684]	3484	0x20000558	uint16_t	
[685]	4095	0x2000055A	uint16_t	
[686]	4095	0x2000055C	uint16_t	
[687]	3396	0x2000055E	uint16_t	
[688]	4003	0x20000560	uint16_t	
[689]	3769	0x20000562	uint16_t	
[690]	3853	0x20000564	uint16_t	
[691]	3159	0x20000566	uint16_t	
[692]	1985	0x20000568	uint16_t	
[693]	2036	0x2000056A	uint16_t	
[694]	1733	0x2000056C	uint16_t	
[695]	2256	0x2000056E	uint16_t	
[696]	4095	0x20000570	uint16_t	
[697]	3561	0x20000572	uint16_t	
[698]	3385	0x20000574	uint16_t	
[699]	3170	0x20000576	uint16_t	
[700]	2727	0x20000578	uint16_t	
[701]	2027	0x2000057A	uint16_t	
[702]	2725	0x2000057C	uint16_t	
[703]	1742	0x2000057E	uint16_t	
[704]	3308	0x20000580	uint16_t	
[705]	870	0x20000582	uint16_t	
[706]	1778	0x20000584	uint16_t	
[707]	3873	0x20000586	uint16_t	
[708]	4095	0x20000588	uint16_t	
[709]	1386	0x2000058A	uint16_t	
[710]	2537	0x2000058C	uint16_t	
[711]	1111	0x2000058E	uint16_t	
[712]	3220	0x20000590	uint16_t	
[713]	3515	0x20000592	uint16_t	
[714]	3699	0x20000594	uint16_t	
[715]	4095	0x20000596	uint16_t	
[716]	3404	0x20000598	uint16_t	
[717]	2621	0x2000059A	uint16_t	
[718]	3417	0x2000059C	uint16_t	
[719]	1164	0x2000059E	uint16_t	
[720]	1798	0x200005A0	uint16_t	
[721]	1726	0x200005A2	uint16_t	
[722]	4095	0x200005A4	uint16_t	
[723]	1795	0x200005A6	uint16_t	
[724]	1469	0x200005A8	uint16_t	
[725]	778	0x200005AA	uint16_t	
[726]	2057	0x200005AC	uint16_t	
[727]	1808	0x200005AE	uint16_t	
[728]	3250	0x200005B0	uint16_t	
[729]	3279	0x200005B2	uint16_t	
[730]	2859	0x200005B4	uint16_t	
[731]	2841	0x200005B6	uint16_t	
[732]	2791	0x200005B8	uint16_t	
[733]	4095	0x200005BA	uint16_t	
[734]	3304	0x200005BC	uint16_t	
[735]	1539	0x200005BE	uint16_t	
[736]	2910	0x200005C0	uint16_t	
[737]	4095	0x200005C2	uint16_t	
[738]	1428	0x200005C4	uint16_t	
[739]	3928	0x200005C6	uint16_t	
[740]	4092	0x200005C8	uint16_t	
[741]	3451	0x200005CA	uint16_t	
[742]	3469	0x200005CC	uint16_t	
[743]	3284	0x200005CE	uint16_t	
[744]	3236	0x200005D0	uint16_t	
[745]	4095	0x200005D2	uint16_t	
[746]	4095	0x200005D4	uint16_t	
[747]	3282	0x200005D6	uint16_t	
[748]	3352	0x200005D8	uint16_t	
[749]	3505	0x200005DA	uint16_t	
[750]	3599	0x200005DC	uint16_t	
[751]	3290	0x200005DE	uint16_t	
[752]	3305	0x200005E0	uint16_t	
[753]	3293	0x200005E2	uint16_t	
[754]	3481	0x200005E4	uint16_t	
[755]	3289	0x200005E6	uint16_t	
[756]	3244	0x200005E8	uint16_t	
[757]	4095	0x200005EA	uint16_t	
[758]	3288	0x200005EC	uint16_t	
[759]	3309	0x200005EE	uint16_t	
[760]	3264	0x200005F0	uint16_t	
[761]	4095	0x200005F2	uint16_t	
[762]	3193	0x200005F4	uint16_t	
[763]	2928	0x200005F6	uint16_t	
[764]	3328	0x200005F8	uint16_t	
[765]	3753	0x200005FA	uint16_t	
[766]	3573	0x200005FC	uint16_t	
[767]	3279	0x200005FE	uint16_t	
[768]	2794	0x20000600	uint16_t	
[769]	3175	0x20000602	uint16_t	
[770]	1819	0x20000604	uint16_t	
[771]	3097	0x20000606	uint16_t	
[772]	3066	0x20000608	uint16_t	
[773]	1801	0x2000060A	uint16_t	
[774]	639	0x2000060C	uint16_t	
[775]	3493	0x2000060E	uint16_t	
[776]	4095	0x20000610	uint16_t	
[777]	2409	0x20000612	uint16_t	
[778]	1201	0x20000614	uint16_t	
[779]	3013	0x20000616	uint16_t	
[780]	2935	0x20000618	uint16_t	
[781]	3571	0x2000061A	uint16_t	
[782]	3265	0x2000061C	uint16_t	
[783]	3087	0x2000061E	uint16_t	
[784]	3788	0x20000620	uint16_t	
[785]	2647	0x20000622	uint16_t	
[786]	4095	0x20000624	uint16_t	
[787]	3305	0x20000626	uint16_t	
[788]	2221	0x20000628	uint16_t	
[789]	1950	0x2000062A	uint16_t	
[790]	1359	0x2000062C	uint16_t	
[791]	2852	0x2000062E	uint16_t	
[792]	1006	0x20000630	uint16_t	
[793]	3349	0x20000632	uint16_t	
[794]	4095	0x20000634	uint16_t	
[795]	1074	0x20000636	uint16_t	
[796]	3125	0x20000638	uint16_t	
[797]	3657	0x2000063A	uint16_t	
[798]	3989	0x2000063C	uint16_t	
[799]	855	0x2000063E	uint16_t	
[800]	3706	0x20000640	uint16_t	
[801]	2173	0x20000642	uint16_t	
[802]	2973	0x20000644	uint16_t	
[803]	1840	0x20000646	uint16_t	
[804]	1176	0x20000648	uint16_t	
[805]	2709	0x2000064A	uint16_t	
[806]	3469	0x2000064C	uint16_t	
[807]	1152	0x2000064E	uint16_t	
[808]	3261	0x20000650	uint16_t	
[809]	3192	0x20000652	uint16_t	
[810]	2703	0x20000654	uint16_t	
[811]	1472	0x20000656	uint16_t	
[812]	3258	0x20000658	uint16_t	
[813]	3167	0x2000065A	uint16_t	
[814]	1953	0x2000065C	uint16_t	
[815]	3855	0x2000065E	uint16_t	
[816]	2214	0x20000660	uint16_t	
[817]	1656	0x20000662	uint16_t	
[818]	2785	0x20000664	uint16_t	
[819]	3241	0x20000666	uint16_t	
[820]	3071	0x20000668	uint16_t	
[821]	3501	0x2000066A	uint16_t	
[822]	3323	0x2000066C	uint16_t	
[823]	3537	0x2000066E	uint16_t	
[824]	3481	0x20000670	uint16_t	
[825]	3651	0x20000672	uint16_t	
[826]	4011	0x20000674	uint16_t	
[827]	3049	0x20000676	uint16_t	
[828]	2705	0x20000678	uint16_t	
[829]	3389	0x2000067A	uint16_t	
[830]	3291	0x2000067C	uint16_t	
[831]	3289	0x2000067E	uint16_t	
[832]	2515	0x20000680	uint16_t	
[833]	1470	0x20000682	uint16_t	
[834]	1144	0x20000684	uint16_t	
[835]	3320	0x20000686	uint16_t	
[836]	3439	0x20000688	uint16_t	
[837]	1978	0x2000068A	uint16_t	
[838]	3321	0x2000068C	uint16_t	
[839]	3311	0x2000068E	uint16_t	
[840]	4095	0x20000690	uint16_t	
[841]	4095	0x20000692	uint16_t	
[842]	4095	0x20000694	uint16_t	
[843]	4095	0x20000696	uint16_t	
[844]	2982	0x20000698	uint16_t	
[845]	3989	0x2000069A	uint16_t	
[846]	2395	0x2000069C	uint16_t	
[847]	2248	0x2000069E	uint16_t	
[848]	1233	0x200006A0	uint16_t	
[849]	1442	0x200006A2	uint16_t	
[850]	3295	0x200006A4	uint16_t	
[851]	3301	0x200006A6	uint16_t	
[852]	4060	0x200006A8	uint16_t	
[853]	3837	0x200006AA	uint16_t	
[854]	3353	0x200006AC	uint16_t	
[855]	3347	0x200006AE	uint16_t	
[856]	3664	0x200006B0	uint16_t	
[857]	1633	0x200006B2	uint16_t	
[858]	3385	0x200006B4	uint16_t	
[859]	3288	0x200006B6	uint16_t	
[860]	1029	0x200006B8	uint16_t	
[861]	2915	0x200006BA	uint16_t	
[862]	2980	0x200006BC	uint16_t	
[863]	3139	0x200006BE	uint16_t	
[864]	781	0x200006C0	uint16_t	
[865]	1204	0x200006C2	uint16_t	
[866]	2415	0x200006C4	uint16_t	
[867]	2979	0x200006C6	uint16_t	
[868]	4095	0x200006C8	uint16_t	
[869]	3261	0x200006CA	uint16_t	
[870]	3583	0x200006CC	uint16_t	
[871]	3336	0x200006CE	uint16_t	
[872]	2938	0x200006D0	uint16_t	
[873]	3295	0x200006D2	uint16_t	
[874]	1807	0x200006D4	uint16_t	
[875]	3776	0x200006D6	uint16_t	
[876]	3045	0x200006D8	uint16_t	
[877]	3465	0x200006DA	uint16_t	
[878]	1275	0x200006DC	uint16_t	
[879]	3328	0x200006DE	uint16_t	
[880]	3328	0x200006E0	uint16_t	
[881]	3385	0x200006E2	uint16_t	
[882]	4095	0x200006E4	uint16_t	
[883]	2632	0x200006E6	uint16_t	
[884]	1942	0x200006E8	uint16_t	
[885]	3259	0x200006EA	uint16_t	
[886]	1362	0x200006EC	uint16_t	
[887]	2337	0x200006EE	uint16_t	
[888]	4095	0x200006F0	uint16_t	
[889]	682	0x200006F2	uint16_t	
[890]	2817	0x200006F4	uint16_t	
[891]	3931	0x200006F6	uint16_t	
[892]	3348	0x200006F8	uint16_t	
[893]	3343	0x200006FA	uint16_t	
[894]	3011	0x200006FC	uint16_t	
[895]	1825	0x200006FE	uint16_t	
[896]	3292	0x20000700	uint16_t	
[897]	3270	0x20000702	uint16_t	
[898]	3631	0x20000704	uint16_t	
[899]	3305	0x20000706	uint16_t	
[900]	3630	0x20000708	uint16_t	
[901]	3247	0x2000070A	uint16_t	
[902]	3781	0x2000070C	uint16_t	
[903]	4095	0x2000070E	uint16_t	
[904]	2238	0x20000710	uint16_t	
[905]	2597	0x20000712	uint16_t	
[906]	4095	0x20000714	uint16_t	
[907]	3821	0x20000716	uint16_t	
[908]	3282	0x20000718	uint16_t	
[909]	3295	0x2000071A	uint16_t	
[910]	2261	0x2000071C	uint16_t	
[911]	703	0x2000071E	uint16_t	
[912]	718	0x20000720	uint16_t	
[913]	3837	0x20000722	uint16_t	
[914]	4095	0x20000724	uint16_t	
[915]	2321	0x20000726	uint16_t	
[916]	2318	0x20000728	uint16_t	
[917]	3367	0x2000072A	uint16_t	
[918]	1064	0x2000072C	uint16_t	
[919]	4095	0x2000072E	uint16_t	
[920]	4095	0x20000730	uint16_t	
[921]	4095	0x20000732	uint16_t	
[922]	4095	0x20000734	uint16_t	
[923]	1773	0x20000736	uint16_t	
[924]	1626	0x20000738	uint16_t	
[925]	2777	0x2000073A	uint16_t	
[926]	3627	0x2000073C	uint16_t	
[927]	3917	0x2000073E	uint16_t	
[928]	3516	0x20000740	uint16_t	
[929]	4055	0x20000742	uint16_t	
[930]	4095	0x20000744	uint16_t	
[931]	3337	0x20000746	uint16_t	
[932]	2538	0x20000748	uint16_t	
[933]	4095	0x2000074A	uint16_t	
[934]	2375	0x2000074C	uint16_t	
[935]	2884	0x2000074E	uint16_t	
[936]	2050	0x20000750	uint16_t	
[937]	2103	0x20000752	uint16_t	
[938]	3851	0x20000754	uint16_t	
[939]	3340	0x20000756	uint16_t	
[940]	3268	0x20000758	uint16_t	
[941]	3285	0x2000075A	uint16_t	
[942]	3755	0x2000075C	uint16_t	
[943]	2795	0x2000075E	uint16_t	
[944]	2503	0x20000760	uint16_t	
[945]	2113	0x20000762	uint16_t	
[946]	3497	0x20000764	uint16_t	
[947]	3537	0x20000766	uint16_t	
[948]	2293	0x20000768	uint16_t	
[949]	2648	0x2000076A	uint16_t	
[950]	3051	0x2000076C	uint16_t	
[951]	3789	0x2000076E	uint16_t	
[952]	3469	0x20000770	uint16_t	
[953]	3325	0x20000772	uint16_t	
[954]	3565	0x20000774	uint16_t	
[955]	2703	0x20000776	uint16_t	
[956]	1909	0x20000778	uint16_t	
[957]	2403	0x2000077A	uint16_t	
[958]	1357	0x2000077C	uint16_t	
[959]	2297	0x2000077E	uint16_t	
[960]	3564	0x20000780	uint16_t	
[961]	3296	0x20000782	uint16_t	
[962]	3343	0x20000784	uint16_t	
[963]	3689	0x20000786	uint16_t	
[964]	1275	0x20000788	uint16_t	
[965]	4095	0x2000078A	uint16_t	
[966]	3785	0x2000078C	uint16_t	
[967]	3864	0x2000078E	uint16_t	
[968]	1555	0x20000790	uint16_t	
[969]	2955	0x20000792	uint16_t	
[970]	4095	0x20000794	uint16_t	
[971]	3293	0x20000796	uint16_t	
[972]	3217	0x20000798	uint16_t	
[973]	3275	0x2000079A	uint16_t	
[974]	3833	0x2000079C	uint16_t	
[975]	871	0x2000079E	uint16_t	
[976]	3436	0x200007A0	uint16_t	
[977]	4009	0x200007A2	uint16_t	
[978]	3293	0x200007A4	uint16_t	
[979]	4095	0x200007A6	uint16_t	
[980]	3269	0x200007A8	uint16_t	
[981]	3269	0x200007AA	uint16_t	
[982]	3005	0x200007AC	uint16_t	
[983]	3277	0x200007AE	uint16_t	
[984]	4095	0x200007B0	uint16_t	
[985]	3573	0x200007B2	uint16_t	
[986]	3293	0x200007B4	uint16_t	
[987]	3289	0x200007B6	uint16_t	
[988]	3306	0x200007B8	uint16_t	
[989]	3255	0x200007BA	uint16_t	
[990]	4095	0x200007BC	uint16_t	
[991]	4095	0x200007BE	uint16_t	
[992]	3831	0x200007C0	uint16_t	
[993]	794	0x200007C2	uint16_t	
[994]	871	0x200007C4	uint16_t	
[995]	3727	0x200007C6	uint16_t	
[996]	2517	0x200007C8	uint16_t	
[997]	1911	0x200007CA	uint16_t	
[998]	2314	0x200007CC	uint16_t	
[999]	3769	0x200007CE	uint16_t	
[1000]	3901	0x200007D0	uint16_t	
[1001]	3184	0x200007D2	uint16_t	
[1002]	3280	0x200007D4	uint16_t	
[1003]	3035	0x200007D6	uint16_t	
[1004]	3297	0x200007D8	uint16_t	
[1005]	3337	0x200007DA	uint16_t	
[1006]	3461	0x200007DC	uint16_t	
[1007]	2811	0x200007DE	uint16_t	
[1008]	3579	0x200007E0	uint16_t	
[1009]	2554	0x200007E2	uint16_t	
[1010]	4095	0x200007E4	uint16_t	
[1011]	3337	0x200007E6	uint16_t	
[1012]	3283	0x200007E8	uint16_t	
[1013]	3273	0x200007EA	uint16_t	
[1014]	3304	0x200007EC	uint16_t	
[1015]	4095	0x200007EE	uint16_t	
[1016]	3865	0x200007F0	uint16_t	
[1017]	1215	0x200007F2	uint16_t	
[1018]	2866	0x200007F4	uint16_t	
[1019]	2979	0x200007F6	uint16_t	
[1020]	3237	0x200007F8	uint16_t	
[1021]	4095	0x200007FA	uint16_t	
[1022]	4095	0x200007FC	uint16_t	
[1023]	4095	0x200007FE	uint16_t	
[1024]	3877	0x20000800	uint16_t	
[1025]	953	0x20000802	uint16_t	
[1026]	2837	0x20000804	uint16_t	
[1027]	4095	0x20000806	uint16_t	
[1028]	2696	0x20000808	uint16_t	
[1029]	2065	0x2000080A	uint16_t	
[1030]	3383	0x2000080C	uint16_t	
[1031]	3291	0x2000080E	uint16_t	
[1032]	3273	0x20000810	uint16_t	
[1033]	3256	0x20000812	uint16_t	
[1034]	3522	0x20000814	uint16_t	
[1035]	3289	0x20000816	uint16_t	
[1036]	3283	0x20000818	uint16_t	
[1037]	1107	0x2000081A	uint16_t	
[1038]	1137	0x2000081C	uint16_t	
[1039]	2773	0x2000081E	uint16_t	
[1040]	3289	0x20000820	uint16_t	
[1041]	3595	0x20000822	uint16_t	
[1042]	3310	0x20000824	uint16_t	
[1043]	3989	0x20000826	uint16_t	
[1044]	2937	0x20000828	uint16_t	
[1045]	2467	0x2000082A	uint16_t	
[1046]	3403	0x2000082C	uint16_t	
[1047]	3269	0x2000082E	uint16_t	
[1048]	4095	0x20000830	uint16_t	
[1049]	1078	0x20000832	uint16_t	
[1050]	3406	0x20000834	uint16_t	
[1051]	2581	0x20000836	uint16_t	
[1052]	3277	0x20000838	uint16_t	
[1053]	2781	0x2000083A	uint16_t	
[1054]	2318	0x2000083C	uint16_t	
[1055]	3340	0x2000083E	uint16_t	
[1056]	3285	0x20000840	uint16_t	
[1057]	3295	0x20000842	uint16_t	
[1058]	3512	0x20000844	uint16_t	
[1059]	3319	0x20000846	uint16_t	
[1060]	3589	0x20000848	uint16_t	
[1061]	3776	0x2000084A	uint16_t	
[1062]	3388	0x2000084C	uint16_t	
[1063]	3663	0x2000084E	uint16_t	
[1064]	4095	0x20000850	uint16_t	
[1065]	4095	0x20000852	uint16_t	
[1066]	3617	0x20000854	uint16_t	
[1067]	3655	0x20000856	uint16_t	
[1068]	1714	0x20000858	uint16_t	
[1069]	2497	0x2000085A	uint16_t	
[1070]	3119	0x2000085C	uint16_t	
[1071]	843	0x2000085E	uint16_t	
[1072]	1382	0x20000860	uint16_t	
[1073]	3157	0x20000862	uint16_t	
[1074]	3588	0x20000864	uint16_t	
[1075]	4095	0x20000866	uint16_t	
[1076]	892	0x20000868	uint16_t	
[1077]	3345	0x2000086A	uint16_t	
[1078]	3367	0x2000086C	uint16_t	
[1079]	3557	0x2000086E	uint16_t	
[1080]	4095	0x20000870	uint16_t	
[1081]	2785	0x20000872	uint16_t	
[1082]	4036	0x20000874	uint16_t	
[1083]	4095	0x20000876	uint16_t	
[1084]	4095	0x20000878	uint16_t	
[1085]	4095	0x2000087A	uint16_t	
[1086]	2518	0x2000087C	uint16_t	
[1087]	2568	0x2000087E	uint16_t	
[1088]	1139	0x20000880	uint16_t	
[1089]	1364	0x20000882	uint16_t	
[1090]	3391	0x20000884	uint16_t	
[1091]	2705	0x20000886	uint16_t	
[1092]	3311	0x20000888	uint16_t	
[1093]	3304	0x2000088A	uint16_t	
[1094]	4095	0x2000088C	uint16_t	
[1095]	3073	0x2000088E	uint16_t	
[1096]	782	0x20000890	uint16_t	
[1097]	4015	0x20000892	uint16_t	
[1098]	1428	0x20000894	uint16_t	
[1099]	3215	0x20000896	uint16_t	
[1100]	3473	0x20000898	uint16_t	
[1101]	758	0x2000089A	uint16_t	
[1102]	3222	0x2000089C	uint16_t	
[1103]	1140	0x2000089E	uint16_t	
[1104]	2393	0x200008A0	uint16_t	
[1105]	3248	0x200008A2	uint16_t	
[1106]	4095	0x200008A4	uint16_t	
[1107]	3375	0x200008A6	uint16_t	
[1108]	1093	0x200008A8	uint16_t	
[1109]	3378	0x200008AA	uint16_t	
[1110]	3611	0x200008AC	uint16_t	
[1111]	3585	0x200008AE	uint16_t	
[1112]	3725	0x200008B0	uint16_t	
[1113]	3184	0x200008B2	uint16_t	
[1114]	3536	0x200008B4	uint16_t	
[1115]	3455	0x200008B6	uint16_t	
[1116]	2545	0x200008B8	uint16_t	
[1117]	2970	0x200008BA	uint16_t	
[1118]	4095	0x200008BC	uint16_t	
[1119]	3397	0x200008BE	uint16_t	
[1120]	3128	0x200008C0	uint16_t	
[1121]	3676	0x200008C2	uint16_t	
[1122]	1789	0x200008C4	uint16_t	
[1123]	3883	0x200008C6	uint16_t	
[1124]	2417	0x200008C8	uint16_t	
[1125]	1428	0x200008CA	uint16_t	
[1126]	3553	0x200008CC	uint16_t	
[1127]	2880	0x200008CE	uint16_t	
[1128]	3190	0x200008D0	uint16_t	
[1129]	4095	0x200008D2	uint16_t	
[1130]	965	0x200008D4	uint16_t	
[1131]	3249	0x200008D6	uint16_t	
[1132]	3613	0x200008D8	uint16_t	
[1133]	3045	0x200008DA	uint16_t	
[1134]	3157	0x200008DC	uint16_t	
[1135]	3177	0x200008DE	uint16_t	
[1136]	4095	0x200008E0	uint16_t	
[1137]	1439	0x200008E2	uint16_t	
[1138]	3296	0x200008E4	uint16_t	
[1139]	3285	0x200008E6	uint16_t	
[1140]	3315	0x200008E8	uint16_t	
[1141]	3279	0x200008EA	uint16_t	
[1142]	3417	0x200008EC	uint16_t	
[1143]	1788	0x200008EE	uint16_t	
[1144]	3825	0x200008F0	uint16_t	
[1145]	3721	0x200008F2	uint16_t	
[1146]	4095	0x200008F4	uint16_t	
[1147]	3273	0x200008F6	uint16_t	
[1148]	3501	0x200008F8	uint16_t	
[1149]	2832	0x200008FA	uint16_t	
[1150]	2704	0x200008FC	uint16_t	
[1151]	586	0x200008FE	uint16_t	
[1152]	4095	0x20000900	uint16_t	
[1153]	2300	0x20000902	uint16_t	
[1154]	746	0x20000904	uint16_t	
[1155]	2463	0x20000906	uint16_t	
[1156]	2785	0x20000908	uint16_t	
[1157]	3227	0x2000090A	uint16_t	
[1158]	1485	0x2000090C	uint16_t	
[1159]	2985	0x2000090E	uint16_t	
[1160]	4095	0x20000910	uint16_t	
[1161]	2421	0x20000912	uint16_t	
[1162]	2413	0x20000914	uint16_t	
[1163]	3297	0x20000916	uint16_t	
[1164]	3173	0x20000918	uint16_t	
[1165]	4095	0x2000091A	uint16_t	
[1166]	4095	0x2000091C	uint16_t	
[1167]	4095	0x2000091E	uint16_t	
[1168]	3971	0x20000920	uint16_t	
[1169]	2172	0x20000922	uint16_t	
[1170]	1344	0x20000924	uint16_t	
[1171]	3055	0x20000926	uint16_t	
[1172]	2793	0x20000928	uint16_t	
[1173]	4095	0x2000092A	uint16_t	
[1174]	3013	0x2000092C	uint16_t	
[1175]	4095	0x2000092E	uint16_t	
[1176]	2957	0x20000930	uint16_t	
[1177]	3515	0x20000932	uint16_t	
[1178]	3131	0x20000934	uint16_t	
[1179]	1695	0x20000936	uint16_t	
[1180]	2298	0x20000938	uint16_t	
[1181]	3389	0x2000093A	uint16_t	
[1182]	989	0x2000093C	uint16_t	
[1183]	2304	0x2000093E	uint16_t	
[1184]	1735	0x20000940	uint16_t	
[1185]	967	0x20000942	uint16_t	
[1186]	3586	0x20000944	uint16_t	
[1187]	3493	0x20000946	uint16_t	
[1188]	1506	0x20000948	uint16_t	
[1189]	3309	0x2000094A	uint16_t	
[1190]	3277	0x2000094C	uint16_t	
[1191]	3569	0x2000094E	uint16_t	
[1192]	4033	0x20000950	uint16_t	
[1193]	2271	0x20000952	uint16_t	
[1194]	2367	0x20000954	uint16_t	
[1195]	755	0x20000956	uint16_t	
[1196]	3311	0x20000958	uint16_t	
[1197]	2393	0x2000095A	uint16_t	
[1198]	2952	0x2000095C	uint16_t	
[1199]	3799	0x2000095E	uint16_t	
[1200]	3229	0x20000960	uint16_t	
[1201]	1787	0x20000962	uint16_t	
[1202]	3389	0x20000964	uint16_t	
[1203]	4095	0x20000966	uint16_t	
[1204]	2469	0x20000968	uint16_t	
[1205]	1407	0x2000096A	uint16_t	
[1206]	1396	0x2000096C	uint16_t	
[1207]	3151	0x2000096E	uint16_t	
[1208]	1993	0x20000970	uint16_t	
[1209]	1486	0x20000972	uint16_t	
[1210]	2236	0x20000974	uint16_t	
[1211]	1738	0x20000976	uint16_t	
[1212]	846	0x20000978	uint16_t	
[1213]	3733	0x2000097A	uint16_t	
[1214]	3382	0x2000097C	uint16_t	
[1215]	2255	0x2000097E	uint16_t	
[1216]	2469	0x20000980	uint16_t	
[1217]	2324	0x20000982	uint16_t	
[1218]	1797	0x20000984	uint16_t	
[1219]	2791	0x20000986	uint16_t	
[1220]	739	0x20000988	uint16_t	
[1221]	3377	0x2000098A	uint16_t	
[1222]	3118	0x2000098C	uint16_t	
[1223]	1565	0x2000098E	uint16_t	
[1224]	1588	0x20000990	uint16_t	
[1225]	3531	0x20000992	uint16_t	
[1226]	817	0x20000994	uint16_t	
[1227]	2009	0x20000996	uint16_t	
[1228]	3943	0x20000998	uint16_t	
[1229]	3521	0x2000099A	uint16_t	
[1230]	2725	0x2000099C	uint16_t	
[1231]	944	0x2000099E	uint16_t	
[1232]	2347	0x200009A0	uint16_t	
[1233]	3525	0x200009A2	uint16_t	
[1234]	3293	0x200009A4	uint16_t	
[1235]	3987	0x200009A6	uint16_t	
[1236]	2673	0x200009A8	uint16_t	
[1237]	2787	0x200009AA	uint16_t	
[1238]	3753	0x200009AC	uint16_t	
[1239]	3392	0x200009AE	uint16_t	
[1240]	2851	0x200009B0	uint16_t	
[1241]	2411	0x200009B2	uint16_t	
[1242]	3514	0x200009B4	uint16_t	
[1243]	2297	0x200009B6	uint16_t	
[1244]	3891	0x200009B8	uint16_t	
[1245]	4051	0x200009BA	uint16_t	
[1246]	2351	0x200009BC	uint16_t	
[1247]	1810	0x200009BE	uint16_t	
[1248]	2659	0x200009C0	uint16_t	
[1249]	1595	0x200009C2	uint16_t	
[1250]	2007	0x200009C4	uint16_t	
[1251]	1518	0x200009C6	uint16_t	
[1252]	1295	0x200009C8	uint16_t	
[1253]	3313	0x200009CA	uint16_t	
[1254]	1373	0x200009CC	uint16_t	
[1255]	3356	0x200009CE	uint16_t	
[1256]	4095	0x200009D0	uint16_t	
[1257]	1540	0x200009D2	uint16_t	
[1258]	4095	0x200009D4	uint16_t	
[1259]	3223	0x200009D6	uint16_t	
[1260]	3317	0x200009D8	uint16_t	
[1261]	4095	0x200009DA	uint16_t	
[1262]	2700	0x200009DC	uint16_t	
[1263]	4095	0x200009DE	uint16_t	
[1264]	4095	0x200009E0	uint16_t	
[1265]	3361	0x200009E2	uint16_t	
[1266]	2999	0x200009E4	uint16_t	
[1267]	1025	0x200009E6	uint16_t	
[1268]	2995	0x200009E8	uint16_t	
[1269]	3996	0x200009EA	uint16_t	
[1270]	4095	0x200009EC	uint16_t	
[1271]	1923	0x200009EE	uint16_t	
[1272]	3097	0x200009F0	uint16_t	
[1273]	4095	0x200009F2	uint16_t	
[1274]	3475	0x200009F4	uint16_t	
[1275]	879	0x200009F6	uint16_t	
[1276]	3095	0x200009F8	uint16_t	
[1277]	3546	0x200009FA	uint16_t	
[1278]	2653	0x200009FC	uint16_t	
[1279]	3367	0x200009FE	uint16_t	
[1280]	3807	0x20000A00	uint16_t	
[1281]	3297	0x20000A02	uint16_t	
[1282]	3137	0x20000A04	uint16_t	
[1283]	1028	0x20000A06	uint16_t	
[1284]	4095	0x20000A08	uint16_t	
[1285]	3912	0x20000A0A	uint16_t	
[1286]	2601	0x20000A0C	uint16_t	
[1287]	3333	0x20000A0E	uint16_t	
[1288]	2235	0x20000A10	uint16_t	
[1289]	3605	0x20000A12	uint16_t	
[1290]	2530	0x20000A14	uint16_t	
[1291]	3439	0x20000A16	uint16_t	
[1292]	4095	0x20000A18	uint16_t	
[1293]	2040	0x20000A1A	uint16_t	
[1294]	3391	0x20000A1C	uint16_t	
[1295]	3500	0x20000A1E	uint16_t	
[1296]	3611	0x20000A20	uint16_t	
[1297]	1035	0x20000A22	uint16_t	
[1298]	2942	0x20000A24	uint16_t	
[1299]	3823	0x20000A26	uint16_t	
[1300]	4095	0x20000A28	uint16_t	
[1301]	3203	0x20000A2A	uint16_t	
[1302]	3572	0x20000A2C	uint16_t	
[1303]	2210	0x20000A2E	uint16_t	
[1304]	3520	0x20000A30	uint16_t	
[1305]	4095	0x20000A32	uint16_t	
[1306]	3282	0x20000A34	uint16_t	
[1307]	3289	0x20000A36	uint16_t	
[1308]	3288	0x20000A38	uint16_t	
[1309]	3792	0x20000A3A	uint16_t	
[1310]	3959	0x20000A3C	uint16_t	
[1311]	3361	0x20000A3E	uint16_t	
[1312]	3389	0x20000A40	uint16_t	
[1313]	3293	0x20000A42	uint16_t	
[1314]	1617	0x20000A44	uint16_t	
[1315]	3327	0x20000A46	uint16_t	
[1316]	4095	0x20000A48	uint16_t	
[1317]	3336	0x20000A4A	uint16_t	
[1318]	755	0x20000A4C	uint16_t	
[1319]	3283	0x20000A4E	uint16_t	
[1320]	1999	0x20000A50	uint16_t	
[1321]	2941	0x20000A52	uint16_t	
[1322]	3154	0x20000A54	uint16_t	
[1323]	3328	0x20000A56	uint16_t	
[1324]	4095	0x20000A58	uint16_t	
[1325]	4095	0x20000A5A	uint16_t	
[1326]	4095	0x20000A5C	uint16_t	
[1327]	4085	0x20000A5E	uint16_t	
[1328]	984	0x20000A60	uint16_t	
[1329]	3062	0x20000A62	uint16_t	
[1330]	3466	0x20000A64	uint16_t	
[1331]	764	0x20000A66	uint16_t	
[1332]	3877	0x20000A68	uint16_t	
[1333]	3422	0x20000A6A	uint16_t	
[1334]	2885	0x20000A6C	uint16_t	
[1335]	3871	0x20000A6E	uint16_t	
[1336]	3907	0x20000A70	uint16_t	
[1337]	3376	0x20000A72	uint16_t	
[1338]	3087	0x20000A74	uint16_t	
[1339]	3949	0x20000A76	uint16_t	
[1340]	4095	0x20000A78	uint16_t	
[1341]	3279	0x20000A7A	uint16_t	
[1342]	3285	0x20000A7C	uint16_t	
[1343]	3529	0x20000A7E	uint16_t	
[1344]	3316	0x20000A80	uint16_t	
[1345]	3272	0x20000A82	uint16_t	
[1346]	3289	0x20000A84	uint16_t	
[1347]	4095	0x20000A86	uint16_t	
[1348]	2235	0x20000A88	uint16_t	
[1349]	2932	0x20000A8A	uint16_t	
[1350]	3572	0x20000A8C	uint16_t	
[1351]	3307	0x20000A8E	uint16_t	
[1352]	4095	0x20000A90	uint16_t	
[1353]	3296	0x20000A92	uint16_t	
[1354]	763	0x20000A94	uint16_t	
[1355]	3129	0x20000A96	uint16_t	
[1356]	3779	0x20000A98	uint16_t	
[1357]	4095	0x20000A9A	uint16_t	
[1358]	4095	0x20000A9C	uint16_t	
[1359]	2565	0x20000A9E	uint16_t	
[1360]	2697	0x20000AA0	uint16_t	
[1361]	813	0x20000AA2	uint16_t	
[1362]	3405	0x20000AA4	uint16_t	
[1363]	2679	0x20000AA6	uint16_t	
[1364]	2427	0x20000AA8	uint16_t	
[1365]	3250	0x20000AAA	uint16_t	
[1366]	1867	0x20000AAC	uint16_t	
[1367]	2018	0x20000AAE	uint16_t	
[1368]	2697	0x20000AB0	uint16_t	
[1369]	826	0x20000AB2	uint16_t	
[1370]	2704	0x20000AB4	uint16_t	
[1371]	2149	0x20000AB6	uint16_t	
[1372]	3499	0x20000AB8	uint16_t	
[1373]	3361	0x20000ABA	uint16_t	
[1374]	3538	0x20000ABC	uint16_t	
[1375]	3273	0x20000ABE	uint16_t	
[1376]	778	0x20000AC0	uint16_t	
[1377]	2732	0x20000AC2	uint16_t	
[1378]	2423	0x20000AC4	uint16_t	
[1379]	2097	0x20000AC6	uint16_t	
[1380]	3503	0x20000AC8	uint16_t	
[1381]	3302	0x20000ACA	uint16_t	
[1382]	861	0x20000ACC	uint16_t	
[1383]	1435	0x20000ACE	uint16_t	
[1384]	1804	0x20000AD0	uint16_t	
[1385]	3429	0x20000AD2	uint16_t	
[1386]	2959	0x20000AD4	uint16_t	
[1387]	3841	0x20000AD6	uint16_t	
[1388]	3141	0x20000AD8	uint16_t	
[1389]	2459	0x20000ADA	uint16_t	
[1390]	3813	0x20000ADC	uint16_t	
[1391]	3829	0x20000ADE	uint16_t	
[1392]	3293	0x20000AE0	uint16_t	
[1393]	3299	0x20000AE2	uint16_t	
[1394]	2198	0x20000AE4	uint16_t	
[1395]	2359	0x20000AE6	uint16_t	
[1396]	3271	0x20000AE8	uint16_t	
[1397]	2219	0x20000AEA	uint16_t	
[1398]	2850	0x20000AEC	uint16_t	
[1399]	2489	0x20000AEE	uint16_t	
[1400]	3411	0x20000AF0	uint16_t	
[1401]	4095	0x20000AF2	uint16_t	
[1402]	2475	0x20000AF4	uint16_t	
[1403]	2133	0x20000AF6	uint16_t	
[1404]	3137	0x20000AF8	uint16_t	
[1405]	4095	0x20000AFA	uint16_t	
[1406]	3838	0x20000AFC	uint16_t	
[1407]	3501	0x20000AFE	uint16_t	
[1408]	3279	0x20000B00	uint16_t	
[1409]	2411	0x20000B02	uint16_t	
[1410]	859	0x20000B04	uint16_t	
[1411]	1418	0x20000B06	uint16_t	
[1412]	2771	0x20000B08	uint16_t	
[1413]	1995	0x20000B0A	uint16_t	
[1414]	1645	0x20000B0C	uint16_t	
[1415]	2236	0x20000B0E	uint16_t	
[1416]	3573	0x20000B10	uint16_t	
[1417]	2515	0x20000B12	uint16_t	
[1418]	1099	0x20000B14	uint16_t	
[1419]	1891	0x20000B16	uint16_t	
[1420]	3489	0x20000B18	uint16_t	
[1421]	4095	0x20000B1A	uint16_t	
[1422]	4095	0x20000B1C	uint16_t	
[1423]	3389	0x20000B1E	uint16_t	
[1424]	1525	0x20000B20	uint16_t	
[1425]	3204	0x20000B22	uint16_t	
[1426]	2623	0x20000B24	uint16_t	
[1427]	2743	0x20000B26	uint16_t	
[1428]	4095	0x20000B28	uint16_t	
[1429]	3305	0x20000B2A	uint16_t	
[1430]	4095	0x20000B2C	uint16_t	
[1431]	4095	0x20000B2E	uint16_t	
[1432]	4095	0x20000B30	uint16_t	
[1433]	1302	0x20000B32	uint16_t	
[1434]	3302	0x20000B34	uint16_t	
[1435]	2857	0x20000B36	uint16_t	
[1436]	3661	0x20000B38	uint16_t	
[1437]	3312	0x20000B3A	uint16_t	
[1438]	1554	0x20000B3C	uint16_t	
[1439]	2431	0x20000B3E	uint16_t	
[1440]	3597	0x20000B40	uint16_t	
[1441]	3357	0x20000B42	uint16_t	
[1442]	2562	0x20000B44	uint16_t	
[1443]	4095	0x20000B46	uint16_t	
[1444]	2781	0x20000B48	uint16_t	
[1445]	3914	0x20000B4A	uint16_t	
[1446]	941	0x20000B4C	uint16_t	
[1447]	2501	0x20000B4E	uint16_t	
[1448]	4095	0x20000B50	uint16_t	
[1449]	2724	0x20000B52	uint16_t	
[1450]	2602	0x20000B54	uint16_t	
[1451]	3565	0x20000B56	uint16_t	
[1452]	4095	0x20000B58	uint16_t	
[1453]	3213	0x20000B5A	uint16_t	
[1454]	1931	0x20000B5C	uint16_t	
[1455]	2555	0x20000B5E	uint16_t	
[1456]	1737	0x20000B60	uint16_t	
[1457]	3115	0x20000B62	uint16_t	
[1458]	2278	0x20000B64	uint16_t	
[1459]	3201	0x20000B66	uint16_t	
[1460]	3738	0x20000B68	uint16_t	
[1461]	3641	0x20000B6A	uint16_t	
[1462]	1648	0x20000B6C	uint16_t	
[1463]	792	0x20000B6E	uint16_t	
[1464]	946	0x20000B70	uint16_t	
[1465]	1195	0x20000B72	uint16_t	
[1466]	2092	0x20000B74	uint16_t	
[1467]	2517	0x20000B76	uint16_t	
[1468]	1278	0x20000B78	uint16_t	
[1469]	2269	0x20000B7A	uint16_t	
[1470]	3144	0x20000B7C	uint16_t	
[1471]	1706	0x20000B7E	uint16_t	
[1472]	2445	0x20000B80	uint16_t	
[1473]	3535	0x20000B82	uint16_t	
[1474]	3698	0x20000B84	uint16_t	
[1475]	3249	0x20000B86	uint16_t	
[1476]	4095	0x20000B88	uint16_t	
[1477]	3681	0x20000B8A	uint16_t	
[1478]	827	0x20000B8C	uint16_t	
[1479]	988	0x20000B8E	uint16_t	
[1480]	3393	0x20000B90	uint16_t	
[1481]	3721	0x20000B92	uint16_t	
[1482]	3556	0x20000B94	uint16_t	
[1483]	3431	0x20000B96	uint16_t	
[1484]	3277	0x20000B98	uint16_t	
[1485]	3300	0x20000B9A	uint16_t	
[1486]	3218	0x20000B9C	uint16_t	
[1487]	4033	0x20000B9E	uint16_t	
[1488]	874	0x20000BA0	uint16_t	
[1489]	3332	0x20000BA2	uint16_t	
[1490]	1074	0x20000BA4	uint16_t	
[1491]	4095	0x20000BA6	uint16_t	
[1492]	1012	0x20000BA8	uint16_t	
[1493]	3372	0x20000BAA	uint16_t	
[1494]	3108	0x20000BAC	uint16_t	
[1495]	3277	0x20000BAE	uint16_t	
[1496]	4095	0x20000BB0	uint16_t	
[1497]	3303	0x20000BB2	uint16_t	
[1498]	3298	0x20000BB4	uint16_t	
[1499]	4095	0x20000BB6	uint16_t	
[1500]	3265	0x20000BB8	uint16_t	
[1501]	3278	0x20000BBA	uint16_t	
[1502]	3321	0x20000BBC	uint16_t	
[1503]	1848	0x20000BBE	uint16_t	
[1504]	2225	0x20000BC0	uint16_t	
[1505]	3097	0x20000BC2	uint16_t	
[1506]	3589	0x20000BC4	uint16_t	
[1507]	1740	0x20000BC6	uint16_t	
[1508]	3673	0x20000BC8	uint16_t	
[1509]	3273	0x20000BCA	uint16_t	
[1510]	4095	0x20000BCC	uint16_t	
[1511]	3460	0x20000BCE	uint16_t	
[1512]	3263	0x20000BD0	uint16_t	
[1513]	3275	0x20000BD2	uint16_t	
[1514]	1421	0x20000BD4	uint16_t	
[1515]	3893	0x20000BD6	uint16_t	
[1516]	2883	0x20000BD8	uint16_t	
[1517]	4095	0x20000BDA	uint16_t	
[1518]	4007	0x20000BDC	uint16_t	
[1519]	1878	0x20000BDE	uint16_t	
[1520]	2147	0x20000BE0	uint16_t	
[1521]	3209	0x20000BE2	uint16_t	
[1522]	1284	0x20000BE4	uint16_t	
[1523]	2482	0x20000BE6	uint16_t	
[1524]	3179	0x20000BE8	uint16_t	
[1525]	3251	0x20000BEA	uint16_t	
[1526]	3300	0x20000BEC	uint16_t	
[1527]	3499	0x20000BEE	uint16_t	
[1528]	3393	0x20000BF0	uint16_t	
[1529]	3265	0x20000BF2	uint16_t	
[1530]	3390	0x20000BF4	uint16_t	
[1531]	3325	0x20000BF6	uint16_t	
[1532]	4095	0x20000BF8	uint16_t	
[1533]	714	0x20000BFA	uint16_t	
[1534]	3270	0x20000BFC	uint16_t	
[1535]	3222	0x20000BFE	uint16_t	
[1536]	3739	0x20000C00	uint16_t	
[1537]	583	0x20000C02	uint16_t	
[1538]	3282	0x20000C04	uint16_t	
[1539]	3210	0x20000C06	uint16_t	
[1540]	4095	0x20000C08	uint16_t	
[1541]	3636	0x20000C0A	uint16_t	
[1542]	4095	0x20000C0C	uint16_t	
[1543]	4095	0x20000C0E	uint16_t	
[1544]	1180	0x20000C10	uint16_t	
[1545]	2996	0x20000C12	uint16_t	
[1546]	4095	0x20000C14	uint16_t	
[1547]	3307	0x20000C16	uint16_t	
[1548]	2825	0x20000C18	uint16_t	
[1549]	3321	0x20000C1A	uint16_t	
[1550]	3358	0x20000C1C	uint16_t	
[1551]	3279	0x20000C1E	uint16_t	
[1552]	3321	0x20000C20	uint16_t	
[1553]	3259	0x20000C22	uint16_t	
[1554]	3453	0x20000C24	uint16_t	
[1555]	1973	0x20000C26	uint16_t	
[1556]	3880	0x20000C28	uint16_t	
[1557]	2425	0x20000C2A	uint16_t	
[1558]	3291	0x20000C2C	uint16_t	
[1559]	3253	0x20000C2E	uint16_t	
[1560]	3009	0x20000C30	uint16_t	
[1561]	4095	0x20000C32	uint16_t	
[1562]	3863	0x20000C34	uint16_t	
[1563]	3283	0x20000C36	uint16_t	
[1564]	569	0x20000C38	uint16_t	
[1565]	2690	0x20000C3A	uint16_t	
[1566]	2872	0x20000C3C	uint16_t	
[1567]	2945	0x20000C3E	uint16_t	
[1568]	4095	0x20000C40	uint16_t	
[1569]	3039	0x20000C42	uint16_t	
[1570]	3281	0x20000C44	uint16_t	
[1571]	1074	0x20000C46	uint16_t	
[1572]	3471	0x20000C48	uint16_t	
[1573]	3901	0x20000C4A	uint16_t	
[1574]	4095	0x20000C4C	uint16_t	
[1575]	2633	0x20000C4E	uint16_t	
[1576]	1370	0x20000C50	uint16_t	
[1577]	3873	0x20000C52	uint16_t	
[1578]	1252	0x20000C54	uint16_t	
[1579]	1486	0x20000C56	uint16_t	
[1580]	2299	0x20000C58	uint16_t	
[1581]	1467	0x20000C5A	uint16_t	
[1582]	2055	0x20000C5C	uint16_t	
[1583]	2273	0x20000C5E	uint16_t	
[1584]	3151	0x20000C60	uint16_t	
[1585]	3111	0x20000C62	uint16_t	
[1586]	3153	0x20000C64	uint16_t	
[1587]	3765	0x20000C66	uint16_t	
[1588]	3301	0x20000C68	uint16_t	
[1589]	4095	0x20000C6A	uint16_t	
[1590]	3648	0x20000C6C	uint16_t	
[1591]	2941	0x20000C6E	uint16_t	
[1592]	801	0x20000C70	uint16_t	
[1593]	3988	0x20000C72	uint16_t	
[1594]	4095	0x20000C74	uint16_t	
[1595]	2671	0x20000C76	uint16_t	
[1596]	3835	0x20000C78	uint16_t	
[1597]	2655	0x20000C7A	uint16_t	
[1598]	4095	0x20000C7C	uint16_t	
[1599]	2173	0x20000C7E	uint16_t	
[1600]	3421	0x20000C80	uint16_t	
[1601]	714	0x20000C82	uint16_t	
[1602]	853	0x20000C84	uint16_t	
[1603]	1284	0x20000C86	uint16_t	
[1604]	3345	0x20000C88	uint16_t	
[1605]	3301	0x20000C8A	uint16_t	
[1606]	3280	0x20000C8C	uint16_t	
[1607]	3285	0x20000C8E	uint16_t	
[1608]	4095	0x20000C90	uint16_t	
[1609]	1970	0x20000C92	uint16_t	
[1610]	2977	0x20000C94	uint16_t	
[1611]	959	0x20000C96	uint16_t	
[1612]	3605	0x20000C98	uint16_t	
[1613]	4095	0x20000C9A	uint16_t	
[1614]	4093	0x20000C9C	uint16_t	
[1615]	616	0x20000C9E	uint16_t	
[1616]	814	0x20000CA0	uint16_t	
[1617]	3288	0x20000CA2	uint16_t	
[1618]	3545	0x20000CA4	uint16_t	
[1619]	1064	0x20000CA6	uint16_t	
[1620]	3279	0x20000CA8	uint16_t	
[1621]	3768	0x20000CAA	uint16_t	
[1622]	3491	0x20000CAC	uint16_t	
[1623]	2947	0x20000CAE	uint16_t	
[1624]	3437	0x20000CB0	uint16_t	
[1625]	3297	0x20000CB2	uint16_t	
[1626]	3437	0x20000CB4	uint16_t	
[1627]	4095	0x20000CB6	uint16_t	
[1628]	2427	0x20000CB8	uint16_t	
[1629]	4095	0x20000CBA	uint16_t	
[1630]	4095	0x20000CBC	uint16_t	
[1631]	4095	0x20000CBE	uint16_t	
[1632]	3421	0x20000CC0	uint16_t	
[1633]	3736	0x20000CC2	uint16_t	
[1634]	3281	0x20000CC4	uint16_t	
[1635]	4095	0x20000CC6	uint16_t	
[1636]	3329	0x20000CC8	uint16_t	
[1637]	3304	0x20000CCA	uint16_t	
[1638]	3305	0x20000CCC	uint16_t	
[1639]	3366	0x20000CCE	uint16_t	
[1640]	3077	0x20000CD0	uint16_t	
[1641]	3396	0x20000CD2	uint16_t	
[1642]	3762	0x20000CD4	uint16_t	
[1643]	2965	0x20000CD6	uint16_t	
[1644]	1453	0x20000CD8	uint16_t	
[1645]	3105	0x20000CDA	uint16_t	
[1646]	3130	0x20000CDC	uint16_t	
[1647]	3303	0x20000CDE	uint16_t	
[1648]	787	0x20000CE0	uint16_t	
[1649]	3789	0x20000CE2	uint16_t	
[1650]	3365	0x20000CE4	uint16_t	
[1651]	2485	0x20000CE6	uint16_t	
[1652]	2845	0x20000CE8	uint16_t	
[1653]	1952	0x20000CEA	uint16_t	
[1654]	3362	0x20000CEC	uint16_t	
[1655]	4095	0x20000CEE	uint16_t	
[1656]	2469	0x20000CF0	uint16_t	
[1657]	592	0x20000CF2	uint16_t	
[1658]	1291	0x20000CF4	uint16_t	
[1659]	2049	0x20000CF6	uint16_t	
[1660]	3131	0x20000CF8	uint16_t	
[1661]	3601	0x20000CFA	uint16_t	
[1662]	4095	0x20000CFC	uint16_t	
[1663]	3309	0x20000CFE	uint16_t	
[1664]	692	0x20000D00	uint16_t	
[1665]	3586	0x20000D02	uint16_t	
[1666]	3394	0x20000D04	uint16_t	
[1667]	2857	0x20000D06	uint16_t	
[1668]	2473	0x20000D08	uint16_t	
[1669]	2994	0x20000D0A	uint16_t	
[1670]	3908	0x20000D0C	uint16_t	
[1671]	1829	0x20000D0E	uint16_t	
[1672]	2907	0x20000D10	uint16_t	
[1673]	2984	0x20000D12	uint16_t	
[1674]	917	0x20000D14	uint16_t	
[1675]	1177	0x20000D16	uint16_t	
[1676]	1490	0x20000D18	uint16_t	
[1677]	3629	0x20000D1A	uint16_t	
[1678]	3518	0x20000D1C	uint16_t	
[1679]	1982	0x20000D1E	uint16_t	
[1680]	3227	0x20000D20	uint16_t	
[1681]	2824	0x20000D22	uint16_t	
[1682]	849	0x20000D24	uint16_t	
[1683]	3091	0x20000D26	uint16_t	
[1684]	3295	0x20000D28	uint16_t	
[1685]	3444	0x20000D2A	uint16_t	
[1686]	3319	0x20000D2C	uint16_t	
[1687]	3291	0x20000D2E	uint16_t	
[1688]	3313	0x20000D30	uint16_t	
[1689]	3484	0x20000D32	uint16_t	
[1690]	3298	0x20000D34	uint16_t	
[1691]	2569	0x20000D36	uint16_t	
[1692]	1629	0x20000D38	uint16_t	
[1693]	2515	0x20000D3A	uint16_t	
[1694]	3522	0x20000D3C	uint16_t	
[1695]	3409	0x20000D3E	uint16_t	
[1696]	3317	0x20000D40	uint16_t	
[1697]	3225	0x20000D42	uint16_t	
[1698]	3318	0x20000D44	uint16_t	
[1699]	694	0x20000D46	uint16_t	
[1700]	3357	0x20000D48	uint16_t	
[1701]	3277	0x20000D4A	uint16_t	
[1702]	3279	0x20000D4C	uint16_t	
[1703]	3699	0x20000D4E	uint16_t	
[1704]	3605	0x20000D50	uint16_t	
[1705]	3294	0x20000D52	uint16_t	
[1706]	2528	0x20000D54	uint16_t	
[1707]	3296	0x20000D56	uint16_t	
[1708]	4095	0x20000D58	uint16_t	
[1709]	3320	0x20000D5A	uint16_t	
[1710]	2859	0x20000D5C	uint16_t	
[1711]	2389	0x20000D5E	uint16_t	
[1712]	3301	0x20000D60	uint16_t	
[1713]	3192	0x20000D62	uint16_t	
[1714]	1009	0x20000D64	uint16_t	
[1715]	3753	0x20000D66	uint16_t	
[1716]	1997	0x20000D68	uint16_t	
[1717]	3867	0x20000D6A	uint16_t	
[1718]	3401	0x20000D6C	uint16_t	
[1719]	3151	0x20000D6E	uint16_t	
[1720]	3657	0x20000D70	uint16_t	
[1721]	3313	0x20000D72	uint16_t	
[1722]	1577	0x20000D74	uint16_t	
[1723]	1902	0x20000D76	uint16_t	
[1724]	2163	0x20000D78	uint16_t	
[1725]	4053	0x20000D7A	uint16_t	
[1726]	2972	0x20000D7C	uint16_t	
[1727]	2841	0x20000D7E	uint16_t	
[1728]	2411	0x20000D80	uint16_t	
[1729]	3484	0x20000D82	uint16_t	
[1730]	3368	0x20000D84	uint16_t	
[1731]	2051	0x20000D86	uint16_t	
[1732]	4095	0x20000D88	uint16_t	
[1733]	3277	0x20000D8A	uint16_t	
[1734]	957	0x20000D8C	uint16_t	
[1735]	4095	0x20000D8E	uint16_t	
[1736]	4095	0x20000D90	uint16_t	
[1737]	3117	0x20000D92	uint16_t	
[1738]	3050	0x20000D94	uint16_t	
[1739]	2662	0x20000D96	uint16_t	
[1740]	2131	0x20000D98	uint16_t	
[1741]	3260	0x20000D9A	uint16_t	
[1742]	3266	0x20000D9C	uint16_t	
[1743]	2575	0x20000D9E	uint16_t	
[1744]	3240	0x20000DA0	uint16_t	
[1745]	4095	0x20000DA2	uint16_t	
[1746]	3296	0x20000DA4	uint16_t	
[1747]	3311	0x20000DA6	uint16_t	
[1748]	3471	0x20000DA8	uint16_t	
[1749]	1792	0x20000DAA	uint16_t	
[1750]	1990	0x20000DAC	uint16_t	
[1751]	3607	0x20000DAE	uint16_t	
[1752]	1158	0x20000DB0	uint16_t	
[1753]	3501	0x20000DB2	uint16_t	
[1754]	3914	0x20000DB4	uint16_t	
[1755]	3581	0x20000DB6	uint16_t	
[1756]	4095	0x20000DB8	uint16_t	
[1757]	3748	0x20000DBA	uint16_t	
[1758]	2498	0x20000DBC	uint16_t	
[1759]	2443	0x20000DBE	uint16_t	
[1760]	2707	0x20000DC0	uint16_t	
[1761]	3852	0x20000DC2	uint16_t	
[1762]	3590	0x20000DC4	uint16_t	
[1763]	966	0x20000DC6	uint16_t	
[1764]	4095	0x20000DC8	uint16_t	
[1765]	4095	0x20000DCA	uint16_t	
[1766]	4095	0x20000DCC	uint16_t	
[1767]	3495	0x20000DCE	uint16_t	
[1768]	860	0x20000DD0	uint16_t	
[1769]	2576	0x20000DD2	uint16_t	
[1770]	2364	0x20000DD4	uint16_t	
[1771]	4095	0x20000DD6	uint16_t	
[1772]	3315	0x20000DD8	uint16_t	
[1773]	3792	0x20000DDA	uint16_t	
[1774]	3943	0x20000DDC	uint16_t	
[1775]	3673	0x20000DDE	uint16_t	
[1776]	3403	0x20000DE0	uint16_t	
[1777]	4095	0x20000DE2	uint16_t	
[1778]	1308	0x20000DE4	uint16_t	
[1779]	896	0x20000DE6	uint16_t	
[1780]	3136	0x20000DE8	uint16_t	
[1781]	2025	0x20000DEA	uint16_t	
[1782]	3388	0x20000DEC	uint16_t	
[1783]	3325	0x20000DEE	uint16_t	
[1784]	2521	0x20000DF0	uint16_t	
[1785]	2055	0x20000DF2	uint16_t	
[1786]	837	0x20000DF4	uint16_t	
[1787]	2370	0x20000DF6	uint16_t	
[1788]	3270	0x20000DF8	uint16_t	
[1789]	3288	0x20000DFA	uint16_t	
[1790]	3273	0x20000DFC	uint16_t	
[1791]	3737	0x20000DFE	uint16_t	
[1792]	3283	0x20000E00	uint16_t	
[1793]	4095	0x20000E02	uint16_t	
[1794]	1983	0x20000E04	uint16_t	
[1795]	1291	0x20000E06	uint16_t	
[1796]	1032	0x20000E08	uint16_t	
[1797]	2993	0x20000E0A	uint16_t	
[1798]	3590	0x20000E0C	uint16_t	
[1799]	3335	0x20000E0E	uint16_t	
[1800]	3279	0x20000E10	uint16_t	
[1801]	3362	0x20000E12	uint16_t	
[1802]	2922	0x20000E14	uint16_t	
[1803]	3287	0x20000E16	uint16_t	
[1804]	3297	0x20000E18	uint16_t	
[1805]	3104	0x20000E1A	uint16_t	
[1806]	3266	0x20000E1C	uint16_t	
[1807]	3297	0x20000E1E	uint16_t	
[1808]	3809	0x20000E20	uint16_t	
[1809]	3903	0x20000E22	uint16_t	
[1810]	2998	0x20000E24	uint16_t	
[1811]	1105	0x20000E26	uint16_t	
[1812]	3485	0x20000E28	uint16_t	
[1813]	3592	0x20000E2A	uint16_t	
[1814]	1971	0x20000E2C	uint16_t	
[1815]	3501	0x20000E2E	uint16_t	
[1816]	3967	0x20000E30	uint16_t	
[1817]	3384	0x20000E32	uint16_t	
[1818]	1016	0x20000E34	uint16_t	
[1819]	3809	0x20000E36	uint16_t	
[1820]	1076	0x20000E38	uint16_t	
[1821]	4095	0x20000E3A	uint16_t	
[1822]	3137	0x20000E3C	uint16_t	
[1823]	2111	0x20000E3E	uint16_t	
[1824]	4095	0x20000E40	uint16_t	
[1825]	4095	0x20000E42	uint16_t	
[1826]	4095	0x20000E44	uint16_t	
[1827]	4095	0x20000E46	uint16_t	
[1828]	890	0x20000E48	uint16_t	
[1829]	2249	0x20000E4A	uint16_t	
[1830]	1951	0x20000E4C	uint16_t	
[1831]	2457	0x20000E4E	uint16_t	
[1832]	3677	0x20000E50	uint16_t	
[1833]	3732	0x20000E52	uint16_t	
[1834]	3582	0x20000E54	uint16_t	
[1835]	3125	0x20000E56	uint16_t	
[1836]	2715	0x20000E58	uint16_t	
[1837]	4095	0x20000E5A	uint16_t	
[1838]	3895	0x20000E5C	uint16_t	
[1839]	3215	0x20000E5E	uint16_t	
[1840]	3729	0x20000E60	uint16_t	
[1841]	3305	0x20000E62	uint16_t	
[1842]	3292	0x20000E64	uint16_t	
[1843]	1775	0x20000E66	uint16_t	
[1844]	3776	0x20000E68	uint16_t	
[1845]	1805	0x20000E6A	uint16_t	
[1846]	3426	0x20000E6C	uint16_t	
[1847]	3629	0x20000E6E	uint16_t	
[1848]	1955	0x20000E70	uint16_t	
[1849]	1552	0x20000E72	uint16_t	
[1850]	1129	0x20000E74	uint16_t	
[1851]	2459	0x20000E76	uint16_t	
[1852]	3989	0x20000E78	uint16_t	
[1853]	3024	0x20000E7A	uint16_t	
[1854]	1897	0x20000E7C	uint16_t	
[1855]	2118	0x20000E7E	uint16_t	
[1856]	2921	0x20000E80	uint16_t	
[1857]	3172	0x20000E82	uint16_t	
[1858]	3882	0x20000E84	uint16_t	
[1859]	3138	0x20000E86	uint16_t	
[1860]	2360	0x20000E88	uint16_t	
[1861]	1528	0x20000E8A	uint16_t	
[1862]	2456	0x20000E8C	uint16_t	
[1863]	1402	0x20000E8E	uint16_t	
[1864]	827	0x20000E90	uint16_t	
[1865]	3682	0x20000E92	uint16_t	
[1866]	3138	0x20000E94	uint16_t	
[1867]	3081	0x20000E96	uint16_t	
[1868]	2372	0x20000E98	uint16_t	
[1869]	3294	0x20000E9A	uint16_t	
[1870]	3303	0x20000E9C	uint16_t	
[1871]	3759	0x20000E9E	uint16_t	
[1872]	1677	0x20000EA0	uint16_t	
[1873]	3685	0x20000EA2	uint16_t	
[1874]	4095	0x20000EA4	uint16_t	
[1875]	3435	0x20000EA6	uint16_t	
[1876]	3315	0x20000EA8	uint16_t	
[1877]	4095	0x20000EAA	uint16_t	
[1878]	3092	0x20000EAC	uint16_t	
[1879]	2331	0x20000EAE	uint16_t	
[1880]	2821	0x20000EB0	uint16_t	
[1881]	4095	0x20000EB2	uint16_t	
[1882]	4095	0x20000EB4	uint16_t	
[1883]	3299	0x20000EB6	uint16_t	
[1884]	4095	0x20000EB8	uint16_t	
[1885]	4095	0x20000EBA	uint16_t	
[1886]	4095	0x20000EBC	uint16_t	
[1887]	1004	0x20000EBE	uint16_t	
[1888]	3873	0x20000EC0	uint16_t	
[1889]	2123	0x20000EC2	uint16_t	
[1890]	927	0x20000EC4	uint16_t	
[1891]	1595	0x20000EC6	uint16_t	
[1892]	1176	0x20000EC8	uint16_t	
[1893]	1623	0x20000ECA	uint16_t	
[1894]	3372	0x20000ECC	uint16_t	
[1895]	4095	0x20000ECE	uint16_t	
[1896]	1367	0x20000ED0	uint16_t	
[1897]	3296	0x20000ED2	uint16_t	
[1898]	4095	0x20000ED4	uint16_t	
[1899]	2681	0x20000ED6	uint16_t	
[1900]	3099	0x20000ED8	uint16_t	
[1901]	2165	0x20000EDA	uint16_t	
[1902]	2576	0x20000EDC	uint16_t	
[1903]	714	0x20000EDE	uint16_t	
[1904]	3107	0x20000EE0	uint16_t	
[1905]	3253	0x20000EE2	uint16_t	
[1906]	4095	0x20000EE4	uint16_t	
[1907]	3315	0x20000EE6	uint16_t	
[1908]	2379	0x20000EE8	uint16_t	
[1909]	3353	0x20000EEA	uint16_t	
[1910]	4095	0x20000EEC	uint16_t	
[1911]	3347	0x20000EEE	uint16_t	
[1912]	2349	0x20000EF0	uint16_t	
[1913]	1674	0x20000EF2	uint16_t	
[1914]	2419	0x20000EF4	uint16_t	
[1915]	4095	0x20000EF6	uint16_t	
[1916]	4095	0x20000EF8	uint16_t	
[1917]	3400	0x20000EFA	uint16_t	
[1918]	1762	0x20000EFC	uint16_t	
[1919]	2207	0x20000EFE	uint16_t	
[1920]	3085	0x20000F00	uint16_t	
[1921]	1150	0x20000F02	uint16_t	
[1922]	3763	0x20000F04	uint16_t	
[1923]	3179	0x20000F06	uint16_t	
[1924]	3349	0x20000F08	uint16_t	
[1925]	3285	0x20000F0A	uint16_t	
[1926]	3333	0x20000F0C	uint16_t	
[1927]	4095	0x20000F0E	uint16_t	
[1928]	3392	0x20000F10	uint16_t	
[1929]	2406	0x20000F12	uint16_t	
[1930]	2297	0x20000F14	uint16_t	
[1931]	3385	0x20000F16	uint16_t	
[1932]	2817	0x20000F18	uint16_t	
[1933]	1715	0x20000F1A	uint16_t	
[1934]	1041	0x20000F1C	uint16_t	
[1935]	3175	0x20000F1E	uint16_t	
[1936]	3597	0x20000F20	uint16_t	
[1937]	2237	0x20000F22	uint16_t	
[1938]	3287	0x20000F24	uint16_t	
[1939]	4081	0x20000F26	uint16_t	
[1940]	3099	0x20000F28	uint16_t	
[1941]	3341	0x20000F2A	uint16_t	
[1942]	4095	0x20000F2C	uint16_t	
[1943]	3357	0x20000F2E	uint16_t	
[1944]	2527	0x20000F30	uint16_t	
[1945]	2253	0x20000F32	uint16_t	
[1946]	2275	0x20000F34	uint16_t	
[1947]	824	0x20000F36	uint16_t	
[1948]	3573	0x20000F38	uint16_t	
[1949]	3283	0x20000F3A	uint16_t	
[1950]	3303	0x20000F3C	uint16_t	
[1951]	3299	0x20000F3E	uint16_t	
[1952]	3305	0x20000F40	uint16_t	
[1953]	4095	0x20000F42	uint16_t	
[1954]	1445	0x20000F44	uint16_t	
[1955]	850	0x20000F46	uint16_t	
[1956]	3801	0x20000F48	uint16_t	
[1957]	3545	0x20000F4A	uint16_t	
[1958]	3718	0x20000F4C	uint16_t	
[1959]	1340	0x20000F4E	uint16_t	
[1960]	3843	0x20000F50	uint16_t	
[1961]	3721	0x20000F52	uint16_t	
[1962]	2426	0x20000F54	uint16_t	
[1963]	2403	0x20000F56	uint16_t	
[1964]	4095	0x20000F58	uint16_t	
[1965]	3796	0x20000F5A	uint16_t	
[1966]	1344	0x20000F5C	uint16_t	
[1967]	3449	0x20000F5E	uint16_t	
[1968]	3336	0x20000F60	uint16_t	
[1969]	4060	0x20000F62	uint16_t	
[1970]	2784	0x20000F64	uint16_t	
[1971]	2485	0x20000F66	uint16_t	
[1972]	1944	0x20000F68	uint16_t	
[1973]	2992	0x20000F6A	uint16_t	
[1974]	4095	0x20000F6C	uint16_t	
[1975]	3839	0x20000F6E	uint16_t	
[1976]	3825	0x20000F70	uint16_t	
[1977]	3272	0x20000F72	uint16_t	
[1978]	3284	0x20000F74	uint16_t	
[1979]	2937	0x20000F76	uint16_t	
[1980]	1707	0x20000F78	uint16_t	
[1981]	3160	0x20000F7A	uint16_t	
[1982]	3444	0x20000F7C	uint16_t	
[1983]	3029	0x20000F7E	uint16_t	
[1984]	1169	0x20000F80	uint16_t	
[1985]	3036	0x20000F82	uint16_t	
[1986]	2826	0x20000F84	uint16_t	
[1987]	3047	0x20000F86	uint16_t	
[1988]	3237	0x20000F88	uint16_t	
[1989]	3290	0x20000F8A	uint16_t	
[1990]	3353	0x20000F8C	uint16_t	
[1991]	3305	0x20000F8E	uint16_t	
[1992]	703	0x20000F90	uint16_t	
[1993]	1943	0x20000F92	uint16_t	
[1994]	2825	0x20000F94	uint16_t	
[1995]	3381	0x20000F96	uint16_t	
[1996]	2527	0x20000F98	uint16_t	
[1997]	1185	0x20000F9A	uint16_t	
[1998]	4089	0x20000F9C	uint16_t	
[1999]	1999	0x20000F9E	uint16_t	
[2000]	2126	0x20000FA0	uint16_t	
[2001]	3453	0x20000FA2	uint16_t	
[2002]	1096	0x20000FA4	uint16_t	
[2003]	3285	0x20000FA6	uint16_t	
[2004]	3387	0x20000FA8	uint16_t	
[2005]	1237	0x20000FAA	uint16_t	
[2006]	2502	0x20000FAC	uint16_t	
[2007]	3393	0x20000FAE	uint16_t	
[2008]	3105	0x20000FB0	uint16_t	
[2009]	3610	0x20000FB2	uint16_t	
[2010]	1828	0x20000FB4	uint16_t	
[2011]	3241	0x20000FB6	uint16_t	
[2012]	2563	0x20000FB8	uint16_t	
[2013]	3320	0x20000FBA	uint16_t	
[2014]	3258	0x20000FBC	uint16_t	
[2015]	3289	0x20000FBE	uint16_t	
[2016]	3176	0x20000FC0	uint16_t	
[2017]	3310	0x20000FC2	uint16_t	
[2018]	2338	0x20000FC4	uint16_t	
[2019]	1863	0x20000FC6	uint16_t	
[2020]	4095	0x20000FC8	uint16_t	
[2021]	2185	0x20000FCA	uint16_t	
[2022]	2621	0x20000FCC	uint16_t	
[2023]	2018	0x20000FCE	uint16_t	
[2024]	862	0x20000FD0	uint16_t	
[2025]	4095	0x20000FD2	uint16_t	
[2026]	2006	0x20000FD4	uint16_t	
[2027]	1785	0x20000FD6	uint16_t	
[2028]	2307	0x20000FD8	uint16_t	
[2029]	3192	0x20000FDA	uint16_t	
[2030]	3266	0x20000FDC	uint16_t	
[2031]	3509	0x20000FDE	uint16_t	
[2032]	4095	0x20000FE0	uint16_t	
[2033]	3405	0x20000FE2	uint16_t	
[2034]	3532	0x20000FE4	uint16_t	
[2035]	1346	0x20000FE6	uint16_t	
[2036]	3003	0x20000FE8	uint16_t	
[2037]	3313	0x20000FEA	uint16_t	
[2038]	4095	0x20000FEC	uint16_t	
[2039]	4095	0x20000FEE	uint16_t	
[2040]	3605	0x20000FF0	uint16_t	
[2041]	3282	0x20000FF2	uint16_t	
[2042]	1416	0x20000FF4	uint16_t	
[2043]	3284	0x20000FF6	uint16_t	
[2044]	3265	0x20000FF8	uint16_t	
[2045]	834	0x20000FFA	uint16_t	
[2046]	1607	0x20000FFC	uint16_t	
[2047]	1434	0x20000FFE	uint16_t	
adc_res	Error (col 1): Unknown or ambiguous symbol. adc_res			
